-- Found ament_cmake: 1.3.11 (/opt/ros/humble/share/ament_cmake/cmake)
-- Configuring done (0.2s)
-- Generating done (0.0s)
-- Build files have been written to: /home/thornch/rbpodo_ros2_ws/build/rb3_730es_u_moveit_config
-- Install configuration: "Release"
-- Up-to-date: /home/thornch/rbpodo_ros2_ws/install/rb3_730es_u_moveit_config/share/ament_index/resource_index/package_run_dependencies/rb3_730es_u_moveit_config
-- Up-to-date: /home/thornch/rbpodo_ros2_ws/install/rb3_730es_u_moveit_config/share/ament_index/resource_index/parent_prefix_path/rb3_730es_u_moveit_config
-- Up-to-date: /home/thornch/rbpodo_ros2_ws/install/rb3_730es_u_moveit_config/share/rb3_730es_u_moveit_config/environment/ament_prefix_path.sh
-- Installing: /home/thornch/rbpodo_ros2_ws/install/rb3_730es_u_moveit_config/share/rb3_730es_u_moveit_config/environment/ament_prefix_path.dsv
-- Up-to-date: /home/thornch/rbpodo_ros2_ws/install/rb3_730es_u_moveit_config/share/rb3_730es_u_moveit_config/environment/path.sh
-- Installing: /home/thornch/rbpodo_ros2_ws/install/rb3_730es_u_moveit_config/share/rb3_730es_u_moveit_config/environment/path.dsv
-- Up-to-date: /home/thornch/rbpodo_ros2_ws/install/rb3_730es_u_moveit_config/share/rb3_730es_u_moveit_config/local_setup.bash
-- Up-to-date: /home/thornch/rbpodo_ros2_ws/install/rb3_730es_u_moveit_config/share/rb3_730es_u_moveit_config/local_setup.sh
-- Up-to-date: /home/thornch/rbpodo_ros2_ws/install/rb3_730es_u_moveit_config/share/rb3_730es_u_moveit_config/local_setup.zsh
-- Installing: /home/thornch/rbpodo_ros2_ws/install/rb3_730es_u_moveit_config/share/rb3_730es_u_moveit_config/local_setup.dsv
-- Installing: /home/thornch/rbpodo_ros2_ws/install/rb3_730es_u_moveit_config/share/rb3_730es_u_moveit_config/package.dsv
-- Up-to-date: /home/thornch/rbpodo_ros2_ws/install/rb3_730es_u_moveit_config/share/ament_index/resource_index/packages/rb3_730es_u_moveit_config
-- Up-to-date: /home/thornch/rbpodo_ros2_ws/install/rb3_730es_u_moveit_config/share/rb3_730es_u_moveit_config/cmake/rb3_730es_u_moveit_configConfig.cmake
-- Up-to-date: /home/thornch/rbpodo_ros2_ws/install/rb3_730es_u_moveit_config/share/rb3_730es_u_moveit_config/cmake/rb3_730es_u_moveit_configConfig-version.cmake
-- Installing: /home/thornch/rbpodo_ros2_ws/install/rb3_730es_u_moveit_config/share/rb3_730es_u_moveit_config/package.xml
-- Up-to-date: /home/thornch/rbpodo_ros2_ws/install/rb3_730es_u_moveit_config/share/rb3_730es_u_moveit_config/launch
-- Installing: /home/thornch/rbpodo_ros2_ws/install/rb3_730es_u_moveit_config/share/rb3_730es_u_moveit_config/launch/moveit.launch.py
-- Up-to-date: /home/thornch/rbpodo_ros2_ws/install/rb3_730es_u_moveit_config/share/rb3_730es_u_moveit_config/config
-- Installing: /home/thornch/rbpodo_ros2_ws/install/rb3_730es_u_moveit_config/share/rb3_730es_u_moveit_config/config/rb3_730es_u.srdf
-- Installing: /home/thornch/rbpodo_ros2_ws/install/rb3_730es_u_moveit_config/share/rb3_730es_u_moveit_config/config/kinematics.yaml
-- Installing: /home/thornch/rbpodo_ros2_ws/install/rb3_730es_u_moveit_config/share/rb3_730es_u_moveit_config/config/rb3_730es_u.urdf.xacro
-- Installing: /home/thornch/rbpodo_ros2_ws/install/rb3_730es_u_moveit_config/share/rb3_730es_u_moveit_config/config/moveit.rviz
-- Installing: /home/thornch/rbpodo_ros2_ws/install/rb3_730es_u_moveit_config/share/rb3_730es_u_moveit_config/config/joint_limits.yaml
-- Installing: /home/thornch/rbpodo_ros2_ws/install/rb3_730es_u_moveit_config/share/rb3_730es_u_moveit_config/config/pilz_cartesian_limits.yaml
-- Installing: /home/thornch/rbpodo_ros2_ws/install/rb3_730es_u_moveit_config/share/rb3_730es_u_moveit_config/config/moveit_controllers.yaml
