[0.007s] Invoking command in '/home/thornch/rbpodo_ros2_ws/build/rbpodo_hardware': CMAKE_PREFIX_PATH=/home/thornch/rbpodo_ros2_ws/install/rbpodo_msgs:/home/thornch/rbpodo_ros2_ws/install/rbpodo_bringup:/home/thornch/rbpodo_ros2_ws/install/rbpodo_hardware:/home/thornch/rbpodo_ros2_ws/install/rb3_730es_u_moveit_config:/home/thornch/rbpodo_ros2_ws/install/rbpodo_description:/opt/ros/humble LD_LIBRARY_PATH=/home/thornch/rbpodo_ros2_ws/install/rbpodo_msgs/lib:/home/thornch/rbpodo_ros2_ws/install/rbpodo_hardware/lib:/opt/ros/humble/opt/rviz_ogre_vendor/lib:/opt/ros/humble/lib/x86_64-linux-gnu:/opt/ros/humble/lib /usr/bin/cmake --build /home/thornch/rbpodo_ros2_ws/build/rbpodo_hardware -- -j24 -l24
[0.076s] [100%] Built target rbpodo_hardware
[0.084s] Invoked command in '/home/thornch/rbpodo_ros2_ws/build/rbpodo_hardware' returned '0': CMAKE_PREFIX_PATH=/home/thornch/rbpodo_ros2_ws/install/rbpodo_msgs:/home/thornch/rbpodo_ros2_ws/install/rbpodo_bringup:/home/thornch/rbpodo_ros2_ws/install/rbpodo_hardware:/home/thornch/rbpodo_ros2_ws/install/rb3_730es_u_moveit_config:/home/thornch/rbpodo_ros2_ws/install/rbpodo_description:/opt/ros/humble LD_LIBRARY_PATH=/home/thornch/rbpodo_ros2_ws/install/rbpodo_msgs/lib:/home/thornch/rbpodo_ros2_ws/install/rbpodo_hardware/lib:/opt/ros/humble/opt/rviz_ogre_vendor/lib:/opt/ros/humble/lib/x86_64-linux-gnu:/opt/ros/humble/lib /usr/bin/cmake --build /home/thornch/rbpodo_ros2_ws/build/rbpodo_hardware -- -j24 -l24
[0.089s] Invoking command in '/home/thornch/rbpodo_ros2_ws/build/rbpodo_hardware': CMAKE_PREFIX_PATH=/home/thornch/rbpodo_ros2_ws/install/rbpodo_msgs:/home/thornch/rbpodo_ros2_ws/install/rbpodo_bringup:/home/thornch/rbpodo_ros2_ws/install/rbpodo_hardware:/home/thornch/rbpodo_ros2_ws/install/rb3_730es_u_moveit_config:/home/thornch/rbpodo_ros2_ws/install/rbpodo_description:/opt/ros/humble LD_LIBRARY_PATH=/home/thornch/rbpodo_ros2_ws/install/rbpodo_msgs/lib:/home/thornch/rbpodo_ros2_ws/install/rbpodo_hardware/lib:/opt/ros/humble/opt/rviz_ogre_vendor/lib:/opt/ros/humble/lib/x86_64-linux-gnu:/opt/ros/humble/lib /usr/bin/cmake --install /home/thornch/rbpodo_ros2_ws/build/rbpodo_hardware
[0.095s] -- Install configuration: "Release"
[0.095s] -- Up-to-date: /home/thornch/rbpodo_ros2_ws/install/rbpodo_hardware/share/rbpodo_hardware/rbpodo_hardware.xml
[0.096s] -- Up-to-date: /home/thornch/rbpodo_ros2_ws/install/rbpodo_hardware/include
[0.096s] -- Up-to-date: /home/thornch/rbpodo_ros2_ws/install/rbpodo_hardware/include/rbpodo_hardware
[0.096s] -- Up-to-date: /home/thornch/rbpodo_ros2_ws/install/rbpodo_hardware/include/rbpodo_hardware/visibility_control.h
[0.096s] -- Up-to-date: /home/thornch/rbpodo_ros2_ws/install/rbpodo_hardware/include/rbpodo_hardware/robot.hpp
[0.096s] -- Up-to-date: /home/thornch/rbpodo_ros2_ws/install/rbpodo_hardware/include/rbpodo_hardware/robot_node.hpp
[0.096s] -- Up-to-date: /home/thornch/rbpodo_ros2_ws/install/rbpodo_hardware/include/rbpodo_hardware/rbpodo_hardware_interface.hpp
[0.097s] -- Up-to-date: /home/thornch/rbpodo_ros2_ws/install/rbpodo_hardware/lib/librbpodo_hardware.so
[0.097s] -- Up-to-date: /home/thornch/rbpodo_ros2_ws/install/rbpodo_hardware/share/rbpodo_hardware/environment/library_path.sh
[0.097s] -- Up-to-date: /home/thornch/rbpodo_ros2_ws/install/rbpodo_hardware/share/rbpodo_hardware/environment/library_path.dsv
[0.097s] -- Up-to-date: /home/thornch/rbpodo_ros2_ws/install/rbpodo_hardware/share/ament_index/resource_index/package_run_dependencies/rbpodo_hardware
[0.097s] -- Up-to-date: /home/thornch/rbpodo_ros2_ws/install/rbpodo_hardware/share/ament_index/resource_index/parent_prefix_path/rbpodo_hardware
[0.098s] -- Up-to-date: /home/thornch/rbpodo_ros2_ws/install/rbpodo_hardware/share/rbpodo_hardware/environment/ament_prefix_path.sh
[0.098s] -- Up-to-date: /home/thornch/rbpodo_ros2_ws/install/rbpodo_hardware/share/rbpodo_hardware/environment/ament_prefix_path.dsv
[0.098s] -- Up-to-date: /home/thornch/rbpodo_ros2_ws/install/rbpodo_hardware/share/rbpodo_hardware/environment/path.sh
[0.098s] -- Up-to-date: /home/thornch/rbpodo_ros2_ws/install/rbpodo_hardware/share/rbpodo_hardware/environment/path.dsv
[0.098s] -- Up-to-date: /home/thornch/rbpodo_ros2_ws/install/rbpodo_hardware/share/rbpodo_hardware/local_setup.bash
[0.098s] -- Up-to-date: /home/thornch/rbpodo_ros2_ws/install/rbpodo_hardware/share/rbpodo_hardware/local_setup.sh
[0.098s] -- Up-to-date: /home/thornch/rbpodo_ros2_ws/install/rbpodo_hardware/share/rbpodo_hardware/local_setup.zsh
[0.098s] -- Up-to-date: /home/thornch/rbpodo_ros2_ws/install/rbpodo_hardware/share/rbpodo_hardware/local_setup.dsv
[0.099s] -- Installing: /home/thornch/rbpodo_ros2_ws/install/rbpodo_hardware/share/rbpodo_hardware/package.dsv
[0.099s] -- Up-to-date: /home/thornch/rbpodo_ros2_ws/install/rbpodo_hardware/share/ament_index/resource_index/packages/rbpodo_hardware
[0.099s] -- Up-to-date: /home/thornch/rbpodo_ros2_ws/install/rbpodo_hardware/share/ament_index/resource_index/hardware_interface__pluginlib__plugin/rbpodo_hardware
[0.099s] -- Up-to-date: /home/thornch/rbpodo_ros2_ws/install/rbpodo_hardware/share/rbpodo_hardware/cmake/export_rbpodo_hardwareExport.cmake
[0.099s] -- Up-to-date: /home/thornch/rbpodo_ros2_ws/install/rbpodo_hardware/share/rbpodo_hardware/cmake/export_rbpodo_hardwareExport-release.cmake
[0.099s] -- Up-to-date: /home/thornch/rbpodo_ros2_ws/install/rbpodo_hardware/share/rbpodo_hardware/cmake/ament_cmake_export_include_directories-extras.cmake
[0.100s] -- Up-to-date: /home/thornch/rbpodo_ros2_ws/install/rbpodo_hardware/share/rbpodo_hardware/cmake/ament_cmake_export_libraries-extras.cmake
[0.100s] -- Up-to-date: /home/thornch/rbpodo_ros2_ws/install/rbpodo_hardware/share/rbpodo_hardware/cmake/ament_cmake_export_targets-extras.cmake
[0.100s] -- Up-to-date: /home/thornch/rbpodo_ros2_ws/install/rbpodo_hardware/share/rbpodo_hardware/cmake/ament_cmake_export_dependencies-extras.cmake
[0.100s] -- Up-to-date: /home/thornch/rbpodo_ros2_ws/install/rbpodo_hardware/share/rbpodo_hardware/cmake/rbpodo_hardwareConfig.cmake
[0.100s] -- Up-to-date: /home/thornch/rbpodo_ros2_ws/install/rbpodo_hardware/share/rbpodo_hardware/cmake/rbpodo_hardwareConfig-version.cmake
[0.100s] -- Up-to-date: /home/thornch/rbpodo_ros2_ws/install/rbpodo_hardware/share/rbpodo_hardware/package.xml
[0.102s] Invoked command in '/home/thornch/rbpodo_ros2_ws/build/rbpodo_hardware' returned '0': CMAKE_PREFIX_PATH=/home/thornch/rbpodo_ros2_ws/install/rbpodo_msgs:/home/thornch/rbpodo_ros2_ws/install/rbpodo_bringup:/home/thornch/rbpodo_ros2_ws/install/rbpodo_hardware:/home/thornch/rbpodo_ros2_ws/install/rb3_730es_u_moveit_config:/home/thornch/rbpodo_ros2_ws/install/rbpodo_description:/opt/ros/humble LD_LIBRARY_PATH=/home/thornch/rbpodo_ros2_ws/install/rbpodo_msgs/lib:/home/thornch/rbpodo_ros2_ws/install/rbpodo_hardware/lib:/opt/ros/humble/opt/rviz_ogre_vendor/lib:/opt/ros/humble/lib/x86_64-linux-gnu:/opt/ros/humble/lib /usr/bin/cmake --install /home/thornch/rbpodo_ros2_ws/build/rbpodo_hardware
