-- Found ament_cmake: 1.3.11 (/opt/ros/humble/share/ament_cmake/cmake)
-- Found rclcpp: 16.0.11 (/opt/ros/humble/share/rclcpp/cmake)
-- Found rosidl_generator_c: 3.1.6 (/opt/ros/humble/share/rosidl_generator_c/cmake)
-- Found rosidl_adapter: 3.1.6 (/opt/ros/humble/share/rosidl_adapter/cmake)
-- Found rosidl_generator_cpp: 3.1.6 (/opt/ros/humble/share/rosidl_generator_cpp/cmake)
-- Using all available rosidl_typesupport_c: rosidl_typesupport_fastrtps_c;rosidl_typesupport_introspection_c
-- Using all available rosidl_typesupport_cpp: rosidl_typesupport_fastrtps_cpp;rosidl_typesupport_introspection_cpp
-- Found rmw_implementation_cmake: 6.1.2 (/opt/ros/humble/share/rmw_implementation_cmake/cmake)
-- Found rmw_fastrtps_cpp: 6.2.7 (/opt/ros/humble/share/rmw_fastrtps_cpp/cmake)
-- Using RMW implementation 'rmw_fastrtps_cpp' as default
-- Found rbpodo_msgs: 0.0.0 (/home/thornch/rbpodo_ros2_ws/install/rbpodo_msgs/share/rbpodo_msgs/cmake)
-- Found geometry_msgs: 4.2.4 (/opt/ros/humble/share/geometry_msgs/cmake)
-- Found sensor_msgs: 4.2.4 (/opt/ros/humble/share/sensor_msgs/cmake)
-- Found tf2: 0.25.12 (/opt/ros/humble/share/tf2/cmake)
-- Found tf2_ros: 0.25.12 (/opt/ros/humble/share/tf2_ros/cmake)
-- Found rbpodo_description: 0.0.1 (/home/thornch/rbpodo_ros2_ws/install/rbpodo_description/share/rbpodo_description/cmake)
-- Configuring done (0.4s)
-- Generating done (0.0s)
-- Build files have been written to: /home/thornch/rbpodo_ros2_ws/build/rbpodo_kinematics
[ 33%] Built target robot_kinematics
[ 66%] Built target forward_kinematics
[100%] Built target inverse_kinematics
-- Install configuration: ""
-- Up-to-date: /home/thornch/rbpodo_ros2_ws/install/rbpodo_kinematics/lib/librobot_kinematics.a
-- Up-to-date: /home/thornch/rbpodo_ros2_ws/install/rbpodo_kinematics/lib/rbpodo_kinematics/forward_kinematics
-- Up-to-date: /home/thornch/rbpodo_ros2_ws/install/rbpodo_kinematics/lib/rbpodo_kinematics/inverse_kinematics
-- Up-to-date: /home/thornch/rbpodo_ros2_ws/install/rbpodo_kinematics/include
-- Up-to-date: /home/thornch/rbpodo_ros2_ws/install/rbpodo_kinematics/include/rbpodo_kinematics
-- Up-to-date: /home/thornch/rbpodo_ros2_ws/install/rbpodo_kinematics/include/rbpodo_kinematics/robot_kinematics.hpp
-- Up-to-date: /home/thornch/rbpodo_ros2_ws/install/rbpodo_kinematics/share/rbpodo_kinematics/launch
-- Up-to-date: /home/thornch/rbpodo_ros2_ws/install/rbpodo_kinematics/share/rbpodo_kinematics/launch/kinematics.launch.py
-- Up-to-date: /home/thornch/rbpodo_ros2_ws/install/rbpodo_kinematics/share/rbpodo_kinematics/config
-- Up-to-date: /home/thornch/rbpodo_ros2_ws/install/rbpodo_kinematics/share/rbpodo_kinematics/config/dh_parameters.yaml
-- Up-to-date: /home/thornch/rbpodo_ros2_ws/install/rbpodo_kinematics/share/rbpodo_kinematics/environment/library_path.sh
-- Installing: /home/thornch/rbpodo_ros2_ws/install/rbpodo_kinematics/share/rbpodo_kinematics/environment/library_path.dsv
-- Up-to-date: /home/thornch/rbpodo_ros2_ws/install/rbpodo_kinematics/share/ament_index/resource_index/package_run_dependencies/rbpodo_kinematics
-- Up-to-date: /home/thornch/rbpodo_ros2_ws/install/rbpodo_kinematics/share/ament_index/resource_index/parent_prefix_path/rbpodo_kinematics
-- Up-to-date: /home/thornch/rbpodo_ros2_ws/install/rbpodo_kinematics/share/rbpodo_kinematics/environment/ament_prefix_path.sh
-- Installing: /home/thornch/rbpodo_ros2_ws/install/rbpodo_kinematics/share/rbpodo_kinematics/environment/ament_prefix_path.dsv
-- Up-to-date: /home/thornch/rbpodo_ros2_ws/install/rbpodo_kinematics/share/rbpodo_kinematics/environment/path.sh
-- Installing: /home/thornch/rbpodo_ros2_ws/install/rbpodo_kinematics/share/rbpodo_kinematics/environment/path.dsv
-- Up-to-date: /home/thornch/rbpodo_ros2_ws/install/rbpodo_kinematics/share/rbpodo_kinematics/local_setup.bash
-- Up-to-date: /home/thornch/rbpodo_ros2_ws/install/rbpodo_kinematics/share/rbpodo_kinematics/local_setup.sh
-- Up-to-date: /home/thornch/rbpodo_ros2_ws/install/rbpodo_kinematics/share/rbpodo_kinematics/local_setup.zsh
-- Installing: /home/thornch/rbpodo_ros2_ws/install/rbpodo_kinematics/share/rbpodo_kinematics/local_setup.dsv
-- Installing: /home/thornch/rbpodo_ros2_ws/install/rbpodo_kinematics/share/rbpodo_kinematics/package.dsv
-- Up-to-date: /home/thornch/rbpodo_ros2_ws/install/rbpodo_kinematics/share/ament_index/resource_index/packages/rbpodo_kinematics
-- Up-to-date: /home/thornch/rbpodo_ros2_ws/install/rbpodo_kinematics/share/rbpodo_kinematics/cmake/ament_cmake_export_include_directories-extras.cmake
-- Up-to-date: /home/thornch/rbpodo_ros2_ws/install/rbpodo_kinematics/share/rbpodo_kinematics/cmake/ament_cmake_export_libraries-extras.cmake
-- Up-to-date: /home/thornch/rbpodo_ros2_ws/install/rbpodo_kinematics/share/rbpodo_kinematics/cmake/ament_cmake_export_dependencies-extras.cmake
-- Up-to-date: /home/thornch/rbpodo_ros2_ws/install/rbpodo_kinematics/share/rbpodo_kinematics/cmake/rbpodo_kinematicsConfig.cmake
-- Up-to-date: /home/thornch/rbpodo_ros2_ws/install/rbpodo_kinematics/share/rbpodo_kinematics/cmake/rbpodo_kinematicsConfig-version.cmake
-- Up-to-date: /home/thornch/rbpodo_ros2_ws/install/rbpodo_kinematics/share/rbpodo_kinematics/package.xml
