[0.007s] Invoking command in '/home/thornch/rbpodo_ros2_ws/build/rbpodo_kinematics': CMAKE_PREFIX_PATH=/home/thornch/rbpodo_ros2_ws/install/rbpodo_msgs:/home/thornch/rbpodo_ros2_ws/install/rbpodo_description:/home/thornch/rbpodo_ros2_ws/install/rbpodo_controller:/home/thornch/rbpodo_ros2_ws/install/rbpodo_bringup:/home/thornch/rbpodo_ros2_ws/install/rbpodo_hardware:/home/thornch/rbpodo_ros2_ws/install/rb3_730es_u_moveit_config:/opt/ros/humble LD_LIBRARY_PATH=/home/thornch/rbpodo_ros2_ws/install/rbpodo_msgs/lib:/home/thornch/rbpodo_ros2_ws/install/rbpodo_hardware/lib:/opt/ros/humble/opt/rviz_ogre_vendor/lib:/opt/ros/humble/lib/x86_64-linux-gnu:/opt/ros/humble/lib /usr/bin/cmake --build /home/thornch/rbpodo_ros2_ws/build/rbpodo_kinematics -- -j24 -l24
[0.021s] -- Found ament_cmake: 1.3.11 (/opt/ros/humble/share/ament_cmake/cmake)
[0.186s] -- Found rclcpp: 16.0.11 (/opt/ros/humble/share/rclcpp/cmake)
[0.203s] -- Found rosidl_generator_c: 3.1.6 (/opt/ros/humble/share/rosidl_generator_c/cmake)
[0.204s] -- Found rosidl_adapter: 3.1.6 (/opt/ros/humble/share/rosidl_adapter/cmake)
[0.208s] -- Found rosidl_generator_cpp: 3.1.6 (/opt/ros/humble/share/rosidl_generator_cpp/cmake)
[0.213s] -- Using all available rosidl_typesupport_c: rosidl_typesupport_fastrtps_c;rosidl_typesupport_introspection_c
[0.220s] -- Using all available rosidl_typesupport_cpp: rosidl_typesupport_fastrtps_cpp;rosidl_typesupport_introspection_cpp
[0.239s] -- Found rmw_implementation_cmake: 6.1.2 (/opt/ros/humble/share/rmw_implementation_cmake/cmake)
[0.240s] -- Found rmw_fastrtps_cpp: 6.2.7 (/opt/ros/humble/share/rmw_fastrtps_cpp/cmake)
[0.303s] -- Using RMW implementation 'rmw_fastrtps_cpp' as default
[0.336s] -- Found rbpodo_msgs: 0.0.0 (/home/thornch/rbpodo_ros2_ws/install/rbpodo_msgs/share/rbpodo_msgs/cmake)
[0.362s] -- Found geometry_msgs: 4.2.4 (/opt/ros/humble/share/geometry_msgs/cmake)
[0.370s] -- Found sensor_msgs: 4.2.4 (/opt/ros/humble/share/sensor_msgs/cmake)
[0.382s] -- Found tf2: 0.25.12 (/opt/ros/humble/share/tf2/cmake)
[0.384s] -- Found tf2_ros: 0.25.12 (/opt/ros/humble/share/tf2_ros/cmake)
[0.424s] -- Found rbpodo_description: 0.0.1 (/home/thornch/rbpodo_ros2_ws/install/rbpodo_description/share/rbpodo_description/cmake)
[0.461s] -- Configuring done (0.4s)
[0.470s] -- Generating done (0.0s)
[0.472s] -- Build files have been written to: /home/thornch/rbpodo_ros2_ws/build/rbpodo_kinematics
[0.491s] [ 33%] Built target robot_kinematics
[0.515s] [ 66%] Built target forward_kinematics
[0.517s] [100%] Built target inverse_kinematics
[0.534s] Invoked command in '/home/thornch/rbpodo_ros2_ws/build/rbpodo_kinematics' returned '0': CMAKE_PREFIX_PATH=/home/thornch/rbpodo_ros2_ws/install/rbpodo_msgs:/home/thornch/rbpodo_ros2_ws/install/rbpodo_description:/home/thornch/rbpodo_ros2_ws/install/rbpodo_controller:/home/thornch/rbpodo_ros2_ws/install/rbpodo_bringup:/home/thornch/rbpodo_ros2_ws/install/rbpodo_hardware:/home/thornch/rbpodo_ros2_ws/install/rb3_730es_u_moveit_config:/opt/ros/humble LD_LIBRARY_PATH=/home/thornch/rbpodo_ros2_ws/install/rbpodo_msgs/lib:/home/thornch/rbpodo_ros2_ws/install/rbpodo_hardware/lib:/opt/ros/humble/opt/rviz_ogre_vendor/lib:/opt/ros/humble/lib/x86_64-linux-gnu:/opt/ros/humble/lib /usr/bin/cmake --build /home/thornch/rbpodo_ros2_ws/build/rbpodo_kinematics -- -j24 -l24
[0.538s] Invoking command in '/home/thornch/rbpodo_ros2_ws/build/rbpodo_kinematics': CMAKE_PREFIX_PATH=/home/thornch/rbpodo_ros2_ws/install/rbpodo_msgs:/home/thornch/rbpodo_ros2_ws/install/rbpodo_description:/home/thornch/rbpodo_ros2_ws/install/rbpodo_controller:/home/thornch/rbpodo_ros2_ws/install/rbpodo_bringup:/home/thornch/rbpodo_ros2_ws/install/rbpodo_hardware:/home/thornch/rbpodo_ros2_ws/install/rb3_730es_u_moveit_config:/opt/ros/humble LD_LIBRARY_PATH=/home/thornch/rbpodo_ros2_ws/install/rbpodo_msgs/lib:/home/thornch/rbpodo_ros2_ws/install/rbpodo_hardware/lib:/opt/ros/humble/opt/rviz_ogre_vendor/lib:/opt/ros/humble/lib/x86_64-linux-gnu:/opt/ros/humble/lib /usr/bin/cmake --install /home/thornch/rbpodo_ros2_ws/build/rbpodo_kinematics
[0.548s] -- Install configuration: ""
[0.549s] -- Up-to-date: /home/thornch/rbpodo_ros2_ws/install/rbpodo_kinematics/lib/librobot_kinematics.a
[0.549s] -- Up-to-date: /home/thornch/rbpodo_ros2_ws/install/rbpodo_kinematics/lib/rbpodo_kinematics/forward_kinematics
[0.549s] -- Up-to-date: /home/thornch/rbpodo_ros2_ws/install/rbpodo_kinematics/lib/rbpodo_kinematics/inverse_kinematics
[0.550s] -- Up-to-date: /home/thornch/rbpodo_ros2_ws/install/rbpodo_kinematics/include
[0.550s] -- Up-to-date: /home/thornch/rbpodo_ros2_ws/install/rbpodo_kinematics/include/rbpodo_kinematics
[0.550s] -- Up-to-date: /home/thornch/rbpodo_ros2_ws/install/rbpodo_kinematics/include/rbpodo_kinematics/robot_kinematics.hpp
[0.550s] -- Up-to-date: /home/thornch/rbpodo_ros2_ws/install/rbpodo_kinematics/share/rbpodo_kinematics/launch
[0.551s] -- Up-to-date: /home/thornch/rbpodo_ros2_ws/install/rbpodo_kinematics/share/rbpodo_kinematics/launch/kinematics.launch.py
[0.551s] -- Up-to-date: /home/thornch/rbpodo_ros2_ws/install/rbpodo_kinematics/share/rbpodo_kinematics/config
[0.551s] -- Up-to-date: /home/thornch/rbpodo_ros2_ws/install/rbpodo_kinematics/share/rbpodo_kinematics/config/dh_parameters.yaml
[0.551s] -- Up-to-date: /home/thornch/rbpodo_ros2_ws/install/rbpodo_kinematics/share/rbpodo_kinematics/environment/library_path.sh
[0.551s] -- Installing: /home/thornch/rbpodo_ros2_ws/install/rbpodo_kinematics/share/rbpodo_kinematics/environment/library_path.dsv
[0.552s] -- Up-to-date: /home/thornch/rbpodo_ros2_ws/install/rbpodo_kinematics/share/ament_index/resource_index/package_run_dependencies/rbpodo_kinematics
[0.552s] -- Up-to-date: /home/thornch/rbpodo_ros2_ws/install/rbpodo_kinematics/share/ament_index/resource_index/parent_prefix_path/rbpodo_kinematics
[0.552s] -- Up-to-date: /home/thornch/rbpodo_ros2_ws/install/rbpodo_kinematics/share/rbpodo_kinematics/environment/ament_prefix_path.sh
[0.552s] -- Installing: /home/thornch/rbpodo_ros2_ws/install/rbpodo_kinematics/share/rbpodo_kinematics/environment/ament_prefix_path.dsv
[0.553s] -- Up-to-date: /home/thornch/rbpodo_ros2_ws/install/rbpodo_kinematics/share/rbpodo_kinematics/environment/path.sh
[0.553s] -- Installing: /home/thornch/rbpodo_ros2_ws/install/rbpodo_kinematics/share/rbpodo_kinematics/environment/path.dsv
[0.553s] -- Up-to-date: /home/thornch/rbpodo_ros2_ws/install/rbpodo_kinematics/share/rbpodo_kinematics/local_setup.bash
[0.553s] -- Up-to-date: /home/thornch/rbpodo_ros2_ws/install/rbpodo_kinematics/share/rbpodo_kinematics/local_setup.sh
[0.553s] -- Up-to-date: /home/thornch/rbpodo_ros2_ws/install/rbpodo_kinematics/share/rbpodo_kinematics/local_setup.zsh
[0.553s] -- Installing: /home/thornch/rbpodo_ros2_ws/install/rbpodo_kinematics/share/rbpodo_kinematics/local_setup.dsv
[0.554s] -- Installing: /home/thornch/rbpodo_ros2_ws/install/rbpodo_kinematics/share/rbpodo_kinematics/package.dsv
[0.554s] -- Up-to-date: /home/thornch/rbpodo_ros2_ws/install/rbpodo_kinematics/share/ament_index/resource_index/packages/rbpodo_kinematics
[0.554s] -- Up-to-date: /home/thornch/rbpodo_ros2_ws/install/rbpodo_kinematics/share/rbpodo_kinematics/cmake/ament_cmake_export_include_directories-extras.cmake
[0.554s] -- Up-to-date: /home/thornch/rbpodo_ros2_ws/install/rbpodo_kinematics/share/rbpodo_kinematics/cmake/ament_cmake_export_libraries-extras.cmake
[0.554s] -- Up-to-date: /home/thornch/rbpodo_ros2_ws/install/rbpodo_kinematics/share/rbpodo_kinematics/cmake/ament_cmake_export_dependencies-extras.cmake
[0.554s] -- Up-to-date: /home/thornch/rbpodo_ros2_ws/install/rbpodo_kinematics/share/rbpodo_kinematics/cmake/rbpodo_kinematicsConfig.cmake
[0.554s] -- Up-to-date: /home/thornch/rbpodo_ros2_ws/install/rbpodo_kinematics/share/rbpodo_kinematics/cmake/rbpodo_kinematicsConfig-version.cmake
[0.554s] -- Up-to-date: /home/thornch/rbpodo_ros2_ws/install/rbpodo_kinematics/share/rbpodo_kinematics/package.xml
[0.557s] Invoked command in '/home/thornch/rbpodo_ros2_ws/build/rbpodo_kinematics' returned '0': CMAKE_PREFIX_PATH=/home/thornch/rbpodo_ros2_ws/install/rbpodo_msgs:/home/thornch/rbpodo_ros2_ws/install/rbpodo_description:/home/thornch/rbpodo_ros2_ws/install/rbpodo_controller:/home/thornch/rbpodo_ros2_ws/install/rbpodo_bringup:/home/thornch/rbpodo_ros2_ws/install/rbpodo_hardware:/home/thornch/rbpodo_ros2_ws/install/rb3_730es_u_moveit_config:/opt/ros/humble LD_LIBRARY_PATH=/home/thornch/rbpodo_ros2_ws/install/rbpodo_msgs/lib:/home/thornch/rbpodo_ros2_ws/install/rbpodo_hardware/lib:/opt/ros/humble/opt/rviz_ogre_vendor/lib:/opt/ros/humble/lib/x86_64-linux-gnu:/opt/ros/humble/lib /usr/bin/cmake --install /home/thornch/rbpodo_ros2_ws/build/rbpodo_kinematics
