[0.005s] Invoking command in '/home/thornch/rbpodo_ros2_ws/build/rbpodo_hardware': AMENT_PREFIX_PATH=/home/thornch/rbpodo_ros2_ws/install/rbpodo_msgs:${AMENT_PREFIX_PATH} CMAKE_PREFIX_PATH=/home/thornch/rbpodo_ros2_ws/install/rbpodo_msgs:/opt/ros/humble LD_LIBRARY_PATH=/home/thornch/rbpodo_ros2_ws/install/rbpodo_msgs/lib:${LD_LIBRARY_PATH} PYTHONPATH=/home/thornch/rbpodo_ros2_ws/install/rbpodo_msgs/local/lib/python3.10/dist-packages:${PYTHONPATH} /usr/bin/cmake --build /home/thornch/rbpodo_ros2_ws/build/rbpodo_hardware -- -j24 -l24
[0.040s] [100%] Built target rbpodo_hardware
[0.047s] Invoked command in '/home/thornch/rbpodo_ros2_ws/build/rbpodo_hardware' returned '0': AMENT_PREFIX_PATH=/home/thornch/rbpodo_ros2_ws/install/rbpodo_msgs:${AMENT_PREFIX_PATH} CMAKE_PREFIX_PATH=/home/thornch/rbpodo_ros2_ws/install/rbpodo_msgs:/opt/ros/humble LD_LIBRARY_PATH=/home/thornch/rbpodo_ros2_ws/install/rbpodo_msgs/lib:${LD_LIBRARY_PATH} PYTHONPATH=/home/thornch/rbpodo_ros2_ws/install/rbpodo_msgs/local/lib/python3.10/dist-packages:${PYTHONPATH} /usr/bin/cmake --build /home/thornch/rbpodo_ros2_ws/build/rbpodo_hardware -- -j24 -l24
[0.050s] Invoking command in '/home/thornch/rbpodo_ros2_ws/build/rbpodo_hardware': AMENT_PREFIX_PATH=/home/thornch/rbpodo_ros2_ws/install/rbpodo_msgs:${AMENT_PREFIX_PATH} CMAKE_PREFIX_PATH=/home/thornch/rbpodo_ros2_ws/install/rbpodo_msgs:/opt/ros/humble LD_LIBRARY_PATH=/home/thornch/rbpodo_ros2_ws/install/rbpodo_msgs/lib:${LD_LIBRARY_PATH} PYTHONPATH=/home/thornch/rbpodo_ros2_ws/install/rbpodo_msgs/local/lib/python3.10/dist-packages:${PYTHONPATH} /usr/bin/cmake --install /home/thornch/rbpodo_ros2_ws/build/rbpodo_hardware
[0.054s] -- Install configuration: "Release"
[0.054s] -- Up-to-date: /home/thornch/rbpodo_ros2_ws/install/rbpodo_hardware/share/rbpodo_hardware/rbpodo_hardware.xml
[0.054s] -- Up-to-date: /home/thornch/rbpodo_ros2_ws/install/rbpodo_hardware/include
[0.054s] -- Up-to-date: /home/thornch/rbpodo_ros2_ws/install/rbpodo_hardware/include/rbpodo_hardware
[0.055s] -- Up-to-date: /home/thornch/rbpodo_ros2_ws/install/rbpodo_hardware/include/rbpodo_hardware/visibility_control.h
[0.055s] -- Up-to-date: /home/thornch/rbpodo_ros2_ws/install/rbpodo_hardware/include/rbpodo_hardware/robot.hpp
[0.055s] -- Up-to-date: /home/thornch/rbpodo_ros2_ws/install/rbpodo_hardware/include/rbpodo_hardware/robot_node.hpp
[0.055s] -- Up-to-date: /home/thornch/rbpodo_ros2_ws/install/rbpodo_hardware/include/rbpodo_hardware/rbpodo_hardware_interface.hpp
[0.055s] -- Up-to-date: /home/thornch/rbpodo_ros2_ws/install/rbpodo_hardware/lib/librbpodo_hardware.so
[0.055s] -- Up-to-date: /home/thornch/rbpodo_ros2_ws/install/rbpodo_hardware/share/rbpodo_hardware/environment/library_path.sh
[0.055s] -- Up-to-date: /home/thornch/rbpodo_ros2_ws/install/rbpodo_hardware/share/rbpodo_hardware/environment/library_path.dsv
[0.055s] -- Up-to-date: /home/thornch/rbpodo_ros2_ws/install/rbpodo_hardware/share/ament_index/resource_index/package_run_dependencies/rbpodo_hardware
[0.055s] -- Up-to-date: /home/thornch/rbpodo_ros2_ws/install/rbpodo_hardware/share/ament_index/resource_index/parent_prefix_path/rbpodo_hardware
[0.055s] -- Up-to-date: /home/thornch/rbpodo_ros2_ws/install/rbpodo_hardware/share/rbpodo_hardware/environment/ament_prefix_path.sh
[0.055s] -- Up-to-date: /home/thornch/rbpodo_ros2_ws/install/rbpodo_hardware/share/rbpodo_hardware/environment/ament_prefix_path.dsv
[0.056s] -- Up-to-date: /home/thornch/rbpodo_ros2_ws/install/rbpodo_hardware/share/rbpodo_hardware/environment/path.sh
[0.056s] -- Up-to-date: /home/thornch/rbpodo_ros2_ws/install/rbpodo_hardware/share/rbpodo_hardware/environment/path.dsv
[0.056s] -- Up-to-date: /home/thornch/rbpodo_ros2_ws/install/rbpodo_hardware/share/rbpodo_hardware/local_setup.bash
[0.056s] -- Up-to-date: /home/thornch/rbpodo_ros2_ws/install/rbpodo_hardware/share/rbpodo_hardware/local_setup.sh
[0.056s] -- Up-to-date: /home/thornch/rbpodo_ros2_ws/install/rbpodo_hardware/share/rbpodo_hardware/local_setup.zsh
[0.056s] -- Up-to-date: /home/thornch/rbpodo_ros2_ws/install/rbpodo_hardware/share/rbpodo_hardware/local_setup.dsv
[0.056s] -- Installing: /home/thornch/rbpodo_ros2_ws/install/rbpodo_hardware/share/rbpodo_hardware/package.dsv
[0.056s] -- Up-to-date: /home/thornch/rbpodo_ros2_ws/install/rbpodo_hardware/share/ament_index/resource_index/packages/rbpodo_hardware
[0.056s] -- Up-to-date: /home/thornch/rbpodo_ros2_ws/install/rbpodo_hardware/share/ament_index/resource_index/hardware_interface__pluginlib__plugin/rbpodo_hardware
[0.056s] -- Up-to-date: /home/thornch/rbpodo_ros2_ws/install/rbpodo_hardware/share/rbpodo_hardware/cmake/export_rbpodo_hardwareExport.cmake
[0.056s] -- Up-to-date: /home/thornch/rbpodo_ros2_ws/install/rbpodo_hardware/share/rbpodo_hardware/cmake/export_rbpodo_hardwareExport-release.cmake
[0.056s] -- Up-to-date: /home/thornch/rbpodo_ros2_ws/install/rbpodo_hardware/share/rbpodo_hardware/cmake/ament_cmake_export_include_directories-extras.cmake
[0.057s] -- Up-to-date: /home/thornch/rbpodo_ros2_ws/install/rbpodo_hardware/share/rbpodo_hardware/cmake/ament_cmake_export_libraries-extras.cmake
[0.057s] -- Up-to-date: /home/thornch/rbpodo_ros2_ws/install/rbpodo_hardware/share/rbpodo_hardware/cmake/ament_cmake_export_targets-extras.cmake
[0.057s] -- Up-to-date: /home/thornch/rbpodo_ros2_ws/install/rbpodo_hardware/share/rbpodo_hardware/cmake/ament_cmake_export_dependencies-extras.cmake
[0.057s] -- Up-to-date: /home/thornch/rbpodo_ros2_ws/install/rbpodo_hardware/share/rbpodo_hardware/cmake/rbpodo_hardwareConfig.cmake
[0.057s] -- Up-to-date: /home/thornch/rbpodo_ros2_ws/install/rbpodo_hardware/share/rbpodo_hardware/cmake/rbpodo_hardwareConfig-version.cmake
[0.057s] -- Up-to-date: /home/thornch/rbpodo_ros2_ws/install/rbpodo_hardware/share/rbpodo_hardware/package.xml
[0.058s] Invoked command in '/home/thornch/rbpodo_ros2_ws/build/rbpodo_hardware' returned '0': AMENT_PREFIX_PATH=/home/thornch/rbpodo_ros2_ws/install/rbpodo_msgs:${AMENT_PREFIX_PATH} CMAKE_PREFIX_PATH=/home/thornch/rbpodo_ros2_ws/install/rbpodo_msgs:/opt/ros/humble LD_LIBRARY_PATH=/home/thornch/rbpodo_ros2_ws/install/rbpodo_msgs/lib:${LD_LIBRARY_PATH} PYTHONPATH=/home/thornch/rbpodo_ros2_ws/install/rbpodo_msgs/local/lib/python3.10/dist-packages:${PYTHONPATH} /usr/bin/cmake --install /home/thornch/rbpodo_ros2_ws/build/rbpodo_hardware
