[0.007s] Invoking command in '/home/thornch/rbpodo_ros2_ws/build/rbpodo_bringup': CMAKE_PREFIX_PATH=/home/thornch/rbpodo_ros2_ws/install/rbpodo_hardware:/home/thornch/rbpodo_ros2_ws/install/rbpodo_msgs:/home/thornch/rbpodo_ros2_ws/install/rbpodo_description:/home/thornch/rbpodo_ros2_ws/install/rbpodo_bringup:/home/thornch/rbpodo_ros2_ws/install/rb3_730es_u_moveit_config:/opt/ros/humble /usr/bin/cmake --build /home/thornch/rbpodo_ros2_ws/build/rbpodo_bringup -- -j24 -l24
[0.039s] Invoked command in '/home/thornch/rbpodo_ros2_ws/build/rbpodo_bringup' returned '0': CMAKE_PREFIX_PATH=/home/thornch/rbpodo_ros2_ws/install/rbpodo_hardware:/home/thornch/rbpodo_ros2_ws/install/rbpodo_msgs:/home/thornch/rbpodo_ros2_ws/install/rbpodo_description:/home/thornch/rbpodo_ros2_ws/install/rbpodo_bringup:/home/thornch/rbpodo_ros2_ws/install/rb3_730es_u_moveit_config:/opt/ros/humble /usr/bin/cmake --build /home/thornch/rbpodo_ros2_ws/build/rbpodo_bringup -- -j24 -l24
[0.041s] Invoking command in '/home/thornch/rbpodo_ros2_ws/build/rbpodo_bringup': CMAKE_PREFIX_PATH=/home/thornch/rbpodo_ros2_ws/install/rbpodo_hardware:/home/thornch/rbpodo_ros2_ws/install/rbpodo_msgs:/home/thornch/rbpodo_ros2_ws/install/rbpodo_description:/home/thornch/rbpodo_ros2_ws/install/rbpodo_bringup:/home/thornch/rbpodo_ros2_ws/install/rb3_730es_u_moveit_config:/opt/ros/humble /usr/bin/cmake --install /home/thornch/rbpodo_ros2_ws/build/rbpodo_bringup
[0.044s] -- Install configuration: "Release"
[0.044s] -- Up-to-date: /home/thornch/rbpodo_ros2_ws/install/rbpodo_bringup/share/rbpodo_bringup/config
[0.044s] -- Up-to-date: /home/thornch/rbpodo_ros2_ws/install/rbpodo_bringup/share/rbpodo_bringup/config/controllers.yaml
[0.044s] -- Up-to-date: /home/thornch/rbpodo_ros2_ws/install/rbpodo_bringup/share/rbpodo_bringup/launch
[0.045s] -- Up-to-date: /home/thornch/rbpodo_ros2_ws/install/rbpodo_bringup/share/rbpodo_bringup/launch/rbpodo.launch.py
[0.045s] -- Up-to-date: /home/thornch/rbpodo_ros2_ws/install/rbpodo_bringup/share/ament_index/resource_index/package_run_dependencies/rbpodo_bringup
[0.045s] -- Up-to-date: /home/thornch/rbpodo_ros2_ws/install/rbpodo_bringup/share/ament_index/resource_index/parent_prefix_path/rbpodo_bringup
[0.045s] -- Up-to-date: /home/thornch/rbpodo_ros2_ws/install/rbpodo_bringup/share/rbpodo_bringup/environment/ament_prefix_path.sh
[0.045s] -- Up-to-date: /home/thornch/rbpodo_ros2_ws/install/rbpodo_bringup/share/rbpodo_bringup/environment/ament_prefix_path.dsv
[0.045s] -- Up-to-date: /home/thornch/rbpodo_ros2_ws/install/rbpodo_bringup/share/rbpodo_bringup/environment/path.sh
[0.045s] -- Up-to-date: /home/thornch/rbpodo_ros2_ws/install/rbpodo_bringup/share/rbpodo_bringup/environment/path.dsv
[0.045s] -- Up-to-date: /home/thornch/rbpodo_ros2_ws/install/rbpodo_bringup/share/rbpodo_bringup/local_setup.bash
[0.045s] -- Up-to-date: /home/thornch/rbpodo_ros2_ws/install/rbpodo_bringup/share/rbpodo_bringup/local_setup.sh
[0.045s] -- Up-to-date: /home/thornch/rbpodo_ros2_ws/install/rbpodo_bringup/share/rbpodo_bringup/local_setup.zsh
[0.045s] -- Up-to-date: /home/thornch/rbpodo_ros2_ws/install/rbpodo_bringup/share/rbpodo_bringup/local_setup.dsv
[0.045s] -- Up-to-date: /home/thornch/rbpodo_ros2_ws/install/rbpodo_bringup/share/rbpodo_bringup/package.dsv
[0.045s] -- Up-to-date: /home/thornch/rbpodo_ros2_ws/install/rbpodo_bringup/share/ament_index/resource_index/packages/rbpodo_bringup
[0.045s] -- Up-to-date: /home/thornch/rbpodo_ros2_ws/install/rbpodo_bringup/share/rbpodo_bringup/cmake/rbpodo_bringupConfig.cmake
[0.045s] -- Up-to-date: /home/thornch/rbpodo_ros2_ws/install/rbpodo_bringup/share/rbpodo_bringup/cmake/rbpodo_bringupConfig-version.cmake
[0.045s] -- Up-to-date: /home/thornch/rbpodo_ros2_ws/install/rbpodo_bringup/share/rbpodo_bringup/package.xml
[0.047s] Invoked command in '/home/thornch/rbpodo_ros2_ws/build/rbpodo_bringup' returned '0': CMAKE_PREFIX_PATH=/home/thornch/rbpodo_ros2_ws/install/rbpodo_hardware:/home/thornch/rbpodo_ros2_ws/install/rbpodo_msgs:/home/thornch/rbpodo_ros2_ws/install/rbpodo_description:/home/thornch/rbpodo_ros2_ws/install/rbpodo_bringup:/home/thornch/rbpodo_ros2_ws/install/rb3_730es_u_moveit_config:/opt/ros/humble /usr/bin/cmake --install /home/thornch/rbpodo_ros2_ws/build/rbpodo_bringup
