[0.008s] Invoking command in '/home/thornch/rbpodo_ros2_ws/build/rbpodo_kinematics': CMAKE_PREFIX_PATH=/home/thornch/rbpodo_ros2_ws/install/rbpodo_msgs:/home/thornch/rbpodo_ros2_ws/install/rbpodo_description:/home/thornch/rbpodo_ros2_ws/install/rbpodo_kinematics:/home/thornch/rbpodo_ros2_ws/install/rbpodo_controller:/home/thornch/rbpodo_ros2_ws/install/rbpodo_bringup:/home/thornch/rbpodo_ros2_ws/install/rbpodo_hardware:/home/thornch/rbpodo_ros2_ws/install/rb3_730es_u_moveit_config:/opt/ros/humble LD_LIBRARY_PATH=/home/thornch/rbpodo_ros2_ws/install/rbpodo_msgs/lib:/home/thornch/rbpodo_ros2_ws/install/rbpodo_kinematics/lib:/home/thornch/rbpodo_ros2_ws/install/rbpodo_hardware/lib:/opt/ros/humble/opt/rviz_ogre_vendor/lib:/opt/ros/humble/lib/x86_64-linux-gnu:/opt/ros/humble/lib /usr/bin/cmake --build /home/thornch/rbpodo_ros2_ws/build/rbpodo_kinematics -- -j24 -l24
[0.025s] -- Found ament_cmake: 1.3.11 (/opt/ros/humble/share/ament_cmake/cmake)
[0.155s] -- Found rclcpp: 16.0.11 (/opt/ros/humble/share/rclcpp/cmake)
[0.173s] -- Found rosidl_generator_c: 3.1.6 (/opt/ros/humble/share/rosidl_generator_c/cmake)
[0.174s] -- Found rosidl_adapter: 3.1.6 (/opt/ros/humble/share/rosidl_adapter/cmake)
[0.178s] -- Found rosidl_generator_cpp: 3.1.6 (/opt/ros/humble/share/rosidl_generator_cpp/cmake)
[0.183s] -- Using all available rosidl_typesupport_c: rosidl_typesupport_fastrtps_c;rosidl_typesupport_introspection_c
[0.190s] -- Using all available rosidl_typesupport_cpp: rosidl_typesupport_fastrtps_cpp;rosidl_typesupport_introspection_cpp
[0.209s] -- Found rmw_implementation_cmake: 6.1.2 (/opt/ros/humble/share/rmw_implementation_cmake/cmake)
[0.210s] -- Found rmw_fastrtps_cpp: 6.2.7 (/opt/ros/humble/share/rmw_fastrtps_cpp/cmake)
[0.275s] -- Using RMW implementation 'rmw_fastrtps_cpp' as default
[0.308s] -- Found rbpodo_msgs: 0.0.0 (/home/thornch/rbpodo_ros2_ws/install/rbpodo_msgs/share/rbpodo_msgs/cmake)
[0.333s] -- Found geometry_msgs: 4.2.4 (/opt/ros/humble/share/geometry_msgs/cmake)
[0.342s] -- Found sensor_msgs: 4.2.4 (/opt/ros/humble/share/sensor_msgs/cmake)
[0.354s] -- Found tf2: 0.25.12 (/opt/ros/humble/share/tf2/cmake)
[0.356s] -- Found tf2_ros: 0.25.12 (/opt/ros/humble/share/tf2_ros/cmake)
[0.395s] -- Found rbpodo_description: 0.0.1 (/home/thornch/rbpodo_ros2_ws/install/rbpodo_description/share/rbpodo_description/cmake)
[0.446s] -- Configuring done (0.4s)
[0.449s] [31mCMake Error at CMakeLists.txt:76 (add_executable):
[0.449s]   Cannot find source file:
[0.449s] 
[0.449s]     src/smooth_motion_planner.cpp
[0.449s] 
[0.449s]   Tried extensions .c .C .c++ .cc .cpp .cxx .cu .mpp .m .M .mm .ixx .cppm
[0.449s]   .ccm .cxxm .c++m .h .hh .h++ .hm .hpp .hxx .in .txx .f .F .for .f77 .f90
[0.449s]   .f95 .f03 .hip .ispc
[0.449s] 
[0.449s] [0m
[0.449s] [31mCMake Error at CMakeLists.txt:76 (add_executable):
[0.449s]   No SOURCES given to target: smooth_motion_planner
[0.450s] 
[0.450s] [0m
[0.450s] [0mCMake Generate step failed.  Build files cannot be regenerated correctly.[0m
[0.454s] gmake: *** [Makefile:390: cmake_check_build_system] Error 1
[0.455s] Invoked command in '/home/thornch/rbpodo_ros2_ws/build/rbpodo_kinematics' returned '2': CMAKE_PREFIX_PATH=/home/thornch/rbpodo_ros2_ws/install/rbpodo_msgs:/home/thornch/rbpodo_ros2_ws/install/rbpodo_description:/home/thornch/rbpodo_ros2_ws/install/rbpodo_kinematics:/home/thornch/rbpodo_ros2_ws/install/rbpodo_controller:/home/thornch/rbpodo_ros2_ws/install/rbpodo_bringup:/home/thornch/rbpodo_ros2_ws/install/rbpodo_hardware:/home/thornch/rbpodo_ros2_ws/install/rb3_730es_u_moveit_config:/opt/ros/humble LD_LIBRARY_PATH=/home/thornch/rbpodo_ros2_ws/install/rbpodo_msgs/lib:/home/thornch/rbpodo_ros2_ws/install/rbpodo_kinematics/lib:/home/thornch/rbpodo_ros2_ws/install/rbpodo_hardware/lib:/opt/ros/humble/opt/rviz_ogre_vendor/lib:/opt/ros/humble/lib/x86_64-linux-gnu:/opt/ros/humble/lib /usr/bin/cmake --build /home/thornch/rbpodo_ros2_ws/build/rbpodo_kinematics -- -j24 -l24
