[0.005s] Invoking command in '/home/thornch/rbpodo_ros2_ws/build/rbpodo_description': CMAKE_PREFIX_PATH=/opt/ros/humble /usr/bin/cmake --build /home/thornch/rbpodo_ros2_ws/build/rbpodo_description -- -j24 -l24
[0.017s] Invoked command in '/home/thornch/rbpodo_ros2_ws/build/rbpodo_description' returned '0': CMAKE_PREFIX_PATH=/opt/ros/humble /usr/bin/cmake --build /home/thornch/rbpodo_ros2_ws/build/rbpodo_description -- -j24 -l24
[0.020s] Invoking command in '/home/thornch/rbpodo_ros2_ws/build/rbpodo_description': CMAKE_PREFIX_PATH=/opt/ros/humble /usr/bin/cmake --install /home/thornch/rbpodo_ros2_ws/build/rbpodo_description
[0.023s] -- Install configuration: "Release"
[0.024s] -- Up-to-date: /home/thornch/rbpodo_ros2_ws/install/rbpodo_description/share/rbpodo_description/meshes
[0.024s] -- Up-to-date: /home/thornch/rbpodo_ros2_ws/install/rbpodo_description/share/rbpodo_description/meshes/rb16_900e
[0.024s] -- Up-to-date: /home/thornch/rbpodo_ros2_ws/install/rbpodo_description/share/rbpodo_description/meshes/rb16_900e/collision
[0.024s] -- Up-to-date: /home/thornch/rbpodo_ros2_ws/install/rbpodo_description/share/rbpodo_description/meshes/rb16_900e/collision/link2.stl
[0.024s] -- Up-to-date: /home/thornch/rbpodo_ros2_ws/install/rbpodo_description/share/rbpodo_description/meshes/rb16_900e/collision/link1.stl
[0.024s] -- Up-to-date: /home/thornch/rbpodo_ros2_ws/install/rbpodo_description/share/rbpodo_description/meshes/rb16_900e/collision/link5.stl
[0.024s] -- Up-to-date: /home/thornch/rbpodo_ros2_ws/install/rbpodo_description/share/rbpodo_description/meshes/rb16_900e/collision/link0.stl
[0.024s] -- Up-to-date: /home/thornch/rbpodo_ros2_ws/install/rbpodo_description/share/rbpodo_description/meshes/rb16_900e/collision/link3.stl
[0.024s] -- Up-to-date: /home/thornch/rbpodo_ros2_ws/install/rbpodo_description/share/rbpodo_description/meshes/rb16_900e/collision/link4.stl
[0.024s] -- Up-to-date: /home/thornch/rbpodo_ros2_ws/install/rbpodo_description/share/rbpodo_description/meshes/rb16_900e/collision/link6.stl
[0.024s] -- Up-to-date: /home/thornch/rbpodo_ros2_ws/install/rbpodo_description/share/rbpodo_description/meshes/rb16_900e/visual
[0.024s] -- Up-to-date: /home/thornch/rbpodo_ros2_ws/install/rbpodo_description/share/rbpodo_description/meshes/rb16_900e/visual/link4.dae
[0.024s] -- Up-to-date: /home/thornch/rbpodo_ros2_ws/install/rbpodo_description/share/rbpodo_description/meshes/rb16_900e/visual/link2.dae
[0.024s] -- Up-to-date: /home/thornch/rbpodo_ros2_ws/install/rbpodo_description/share/rbpodo_description/meshes/rb16_900e/visual/link0.dae
[0.024s] -- Up-to-date: /home/thornch/rbpodo_ros2_ws/install/rbpodo_description/share/rbpodo_description/meshes/rb16_900e/visual/link1.dae
[0.024s] -- Up-to-date: /home/thornch/rbpodo_ros2_ws/install/rbpodo_description/share/rbpodo_description/meshes/rb16_900e/visual/link3.dae
[0.024s] -- Up-to-date: /home/thornch/rbpodo_ros2_ws/install/rbpodo_description/share/rbpodo_description/meshes/rb16_900e/visual/link6.dae
[0.024s] -- Up-to-date: /home/thornch/rbpodo_ros2_ws/install/rbpodo_description/share/rbpodo_description/meshes/rb16_900e/visual/link5.dae
[0.024s] -- Up-to-date: /home/thornch/rbpodo_ros2_ws/install/rbpodo_description/share/rbpodo_description/meshes/rb3_730es_u
[0.024s] -- Up-to-date: /home/thornch/rbpodo_ros2_ws/install/rbpodo_description/share/rbpodo_description/meshes/rb3_730es_u/collision
[0.024s] -- Up-to-date: /home/thornch/rbpodo_ros2_ws/install/rbpodo_description/share/rbpodo_description/meshes/rb3_730es_u/collision/link2.stl
[0.024s] -- Up-to-date: /home/thornch/rbpodo_ros2_ws/install/rbpodo_description/share/rbpodo_description/meshes/rb3_730es_u/collision/link1.stl
[0.024s] -- Up-to-date: /home/thornch/rbpodo_ros2_ws/install/rbpodo_description/share/rbpodo_description/meshes/rb3_730es_u/collision/link5.stl
[0.024s] -- Up-to-date: /home/thornch/rbpodo_ros2_ws/install/rbpodo_description/share/rbpodo_description/meshes/rb3_730es_u/collision/link0.stl
[0.024s] -- Up-to-date: /home/thornch/rbpodo_ros2_ws/install/rbpodo_description/share/rbpodo_description/meshes/rb3_730es_u/collision/link3.stl
[0.025s] -- Up-to-date: /home/thornch/rbpodo_ros2_ws/install/rbpodo_description/share/rbpodo_description/meshes/rb3_730es_u/collision/link4.stl
[0.025s] -- Up-to-date: /home/thornch/rbpodo_ros2_ws/install/rbpodo_description/share/rbpodo_description/meshes/rb3_730es_u/collision/link6.stl
[0.025s] -- Up-to-date: /home/thornch/rbpodo_ros2_ws/install/rbpodo_description/share/rbpodo_description/meshes/rb3_730es_u/visual
[0.025s] -- Up-to-date: /home/thornch/rbpodo_ros2_ws/install/rbpodo_description/share/rbpodo_description/meshes/rb3_730es_u/visual/link4.dae
[0.025s] -- Up-to-date: /home/thornch/rbpodo_ros2_ws/install/rbpodo_description/share/rbpodo_description/meshes/rb3_730es_u/visual/link2.dae
[0.025s] -- Up-to-date: /home/thornch/rbpodo_ros2_ws/install/rbpodo_description/share/rbpodo_description/meshes/rb3_730es_u/visual/link0.dae
[0.025s] -- Up-to-date: /home/thornch/rbpodo_ros2_ws/install/rbpodo_description/share/rbpodo_description/meshes/rb3_730es_u/visual/link1.dae
[0.025s] -- Up-to-date: /home/thornch/rbpodo_ros2_ws/install/rbpodo_description/share/rbpodo_description/meshes/rb3_730es_u/visual/link3.dae
[0.025s] -- Up-to-date: /home/thornch/rbpodo_ros2_ws/install/rbpodo_description/share/rbpodo_description/meshes/rb3_730es_u/visual/link6.dae
[0.025s] -- Up-to-date: /home/thornch/rbpodo_ros2_ws/install/rbpodo_description/share/rbpodo_description/meshes/rb3_730es_u/visual/link5.dae
[0.025s] -- Up-to-date: /home/thornch/rbpodo_ros2_ws/install/rbpodo_description/share/rbpodo_description/meshes/rb3_1200e_u
[0.025s] -- Up-to-date: /home/thornch/rbpodo_ros2_ws/install/rbpodo_description/share/rbpodo_description/meshes/rb3_1200e_u/collision
[0.025s] -- Up-to-date: /home/thornch/rbpodo_ros2_ws/install/rbpodo_description/share/rbpodo_description/meshes/rb3_1200e_u/collision/link2.stl
[0.025s] -- Up-to-date: /home/thornch/rbpodo_ros2_ws/install/rbpodo_description/share/rbpodo_description/meshes/rb3_1200e_u/collision/link1.stl
[0.025s] -- Up-to-date: /home/thornch/rbpodo_ros2_ws/install/rbpodo_description/share/rbpodo_description/meshes/rb3_1200e_u/collision/link5.stl
[0.025s] -- Up-to-date: /home/thornch/rbpodo_ros2_ws/install/rbpodo_description/share/rbpodo_description/meshes/rb3_1200e_u/collision/link0.stl
[0.025s] -- Up-to-date: /home/thornch/rbpodo_ros2_ws/install/rbpodo_description/share/rbpodo_description/meshes/rb3_1200e_u/collision/link3.stl
[0.025s] -- Up-to-date: /home/thornch/rbpodo_ros2_ws/install/rbpodo_description/share/rbpodo_description/meshes/rb3_1200e_u/collision/link4.stl
[0.025s] -- Up-to-date: /home/thornch/rbpodo_ros2_ws/install/rbpodo_description/share/rbpodo_description/meshes/rb3_1200e_u/collision/link6.stl
[0.025s] -- Up-to-date: /home/thornch/rbpodo_ros2_ws/install/rbpodo_description/share/rbpodo_description/meshes/rb3_1200e_u/visual
[0.025s] -- Up-to-date: /home/thornch/rbpodo_ros2_ws/install/rbpodo_description/share/rbpodo_description/meshes/rb3_1200e_u/visual/link4.dae
[0.025s] -- Up-to-date: /home/thornch/rbpodo_ros2_ws/install/rbpodo_description/share/rbpodo_description/meshes/rb3_1200e_u/visual/link2.dae
[0.025s] -- Up-to-date: /home/thornch/rbpodo_ros2_ws/install/rbpodo_description/share/rbpodo_description/meshes/rb3_1200e_u/visual/link0.dae
[0.025s] -- Up-to-date: /home/thornch/rbpodo_ros2_ws/install/rbpodo_description/share/rbpodo_description/meshes/rb3_1200e_u/visual/link1.dae
[0.025s] -- Up-to-date: /home/thornch/rbpodo_ros2_ws/install/rbpodo_description/share/rbpodo_description/meshes/rb3_1200e_u/visual/link3.dae
[0.025s] -- Up-to-date: /home/thornch/rbpodo_ros2_ws/install/rbpodo_description/share/rbpodo_description/meshes/rb3_1200e_u/visual/link6.dae
[0.025s] -- Up-to-date: /home/thornch/rbpodo_ros2_ws/install/rbpodo_description/share/rbpodo_description/meshes/rb3_1200e_u/visual/link5.dae
[0.026s] -- Up-to-date: /home/thornch/rbpodo_ros2_ws/install/rbpodo_description/share/rbpodo_description/meshes/rb5_850e
[0.026s] -- Up-to-date: /home/thornch/rbpodo_ros2_ws/install/rbpodo_description/share/rbpodo_description/meshes/rb5_850e/collision
[0.026s] -- Up-to-date: /home/thornch/rbpodo_ros2_ws/install/rbpodo_description/share/rbpodo_description/meshes/rb5_850e/collision/link2.stl
[0.026s] -- Up-to-date: /home/thornch/rbpodo_ros2_ws/install/rbpodo_description/share/rbpodo_description/meshes/rb5_850e/collision/link1.stl
[0.026s] -- Up-to-date: /home/thornch/rbpodo_ros2_ws/install/rbpodo_description/share/rbpodo_description/meshes/rb5_850e/collision/link5.stl
[0.026s] -- Up-to-date: /home/thornch/rbpodo_ros2_ws/install/rbpodo_description/share/rbpodo_description/meshes/rb5_850e/collision/link0.stl
[0.026s] -- Up-to-date: /home/thornch/rbpodo_ros2_ws/install/rbpodo_description/share/rbpodo_description/meshes/rb5_850e/collision/link3.stl
[0.026s] -- Up-to-date: /home/thornch/rbpodo_ros2_ws/install/rbpodo_description/share/rbpodo_description/meshes/rb5_850e/collision/link4.stl
[0.026s] -- Up-to-date: /home/thornch/rbpodo_ros2_ws/install/rbpodo_description/share/rbpodo_description/meshes/rb5_850e/collision/link6.stl
[0.026s] -- Up-to-date: /home/thornch/rbpodo_ros2_ws/install/rbpodo_description/share/rbpodo_description/meshes/rb5_850e/visual
[0.026s] -- Up-to-date: /home/thornch/rbpodo_ros2_ws/install/rbpodo_description/share/rbpodo_description/meshes/rb5_850e/visual/link4.dae
[0.026s] -- Up-to-date: /home/thornch/rbpodo_ros2_ws/install/rbpodo_description/share/rbpodo_description/meshes/rb5_850e/visual/link2.dae
[0.026s] -- Up-to-date: /home/thornch/rbpodo_ros2_ws/install/rbpodo_description/share/rbpodo_description/meshes/rb5_850e/visual/link0.dae
[0.026s] -- Up-to-date: /home/thornch/rbpodo_ros2_ws/install/rbpodo_description/share/rbpodo_description/meshes/rb5_850e/visual/link1.dae
[0.026s] -- Up-to-date: /home/thornch/rbpodo_ros2_ws/install/rbpodo_description/share/rbpodo_description/meshes/rb5_850e/visual/link3.dae
[0.026s] -- Up-to-date: /home/thornch/rbpodo_ros2_ws/install/rbpodo_description/share/rbpodo_description/meshes/rb5_850e/visual/link6.dae
[0.026s] -- Up-to-date: /home/thornch/rbpodo_ros2_ws/install/rbpodo_description/share/rbpodo_description/meshes/rb5_850e/visual/link5.dae
[0.026s] -- Up-to-date: /home/thornch/rbpodo_ros2_ws/install/rbpodo_description/share/rbpodo_description/meshes/rb20_1900es
[0.026s] -- Up-to-date: /home/thornch/rbpodo_ros2_ws/install/rbpodo_description/share/rbpodo_description/meshes/rb20_1900es/collision
[0.026s] -- Up-to-date: /home/thornch/rbpodo_ros2_ws/install/rbpodo_description/share/rbpodo_description/meshes/rb20_1900es/collision/link2.stl
[0.026s] -- Up-to-date: /home/thornch/rbpodo_ros2_ws/install/rbpodo_description/share/rbpodo_description/meshes/rb20_1900es/collision/link1.stl
[0.026s] -- Up-to-date: /home/thornch/rbpodo_ros2_ws/install/rbpodo_description/share/rbpodo_description/meshes/rb20_1900es/collision/link5.stl
[0.026s] -- Up-to-date: /home/thornch/rbpodo_ros2_ws/install/rbpodo_description/share/rbpodo_description/meshes/rb20_1900es/collision/link0.stl
[0.027s] -- Up-to-date: /home/thornch/rbpodo_ros2_ws/install/rbpodo_description/share/rbpodo_description/meshes/rb20_1900es/collision/link3.stl
[0.027s] -- Up-to-date: /home/thornch/rbpodo_ros2_ws/install/rbpodo_description/share/rbpodo_description/meshes/rb20_1900es/collision/link4.stl
[0.027s] -- Up-to-date: /home/thornch/rbpodo_ros2_ws/install/rbpodo_description/share/rbpodo_description/meshes/rb20_1900es/collision/link6.stl
[0.027s] -- Up-to-date: /home/thornch/rbpodo_ros2_ws/install/rbpodo_description/share/rbpodo_description/meshes/rb20_1900es/visual
[0.027s] -- Up-to-date: /home/thornch/rbpodo_ros2_ws/install/rbpodo_description/share/rbpodo_description/meshes/rb20_1900es/visual/link4.dae
[0.027s] -- Up-to-date: /home/thornch/rbpodo_ros2_ws/install/rbpodo_description/share/rbpodo_description/meshes/rb20_1900es/visual/link2.dae
[0.027s] -- Up-to-date: /home/thornch/rbpodo_ros2_ws/install/rbpodo_description/share/rbpodo_description/meshes/rb20_1900es/visual/link0.dae
[0.027s] -- Up-to-date: /home/thornch/rbpodo_ros2_ws/install/rbpodo_description/share/rbpodo_description/meshes/rb20_1900es/visual/link1.dae
[0.027s] -- Up-to-date: /home/thornch/rbpodo_ros2_ws/install/rbpodo_description/share/rbpodo_description/meshes/rb20_1900es/visual/link3.dae
[0.027s] -- Up-to-date: /home/thornch/rbpodo_ros2_ws/install/rbpodo_description/share/rbpodo_description/meshes/rb20_1900es/visual/link6.dae
[0.027s] -- Up-to-date: /home/thornch/rbpodo_ros2_ws/install/rbpodo_description/share/rbpodo_description/meshes/rb20_1900es/visual/link5.dae
[0.027s] -- Up-to-date: /home/thornch/rbpodo_ros2_ws/install/rbpodo_description/share/rbpodo_description/meshes/rb3_1200e
[0.027s] -- Up-to-date: /home/thornch/rbpodo_ros2_ws/install/rbpodo_description/share/rbpodo_description/meshes/rb3_1200e/collision
[0.027s] -- Up-to-date: /home/thornch/rbpodo_ros2_ws/install/rbpodo_description/share/rbpodo_description/meshes/rb3_1200e/collision/link2.stl
[0.027s] -- Up-to-date: /home/thornch/rbpodo_ros2_ws/install/rbpodo_description/share/rbpodo_description/meshes/rb3_1200e/collision/link1.stl
[0.027s] -- Up-to-date: /home/thornch/rbpodo_ros2_ws/install/rbpodo_description/share/rbpodo_description/meshes/rb3_1200e/collision/link5.stl
[0.027s] -- Up-to-date: /home/thornch/rbpodo_ros2_ws/install/rbpodo_description/share/rbpodo_description/meshes/rb3_1200e/collision/link0.stl
[0.027s] -- Up-to-date: /home/thornch/rbpodo_ros2_ws/install/rbpodo_description/share/rbpodo_description/meshes/rb3_1200e/collision/link3.stl
[0.027s] -- Up-to-date: /home/thornch/rbpodo_ros2_ws/install/rbpodo_description/share/rbpodo_description/meshes/rb3_1200e/collision/link4.stl
[0.027s] -- Up-to-date: /home/thornch/rbpodo_ros2_ws/install/rbpodo_description/share/rbpodo_description/meshes/rb3_1200e/collision/link6.stl
[0.027s] -- Up-to-date: /home/thornch/rbpodo_ros2_ws/install/rbpodo_description/share/rbpodo_description/meshes/rb3_1200e/visual
[0.027s] -- Up-to-date: /home/thornch/rbpodo_ros2_ws/install/rbpodo_description/share/rbpodo_description/meshes/rb3_1200e/visual/link4.dae
[0.027s] -- Up-to-date: /home/thornch/rbpodo_ros2_ws/install/rbpodo_description/share/rbpodo_description/meshes/rb3_1200e/visual/link2.dae
[0.027s] -- Up-to-date: /home/thornch/rbpodo_ros2_ws/install/rbpodo_description/share/rbpodo_description/meshes/rb3_1200e/visual/link0.dae
[0.027s] -- Up-to-date: /home/thornch/rbpodo_ros2_ws/install/rbpodo_description/share/rbpodo_description/meshes/rb3_1200e/visual/link1.dae
[0.028s] -- Up-to-date: /home/thornch/rbpodo_ros2_ws/install/rbpodo_description/share/rbpodo_description/meshes/rb3_1200e/visual/link3.dae
[0.028s] -- Up-to-date: /home/thornch/rbpodo_ros2_ws/install/rbpodo_description/share/rbpodo_description/meshes/rb3_1200e/visual/link6.dae
[0.028s] -- Up-to-date: /home/thornch/rbpodo_ros2_ws/install/rbpodo_description/share/rbpodo_description/meshes/rb3_1200e/visual/link5.dae
[0.028s] -- Up-to-date: /home/thornch/rbpodo_ros2_ws/install/rbpodo_description/share/rbpodo_description/meshes/rb10_1300e
[0.028s] -- Up-to-date: /home/thornch/rbpodo_ros2_ws/install/rbpodo_description/share/rbpodo_description/meshes/rb10_1300e/collision
[0.028s] -- Up-to-date: /home/thornch/rbpodo_ros2_ws/install/rbpodo_description/share/rbpodo_description/meshes/rb10_1300e/collision/link2.stl
[0.028s] -- Up-to-date: /home/thornch/rbpodo_ros2_ws/install/rbpodo_description/share/rbpodo_description/meshes/rb10_1300e/collision/link1.stl
[0.028s] -- Up-to-date: /home/thornch/rbpodo_ros2_ws/install/rbpodo_description/share/rbpodo_description/meshes/rb10_1300e/collision/link5.stl
[0.028s] -- Up-to-date: /home/thornch/rbpodo_ros2_ws/install/rbpodo_description/share/rbpodo_description/meshes/rb10_1300e/collision/link0.stl
[0.028s] -- Up-to-date: /home/thornch/rbpodo_ros2_ws/install/rbpodo_description/share/rbpodo_description/meshes/rb10_1300e/collision/link3.stl
[0.028s] -- Up-to-date: /home/thornch/rbpodo_ros2_ws/install/rbpodo_description/share/rbpodo_description/meshes/rb10_1300e/collision/link4.stl
[0.028s] -- Up-to-date: /home/thornch/rbpodo_ros2_ws/install/rbpodo_description/share/rbpodo_description/meshes/rb10_1300e/collision/link6.stl
[0.028s] -- Up-to-date: /home/thornch/rbpodo_ros2_ws/install/rbpodo_description/share/rbpodo_description/meshes/rb10_1300e/visual
[0.028s] -- Up-to-date: /home/thornch/rbpodo_ros2_ws/install/rbpodo_description/share/rbpodo_description/meshes/rb10_1300e/visual/link4.dae
[0.028s] -- Up-to-date: /home/thornch/rbpodo_ros2_ws/install/rbpodo_description/share/rbpodo_description/meshes/rb10_1300e/visual/link2.dae
[0.028s] -- Up-to-date: /home/thornch/rbpodo_ros2_ws/install/rbpodo_description/share/rbpodo_description/meshes/rb10_1300e/visual/link0.dae
[0.028s] -- Up-to-date: /home/thornch/rbpodo_ros2_ws/install/rbpodo_description/share/rbpodo_description/meshes/rb10_1300e/visual/link1.dae
[0.028s] -- Up-to-date: /home/thornch/rbpodo_ros2_ws/install/rbpodo_description/share/rbpodo_description/meshes/rb10_1300e/visual/link3.dae
[0.028s] -- Up-to-date: /home/thornch/rbpodo_ros2_ws/install/rbpodo_description/share/rbpodo_description/meshes/rb10_1300e/visual/link6.dae
[0.028s] -- Up-to-date: /home/thornch/rbpodo_ros2_ws/install/rbpodo_description/share/rbpodo_description/meshes/rb10_1300e/visual/link5.dae
[0.028s] -- Up-to-date: /home/thornch/rbpodo_ros2_ws/install/rbpodo_description/share/rbpodo_description/robots
[0.028s] -- Up-to-date: /home/thornch/rbpodo_ros2_ws/install/rbpodo_description/share/rbpodo_description/robots/rb16_900e.urdf
[0.028s] -- Up-to-date: /home/thornch/rbpodo_ros2_ws/install/rbpodo_description/share/rbpodo_description/robots/rb5_850e.urdf.xacro
[0.028s] -- Up-to-date: /home/thornch/rbpodo_ros2_ws/install/rbpodo_description/share/rbpodo_description/robots/rb16_900e
[0.028s] -- Up-to-date: /home/thornch/rbpodo_ros2_ws/install/rbpodo_description/share/rbpodo_description/robots/rb16_900e/link.yaml
[0.028s] -- Up-to-date: /home/thornch/rbpodo_ros2_ws/install/rbpodo_description/share/rbpodo_description/robots/rb16_900e/joint.yaml
[0.029s] -- Up-to-date: /home/thornch/rbpodo_ros2_ws/install/rbpodo_description/share/rbpodo_description/robots/rb3_1200e.urdf
[0.029s] -- Up-to-date: /home/thornch/rbpodo_ros2_ws/install/rbpodo_description/share/rbpodo_description/robots/rb10_1300e.urdf.xacro
[0.029s] -- Up-to-date: /home/thornch/rbpodo_ros2_ws/install/rbpodo_description/share/rbpodo_description/robots/rb10_1300e.urdf
[0.029s] -- Up-to-date: /home/thornch/rbpodo_ros2_ws/install/rbpodo_description/share/rbpodo_description/robots/rb3_730es_u
[0.029s] -- Up-to-date: /home/thornch/rbpodo_ros2_ws/install/rbpodo_description/share/rbpodo_description/robots/rb3_730es_u/link.yaml
[0.029s] -- Up-to-date: /home/thornch/rbpodo_ros2_ws/install/rbpodo_description/share/rbpodo_description/robots/rb3_730es_u/joint.yaml
[0.029s] -- Up-to-date: /home/thornch/rbpodo_ros2_ws/install/rbpodo_description/share/rbpodo_description/robots/rb3_1200e.urdf.xacro
[0.029s] -- Up-to-date: /home/thornch/rbpodo_ros2_ws/install/rbpodo_description/share/rbpodo_description/robots/rb3_730es_u.urdf
[0.029s] -- Up-to-date: /home/thornch/rbpodo_ros2_ws/install/rbpodo_description/share/rbpodo_description/robots/rb3_1200e_u
[0.029s] -- Up-to-date: /home/thornch/rbpodo_ros2_ws/install/rbpodo_description/share/rbpodo_description/robots/rb3_1200e_u/README.md
[0.029s] -- Up-to-date: /home/thornch/rbpodo_ros2_ws/install/rbpodo_description/share/rbpodo_description/robots/rb3_1200e_u/link.yaml
[0.029s] -- Up-to-date: /home/thornch/rbpodo_ros2_ws/install/rbpodo_description/share/rbpodo_description/robots/rb3_1200e_u/joint.yaml
[0.029s] -- Up-to-date: /home/thornch/rbpodo_ros2_ws/install/rbpodo_description/share/rbpodo_description/robots/rb20_1900es.urdf.xacro
[0.029s] -- Up-to-date: /home/thornch/rbpodo_ros2_ws/install/rbpodo_description/share/rbpodo_description/robots/rb16_900e.urdf.xacro
[0.029s] -- Up-to-date: /home/thornch/rbpodo_ros2_ws/install/rbpodo_description/share/rbpodo_description/robots/rb3_730es_u.urdf.xacro
[0.029s] -- Up-to-date: /home/thornch/rbpodo_ros2_ws/install/rbpodo_description/share/rbpodo_description/robots/rb5_850e
[0.029s] -- Up-to-date: /home/thornch/rbpodo_ros2_ws/install/rbpodo_description/share/rbpodo_description/robots/rb5_850e/kinematics.pdf
[0.029s] -- Up-to-date: /home/thornch/rbpodo_ros2_ws/install/rbpodo_description/share/rbpodo_description/robots/rb5_850e/link.yaml
[0.029s] -- Up-to-date: /home/thornch/rbpodo_ros2_ws/install/rbpodo_description/share/rbpodo_description/robots/rb5_850e/joint.yaml
[0.029s] -- Up-to-date: /home/thornch/rbpodo_ros2_ws/install/rbpodo_description/share/rbpodo_description/robots/rb3_1200e_u.urdf.xacro
[0.029s] -- Up-to-date: /home/thornch/rbpodo_ros2_ws/install/rbpodo_description/share/rbpodo_description/robots/rb20_1900es
[0.030s] -- Up-to-date: /home/thornch/rbpodo_ros2_ws/install/rbpodo_description/share/rbpodo_description/robots/rb20_1900es/link.yaml
[0.030s] -- Up-to-date: /home/thornch/rbpodo_ros2_ws/install/rbpodo_description/share/rbpodo_description/robots/rb20_1900es/joint.yaml
[0.030s] -- Up-to-date: /home/thornch/rbpodo_ros2_ws/install/rbpodo_description/share/rbpodo_description/robots/rb_6dof.ros2_control.urdf
[0.030s] -- Up-to-date: /home/thornch/rbpodo_ros2_ws/install/rbpodo_description/share/rbpodo_description/robots/rb20_1900es.urdf
[0.031s] -- Up-to-date: /home/thornch/rbpodo_ros2_ws/install/rbpodo_description/share/rbpodo_description/robots/rb5_850e.urdf
[0.031s] -- Up-to-date: /home/thornch/rbpodo_ros2_ws/install/rbpodo_description/share/rbpodo_description/robots/rb3_1200e_u.urdf
[0.031s] -- Up-to-date: /home/thornch/rbpodo_ros2_ws/install/rbpodo_description/share/rbpodo_description/robots/rb3_1200e
[0.031s] -- Up-to-date: /home/thornch/rbpodo_ros2_ws/install/rbpodo_description/share/rbpodo_description/robots/rb3_1200e/README.md
[0.031s] -- Up-to-date: /home/thornch/rbpodo_ros2_ws/install/rbpodo_description/share/rbpodo_description/robots/rb3_1200e/link.yaml
[0.031s] -- Up-to-date: /home/thornch/rbpodo_ros2_ws/install/rbpodo_description/share/rbpodo_description/robots/rb3_1200e/joint.yaml
[0.031s] -- Up-to-date: /home/thornch/rbpodo_ros2_ws/install/rbpodo_description/share/rbpodo_description/robots/rb_6dof.urdf
[0.031s] -- Up-to-date: /home/thornch/rbpodo_ros2_ws/install/rbpodo_description/share/rbpodo_description/robots/rb_6dof.xacro
[0.031s] -- Up-to-date: /home/thornch/rbpodo_ros2_ws/install/rbpodo_description/share/rbpodo_description/robots/rb_6dof.ros2_control.xacro
[0.032s] -- Up-to-date: /home/thornch/rbpodo_ros2_ws/install/rbpodo_description/share/rbpodo_description/robots/rb10_1300e
[0.032s] -- Up-to-date: /home/thornch/rbpodo_ros2_ws/install/rbpodo_description/share/rbpodo_description/robots/rb10_1300e/link.yaml
[0.032s] -- Up-to-date: /home/thornch/rbpodo_ros2_ws/install/rbpodo_description/share/rbpodo_description/robots/rb10_1300e/joint.yaml
[0.032s] -- Up-to-date: /home/thornch/rbpodo_ros2_ws/install/rbpodo_description/share/rbpodo_description/launch
[0.032s] -- Up-to-date: /home/thornch/rbpodo_ros2_ws/install/rbpodo_description/share/rbpodo_description/launch/display.launch.py
[0.032s] -- Up-to-date: /home/thornch/rbpodo_ros2_ws/install/rbpodo_description/share/rbpodo_description/rviz
[0.032s] -- Up-to-date: /home/thornch/rbpodo_ros2_ws/install/rbpodo_description/share/rbpodo_description/rviz/urdf.rviz
[0.032s] -- Up-to-date: /home/thornch/rbpodo_ros2_ws/install/rbpodo_description/share/ament_index/resource_index/package_run_dependencies/rbpodo_description
[0.032s] -- Up-to-date: /home/thornch/rbpodo_ros2_ws/install/rbpodo_description/share/ament_index/resource_index/parent_prefix_path/rbpodo_description
[0.032s] -- Up-to-date: /home/thornch/rbpodo_ros2_ws/install/rbpodo_description/share/rbpodo_description/environment/ament_prefix_path.sh
[0.032s] -- Up-to-date: /home/thornch/rbpodo_ros2_ws/install/rbpodo_description/share/rbpodo_description/environment/ament_prefix_path.dsv
[0.033s] -- Up-to-date: /home/thornch/rbpodo_ros2_ws/install/rbpodo_description/share/rbpodo_description/environment/path.sh
[0.033s] -- Up-to-date: /home/thornch/rbpodo_ros2_ws/install/rbpodo_description/share/rbpodo_description/environment/path.dsv
[0.033s] -- Up-to-date: /home/thornch/rbpodo_ros2_ws/install/rbpodo_description/share/rbpodo_description/local_setup.bash
[0.033s] -- Up-to-date: /home/thornch/rbpodo_ros2_ws/install/rbpodo_description/share/rbpodo_description/local_setup.sh
[0.033s] -- Up-to-date: /home/thornch/rbpodo_ros2_ws/install/rbpodo_description/share/rbpodo_description/local_setup.zsh
[0.033s] -- Up-to-date: /home/thornch/rbpodo_ros2_ws/install/rbpodo_description/share/rbpodo_description/local_setup.dsv
[0.033s] -- Installing: /home/thornch/rbpodo_ros2_ws/install/rbpodo_description/share/rbpodo_description/package.dsv
[0.033s] -- Up-to-date: /home/thornch/rbpodo_ros2_ws/install/rbpodo_description/share/ament_index/resource_index/packages/rbpodo_description
[0.033s] -- Up-to-date: /home/thornch/rbpodo_ros2_ws/install/rbpodo_description/share/rbpodo_description/cmake/rbpodo_descriptionConfig.cmake
[0.034s] -- Up-to-date: /home/thornch/rbpodo_ros2_ws/install/rbpodo_description/share/rbpodo_description/cmake/rbpodo_descriptionConfig-version.cmake
[0.034s] -- Up-to-date: /home/thornch/rbpodo_ros2_ws/install/rbpodo_description/share/rbpodo_description/package.xml
[0.034s] Invoked command in '/home/thornch/rbpodo_ros2_ws/build/rbpodo_description' returned '0': CMAKE_PREFIX_PATH=/opt/ros/humble /usr/bin/cmake --install /home/thornch/rbpodo_ros2_ws/build/rbpodo_description
