[0.006s] Invoking command in '/home/thornch/rbpodo_ros2_ws/build/rbpodo_controller': CMAKE_PREFIX_PATH=${CMAKE_PREFIX_PATH}:/opt/ros/humble /usr/bin/cmake --build /home/thornch/rbpodo_ros2_ws/build/rbpodo_controller -- -j24 -l24
[0.020s] -- Found ament_cmake: 1.3.11 (/opt/ros/humble/share/ament_cmake/cmake)
[0.182s] -- Found rclcpp: 16.0.11 (/opt/ros/humble/share/rclcpp/cmake)
[0.199s] -- Found rosidl_generator_c: 3.1.6 (/opt/ros/humble/share/rosidl_generator_c/cmake)
[0.200s] -- Found rosidl_adapter: 3.1.6 (/opt/ros/humble/share/rosidl_adapter/cmake)
[0.203s] -- Found rosidl_generator_cpp: 3.1.6 (/opt/ros/humble/share/rosidl_generator_cpp/cmake)
[0.208s] -- Using all available rosidl_typesupport_c: rosidl_typesupport_fastrtps_c;rosidl_typesupport_introspection_c
[0.216s] -- Using all available rosidl_typesupport_cpp: rosidl_typesupport_fastrtps_cpp;rosidl_typesupport_introspection_cpp
[0.235s] -- Found rmw_implementation_cmake: 6.1.2 (/opt/ros/humble/share/rmw_implementation_cmake/cmake)
[0.236s] -- Found rmw_fastrtps_cpp: 6.2.7 (/opt/ros/humble/share/rmw_fastrtps_cpp/cmake)
[0.301s] -- Using RMW implementation 'rmw_fastrtps_cpp' as default
[0.334s] -- Found sensor_msgs: 4.2.4 (/opt/ros/humble/share/sensor_msgs/cmake)
[0.390s] -- Configuring done (0.4s)
[0.396s] -- Generating done (0.0s)
[0.397s] -- Build files have been written to: /home/thornch/rbpodo_ros2_ws/build/rbpodo_controller
[0.417s] [ 50%] [32mBuilding CXX object CMakeFiles/rbpodo_controller.dir/src/robot_arm_controller.cpp.o[0m
[5.830s] [100%] [32m[1mLinking CXX executable rbpodo_controller[0m
[5.911s] [100%] Built target rbpodo_controller
[5.916s] Invoked command in '/home/thornch/rbpodo_ros2_ws/build/rbpodo_controller' returned '0': CMAKE_PREFIX_PATH=${CMAKE_PREFIX_PATH}:/opt/ros/humble /usr/bin/cmake --build /home/thornch/rbpodo_ros2_ws/build/rbpodo_controller -- -j24 -l24
[5.918s] Invoking command in '/home/thornch/rbpodo_ros2_ws/build/rbpodo_controller': CMAKE_PREFIX_PATH=${CMAKE_PREFIX_PATH}:/opt/ros/humble /usr/bin/cmake --install /home/thornch/rbpodo_ros2_ws/build/rbpodo_controller
[5.921s] -- Install configuration: "Release"
[5.921s] -- Installing: /home/thornch/rbpodo_ros2_ws/install/rbpodo_controller/lib/rbpodo_controller/rbpodo_controller
[5.921s] -- Set non-toolchain portion of runtime path of "/home/thornch/rbpodo_ros2_ws/install/rbpodo_controller/lib/rbpodo_controller/rbpodo_controller" to ""
[5.922s] -- Installing: /home/thornch/rbpodo_ros2_ws/install/rbpodo_controller/share/ament_index/resource_index/package_run_dependencies/rbpodo_controller
[5.922s] -- Installing: /home/thornch/rbpodo_ros2_ws/install/rbpodo_controller/share/ament_index/resource_index/parent_prefix_path/rbpodo_controller
[5.922s] -- Installing: /home/thornch/rbpodo_ros2_ws/install/rbpodo_controller/share/rbpodo_controller/environment/ament_prefix_path.sh
[5.922s] -- Installing: /home/thornch/rbpodo_ros2_ws/install/rbpodo_controller/share/rbpodo_controller/environment/ament_prefix_path.dsv
[5.922s] -- Installing: /home/thornch/rbpodo_ros2_ws/install/rbpodo_controller/share/rbpodo_controller/environment/path.sh
[5.922s] -- Installing: /home/thornch/rbpodo_ros2_ws/install/rbpodo_controller/share/rbpodo_controller/environment/path.dsv
[5.922s] -- Installing: /home/thornch/rbpodo_ros2_ws/install/rbpodo_controller/share/rbpodo_controller/local_setup.bash
[5.922s] -- Installing: /home/thornch/rbpodo_ros2_ws/install/rbpodo_controller/share/rbpodo_controller/local_setup.sh
[5.922s] -- Installing: /home/thornch/rbpodo_ros2_ws/install/rbpodo_controller/share/rbpodo_controller/local_setup.zsh
[5.922s] -- Installing: /home/thornch/rbpodo_ros2_ws/install/rbpodo_controller/share/rbpodo_controller/local_setup.dsv
[5.923s] -- Installing: /home/thornch/rbpodo_ros2_ws/install/rbpodo_controller/share/rbpodo_controller/package.dsv
[5.923s] -- Installing: /home/thornch/rbpodo_ros2_ws/install/rbpodo_controller/share/ament_index/resource_index/packages/rbpodo_controller
[5.923s] -- Installing: /home/thornch/rbpodo_ros2_ws/install/rbpodo_controller/share/rbpodo_controller/cmake/rbpodo_controllerConfig.cmake
[5.923s] -- Installing: /home/thornch/rbpodo_ros2_ws/install/rbpodo_controller/share/rbpodo_controller/cmake/rbpodo_controllerConfig-version.cmake
[5.923s] -- Installing: /home/thornch/rbpodo_ros2_ws/install/rbpodo_controller/share/rbpodo_controller/package.xml
[5.924s] Invoked command in '/home/thornch/rbpodo_ros2_ws/build/rbpodo_controller' returned '0': CMAKE_PREFIX_PATH=${CMAKE_PREFIX_PATH}:/opt/ros/humble /usr/bin/cmake --install /home/thornch/rbpodo_ros2_ws/build/rbpodo_controller
