-- Install configuration: "Release"
-- Up-to-date: /home/thornch/rbpodo_ros2_ws/install/rbpodo_bringup/share/rbpodo_bringup/config
-- Up-to-date: /home/thornch/rbpodo_ros2_ws/install/rbpodo_bringup/share/rbpodo_bringup/config/controllers.yaml
-- Up-to-date: /home/thornch/rbpodo_ros2_ws/install/rbpodo_bringup/share/rbpodo_bringup/launch
-- Up-to-date: /home/thornch/rbpodo_ros2_ws/install/rbpodo_bringup/share/rbpodo_bringup/launch/rbpodo.launch.py
-- Up-to-date: /home/thornch/rbpodo_ros2_ws/install/rbpodo_bringup/share/ament_index/resource_index/package_run_dependencies/rbpodo_bringup
-- Up-to-date: /home/thornch/rbpodo_ros2_ws/install/rbpodo_bringup/share/ament_index/resource_index/parent_prefix_path/rbpodo_bringup
-- Up-to-date: /home/thornch/rbpodo_ros2_ws/install/rbpodo_bringup/share/rbpodo_bringup/environment/ament_prefix_path.sh
-- Up-to-date: /home/thornch/rbpodo_ros2_ws/install/rbpodo_bringup/share/rbpodo_bringup/environment/ament_prefix_path.dsv
-- Up-to-date: /home/thornch/rbpodo_ros2_ws/install/rbpodo_bringup/share/rbpodo_bringup/environment/path.sh
-- Up-to-date: /home/thornch/rbpodo_ros2_ws/install/rbpodo_bringup/share/rbpodo_bringup/environment/path.dsv
-- Up-to-date: /home/thornch/rbpodo_ros2_ws/install/rbpodo_bringup/share/rbpodo_bringup/local_setup.bash
-- Up-to-date: /home/thornch/rbpodo_ros2_ws/install/rbpodo_bringup/share/rbpodo_bringup/local_setup.sh
-- Up-to-date: /home/thornch/rbpodo_ros2_ws/install/rbpodo_bringup/share/rbpodo_bringup/local_setup.zsh
-- Up-to-date: /home/thornch/rbpodo_ros2_ws/install/rbpodo_bringup/share/rbpodo_bringup/local_setup.dsv
-- Installing: /home/thornch/rbpodo_ros2_ws/install/rbpodo_bringup/share/rbpodo_bringup/package.dsv
-- Up-to-date: /home/thornch/rbpodo_ros2_ws/install/rbpodo_bringup/share/ament_index/resource_index/packages/rbpodo_bringup
-- Up-to-date: /home/thornch/rbpodo_ros2_ws/install/rbpodo_bringup/share/rbpodo_bringup/cmake/rbpodo_bringupConfig.cmake
-- Up-to-date: /home/thornch/rbpodo_ros2_ws/install/rbpodo_bringup/share/rbpodo_bringup/cmake/rbpodo_bringupConfig-version.cmake
-- Up-to-date: /home/thornch/rbpodo_ros2_ws/install/rbpodo_bringup/share/rbpodo_bringup/package.xml
