[0.061s] [34mcolcon[0m [1;30mDEBUG[0m [32mCommand line arguments: ['/usr/bin/colcon', 'build', '--packages-select', 'rbpodo_controller'][0m
[0.061s] [34mcolcon[0m [1;30mDEBUG[0m [32mParsed command line arguments: Namespace(log_base=None, log_level=None, verb_name='build', build_base='build', install_base='install', merge_install=False, symlink_install=False, test_result_base=None, continue_on_error=False, executor='parallel', parallel_workers=24, event_handlers=None, ignore_user_meta=False, metas=['./colcon.meta'], base_paths=['.'], packages_ignore=None, packages_ignore_regex=None, paths=None, packages_up_to=None, packages_up_to_regex=None, packages_above=None, packages_above_and_dependencies=None, packages_above_depth=None, packages_select_by_dep=None, packages_skip_by_dep=None, packages_skip_up_to=None, packages_select_build_failed=False, packages_skip_build_finished=False, packages_select_test_failures=False, packages_skip_test_passed=False, packages_select=['rbpodo_controller'], packages_skip=None, packages_select_regex=None, packages_skip_regex=None, packages_start=None, packages_end=None, allow_overriding=[], cmake_args=None, cmake_target=None, cmake_target_skip_unavailable=False, cmake_clean_cache=False, cmake_clean_first=False, cmake_force_configure=False, ament_cmake_args=None, catkin_cmake_args=None, catkin_skip_building_tests=False, mixin_files=None, mixin=None, verb_parser=<colcon_mixin.mixin.mixin_argument.MixinArgumentDecorator object at 0x71cfcfb31570>, verb_extension=<colcon_core.verb.build.BuildVerb object at 0x71cfcfb310c0>, main=<bound method BuildVerb.main of <colcon_core.verb.build.BuildVerb object at 0x71cfcfb310c0>>, mixin_verb=('build',))[0m
[0.189s] [34mcolcon.colcon_core.package_discovery[0m [1;30mLevel 1[0m discover_packages(colcon_meta) check parameters
[0.189s] [34mcolcon.colcon_core.package_discovery[0m [1;30mLevel 1[0m discover_packages(recursive) check parameters
[0.189s] [34mcolcon.colcon_core.package_discovery[0m [1;30mLevel 1[0m discover_packages(ignore) check parameters
[0.189s] [34mcolcon.colcon_core.package_discovery[0m [1;30mLevel 1[0m discover_packages(path) check parameters
[0.189s] [34mcolcon.colcon_core.package_discovery[0m [1;30mLevel 1[0m discover_packages(colcon_meta) discover
[0.190s] [34mcolcon.colcon_core.package_discovery[0m [1;30mLevel 1[0m discover_packages(recursive) discover
[0.190s] [34mcolcon.colcon_core.package_discovery[0m [1;30mINFO[0m Crawling recursively for packages in '/home/thornch/rbpodo_ros2_ws/src/rbpodo_controller'
[0.190s] [34mcolcon.colcon_core.package_identification[0m [1;30mLevel 1[0m _identify(.) by extensions ['ignore', 'ignore_ament_install']
[0.190s] [34mcolcon.colcon_core.package_identification[0m [1;30mLevel 1[0m _identify(.) by extension 'ignore'
[0.190s] [34mcolcon.colcon_core.package_identification[0m [1;30mLevel 1[0m _identify(.) by extension 'ignore_ament_install'
[0.190s] [34mcolcon.colcon_core.package_identification[0m [1;30mLevel 1[0m _identify(.) by extensions ['colcon_pkg']
[0.190s] [34mcolcon.colcon_core.package_identification[0m [1;30mLevel 1[0m _identify(.) by extension 'colcon_pkg'
[0.190s] [34mcolcon.colcon_core.package_identification[0m [1;30mLevel 1[0m _identify(.) by extensions ['colcon_meta']
[0.190s] [34mcolcon.colcon_core.package_identification[0m [1;30mLevel 1[0m _identify(.) by extension 'colcon_meta'
[0.190s] [34mcolcon.colcon_core.package_identification[0m [1;30mLevel 1[0m _identify(.) by extensions ['ros']
[0.190s] [34mcolcon.colcon_core.package_identification[0m [1;30mLevel 1[0m _identify(.) by extension 'ros'
[0.199s] [34mcolcon.colcon_core.package_identification[0m [1;30mDEBUG[0m [32mPackage '.' with type 'ros.ament_cmake' and name 'rbpodo_controller'[0m
[0.199s] [34mcolcon.colcon_core.package_discovery[0m [1;30mLevel 1[0m discover_packages(recursive) using defaults
[0.199s] [34mcolcon.colcon_core.package_discovery[0m [1;30mLevel 1[0m discover_packages(ignore) discover
[0.199s] [34mcolcon.colcon_core.package_discovery[0m [1;30mLevel 1[0m discover_packages(ignore) using defaults
[0.199s] [34mcolcon.colcon_core.package_discovery[0m [1;30mLevel 1[0m discover_packages(path) discover
[0.199s] [34mcolcon.colcon_core.package_discovery[0m [1;30mLevel 1[0m discover_packages(path) using defaults
[0.208s] [34mcolcon.colcon_core.package_discovery[0m [1;30mLevel 1[0m discover_packages(prefix_path) check parameters
[0.208s] [34mcolcon.colcon_core.package_discovery[0m [1;30mLevel 1[0m discover_packages(prefix_path) discover
[0.209s] [34mcolcon.colcon_installed_package_information.package_discovery[0m [1;30mDEBUG[0m [32mFound 6 installed packages in /home/thornch/rbpodo_ros2_ws/install[0m
[0.209s] [34mcolcon.colcon_installed_package_information.package_discovery[0m [1;30mDEBUG[0m [32mFound 1 installed packages in /home/thornch/rbpodo_ros2_ws/src/rbpodo_controller/install[0m
[0.209s] [34mcolcon.colcon_installed_package_information.package_discovery[0m [1;30mDEBUG[0m [32mFound 268 installed packages in /opt/ros/humble[0m
[0.210s] [34mcolcon.colcon_core.package_discovery[0m [1;30mLevel 1[0m discover_packages(prefix_path) using defaults
[0.225s] [34mcolcon.colcon_core.verb[0m [1;30mLevel 5[0m set package 'rbpodo_controller' build argument 'cmake_args' from command line to 'None'
[0.225s] [34mcolcon.colcon_core.verb[0m [1;30mLevel 5[0m set package 'rbpodo_controller' build argument 'cmake_target' from command line to 'None'
[0.225s] [34mcolcon.colcon_core.verb[0m [1;30mLevel 5[0m set package 'rbpodo_controller' build argument 'cmake_target_skip_unavailable' from command line to 'False'
[0.225s] [34mcolcon.colcon_core.verb[0m [1;30mLevel 5[0m set package 'rbpodo_controller' build argument 'cmake_clean_cache' from command line to 'False'
[0.225s] [34mcolcon.colcon_core.verb[0m [1;30mLevel 5[0m set package 'rbpodo_controller' build argument 'cmake_clean_first' from command line to 'False'
[0.225s] [34mcolcon.colcon_core.verb[0m [1;30mLevel 5[0m set package 'rbpodo_controller' build argument 'cmake_force_configure' from command line to 'False'
[0.225s] [34mcolcon.colcon_core.verb[0m [1;30mLevel 5[0m set package 'rbpodo_controller' build argument 'ament_cmake_args' from command line to 'None'
[0.225s] [34mcolcon.colcon_core.verb[0m [1;30mLevel 5[0m set package 'rbpodo_controller' build argument 'catkin_cmake_args' from command line to 'None'
[0.225s] [34mcolcon.colcon_core.verb[0m [1;30mLevel 5[0m set package 'rbpodo_controller' build argument 'catkin_skip_building_tests' from command line to 'False'
[0.225s] [34mcolcon.colcon_core.verb[0m [1;30mDEBUG[0m [32mBuilding package 'rbpodo_controller' with the following arguments: {'ament_cmake_args': None, 'build_base': '/home/thornch/rbpodo_ros2_ws/src/rbpodo_controller/build/rbpodo_controller', 'catkin_cmake_args': None, 'catkin_skip_building_tests': False, 'cmake_args': None, 'cmake_clean_cache': False, 'cmake_clean_first': False, 'cmake_force_configure': False, 'cmake_target': None, 'cmake_target_skip_unavailable': False, 'install_base': '/home/thornch/rbpodo_ros2_ws/src/rbpodo_controller/install/rbpodo_controller', 'merge_install': False, 'path': '/home/thornch/rbpodo_ros2_ws/src/rbpodo_controller', 'symlink_install': False, 'test_result_base': None}[0m
[0.225s] [34mcolcon.colcon_core.executor[0m [1;30mINFO[0m Executing jobs using 'parallel' executor
[0.226s] [34mcolcon.colcon_parallel_executor.executor.parallel[0m [1;30mDEBUG[0m [32mrun_until_complete[0m
[0.226s] [34mcolcon.colcon_ros.task.ament_cmake.build[0m [1;30mINFO[0m Building ROS package in '/home/thornch/rbpodo_ros2_ws/src/rbpodo_controller' with build type 'ament_cmake'
[0.226s] [34mcolcon.colcon_cmake.task.cmake.build[0m [1;30mINFO[0m Building CMake package in '/home/thornch/rbpodo_ros2_ws/src/rbpodo_controller'
[0.227s] [34mcolcon.colcon_core.plugin_system[0m [1;30mINFO[0m Skipping extension 'colcon_core.shell.bat': Not used on non-Windows systems
[0.227s] [34mcolcon.colcon_core.shell[0m [1;30mINFO[0m Skip shell extension 'powershell' for command environment: Not usable outside of PowerShell
[0.227s] [34mcolcon.colcon_core.shell[0m [1;30mDEBUG[0m [32mSkip shell extension 'dsv' for command environment[0m
[0.233s] [34mcolcon.colcon_core.event_handler.log_command[0m [1;30mDEBUG[0m [32mInvoking command in '/home/thornch/rbpodo_ros2_ws/src/rbpodo_controller/build/rbpodo_controller': CMAKE_PREFIX_PATH=${CMAKE_PREFIX_PATH}:/opt/ros/humble /usr/bin/cmake --build /home/thornch/rbpodo_ros2_ws/src/rbpodo_controller/build/rbpodo_controller -- -j24 -l24[0m
[4.968s] [34mcolcon.colcon_core.event_handler.log_command[0m [1;30mDEBUG[0m [32mInvoked command in '/home/thornch/rbpodo_ros2_ws/src/rbpodo_controller/build/rbpodo_controller' returned '0': CMAKE_PREFIX_PATH=${CMAKE_PREFIX_PATH}:/opt/ros/humble /usr/bin/cmake --build /home/thornch/rbpodo_ros2_ws/src/rbpodo_controller/build/rbpodo_controller -- -j24 -l24[0m
[4.971s] [34mcolcon.colcon_core.event_handler.log_command[0m [1;30mDEBUG[0m [32mInvoking command in '/home/thornch/rbpodo_ros2_ws/src/rbpodo_controller/build/rbpodo_controller': CMAKE_PREFIX_PATH=${CMAKE_PREFIX_PATH}:/opt/ros/humble /usr/bin/cmake --install /home/thornch/rbpodo_ros2_ws/src/rbpodo_controller/build/rbpodo_controller[0m
[4.978s] [34mcolcon.colcon_core.environment[0m [1;30mLevel 1[0m create_environment_scripts_only(rbpodo_controller)
[4.979s] [34mcolcon.colcon_core.event_handler.log_command[0m [1;30mDEBUG[0m [32mInvoked command in '/home/thornch/rbpodo_ros2_ws/src/rbpodo_controller/build/rbpodo_controller' returned '0': CMAKE_PREFIX_PATH=${CMAKE_PREFIX_PATH}:/opt/ros/humble /usr/bin/cmake --install /home/thornch/rbpodo_ros2_ws/src/rbpodo_controller/build/rbpodo_controller[0m
[4.980s] [34mcolcon.colcon_core.environment[0m [1;30mLevel 1[0m checking '/home/thornch/rbpodo_ros2_ws/src/rbpodo_controller/install/rbpodo_controller' for CMake module files
[4.980s] [34mcolcon.colcon_core.environment[0m [1;30mLevel 1[0m checking '/home/thornch/rbpodo_ros2_ws/src/rbpodo_controller/install/rbpodo_controller' for CMake config files
[4.980s] [34mcolcon.colcon_core.shell[0m [1;30mLevel 1[0m create_environment_hook('rbpodo_controller', 'cmake_prefix_path')
[4.981s] [34mcolcon.colcon_core.shell[0m [1;30mINFO[0m Creating environment hook '/home/thornch/rbpodo_ros2_ws/src/rbpodo_controller/install/rbpodo_controller/share/rbpodo_controller/hook/cmake_prefix_path.ps1'
[4.981s] [34mcolcon.colcon_core.shell[0m [1;30mINFO[0m Creating environment descriptor '/home/thornch/rbpodo_ros2_ws/src/rbpodo_controller/install/rbpodo_controller/share/rbpodo_controller/hook/cmake_prefix_path.dsv'
[4.981s] [34mcolcon.colcon_core.shell[0m [1;30mINFO[0m Creating environment hook '/home/thornch/rbpodo_ros2_ws/src/rbpodo_controller/install/rbpodo_controller/share/rbpodo_controller/hook/cmake_prefix_path.sh'
[4.982s] [34mcolcon.colcon_core.environment[0m [1;30mLevel 1[0m checking '/home/thornch/rbpodo_ros2_ws/src/rbpodo_controller/install/rbpodo_controller/lib'
[4.982s] [34mcolcon.colcon_core.environment[0m [1;30mLevel 1[0m checking '/home/thornch/rbpodo_ros2_ws/src/rbpodo_controller/install/rbpodo_controller/bin'
[4.982s] [34mcolcon.colcon_core.environment[0m [1;30mLevel 1[0m checking '/home/thornch/rbpodo_ros2_ws/src/rbpodo_controller/install/rbpodo_controller/lib/pkgconfig/rbpodo_controller.pc'
[4.982s] [34mcolcon.colcon_core.environment[0m [1;30mLevel 1[0m checking '/home/thornch/rbpodo_ros2_ws/src/rbpodo_controller/install/rbpodo_controller/lib/python3.10/site-packages'
[4.982s] [34mcolcon.colcon_core.environment[0m [1;30mLevel 1[0m checking '/home/thornch/rbpodo_ros2_ws/src/rbpodo_controller/install/rbpodo_controller/bin'
[4.982s] [34mcolcon.colcon_core.shell[0m [1;30mINFO[0m Creating package script '/home/thornch/rbpodo_ros2_ws/src/rbpodo_controller/install/rbpodo_controller/share/rbpodo_controller/package.ps1'
[4.982s] [34mcolcon.colcon_core.shell[0m [1;30mINFO[0m Creating package descriptor '/home/thornch/rbpodo_ros2_ws/src/rbpodo_controller/install/rbpodo_controller/share/rbpodo_controller/package.dsv'
[4.983s] [34mcolcon.colcon_core.shell[0m [1;30mINFO[0m Creating package script '/home/thornch/rbpodo_ros2_ws/src/rbpodo_controller/install/rbpodo_controller/share/rbpodo_controller/package.sh'
[4.983s] [34mcolcon.colcon_core.shell[0m [1;30mINFO[0m Creating package script '/home/thornch/rbpodo_ros2_ws/src/rbpodo_controller/install/rbpodo_controller/share/rbpodo_controller/package.bash'
[4.983s] [34mcolcon.colcon_core.shell[0m [1;30mINFO[0m Creating package script '/home/thornch/rbpodo_ros2_ws/src/rbpodo_controller/install/rbpodo_controller/share/rbpodo_controller/package.zsh'
[4.984s] [34mcolcon.colcon_core.environment[0m [1;30mLevel 1[0m create_file_with_runtime_dependencies(/home/thornch/rbpodo_ros2_ws/src/rbpodo_controller/install/rbpodo_controller/share/colcon-core/packages/rbpodo_controller)
[4.984s] [34mcolcon.colcon_core.environment[0m [1;30mLevel 1[0m create_environment_scripts_only(rbpodo_controller)
[4.984s] [34mcolcon.colcon_core.environment[0m [1;30mLevel 1[0m checking '/home/thornch/rbpodo_ros2_ws/src/rbpodo_controller/install/rbpodo_controller' for CMake module files
[4.984s] [34mcolcon.colcon_core.environment[0m [1;30mLevel 1[0m checking '/home/thornch/rbpodo_ros2_ws/src/rbpodo_controller/install/rbpodo_controller' for CMake config files
[4.984s] [34mcolcon.colcon_core.shell[0m [1;30mLevel 1[0m create_environment_hook('rbpodo_controller', 'cmake_prefix_path')
[4.984s] [34mcolcon.colcon_core.shell[0m [1;30mINFO[0m Creating environment hook '/home/thornch/rbpodo_ros2_ws/src/rbpodo_controller/install/rbpodo_controller/share/rbpodo_controller/hook/cmake_prefix_path.ps1'
[4.985s] [34mcolcon.colcon_core.shell[0m [1;30mINFO[0m Creating environment descriptor '/home/thornch/rbpodo_ros2_ws/src/rbpodo_controller/install/rbpodo_controller/share/rbpodo_controller/hook/cmake_prefix_path.dsv'
[4.985s] [34mcolcon.colcon_core.shell[0m [1;30mINFO[0m Creating environment hook '/home/thornch/rbpodo_ros2_ws/src/rbpodo_controller/install/rbpodo_controller/share/rbpodo_controller/hook/cmake_prefix_path.sh'
[4.985s] [34mcolcon.colcon_core.environment[0m [1;30mLevel 1[0m checking '/home/thornch/rbpodo_ros2_ws/src/rbpodo_controller/install/rbpodo_controller/lib'
[4.985s] [34mcolcon.colcon_core.environment[0m [1;30mLevel 1[0m checking '/home/thornch/rbpodo_ros2_ws/src/rbpodo_controller/install/rbpodo_controller/bin'
[4.985s] [34mcolcon.colcon_core.environment[0m [1;30mLevel 1[0m checking '/home/thornch/rbpodo_ros2_ws/src/rbpodo_controller/install/rbpodo_controller/lib/pkgconfig/rbpodo_controller.pc'
[4.985s] [34mcolcon.colcon_core.environment[0m [1;30mLevel 1[0m checking '/home/thornch/rbpodo_ros2_ws/src/rbpodo_controller/install/rbpodo_controller/lib/python3.10/site-packages'
[4.985s] [34mcolcon.colcon_core.environment[0m [1;30mLevel 1[0m checking '/home/thornch/rbpodo_ros2_ws/src/rbpodo_controller/install/rbpodo_controller/bin'
[4.985s] [34mcolcon.colcon_core.shell[0m [1;30mINFO[0m Creating package script '/home/thornch/rbpodo_ros2_ws/src/rbpodo_controller/install/rbpodo_controller/share/rbpodo_controller/package.ps1'
[4.986s] [34mcolcon.colcon_core.shell[0m [1;30mINFO[0m Creating package descriptor '/home/thornch/rbpodo_ros2_ws/src/rbpodo_controller/install/rbpodo_controller/share/rbpodo_controller/package.dsv'
[4.986s] [34mcolcon.colcon_core.shell[0m [1;30mINFO[0m Creating package script '/home/thornch/rbpodo_ros2_ws/src/rbpodo_controller/install/rbpodo_controller/share/rbpodo_controller/package.sh'
[4.986s] [34mcolcon.colcon_core.shell[0m [1;30mINFO[0m Creating package script '/home/thornch/rbpodo_ros2_ws/src/rbpodo_controller/install/rbpodo_controller/share/rbpodo_controller/package.bash'
[4.986s] [34mcolcon.colcon_core.shell[0m [1;30mINFO[0m Creating package script '/home/thornch/rbpodo_ros2_ws/src/rbpodo_controller/install/rbpodo_controller/share/rbpodo_controller/package.zsh'
[4.986s] [34mcolcon.colcon_core.environment[0m [1;30mLevel 1[0m create_file_with_runtime_dependencies(/home/thornch/rbpodo_ros2_ws/src/rbpodo_controller/install/rbpodo_controller/share/colcon-core/packages/rbpodo_controller)
[4.987s] [34mcolcon.colcon_parallel_executor.executor.parallel[0m [1;30mDEBUG[0m [32mclosing loop[0m
[4.987s] [34mcolcon.colcon_parallel_executor.executor.parallel[0m [1;30mDEBUG[0m [32mloop closed[0m
[4.987s] [34mcolcon.colcon_parallel_executor.executor.parallel[0m [1;30mDEBUG[0m [32mrun_until_complete finished with '0'[0m
[4.987s] [34mcolcon.colcon_core.event_reactor[0m [1;30mDEBUG[0m [32mjoining thread[0m
[4.989s] [34mcolcon.colcon_core.plugin_system[0m [1;30mINFO[0m Skipping extension 'colcon_notification.desktop_notification.terminal_notifier': Not used on non-Darwin systems
[4.990s] [34mcolcon.colcon_core.plugin_system[0m [1;30mINFO[0m Skipping extension 'colcon_notification.desktop_notification.win32': Not used on non-Windows systems
[4.990s] [34mcolcon.colcon_notification.desktop_notification[0m [1;30mINFO[0m Sending desktop notification using 'notify2'
[4.998s] [34mcolcon.colcon_core.event_reactor[0m [1;30mDEBUG[0m [32mjoined thread[0m
[4.998s] [34mcolcon.colcon_core.shell[0m [1;30mINFO[0m Creating prefix script '/home/thornch/rbpodo_ros2_ws/src/rbpodo_controller/install/local_setup.ps1'
[4.999s] [34mcolcon.colcon_core.shell[0m [1;30mINFO[0m Creating prefix util module '/home/thornch/rbpodo_ros2_ws/src/rbpodo_controller/install/_local_setup_util_ps1.py'
[5.000s] [34mcolcon.colcon_core.shell[0m [1;30mINFO[0m Creating prefix chain script '/home/thornch/rbpodo_ros2_ws/src/rbpodo_controller/install/setup.ps1'
[5.001s] [34mcolcon.colcon_core.shell[0m [1;30mINFO[0m Creating prefix script '/home/thornch/rbpodo_ros2_ws/src/rbpodo_controller/install/local_setup.sh'
[5.001s] [34mcolcon.colcon_core.shell[0m [1;30mINFO[0m Creating prefix util module '/home/thornch/rbpodo_ros2_ws/src/rbpodo_controller/install/_local_setup_util_sh.py'
[5.001s] [34mcolcon.colcon_core.shell[0m [1;30mINFO[0m Creating prefix chain script '/home/thornch/rbpodo_ros2_ws/src/rbpodo_controller/install/setup.sh'
[5.002s] [34mcolcon.colcon_core.shell[0m [1;30mINFO[0m Creating prefix script '/home/thornch/rbpodo_ros2_ws/src/rbpodo_controller/install/local_setup.bash'
[5.002s] [34mcolcon.colcon_core.shell[0m [1;30mINFO[0m Creating prefix chain script '/home/thornch/rbpodo_ros2_ws/src/rbpodo_controller/install/setup.bash'
[5.003s] [34mcolcon.colcon_core.shell[0m [1;30mINFO[0m Creating prefix script '/home/thornch/rbpodo_ros2_ws/src/rbpodo_controller/install/local_setup.zsh'
[5.003s] [34mcolcon.colcon_core.shell[0m [1;30mINFO[0m Creating prefix chain script '/home/thornch/rbpodo_ros2_ws/src/rbpodo_controller/install/setup.zsh'
