[0.006s] Invoking command in '/home/thornch/rbpodo_ros2_ws/build/rbpodo_controller': CMAKE_PREFIX_PATH=${CMAKE_PREFIX_PATH}:/opt/ros/humble /usr/bin/cmake --build /home/thornch/rbpodo_ros2_ws/build/rbpodo_controller -- -j24 -l24
[0.020s] -- Found ament_cmake: 1.3.11 (/opt/ros/humble/share/ament_cmake/cmake)
[0.167s] -- Found rclcpp: 16.0.11 (/opt/ros/humble/share/rclcpp/cmake)
[0.184s] -- Found rosidl_generator_c: 3.1.6 (/opt/ros/humble/share/rosidl_generator_c/cmake)
[0.185s] -- Found rosidl_adapter: 3.1.6 (/opt/ros/humble/share/rosidl_adapter/cmake)
[0.188s] -- Found rosidl_generator_cpp: 3.1.6 (/opt/ros/humble/share/rosidl_generator_cpp/cmake)
[0.193s] -- Using all available rosidl_typesupport_c: rosidl_typesupport_fastrtps_c;rosidl_typesupport_introspection_c
[0.200s] -- Using all available rosidl_typesupport_cpp: rosidl_typesupport_fastrtps_cpp;rosidl_typesupport_introspection_cpp
[0.220s] -- Found rmw_implementation_cmake: 6.1.2 (/opt/ros/humble/share/rmw_implementation_cmake/cmake)
[0.220s] -- Found rmw_fastrtps_cpp: 6.2.7 (/opt/ros/humble/share/rmw_fastrtps_cpp/cmake)
[0.283s] -- Using RMW implementation 'rmw_fastrtps_cpp' as default
[0.315s] -- Found sensor_msgs: 4.2.4 (/opt/ros/humble/share/sensor_msgs/cmake)
[0.371s] -- Configuring done (0.4s)
[0.376s] -- Generating done (0.0s)
[0.378s] -- Build files have been written to: /home/thornch/rbpodo_ros2_ws/build/rbpodo_controller
[0.403s] [100%] Built target rbpodo_controller
[0.411s] Invoked command in '/home/thornch/rbpodo_ros2_ws/build/rbpodo_controller' returned '0': CMAKE_PREFIX_PATH=${CMAKE_PREFIX_PATH}:/opt/ros/humble /usr/bin/cmake --build /home/thornch/rbpodo_ros2_ws/build/rbpodo_controller -- -j24 -l24
[0.422s] Invoking command in '/home/thornch/rbpodo_ros2_ws/build/rbpodo_controller': CMAKE_PREFIX_PATH=${CMAKE_PREFIX_PATH}:/opt/ros/humble /usr/bin/cmake --install /home/thornch/rbpodo_ros2_ws/build/rbpodo_controller
[0.430s] -- Install configuration: "Release"
[0.430s] -- Up-to-date: /home/thornch/rbpodo_ros2_ws/install/rbpodo_controller/lib/rbpodo_controller/rbpodo_controller
[0.431s] -- Installing: /home/thornch/rbpodo_ros2_ws/install/rbpodo_controller/share/rbpodo_controller/launch
[0.431s] -- Installing: /home/thornch/rbpodo_ros2_ws/install/rbpodo_controller/share/rbpodo_controller/launch/rbpodo_controller.launch.py
[0.431s] -- Up-to-date: /home/thornch/rbpodo_ros2_ws/install/rbpodo_controller/share/ament_index/resource_index/package_run_dependencies/rbpodo_controller
[0.431s] -- Installing: /home/thornch/rbpodo_ros2_ws/install/rbpodo_controller/share/ament_index/resource_index/parent_prefix_path/rbpodo_controller
[0.431s] -- Up-to-date: /home/thornch/rbpodo_ros2_ws/install/rbpodo_controller/share/rbpodo_controller/environment/ament_prefix_path.sh
[0.432s] -- Installing: /home/thornch/rbpodo_ros2_ws/install/rbpodo_controller/share/rbpodo_controller/environment/ament_prefix_path.dsv
[0.432s] -- Up-to-date: /home/thornch/rbpodo_ros2_ws/install/rbpodo_controller/share/rbpodo_controller/environment/path.sh
[0.432s] -- Installing: /home/thornch/rbpodo_ros2_ws/install/rbpodo_controller/share/rbpodo_controller/environment/path.dsv
[0.432s] -- Up-to-date: /home/thornch/rbpodo_ros2_ws/install/rbpodo_controller/share/rbpodo_controller/local_setup.bash
[0.432s] -- Up-to-date: /home/thornch/rbpodo_ros2_ws/install/rbpodo_controller/share/rbpodo_controller/local_setup.sh
[0.432s] -- Up-to-date: /home/thornch/rbpodo_ros2_ws/install/rbpodo_controller/share/rbpodo_controller/local_setup.zsh
[0.433s] -- Installing: /home/thornch/rbpodo_ros2_ws/install/rbpodo_controller/share/rbpodo_controller/local_setup.dsv
[0.433s] -- Installing: /home/thornch/rbpodo_ros2_ws/install/rbpodo_controller/share/rbpodo_controller/package.dsv
[0.433s] -- Up-to-date: /home/thornch/rbpodo_ros2_ws/install/rbpodo_controller/share/ament_index/resource_index/packages/rbpodo_controller
[0.433s] -- Up-to-date: /home/thornch/rbpodo_ros2_ws/install/rbpodo_controller/share/rbpodo_controller/cmake/rbpodo_controllerConfig.cmake
[0.433s] -- Up-to-date: /home/thornch/rbpodo_ros2_ws/install/rbpodo_controller/share/rbpodo_controller/cmake/rbpodo_controllerConfig-version.cmake
[0.433s] -- Up-to-date: /home/thornch/rbpodo_ros2_ws/install/rbpodo_controller/share/rbpodo_controller/package.xml
[0.436s] Invoked command in '/home/thornch/rbpodo_ros2_ws/build/rbpodo_controller' returned '0': CMAKE_PREFIX_PATH=${CMAKE_PREFIX_PATH}:/opt/ros/humble /usr/bin/cmake --install /home/thornch/rbpodo_ros2_ws/build/rbpodo_controller
