[0.006s] Invoking command in '/home/thornch/rbpodo_ros2_ws/build/rbpodo_controller': AMENT_PREFIX_PATH=/home/thornch/rbpodo_ros2_ws/install/rbpodo_msgs:${AMENT_PREFIX_PATH} CMAKE_PREFIX_PATH=/home/thornch/rbpodo_ros2_ws/install/rbpodo_msgs:/opt/ros/humble LD_LIBRARY_PATH=/home/thornch/rbpodo_ros2_ws/install/rbpodo_msgs/lib:${LD_LIBRARY_PATH} PYTHONPATH=/home/thornch/rbpodo_ros2_ws/install/rbpodo_msgs/local/lib/python3.10/dist-packages:${PYTHONPATH} /usr/bin/cmake /home/thornch/rbpodo_ros2_ws/src/rbpodo_controller -DCMAKE_INSTALL_PREFIX=/home/thornch/rbpodo_ros2_ws/install/rbpodo_controller
[0.015s] -- Found ament_cmake: 1.3.11 (/opt/ros/humble/share/ament_cmake/cmake)
[0.190s] -- Found rclcpp: 16.0.11 (/opt/ros/humble/share/rclcpp/cmake)
[0.207s] -- Found rosidl_generator_c: 3.1.6 (/opt/ros/humble/share/rosidl_generator_c/cmake)
[0.208s] -- Found rosidl_adapter: 3.1.6 (/opt/ros/humble/share/rosidl_adapter/cmake)
[0.212s] -- Found rosidl_generator_cpp: 3.1.6 (/opt/ros/humble/share/rosidl_generator_cpp/cmake)
[0.217s] -- Using all available rosidl_typesupport_c: rosidl_typesupport_fastrtps_c;rosidl_typesupport_introspection_c
[0.224s] -- Using all available rosidl_typesupport_cpp: rosidl_typesupport_fastrtps_cpp;rosidl_typesupport_introspection_cpp
[0.244s] -- Found rmw_implementation_cmake: 6.1.2 (/opt/ros/humble/share/rmw_implementation_cmake/cmake)
[0.245s] -- Found rmw_fastrtps_cpp: 6.2.7 (/opt/ros/humble/share/rmw_fastrtps_cpp/cmake)
[0.308s] -- Using RMW implementation 'rmw_fastrtps_cpp' as default
[0.340s] -- Found rbpodo_msgs: 0.0.0 (/home/thornch/rbpodo_ros2_ws/install/rbpodo_msgs/share/rbpodo_msgs/cmake)
[0.372s] [31mCMake Error at CMakeLists.txt:40 (find_package):
[0.372s]   By not providing "Findrbpodo_hardware.cmake" in CMAKE_MODULE_PATH this
[0.372s]   project has asked CMake to find a package configuration file provided by
[0.372s]   "rbpodo_hardware", but CMake did not find one.
[0.372s] 
[0.372s]   Could not find a package configuration file provided by "rbpodo_hardware"
[0.372s]   with any of the following names:
[0.372s] 
[0.372s]     rbpodo_hardwareConfig.cmake
[0.372s]     rbpodo_hardware-config.cmake
[0.372s] 
[0.372s]   Add the installation prefix of "rbpodo_hardware" to CMAKE_PREFIX_PATH or
[0.372s]   set "rbpodo_hardware_DIR" to a directory containing one of the above files.
[0.372s]   If "rbpodo_hardware" provides a separate development package or SDK, be
[0.372s]   sure it has been installed.
[0.372s] 
[0.373s] [0m
[0.373s] -- Configuring incomplete, errors occurred!
[0.376s] Invoked command in '/home/thornch/rbpodo_ros2_ws/build/rbpodo_controller' returned '1': AMENT_PREFIX_PATH=/home/thornch/rbpodo_ros2_ws/install/rbpodo_msgs:${AMENT_PREFIX_PATH} CMAKE_PREFIX_PATH=/home/thornch/rbpodo_ros2_ws/install/rbpodo_msgs:/opt/ros/humble LD_LIBRARY_PATH=/home/thornch/rbpodo_ros2_ws/install/rbpodo_msgs/lib:${LD_LIBRARY_PATH} PYTHONPATH=/home/thornch/rbpodo_ros2_ws/install/rbpodo_msgs/local/lib/python3.10/dist-packages:${PYTHONPATH} /usr/bin/cmake /home/thornch/rbpodo_ros2_ws/src/rbpodo_controller -DCMAKE_INSTALL_PREFIX=/home/thornch/rbpodo_ros2_ws/install/rbpodo_controller
