[100%] Built target rbpodo_controller
-- Install configuration: "Release"
-- Up-to-date: /home/thornch/rbpodo_ros2_ws/install/rbpodo_controller/lib/rbpodo_controller/rbpodo_controller
-- Up-to-date: /home/thornch/rbpodo_ros2_ws/install/rbpodo_controller/share/rbpodo_controller/launch
-- Up-to-date: /home/thornch/rbpodo_ros2_ws/install/rbpodo_controller/share/rbpodo_controller/launch/rbpodo_controller.launch.py
-- Up-to-date: /home/thornch/rbpodo_ros2_ws/install/rbpodo_controller/share/ament_index/resource_index/package_run_dependencies/rbpodo_controller
-- Up-to-date: /home/thornch/rbpodo_ros2_ws/install/rbpodo_controller/share/ament_index/resource_index/parent_prefix_path/rbpodo_controller
-- Up-to-date: /home/thornch/rbpodo_ros2_ws/install/rbpodo_controller/share/rbpodo_controller/environment/ament_prefix_path.sh
-- Up-to-date: /home/thornch/rbpodo_ros2_ws/install/rbpodo_controller/share/rbpodo_controller/environment/ament_prefix_path.dsv
-- Up-to-date: /home/thornch/rbpodo_ros2_ws/install/rbpodo_controller/share/rbpodo_controller/environment/path.sh
-- Up-to-date: /home/thornch/rbpodo_ros2_ws/install/rbpodo_controller/share/rbpodo_controller/environment/path.dsv
-- Up-to-date: /home/thornch/rbpodo_ros2_ws/install/rbpodo_controller/share/rbpodo_controller/local_setup.bash
-- Up-to-date: /home/thornch/rbpodo_ros2_ws/install/rbpodo_controller/share/rbpodo_controller/local_setup.sh
-- Up-to-date: /home/thornch/rbpodo_ros2_ws/install/rbpodo_controller/share/rbpodo_controller/local_setup.zsh
-- Up-to-date: /home/thornch/rbpodo_ros2_ws/install/rbpodo_controller/share/rbpodo_controller/local_setup.dsv
-- Installing: /home/thornch/rbpodo_ros2_ws/install/rbpodo_controller/share/rbpodo_controller/package.dsv
-- Up-to-date: /home/thornch/rbpodo_ros2_ws/install/rbpodo_controller/share/ament_index/resource_index/packages/rbpodo_controller
-- Up-to-date: /home/thornch/rbpodo_ros2_ws/install/rbpodo_controller/share/rbpodo_controller/cmake/rbpodo_controllerConfig.cmake
-- Up-to-date: /home/thornch/rbpodo_ros2_ws/install/rbpodo_controller/share/rbpodo_controller/cmake/rbpodo_controllerConfig-version.cmake
-- Up-to-date: /home/thornch/rbpodo_ros2_ws/install/rbpodo_controller/share/rbpodo_controller/package.xml
