[0.011s] Invoking command in '/home/thornch/rbpodo_ros2_ws/build/rb3_730es_u_moveit_config': AMENT_PREFIX_PATH=/home/thornch/rbpodo_ros2_ws/install/rbpodo_description:${AMENT_PREFIX_PATH} CMAKE_PREFIX_PATH=/home/thornch/rbpodo_ros2_ws/install/rbpodo_description:/opt/ros/humble /usr/bin/cmake --build /home/thornch/rbpodo_ros2_ws/build/rb3_730es_u_moveit_config -- -j24 -l24
[0.024s] Invoked command in '/home/thornch/rbpodo_ros2_ws/build/rb3_730es_u_moveit_config' returned '0': AMENT_PREFIX_PATH=/home/thornch/rbpodo_ros2_ws/install/rbpodo_description:${AMENT_PREFIX_PATH} CMAKE_PREFIX_PATH=/home/thornch/rbpodo_ros2_ws/install/rbpodo_description:/opt/ros/humble /usr/bin/cmake --build /home/thornch/rbpodo_ros2_ws/build/rb3_730es_u_moveit_config -- -j24 -l24
[0.025s] Invoking command in '/home/thornch/rbpodo_ros2_ws/build/rb3_730es_u_moveit_config': AMENT_PREFIX_PATH=/home/thornch/rbpodo_ros2_ws/install/rbpodo_description:${AMENT_PREFIX_PATH} CMAKE_PREFIX_PATH=/home/thornch/rbpodo_ros2_ws/install/rbpodo_description:/opt/ros/humble /usr/bin/cmake --install /home/thornch/rbpodo_ros2_ws/build/rb3_730es_u_moveit_config
[0.027s] -- Install configuration: "Release"
[0.027s] -- Up-to-date: /home/thornch/rbpodo_ros2_ws/install/rb3_730es_u_moveit_config/share/ament_index/resource_index/package_run_dependencies/rb3_730es_u_moveit_config
[0.027s] -- Up-to-date: /home/thornch/rbpodo_ros2_ws/install/rb3_730es_u_moveit_config/share/ament_index/resource_index/parent_prefix_path/rb3_730es_u_moveit_config
[0.027s] -- Up-to-date: /home/thornch/rbpodo_ros2_ws/install/rb3_730es_u_moveit_config/share/rb3_730es_u_moveit_config/environment/ament_prefix_path.sh
[0.027s] -- Up-to-date: /home/thornch/rbpodo_ros2_ws/install/rb3_730es_u_moveit_config/share/rb3_730es_u_moveit_config/environment/ament_prefix_path.dsv
[0.027s] -- Up-to-date: /home/thornch/rbpodo_ros2_ws/install/rb3_730es_u_moveit_config/share/rb3_730es_u_moveit_config/environment/path.sh
[0.027s] -- Up-to-date: /home/thornch/rbpodo_ros2_ws/install/rb3_730es_u_moveit_config/share/rb3_730es_u_moveit_config/environment/path.dsv
[0.027s] -- Up-to-date: /home/thornch/rbpodo_ros2_ws/install/rb3_730es_u_moveit_config/share/rb3_730es_u_moveit_config/local_setup.bash
[0.027s] -- Up-to-date: /home/thornch/rbpodo_ros2_ws/install/rb3_730es_u_moveit_config/share/rb3_730es_u_moveit_config/local_setup.sh
[0.028s] -- Up-to-date: /home/thornch/rbpodo_ros2_ws/install/rb3_730es_u_moveit_config/share/rb3_730es_u_moveit_config/local_setup.zsh
[0.028s] -- Up-to-date: /home/thornch/rbpodo_ros2_ws/install/rb3_730es_u_moveit_config/share/rb3_730es_u_moveit_config/local_setup.dsv
[0.028s] -- Installing: /home/thornch/rbpodo_ros2_ws/install/rb3_730es_u_moveit_config/share/rb3_730es_u_moveit_config/package.dsv
[0.028s] -- Up-to-date: /home/thornch/rbpodo_ros2_ws/install/rb3_730es_u_moveit_config/share/ament_index/resource_index/packages/rb3_730es_u_moveit_config
[0.028s] -- Up-to-date: /home/thornch/rbpodo_ros2_ws/install/rb3_730es_u_moveit_config/share/rb3_730es_u_moveit_config/cmake/rb3_730es_u_moveit_configConfig.cmake
[0.028s] -- Up-to-date: /home/thornch/rbpodo_ros2_ws/install/rb3_730es_u_moveit_config/share/rb3_730es_u_moveit_config/cmake/rb3_730es_u_moveit_configConfig-version.cmake
[0.028s] -- Up-to-date: /home/thornch/rbpodo_ros2_ws/install/rb3_730es_u_moveit_config/share/rb3_730es_u_moveit_config/package.xml
[0.028s] -- Up-to-date: /home/thornch/rbpodo_ros2_ws/install/rb3_730es_u_moveit_config/share/rb3_730es_u_moveit_config/launch
[0.028s] -- Up-to-date: /home/thornch/rbpodo_ros2_ws/install/rb3_730es_u_moveit_config/share/rb3_730es_u_moveit_config/launch/moveit.launch.py
[0.028s] -- Up-to-date: /home/thornch/rbpodo_ros2_ws/install/rb3_730es_u_moveit_config/share/rb3_730es_u_moveit_config/config
[0.028s] -- Up-to-date: /home/thornch/rbpodo_ros2_ws/install/rb3_730es_u_moveit_config/share/rb3_730es_u_moveit_config/config/rb3_730es_u.srdf
[0.028s] -- Up-to-date: /home/thornch/rbpodo_ros2_ws/install/rb3_730es_u_moveit_config/share/rb3_730es_u_moveit_config/config/kinematics.yaml
[0.028s] -- Up-to-date: /home/thornch/rbpodo_ros2_ws/install/rb3_730es_u_moveit_config/share/rb3_730es_u_moveit_config/config/rb3_730es_u.urdf.xacro
[0.028s] -- Up-to-date: /home/thornch/rbpodo_ros2_ws/install/rb3_730es_u_moveit_config/share/rb3_730es_u_moveit_config/config/moveit.rviz
[0.028s] -- Up-to-date: /home/thornch/rbpodo_ros2_ws/install/rb3_730es_u_moveit_config/share/rb3_730es_u_moveit_config/config/joint_limits.yaml
[0.028s] -- Up-to-date: /home/thornch/rbpodo_ros2_ws/install/rb3_730es_u_moveit_config/share/rb3_730es_u_moveit_config/config/pilz_cartesian_limits.yaml
[0.028s] -- Up-to-date: /home/thornch/rbpodo_ros2_ws/install/rb3_730es_u_moveit_config/share/rb3_730es_u_moveit_config/config/moveit_controllers.yaml
[0.029s] Invoked command in '/home/thornch/rbpodo_ros2_ws/build/rb3_730es_u_moveit_config' returned '0': AMENT_PREFIX_PATH=/home/thornch/rbpodo_ros2_ws/install/rbpodo_description:${AMENT_PREFIX_PATH} CMAKE_PREFIX_PATH=/home/thornch/rbpodo_ros2_ws/install/rbpodo_description:/opt/ros/humble /usr/bin/cmake --install /home/thornch/rbpodo_ros2_ws/build/rb3_730es_u_moveit_config
