[0.011s] Invoking command in '/home/thornch/rbpodo_ros2_ws/build/rbpodo_bringup': AMENT_PREFIX_PATH=/home/thornch/rbpodo_ros2_ws/install/rbpodo_hardware:/home/thornch/rbpodo_ros2_ws/install/rbpodo_msgs:/home/thornch/rbpodo_ros2_ws/install/rbpodo_description:${AMENT_PREFIX_PATH} CMAKE_PREFIX_PATH=/home/thornch/rbpodo_ros2_ws/install/rbpodo_hardware:/home/thornch/rbpodo_ros2_ws/install/rbpodo_msgs:/home/thornch/rbpodo_ros2_ws/install/rbpodo_description:/opt/ros/humble LD_LIBRARY_PATH=/home/thornch/rbpodo_ros2_ws/install/rbpodo_hardware/lib:/home/thornch/rbpodo_ros2_ws/install/rbpodo_msgs/lib:${LD_LIBRARY_PATH} PYTHONPATH=/home/thornch/rbpodo_ros2_ws/install/rbpodo_msgs/local/lib/python3.10/dist-packages:${PYTHONPATH} /usr/bin/cmake --build /home/thornch/rbpodo_ros2_ws/build/rbpodo_bringup -- -j24 -l24
[0.028s] Invoked command in '/home/thornch/rbpodo_ros2_ws/build/rbpodo_bringup' returned '0': AMENT_PREFIX_PATH=/home/thornch/rbpodo_ros2_ws/install/rbpodo_hardware:/home/thornch/rbpodo_ros2_ws/install/rbpodo_msgs:/home/thornch/rbpodo_ros2_ws/install/rbpodo_description:${AMENT_PREFIX_PATH} CMAKE_PREFIX_PATH=/home/thornch/rbpodo_ros2_ws/install/rbpodo_hardware:/home/thornch/rbpodo_ros2_ws/install/rbpodo_msgs:/home/thornch/rbpodo_ros2_ws/install/rbpodo_description:/opt/ros/humble LD_LIBRARY_PATH=/home/thornch/rbpodo_ros2_ws/install/rbpodo_hardware/lib:/home/thornch/rbpodo_ros2_ws/install/rbpodo_msgs/lib:${LD_LIBRARY_PATH} PYTHONPATH=/home/thornch/rbpodo_ros2_ws/install/rbpodo_msgs/local/lib/python3.10/dist-packages:${PYTHONPATH} /usr/bin/cmake --build /home/thornch/rbpodo_ros2_ws/build/rbpodo_bringup -- -j24 -l24
[0.029s] Invoking command in '/home/thornch/rbpodo_ros2_ws/build/rbpodo_bringup': AMENT_PREFIX_PATH=/home/thornch/rbpodo_ros2_ws/install/rbpodo_hardware:/home/thornch/rbpodo_ros2_ws/install/rbpodo_msgs:/home/thornch/rbpodo_ros2_ws/install/rbpodo_description:${AMENT_PREFIX_PATH} CMAKE_PREFIX_PATH=/home/thornch/rbpodo_ros2_ws/install/rbpodo_hardware:/home/thornch/rbpodo_ros2_ws/install/rbpodo_msgs:/home/thornch/rbpodo_ros2_ws/install/rbpodo_description:/opt/ros/humble LD_LIBRARY_PATH=/home/thornch/rbpodo_ros2_ws/install/rbpodo_hardware/lib:/home/thornch/rbpodo_ros2_ws/install/rbpodo_msgs/lib:${LD_LIBRARY_PATH} PYTHONPATH=/home/thornch/rbpodo_ros2_ws/install/rbpodo_msgs/local/lib/python3.10/dist-packages:${PYTHONPATH} /usr/bin/cmake --install /home/thornch/rbpodo_ros2_ws/build/rbpodo_bringup
[0.032s] -- Install configuration: "Release"
[0.032s] -- Up-to-date: /home/thornch/rbpodo_ros2_ws/install/rbpodo_bringup/share/rbpodo_bringup/config
[0.032s] -- Up-to-date: /home/thornch/rbpodo_ros2_ws/install/rbpodo_bringup/share/rbpodo_bringup/config/controllers.yaml
[0.032s] -- Up-to-date: /home/thornch/rbpodo_ros2_ws/install/rbpodo_bringup/share/rbpodo_bringup/launch
[0.032s] -- Up-to-date: /home/thornch/rbpodo_ros2_ws/install/rbpodo_bringup/share/rbpodo_bringup/launch/rbpodo.launch.py
[0.032s] -- Up-to-date: /home/thornch/rbpodo_ros2_ws/install/rbpodo_bringup/share/ament_index/resource_index/package_run_dependencies/rbpodo_bringup
[0.032s] -- Up-to-date: /home/thornch/rbpodo_ros2_ws/install/rbpodo_bringup/share/ament_index/resource_index/parent_prefix_path/rbpodo_bringup
[0.032s] -- Up-to-date: /home/thornch/rbpodo_ros2_ws/install/rbpodo_bringup/share/rbpodo_bringup/environment/ament_prefix_path.sh
[0.032s] -- Up-to-date: /home/thornch/rbpodo_ros2_ws/install/rbpodo_bringup/share/rbpodo_bringup/environment/ament_prefix_path.dsv
[0.032s] -- Up-to-date: /home/thornch/rbpodo_ros2_ws/install/rbpodo_bringup/share/rbpodo_bringup/environment/path.sh
[0.032s] -- Up-to-date: /home/thornch/rbpodo_ros2_ws/install/rbpodo_bringup/share/rbpodo_bringup/environment/path.dsv
[0.032s] -- Up-to-date: /home/thornch/rbpodo_ros2_ws/install/rbpodo_bringup/share/rbpodo_bringup/local_setup.bash
[0.033s] -- Up-to-date: /home/thornch/rbpodo_ros2_ws/install/rbpodo_bringup/share/rbpodo_bringup/local_setup.sh
[0.033s] -- Up-to-date: /home/thornch/rbpodo_ros2_ws/install/rbpodo_bringup/share/rbpodo_bringup/local_setup.zsh
[0.033s] -- Up-to-date: /home/thornch/rbpodo_ros2_ws/install/rbpodo_bringup/share/rbpodo_bringup/local_setup.dsv
[0.033s] -- Installing: /home/thornch/rbpodo_ros2_ws/install/rbpodo_bringup/share/rbpodo_bringup/package.dsv
[0.033s] -- Up-to-date: /home/thornch/rbpodo_ros2_ws/install/rbpodo_bringup/share/ament_index/resource_index/packages/rbpodo_bringup
[0.033s] -- Up-to-date: /home/thornch/rbpodo_ros2_ws/install/rbpodo_bringup/share/rbpodo_bringup/cmake/rbpodo_bringupConfig.cmake
[0.033s] -- Up-to-date: /home/thornch/rbpodo_ros2_ws/install/rbpodo_bringup/share/rbpodo_bringup/cmake/rbpodo_bringupConfig-version.cmake
[0.033s] -- Up-to-date: /home/thornch/rbpodo_ros2_ws/install/rbpodo_bringup/share/rbpodo_bringup/package.xml
[0.034s] Invoked command in '/home/thornch/rbpodo_ros2_ws/build/rbpodo_bringup' returned '0': AMENT_PREFIX_PATH=/home/thornch/rbpodo_ros2_ws/install/rbpodo_hardware:/home/thornch/rbpodo_ros2_ws/install/rbpodo_msgs:/home/thornch/rbpodo_ros2_ws/install/rbpodo_description:${AMENT_PREFIX_PATH} CMAKE_PREFIX_PATH=/home/thornch/rbpodo_ros2_ws/install/rbpodo_hardware:/home/thornch/rbpodo_ros2_ws/install/rbpodo_msgs:/home/thornch/rbpodo_ros2_ws/install/rbpodo_description:/opt/ros/humble LD_LIBRARY_PATH=/home/thornch/rbpodo_ros2_ws/install/rbpodo_hardware/lib:/home/thornch/rbpodo_ros2_ws/install/rbpodo_msgs/lib:${LD_LIBRARY_PATH} PYTHONPATH=/home/thornch/rbpodo_ros2_ws/install/rbpodo_msgs/local/lib/python3.10/dist-packages:${PYTHONPATH} /usr/bin/cmake --install /home/thornch/rbpodo_ros2_ws/build/rbpodo_bringup
