[ 50%] [32mBuilding CXX object CMakeFiles/rbpodo_controller.dir/src/robot_arm_controller.cpp.o[0m
In file included from [01m[K/opt/ros/humble/include/rclcpp/rclcpp/logging.hpp:24[m[K,
                 from [01m[K/opt/ros/humble/include/rclcpp/rclcpp/client.hpp:40[m[K,
                 from [01m[K/opt/ros/humble/include/rclcpp/rclcpp/callback_group.hpp:24[m[K,
                 from [01m[K/opt/ros/humble/include/rclcpp/rclcpp/any_executable.hpp:20[m[K,
                 from [01m[K/opt/ros/humble/include/rclcpp/rclcpp/memory_strategy.hpp:25[m[K,
                 from [01m[K/opt/ros/humble/include/rclcpp/rclcpp/memory_strategies.hpp:18[m[K,
                 from [01m[K/opt/ros/humble/include/rclcpp/rclcpp/executor_options.hpp:20[m[K,
                 from [01m[K/opt/ros/humble/include/rclcpp/rclcpp/executor.hpp:37[m[K,
                 from [01m[K/opt/ros/humble/include/rclcpp/rclcpp/executors/multi_threaded_executor.hpp:25[m[K,
                 from [01m[K/opt/ros/humble/include/rclcpp/rclcpp/executors.hpp:21[m[K,
                 from [01m[K/opt/ros/humble/include/rclcpp/rclcpp/rclcpp.hpp:155[m[K,
                 from [01m[K/home/thornch/rbpodo_ros2_ws/src/rbpodo_controller/src/robot_arm_controller.cpp:68[m[K:
[01m[K/home/thornch/rbpodo_ros2_ws/src/rbpodo_controller/src/robot_arm_controller.cpp:[m[K In member function ‘[01m[Kvoid RBPodoSequentialController::control_loop()[m[K’:
[01m[K/home/thornch/rbpodo_ros2_ws/src/rbpodo_controller/src/robot_arm_controller.cpp:125:37:[m[K [01;35m[Kwarning: [m[Kformat ‘[01m[K%d[m[K’ expects argument of type ‘[01m[Kint[m[K’, but argument 5 has type ‘[01m[Ksize_t[m[K’ {aka ‘[01m[Klong unsigned int[m[K’} [[01;35m[K]8;;https://gcc.gnu.org/onlinedocs/gcc/Warning-Options.html#index-Wformat=-Wformat=]8;;[m[K]
  125 |     RCLCPP_INFO(this->get_logger(), [01;35m[K"Moving to waypoint %d of %zu"[m[K,
      |                                     [01;35m[K^~~~~~~~~~~~~~~~~~~~~~~~~~~~~~[m[K
  126 |                 [32m[Kcurrent_waypoint_ + 1[m[K, waypoints_.size());
      |                 [32m[K~~~~~~~~~~~~~~~~~~~~~[m[K
      |                                   [32m[K|[m[K
      |                                   [32m[Ksize_t {aka long unsigned int}[m[K
[01m[K/home/thornch/rbpodo_ros2_ws/src/rbpodo_controller/src/robot_arm_controller.cpp:125:58:[m[K [01;36m[Knote: [m[Kformat string is defined here
  125 |     RCLCPP_INFO(this->get_logger(), "Moving to waypoint [01;36m[K%d[m[K of %zu",
      |                                                         [01;36m[K~^[m[K
      |                                                          [01;36m[K|[m[K
      |                                                          [01;36m[Kint[m[K
      |                                                         [32m[K%ld[m[K
[100%] [32m[1mLinking CXX executable rbpodo_controller[0m
[100%] Built target rbpodo_controller
-- Install configuration: "Release"
-- Installing: /home/thornch/rbpodo_ros2_ws/install/rbpodo_controller/lib/rbpodo_controller/rbpodo_controller
-- Set non-toolchain portion of runtime path of "/home/thornch/rbpodo_ros2_ws/install/rbpodo_controller/lib/rbpodo_controller/rbpodo_controller" to ""
-- Up-to-date: /home/thornch/rbpodo_ros2_ws/install/rbpodo_controller/share/ament_index/resource_index/package_run_dependencies/rbpodo_controller
-- Up-to-date: /home/thornch/rbpodo_ros2_ws/install/rbpodo_controller/share/ament_index/resource_index/parent_prefix_path/rbpodo_controller
-- Up-to-date: /home/thornch/rbpodo_ros2_ws/install/rbpodo_controller/share/rbpodo_controller/environment/ament_prefix_path.sh
-- Up-to-date: /home/thornch/rbpodo_ros2_ws/install/rbpodo_controller/share/rbpodo_controller/environment/ament_prefix_path.dsv
-- Up-to-date: /home/thornch/rbpodo_ros2_ws/install/rbpodo_controller/share/rbpodo_controller/environment/path.sh
-- Up-to-date: /home/thornch/rbpodo_ros2_ws/install/rbpodo_controller/share/rbpodo_controller/environment/path.dsv
-- Up-to-date: /home/thornch/rbpodo_ros2_ws/install/rbpodo_controller/share/rbpodo_controller/local_setup.bash
-- Up-to-date: /home/thornch/rbpodo_ros2_ws/install/rbpodo_controller/share/rbpodo_controller/local_setup.sh
-- Up-to-date: /home/thornch/rbpodo_ros2_ws/install/rbpodo_controller/share/rbpodo_controller/local_setup.zsh
-- Up-to-date: /home/thornch/rbpodo_ros2_ws/install/rbpodo_controller/share/rbpodo_controller/local_setup.dsv
-- Installing: /home/thornch/rbpodo_ros2_ws/install/rbpodo_controller/share/rbpodo_controller/package.dsv
-- Up-to-date: /home/thornch/rbpodo_ros2_ws/install/rbpodo_controller/share/ament_index/resource_index/packages/rbpodo_controller
-- Up-to-date: /home/thornch/rbpodo_ros2_ws/install/rbpodo_controller/share/rbpodo_controller/cmake/rbpodo_controllerConfig.cmake
-- Up-to-date: /home/thornch/rbpodo_ros2_ws/install/rbpodo_controller/share/rbpodo_controller/cmake/rbpodo_controllerConfig-version.cmake
-- Up-to-date: /home/thornch/rbpodo_ros2_ws/install/rbpodo_controller/share/rbpodo_controller/package.xml
