[0.009s] Invoking command in '/home/thornch/rbpodo_ros2_ws/build/rbpodo_kinematics': CMAKE_PREFIX_PATH=/home/thornch/rbpodo_ros2_ws/install/rbpodo_msgs:/home/thornch/rbpodo_ros2_ws/install/rbpodo_description:/home/thornch/rbpodo_ros2_ws/install/rbpodo_kinematics:/home/thornch/rbpodo_ros2_ws/install/rbpodo_controller:/home/thornch/rbpodo_ros2_ws/install/rbpodo_bringup:/home/thornch/rbpodo_ros2_ws/install/rbpodo_hardware:/home/thornch/rbpodo_ros2_ws/install/rb3_730es_u_moveit_config:/opt/ros/humble LD_LIBRARY_PATH=/home/thornch/rbpodo_ros2_ws/install/rbpodo_msgs/lib:/home/thornch/rbpodo_ros2_ws/install/rbpodo_kinematics/lib:/home/thornch/rbpodo_ros2_ws/install/rbpodo_hardware/lib:/opt/ros/humble/opt/rviz_ogre_vendor/lib:/opt/ros/humble/lib/x86_64-linux-gnu:/opt/ros/humble/lib /usr/bin/cmake --build /home/thornch/rbpodo_ros2_ws/build/rbpodo_kinematics -- -j24 -l24
[0.026s] -- Found ament_cmake: 1.3.11 (/opt/ros/humble/share/ament_cmake/cmake)
[0.211s] -- Found rclcpp: 16.0.11 (/opt/ros/humble/share/rclcpp/cmake)
[0.231s] -- Found rosidl_generator_c: 3.1.6 (/opt/ros/humble/share/rosidl_generator_c/cmake)
[0.232s] -- Found rosidl_adapter: 3.1.6 (/opt/ros/humble/share/rosidl_adapter/cmake)
[0.235s] -- Found rosidl_generator_cpp: 3.1.6 (/opt/ros/humble/share/rosidl_generator_cpp/cmake)
[0.241s] -- Using all available rosidl_typesupport_c: rosidl_typesupport_fastrtps_c;rosidl_typesupport_introspection_c
[0.248s] -- Using all available rosidl_typesupport_cpp: rosidl_typesupport_fastrtps_cpp;rosidl_typesupport_introspection_cpp
[0.267s] -- Found rmw_implementation_cmake: 6.1.2 (/opt/ros/humble/share/rmw_implementation_cmake/cmake)
[0.268s] -- Found rmw_fastrtps_cpp: 6.2.7 (/opt/ros/humble/share/rmw_fastrtps_cpp/cmake)
[0.333s] -- Using RMW implementation 'rmw_fastrtps_cpp' as default
[0.366s] -- Found rbpodo_msgs: 0.0.0 (/home/thornch/rbpodo_ros2_ws/install/rbpodo_msgs/share/rbpodo_msgs/cmake)
[0.392s] -- Found geometry_msgs: 4.2.4 (/opt/ros/humble/share/geometry_msgs/cmake)
[0.400s] -- Found sensor_msgs: 4.2.4 (/opt/ros/humble/share/sensor_msgs/cmake)
[0.412s] -- Found tf2: 0.25.12 (/opt/ros/humble/share/tf2/cmake)
[0.414s] -- Found tf2_ros: 0.25.12 (/opt/ros/humble/share/tf2_ros/cmake)
[0.454s] -- Found rbpodo_description: 0.0.1 (/home/thornch/rbpodo_ros2_ws/install/rbpodo_description/share/rbpodo_description/cmake)
[0.493s] -- Configuring done (0.5s)
[0.505s] -- Generating done (0.0s)
[0.507s] -- Build files have been written to: /home/thornch/rbpodo_ros2_ws/build/rbpodo_kinematics
[0.527s] [ 25%] Built target robot_kinematics
[0.545s] [ 50%] Built target inverse_kinematics
[0.546s] [ 75%] Built target forward_kinematics
[0.546s] [ 87%] [32mBuilding CXX object CMakeFiles/motion_planner.dir/src/motion_planner.cpp.o[0m
[5.235s] [100%] [32m[1mLinking CXX executable motion_planner[0m
[5.523s] [100%] Built target motion_planner
[5.532s] Invoked command in '/home/thornch/rbpodo_ros2_ws/build/rbpodo_kinematics' returned '0': CMAKE_PREFIX_PATH=/home/thornch/rbpodo_ros2_ws/install/rbpodo_msgs:/home/thornch/rbpodo_ros2_ws/install/rbpodo_description:/home/thornch/rbpodo_ros2_ws/install/rbpodo_kinematics:/home/thornch/rbpodo_ros2_ws/install/rbpodo_controller:/home/thornch/rbpodo_ros2_ws/install/rbpodo_bringup:/home/thornch/rbpodo_ros2_ws/install/rbpodo_hardware:/home/thornch/rbpodo_ros2_ws/install/rb3_730es_u_moveit_config:/opt/ros/humble LD_LIBRARY_PATH=/home/thornch/rbpodo_ros2_ws/install/rbpodo_msgs/lib:/home/thornch/rbpodo_ros2_ws/install/rbpodo_kinematics/lib:/home/thornch/rbpodo_ros2_ws/install/rbpodo_hardware/lib:/opt/ros/humble/opt/rviz_ogre_vendor/lib:/opt/ros/humble/lib/x86_64-linux-gnu:/opt/ros/humble/lib /usr/bin/cmake --build /home/thornch/rbpodo_ros2_ws/build/rbpodo_kinematics -- -j24 -l24
[5.536s] Invoking command in '/home/thornch/rbpodo_ros2_ws/build/rbpodo_kinematics': CMAKE_PREFIX_PATH=/home/thornch/rbpodo_ros2_ws/install/rbpodo_msgs:/home/thornch/rbpodo_ros2_ws/install/rbpodo_description:/home/thornch/rbpodo_ros2_ws/install/rbpodo_kinematics:/home/thornch/rbpodo_ros2_ws/install/rbpodo_controller:/home/thornch/rbpodo_ros2_ws/install/rbpodo_bringup:/home/thornch/rbpodo_ros2_ws/install/rbpodo_hardware:/home/thornch/rbpodo_ros2_ws/install/rb3_730es_u_moveit_config:/opt/ros/humble LD_LIBRARY_PATH=/home/thornch/rbpodo_ros2_ws/install/rbpodo_msgs/lib:/home/thornch/rbpodo_ros2_ws/install/rbpodo_kinematics/lib:/home/thornch/rbpodo_ros2_ws/install/rbpodo_hardware/lib:/opt/ros/humble/opt/rviz_ogre_vendor/lib:/opt/ros/humble/lib/x86_64-linux-gnu:/opt/ros/humble/lib /usr/bin/cmake --install /home/thornch/rbpodo_ros2_ws/build/rbpodo_kinematics
[5.540s] -- Install configuration: ""
[5.540s] -- Up-to-date: /home/thornch/rbpodo_ros2_ws/install/rbpodo_kinematics/lib/librobot_kinematics.a
[5.540s] -- Up-to-date: /home/thornch/rbpodo_ros2_ws/install/rbpodo_kinematics/lib/rbpodo_kinematics/forward_kinematics
[5.541s] -- Up-to-date: /home/thornch/rbpodo_ros2_ws/install/rbpodo_kinematics/lib/rbpodo_kinematics/inverse_kinematics
[5.541s] -- Installing: /home/thornch/rbpodo_ros2_ws/install/rbpodo_kinematics/lib/rbpodo_kinematics/motion_planner
[5.546s] -- Set non-toolchain portion of runtime path of "/home/thornch/rbpodo_ros2_ws/install/rbpodo_kinematics/lib/rbpodo_kinematics/motion_planner" to ""
[5.546s] -- Up-to-date: /home/thornch/rbpodo_ros2_ws/install/rbpodo_kinematics/include
[5.547s] -- Up-to-date: /home/thornch/rbpodo_ros2_ws/install/rbpodo_kinematics/include/rbpodo_kinematics
[5.547s] -- Up-to-date: /home/thornch/rbpodo_ros2_ws/install/rbpodo_kinematics/include/rbpodo_kinematics/robot_kinematics.hpp
[5.547s] -- Up-to-date: /home/thornch/rbpodo_ros2_ws/install/rbpodo_kinematics/share/rbpodo_kinematics/launch
[5.547s] -- Installing: /home/thornch/rbpodo_ros2_ws/install/rbpodo_kinematics/share/rbpodo_kinematics/launch/motion_planner.launch.py
[5.547s] -- Up-to-date: /home/thornch/rbpodo_ros2_ws/install/rbpodo_kinematics/share/rbpodo_kinematics/launch/kinematics.launch.py
[5.547s] -- Up-to-date: /home/thornch/rbpodo_ros2_ws/install/rbpodo_kinematics/share/rbpodo_kinematics/config
[5.547s] -- Up-to-date: /home/thornch/rbpodo_ros2_ws/install/rbpodo_kinematics/share/rbpodo_kinematics/config/dh_parameters.yaml
[5.547s] -- Up-to-date: /home/thornch/rbpodo_ros2_ws/install/rbpodo_kinematics/share/rbpodo_kinematics/config/target_poses.txt
[5.547s] -- Up-to-date: /home/thornch/rbpodo_ros2_ws/install/rbpodo_kinematics/share/rbpodo_kinematics/environment/library_path.sh
[5.547s] -- Installing: /home/thornch/rbpodo_ros2_ws/install/rbpodo_kinematics/share/rbpodo_kinematics/environment/library_path.dsv
[5.547s] -- Up-to-date: /home/thornch/rbpodo_ros2_ws/install/rbpodo_kinematics/share/ament_index/resource_index/package_run_dependencies/rbpodo_kinematics
[5.547s] -- Up-to-date: /home/thornch/rbpodo_ros2_ws/install/rbpodo_kinematics/share/ament_index/resource_index/parent_prefix_path/rbpodo_kinematics
[5.547s] -- Up-to-date: /home/thornch/rbpodo_ros2_ws/install/rbpodo_kinematics/share/rbpodo_kinematics/environment/ament_prefix_path.sh
[5.547s] -- Installing: /home/thornch/rbpodo_ros2_ws/install/rbpodo_kinematics/share/rbpodo_kinematics/environment/ament_prefix_path.dsv
[5.547s] -- Up-to-date: /home/thornch/rbpodo_ros2_ws/install/rbpodo_kinematics/share/rbpodo_kinematics/environment/path.sh
[5.547s] -- Installing: /home/thornch/rbpodo_ros2_ws/install/rbpodo_kinematics/share/rbpodo_kinematics/environment/path.dsv
[5.548s] -- Up-to-date: /home/thornch/rbpodo_ros2_ws/install/rbpodo_kinematics/share/rbpodo_kinematics/local_setup.bash
[5.548s] -- Up-to-date: /home/thornch/rbpodo_ros2_ws/install/rbpodo_kinematics/share/rbpodo_kinematics/local_setup.sh
[5.548s] -- Up-to-date: /home/thornch/rbpodo_ros2_ws/install/rbpodo_kinematics/share/rbpodo_kinematics/local_setup.zsh
[5.548s] -- Installing: /home/thornch/rbpodo_ros2_ws/install/rbpodo_kinematics/share/rbpodo_kinematics/local_setup.dsv
[5.548s] -- Installing: /home/thornch/rbpodo_ros2_ws/install/rbpodo_kinematics/share/rbpodo_kinematics/package.dsv
[5.548s] -- Up-to-date: /home/thornch/rbpodo_ros2_ws/install/rbpodo_kinematics/share/ament_index/resource_index/packages/rbpodo_kinematics
[5.548s] -- Up-to-date: /home/thornch/rbpodo_ros2_ws/install/rbpodo_kinematics/share/rbpodo_kinematics/cmake/ament_cmake_export_include_directories-extras.cmake
[5.548s] -- Up-to-date: /home/thornch/rbpodo_ros2_ws/install/rbpodo_kinematics/share/rbpodo_kinematics/cmake/ament_cmake_export_libraries-extras.cmake
[5.548s] -- Up-to-date: /home/thornch/rbpodo_ros2_ws/install/rbpodo_kinematics/share/rbpodo_kinematics/cmake/ament_cmake_export_dependencies-extras.cmake
[5.548s] -- Up-to-date: /home/thornch/rbpodo_ros2_ws/install/rbpodo_kinematics/share/rbpodo_kinematics/cmake/rbpodo_kinematicsConfig.cmake
[5.548s] -- Up-to-date: /home/thornch/rbpodo_ros2_ws/install/rbpodo_kinematics/share/rbpodo_kinematics/cmake/rbpodo_kinematicsConfig-version.cmake
[5.548s] -- Up-to-date: /home/thornch/rbpodo_ros2_ws/install/rbpodo_kinematics/share/rbpodo_kinematics/package.xml
[5.549s] Invoked command in '/home/thornch/rbpodo_ros2_ws/build/rbpodo_kinematics' returned '0': CMAKE_PREFIX_PATH=/home/thornch/rbpodo_ros2_ws/install/rbpodo_msgs:/home/thornch/rbpodo_ros2_ws/install/rbpodo_description:/home/thornch/rbpodo_ros2_ws/install/rbpodo_kinematics:/home/thornch/rbpodo_ros2_ws/install/rbpodo_controller:/home/thornch/rbpodo_ros2_ws/install/rbpodo_bringup:/home/thornch/rbpodo_ros2_ws/install/rbpodo_hardware:/home/thornch/rbpodo_ros2_ws/install/rb3_730es_u_moveit_config:/opt/ros/humble LD_LIBRARY_PATH=/home/thornch/rbpodo_ros2_ws/install/rbpodo_msgs/lib:/home/thornch/rbpodo_ros2_ws/install/rbpodo_kinematics/lib:/home/thornch/rbpodo_ros2_ws/install/rbpodo_hardware/lib:/opt/ros/humble/opt/rviz_ogre_vendor/lib:/opt/ros/humble/lib/x86_64-linux-gnu:/opt/ros/humble/lib /usr/bin/cmake --install /home/thornch/rbpodo_ros2_ws/build/rbpodo_kinematics
