[0.005s] Invoking command in '/home/thornch/rbpodo_ros2_ws/build/rbpodo_msgs': CMAKE_PREFIX_PATH=/opt/ros/humble /usr/bin/cmake /home/thornch/rbpodo_ros2_ws/src/rbpodo_ros2/rbpodo_msgs -DCMAKE_BUILD_TYPE=Release -DCMAKE_INSTALL_PREFIX=/home/thornch/rbpodo_ros2_ws/install/rbpodo_msgs
[0.007s] [0mCMake Deprecation Warning at CMakeLists.txt:1 (cmake_minimum_required):
[0.007s]   Compatibility with CMake < 3.10 will be removed from a future version of
[0.007s]   CMake.
[0.008s] 
[0.008s]   Update the VERSION argument <min> value.  Or, use the <min>...<max> syntax
[0.008s]   to tell CMake that the project requires at least <min> but has been updated
[0.008s]   to work with policies introduced by <max> or earlier.
[0.008s] 
[0.008s] [0m
[0.017s] -- Found ament_cmake: 1.3.11 (/opt/ros/humble/share/ament_cmake/cmake)
[0.138s] -- Found rosidl_default_generators: 1.2.0 (/opt/ros/humble/share/rosidl_default_generators/cmake)
[0.138s] -- Using all available rosidl_typesupport_c: rosidl_typesupport_fastrtps_c;rosidl_typesupport_introspection_c
[0.140s] -- Found rosidl_adapter: 3.1.6 (/opt/ros/humble/share/rosidl_adapter/cmake)
[0.158s] -- Using all available rosidl_typesupport_cpp: rosidl_typesupport_fastrtps_cpp;rosidl_typesupport_introspection_cpp
[0.172s] -- Found std_msgs: 4.2.4 (/opt/ros/humble/share/std_msgs/cmake)
[0.564s] -- Found ament_cmake_ros: 0.10.0 (/opt/ros/humble/share/ament_cmake_ros/cmake)
[0.936s] -- Using all available rosidl_typesupport_c: rosidl_typesupport_fastrtps_c;rosidl_typesupport_introspection_c
[1.449s] -- Using all available rosidl_typesupport_cpp: rosidl_typesupport_fastrtps_cpp;rosidl_typesupport_introspection_cpp
[1.451s] [33mCMake Warning (dev) at /opt/ros/humble/share/rosidl_generator_py/cmake/rosidl_generator_py_generate_interfaces.cmake:20 (find_package):
[1.451s]   Policy CMP0148 is not set: The FindPythonInterp and FindPythonLibs modules
[1.451s]   are removed.  Run "cmake --help-policy CMP0148" for policy details.  Use
[1.451s]   the cmake_policy command to set the policy and suppress this warning.
[1.451s] 
[1.451s] Call Stack (most recent call first):
[1.451s]   /opt/ros/humble/share/ament_cmake_core/cmake/core/ament_execute_extensions.cmake:48 (include)
[1.451s]   /opt/ros/humble/share/rosidl_cmake/cmake/rosidl_generate_interfaces.cmake:286 (ament_execute_extensions)
[1.451s]   CMakeLists.txt:16 (rosidl_generate_interfaces)
[1.451s] This warning is for project developers.  Use -Wno-dev to suppress it.
[1.451s] [0m
[1.466s] -- Found python_cmake_module: 0.10.0 (/opt/ros/humble/share/python_cmake_module/cmake)
[1.466s] [33mCMake Warning (dev) at /opt/ros/humble/share/python_cmake_module/cmake/Modules/FindPythonExtra.cmake:52 (find_package):
[1.466s]   Policy CMP0148 is not set: The FindPythonInterp and FindPythonLibs modules
[1.467s]   are removed.  Run "cmake --help-policy CMP0148" for policy details.  Use
[1.467s]   the cmake_policy command to set the policy and suppress this warning.
[1.467s] 
[1.467s] Call Stack (most recent call first):
[1.467s]   /opt/ros/humble/share/rosidl_generator_py/cmake/rosidl_generator_py_generate_interfaces.cmake:23 (find_package)
[1.467s]   /opt/ros/humble/share/ament_cmake_core/cmake/core/ament_execute_extensions.cmake:48 (include)
[1.467s]   /opt/ros/humble/share/rosidl_cmake/cmake/rosidl_generate_interfaces.cmake:286 (ament_execute_extensions)
[1.467s]   CMakeLists.txt:16 (rosidl_generate_interfaces)
[1.467s] This warning is for project developers.  Use -Wno-dev to suppress it.
[1.467s] [0m
[1.501s] [33mCMake Warning (dev) at /opt/ros/humble/share/python_cmake_module/cmake/Modules/FindPythonExtra.cmake:140 (find_package):
[1.501s]   Policy CMP0148 is not set: The FindPythonInterp and FindPythonLibs modules
[1.501s]   are removed.  Run "cmake --help-policy CMP0148" for policy details.  Use
[1.501s]   the cmake_policy command to set the policy and suppress this warning.
[1.502s] 
[1.502s] Call Stack (most recent call first):
[1.502s]   /opt/ros/humble/share/rosidl_generator_py/cmake/rosidl_generator_py_generate_interfaces.cmake:23 (find_package)
[1.502s]   /opt/ros/humble/share/ament_cmake_core/cmake/core/ament_execute_extensions.cmake:48 (include)
[1.503s]   /opt/ros/humble/share/rosidl_cmake/cmake/rosidl_generate_interfaces.cmake:286 (ament_execute_extensions)
[1.503s]   CMakeLists.txt:16 (rosidl_generate_interfaces)
[1.503s] This warning is for project developers.  Use -Wno-dev to suppress it.
[1.503s] [0m
[1.508s] -- Using PYTHON_EXECUTABLE: /usr/bin/python3
[1.508s] -- Using PYTHON_INCLUDE_DIRS: /usr/include/python3.10
[1.508s] -- Using PYTHON_LIBRARIES: /usr/lib/x86_64-linux-gnu/libpython3.10.so
[1.539s] [31mCMake Error at CMakeLists.txt:47 (find_package):
[1.539s]   By not providing "Findament_lint_auto.cmake" in CMAKE_MODULE_PATH this
[1.539s]   project has asked CMake to find a package configuration file provided by
[1.539s]   "ament_lint_auto", but CMake did not find one.
[1.539s] 
[1.539s]   Could not find a package configuration file provided by "ament_lint_auto"
[1.539s]   with any of the following names:
[1.539s] 
[1.539s]     ament_lint_autoConfig.cmake
[1.539s]     ament_lint_auto-config.cmake
[1.539s] 
[1.539s]   Add the installation prefix of "ament_lint_auto" to CMAKE_PREFIX_PATH or
[1.539s]   set "ament_lint_auto_DIR" to a directory containing one of the above files.
[1.539s]   If "ament_lint_auto" provides a separate development package or SDK, be
[1.539s]   sure it has been installed.
[1.539s] 
[1.539s] [0m
[1.540s] -- Configuring incomplete, errors occurred!
[1.544s] Invoked command in '/home/thornch/rbpodo_ros2_ws/build/rbpodo_msgs' returned '1': CMAKE_PREFIX_PATH=/opt/ros/humble /usr/bin/cmake /home/thornch/rbpodo_ros2_ws/src/rbpodo_ros2/rbpodo_msgs -DCMAKE_BUILD_TYPE=Release -DCMAKE_INSTALL_PREFIX=/home/thornch/rbpodo_ros2_ws/install/rbpodo_msgs
