[  0%] Built target rbpodo_msgs__cpp
[ 12%] Built target rbpodo_msgs__rosidl_generator_c
[ 12%] Built target ament_cmake_python_copy_rbpodo_msgs
[ 24%] Built target rbpodo_msgs__rosidl_typesupport_c
[ 36%] Built target rbpodo_msgs__rosidl_typesupport_introspection_c
[ 53%] Built target rbpodo_msgs__rosidl_typesupport_cpp
[ 61%] Built target rbpodo_msgs__rosidl_typesupport_introspection_cpp
[ 73%] Built target rbpodo_msgs__rosidl_typesupport_fastrtps_cpp
[ 85%] Built target rbpodo_msgs__rosidl_typesupport_fastrtps_c
[ 85%] Built target rbpodo_msgs
[ 86%] Built target rbpodo_msgs__py
[ 97%] Built target rbpodo_msgs__rosidl_generator_py
[ 98%] Built target rbpodo_msgs__rosidl_typesupport_introspection_c__pyext
[ 99%] Built target rbpodo_msgs__rosidl_typesupport_c__pyext
[100%] Built target rbpodo_msgs__rosidl_typesupport_fastrtps_c__pyext
running egg_info
writing rbpodo_msgs.egg-info/PKG-INFO
writing dependency_links to rbpodo_msgs.egg-info/dependency_links.txt
writing top-level names to rbpodo_msgs.egg-info/top_level.txt
reading manifest file 'rbpodo_msgs.egg-info/SOURCES.txt'
writing manifest file 'rbpodo_msgs.egg-info/SOURCES.txt'
[100%] Built target ament_cmake_python_build_rbpodo_msgs_egg
-- Install configuration: "Release"
-- Up-to-date: /home/thornch/rbpodo_ros2_ws/install/rbpodo_msgs/share/ament_index/resource_index/rosidl_interfaces/rbpodo_msgs
-- Up-to-date: /home/thornch/rbpodo_ros2_ws/install/rbpodo_msgs/include/rbpodo_msgs/rbpodo_msgs
-- Up-to-date: /home/thornch/rbpodo_ros2_ws/install/rbpodo_msgs/include/rbpodo_msgs/rbpodo_msgs/msg
-- Up-to-date: /home/thornch/rbpodo_ros2_ws/install/rbpodo_msgs/include/rbpodo_msgs/rbpodo_msgs/msg/system_state.h
-- Up-to-date: /home/thornch/rbpodo_ros2_ws/install/rbpodo_msgs/include/rbpodo_msgs/rbpodo_msgs/msg/rosidl_generator_c__visibility_control.h
-- Up-to-date: /home/thornch/rbpodo_ros2_ws/install/rbpodo_msgs/include/rbpodo_msgs/rbpodo_msgs/msg/response.h
-- Up-to-date: /home/thornch/rbpodo_ros2_ws/install/rbpodo_msgs/include/rbpodo_msgs/rbpodo_msgs/msg/move_pb_point.h
-- Up-to-date: /home/thornch/rbpodo_ros2_ws/install/rbpodo_msgs/include/rbpodo_msgs/rbpodo_msgs/msg/detail
-- Up-to-date: /home/thornch/rbpodo_ros2_ws/install/rbpodo_msgs/include/rbpodo_msgs/rbpodo_msgs/msg/detail/response__functions.h
-- Up-to-date: /home/thornch/rbpodo_ros2_ws/install/rbpodo_msgs/include/rbpodo_msgs/rbpodo_msgs/msg/detail/system_state__struct.h
-- Up-to-date: /home/thornch/rbpodo_ros2_ws/install/rbpodo_msgs/include/rbpodo_msgs/rbpodo_msgs/msg/detail/move_jb2_point__functions.c
-- Up-to-date: /home/thornch/rbpodo_ros2_ws/install/rbpodo_msgs/include/rbpodo_msgs/rbpodo_msgs/msg/detail/response__struct.h
-- Up-to-date: /home/thornch/rbpodo_ros2_ws/install/rbpodo_msgs/include/rbpodo_msgs/rbpodo_msgs/msg/detail/move_jb2_point__functions.h
-- Up-to-date: /home/thornch/rbpodo_ros2_ws/install/rbpodo_msgs/include/rbpodo_msgs/rbpodo_msgs/msg/detail/response__type_support.h
-- Up-to-date: /home/thornch/rbpodo_ros2_ws/install/rbpodo_msgs/include/rbpodo_msgs/rbpodo_msgs/msg/detail/move_pb_point__struct.h
-- Up-to-date: /home/thornch/rbpodo_ros2_ws/install/rbpodo_msgs/include/rbpodo_msgs/rbpodo_msgs/msg/detail/move_pb_point__functions.h
-- Up-to-date: /home/thornch/rbpodo_ros2_ws/install/rbpodo_msgs/include/rbpodo_msgs/rbpodo_msgs/msg/detail/move_jb2_point__type_support.h
-- Up-to-date: /home/thornch/rbpodo_ros2_ws/install/rbpodo_msgs/include/rbpodo_msgs/rbpodo_msgs/msg/detail/system_state__functions.c
-- Up-to-date: /home/thornch/rbpodo_ros2_ws/install/rbpodo_msgs/include/rbpodo_msgs/rbpodo_msgs/msg/detail/response__functions.c
-- Up-to-date: /home/thornch/rbpodo_ros2_ws/install/rbpodo_msgs/include/rbpodo_msgs/rbpodo_msgs/msg/detail/move_jb2_point__struct.h
-- Up-to-date: /home/thornch/rbpodo_ros2_ws/install/rbpodo_msgs/include/rbpodo_msgs/rbpodo_msgs/msg/detail/system_state__functions.h
-- Up-to-date: /home/thornch/rbpodo_ros2_ws/install/rbpodo_msgs/include/rbpodo_msgs/rbpodo_msgs/msg/detail/move_pb_point__type_support.h
-- Up-to-date: /home/thornch/rbpodo_ros2_ws/install/rbpodo_msgs/include/rbpodo_msgs/rbpodo_msgs/msg/detail/system_state__type_support.h
-- Up-to-date: /home/thornch/rbpodo_ros2_ws/install/rbpodo_msgs/include/rbpodo_msgs/rbpodo_msgs/msg/detail/move_pb_point__functions.c
-- Up-to-date: /home/thornch/rbpodo_ros2_ws/install/rbpodo_msgs/include/rbpodo_msgs/rbpodo_msgs/msg/move_jb2_point.h
-- Up-to-date: /home/thornch/rbpodo_ros2_ws/install/rbpodo_msgs/include/rbpodo_msgs/rbpodo_msgs/action
-- Up-to-date: /home/thornch/rbpodo_ros2_ws/install/rbpodo_msgs/include/rbpodo_msgs/rbpodo_msgs/action/move_l.h
-- Up-to-date: /home/thornch/rbpodo_ros2_ws/install/rbpodo_msgs/include/rbpodo_msgs/rbpodo_msgs/action/move_jb2.h
-- Up-to-date: /home/thornch/rbpodo_ros2_ws/install/rbpodo_msgs/include/rbpodo_msgs/rbpodo_msgs/action/move_j.h
-- Up-to-date: /home/thornch/rbpodo_ros2_ws/install/rbpodo_msgs/include/rbpodo_msgs/rbpodo_msgs/action/detail
-- Up-to-date: /home/thornch/rbpodo_ros2_ws/install/rbpodo_msgs/include/rbpodo_msgs/rbpodo_msgs/action/detail/move_pb__type_support.h
-- Up-to-date: /home/thornch/rbpodo_ros2_ws/install/rbpodo_msgs/include/rbpodo_msgs/rbpodo_msgs/action/detail/move_j__functions.h
-- Up-to-date: /home/thornch/rbpodo_ros2_ws/install/rbpodo_msgs/include/rbpodo_msgs/rbpodo_msgs/action/detail/move_j__struct.h
-- Up-to-date: /home/thornch/rbpodo_ros2_ws/install/rbpodo_msgs/include/rbpodo_msgs/rbpodo_msgs/action/detail/move_jb2__type_support.h
-- Up-to-date: /home/thornch/rbpodo_ros2_ws/install/rbpodo_msgs/include/rbpodo_msgs/rbpodo_msgs/action/detail/move_l__type_support.h
-- Up-to-date: /home/thornch/rbpodo_ros2_ws/install/rbpodo_msgs/include/rbpodo_msgs/rbpodo_msgs/action/detail/move_jb2__functions.c
-- Up-to-date: /home/thornch/rbpodo_ros2_ws/install/rbpodo_msgs/include/rbpodo_msgs/rbpodo_msgs/action/detail/move_pb__struct.h
-- Up-to-date: /home/thornch/rbpodo_ros2_ws/install/rbpodo_msgs/include/rbpodo_msgs/rbpodo_msgs/action/detail/move_l__struct.h
-- Up-to-date: /home/thornch/rbpodo_ros2_ws/install/rbpodo_msgs/include/rbpodo_msgs/rbpodo_msgs/action/detail/move_j__type_support.h
-- Up-to-date: /home/thornch/rbpodo_ros2_ws/install/rbpodo_msgs/include/rbpodo_msgs/rbpodo_msgs/action/detail/move_jb2__struct.h
-- Up-to-date: /home/thornch/rbpodo_ros2_ws/install/rbpodo_msgs/include/rbpodo_msgs/rbpodo_msgs/action/detail/move_l__functions.h
-- Up-to-date: /home/thornch/rbpodo_ros2_ws/install/rbpodo_msgs/include/rbpodo_msgs/rbpodo_msgs/action/detail/move_jb2__functions.h
-- Up-to-date: /home/thornch/rbpodo_ros2_ws/install/rbpodo_msgs/include/rbpodo_msgs/rbpodo_msgs/action/detail/move_pb__functions.h
-- Up-to-date: /home/thornch/rbpodo_ros2_ws/install/rbpodo_msgs/include/rbpodo_msgs/rbpodo_msgs/action/detail/move_pb__functions.c
-- Up-to-date: /home/thornch/rbpodo_ros2_ws/install/rbpodo_msgs/include/rbpodo_msgs/rbpodo_msgs/action/detail/move_j__functions.c
-- Up-to-date: /home/thornch/rbpodo_ros2_ws/install/rbpodo_msgs/include/rbpodo_msgs/rbpodo_msgs/action/detail/move_l__functions.c
-- Up-to-date: /home/thornch/rbpodo_ros2_ws/install/rbpodo_msgs/include/rbpodo_msgs/rbpodo_msgs/action/move_pb.h
-- Up-to-date: /home/thornch/rbpodo_ros2_ws/install/rbpodo_msgs/include/rbpodo_msgs/rbpodo_msgs/srv
-- Up-to-date: /home/thornch/rbpodo_ros2_ws/install/rbpodo_msgs/include/rbpodo_msgs/rbpodo_msgs/srv/set_cartesian_velocity_controller_config.h
-- Up-to-date: /home/thornch/rbpodo_ros2_ws/install/rbpodo_msgs/include/rbpodo_msgs/rbpodo_msgs/srv/task_stop.h
-- Up-to-date: /home/thornch/rbpodo_ros2_ws/install/rbpodo_msgs/include/rbpodo_msgs/rbpodo_msgs/srv/set_joint_position_controller_config.h
-- Up-to-date: /home/thornch/rbpodo_ros2_ws/install/rbpodo_msgs/include/rbpodo_msgs/rbpodo_msgs/srv/set_speed_bar.h
-- Up-to-date: /home/thornch/rbpodo_ros2_ws/install/rbpodo_msgs/include/rbpodo_msgs/rbpodo_msgs/srv/eval.h
-- Up-to-date: /home/thornch/rbpodo_ros2_ws/install/rbpodo_msgs/include/rbpodo_msgs/rbpodo_msgs/srv/task_pause.h
-- Up-to-date: /home/thornch/rbpodo_ros2_ws/install/rbpodo_msgs/include/rbpodo_msgs/rbpodo_msgs/srv/set_cartesian_pose_controller_config.h
-- Up-to-date: /home/thornch/rbpodo_ros2_ws/install/rbpodo_msgs/include/rbpodo_msgs/rbpodo_msgs/srv/set_joint_effort_controller_config.h
-- Up-to-date: /home/thornch/rbpodo_ros2_ws/install/rbpodo_msgs/include/rbpodo_msgs/rbpodo_msgs/srv/task_resume.h
-- Up-to-date: /home/thornch/rbpodo_ros2_ws/install/rbpodo_msgs/include/rbpodo_msgs/rbpodo_msgs/srv/set_joint_velocity_controller_config.h
-- Up-to-date: /home/thornch/rbpodo_ros2_ws/install/rbpodo_msgs/include/rbpodo_msgs/rbpodo_msgs/srv/task_play.h
-- Up-to-date: /home/thornch/rbpodo_ros2_ws/install/rbpodo_msgs/include/rbpodo_msgs/rbpodo_msgs/srv/detail
-- Up-to-date: /home/thornch/rbpodo_ros2_ws/install/rbpodo_msgs/include/rbpodo_msgs/rbpodo_msgs/srv/detail/set_joint_velocity_controller_config__functions.h
-- Up-to-date: /home/thornch/rbpodo_ros2_ws/install/rbpodo_msgs/include/rbpodo_msgs/rbpodo_msgs/srv/detail/task_resume__functions.c
-- Up-to-date: /home/thornch/rbpodo_ros2_ws/install/rbpodo_msgs/include/rbpodo_msgs/rbpodo_msgs/srv/detail/task_play__struct.h
-- Up-to-date: /home/thornch/rbpodo_ros2_ws/install/rbpodo_msgs/include/rbpodo_msgs/rbpodo_msgs/srv/detail/set_joint_effort_controller_config__struct.h
-- Up-to-date: /home/thornch/rbpodo_ros2_ws/install/rbpodo_msgs/include/rbpodo_msgs/rbpodo_msgs/srv/detail/task_play__functions.h
-- Up-to-date: /home/thornch/rbpodo_ros2_ws/install/rbpodo_msgs/include/rbpodo_msgs/rbpodo_msgs/srv/detail/set_cartesian_pose_controller_config__type_support.h
-- Up-to-date: /home/thornch/rbpodo_ros2_ws/install/rbpodo_msgs/include/rbpodo_msgs/rbpodo_msgs/srv/detail/task_pause__functions.h
-- Up-to-date: /home/thornch/rbpodo_ros2_ws/install/rbpodo_msgs/include/rbpodo_msgs/rbpodo_msgs/srv/detail/set_joint_effort_controller_config__functions.c
-- Up-to-date: /home/thornch/rbpodo_ros2_ws/install/rbpodo_msgs/include/rbpodo_msgs/rbpodo_msgs/srv/detail/set_speed_bar__struct.h
-- Up-to-date: /home/thornch/rbpodo_ros2_ws/install/rbpodo_msgs/include/rbpodo_msgs/rbpodo_msgs/srv/detail/task_load__struct.h
-- Up-to-date: /home/thornch/rbpodo_ros2_ws/install/rbpodo_msgs/include/rbpodo_msgs/rbpodo_msgs/srv/detail/eval__functions.h
-- Up-to-date: /home/thornch/rbpodo_ros2_ws/install/rbpodo_msgs/include/rbpodo_msgs/rbpodo_msgs/srv/detail/eval__struct.h
-- Up-to-date: /home/thornch/rbpodo_ros2_ws/install/rbpodo_msgs/include/rbpodo_msgs/rbpodo_msgs/srv/detail/eval__functions.c
-- Up-to-date: /home/thornch/rbpodo_ros2_ws/install/rbpodo_msgs/include/rbpodo_msgs/rbpodo_msgs/srv/detail/set_operation_mode__type_support.h
-- Up-to-date: /home/thornch/rbpodo_ros2_ws/install/rbpodo_msgs/include/rbpodo_msgs/rbpodo_msgs/srv/detail/set_cartesian_pose_controller_config__functions.h
-- Up-to-date: /home/thornch/rbpodo_ros2_ws/install/rbpodo_msgs/include/rbpodo_msgs/rbpodo_msgs/srv/detail/set_speed_bar__functions.c
-- Up-to-date: /home/thornch/rbpodo_ros2_ws/install/rbpodo_msgs/include/rbpodo_msgs/rbpodo_msgs/srv/detail/set_cartesian_velocity_controller_config__functions.c
-- Up-to-date: /home/thornch/rbpodo_ros2_ws/install/rbpodo_msgs/include/rbpodo_msgs/rbpodo_msgs/srv/detail/set_joint_position_controller_config__functions.c
-- Up-to-date: /home/thornch/rbpodo_ros2_ws/install/rbpodo_msgs/include/rbpodo_msgs/rbpodo_msgs/srv/detail/set_cartesian_velocity_controller_config__type_support.h
-- Up-to-date: /home/thornch/rbpodo_ros2_ws/install/rbpodo_msgs/include/rbpodo_msgs/rbpodo_msgs/srv/detail/set_joint_position_controller_config__struct.h
-- Up-to-date: /home/thornch/rbpodo_ros2_ws/install/rbpodo_msgs/include/rbpodo_msgs/rbpodo_msgs/srv/detail/task_play__functions.c
-- Up-to-date: /home/thornch/rbpodo_ros2_ws/install/rbpodo_msgs/include/rbpodo_msgs/rbpodo_msgs/srv/detail/task_load__functions.h
-- Up-to-date: /home/thornch/rbpodo_ros2_ws/install/rbpodo_msgs/include/rbpodo_msgs/rbpodo_msgs/srv/detail/task_play__type_support.h
-- Up-to-date: /home/thornch/rbpodo_ros2_ws/install/rbpodo_msgs/include/rbpodo_msgs/rbpodo_msgs/srv/detail/set_cartesian_velocity_controller_config__functions.h
-- Up-to-date: /home/thornch/rbpodo_ros2_ws/install/rbpodo_msgs/include/rbpodo_msgs/rbpodo_msgs/srv/detail/set_joint_effort_controller_config__type_support.h
-- Up-to-date: /home/thornch/rbpodo_ros2_ws/install/rbpodo_msgs/include/rbpodo_msgs/rbpodo_msgs/srv/detail/task_stop__struct.h
-- Up-to-date: /home/thornch/rbpodo_ros2_ws/install/rbpodo_msgs/include/rbpodo_msgs/rbpodo_msgs/srv/detail/task_load__functions.c
-- Up-to-date: /home/thornch/rbpodo_ros2_ws/install/rbpodo_msgs/include/rbpodo_msgs/rbpodo_msgs/srv/detail/eval__type_support.h
-- Up-to-date: /home/thornch/rbpodo_ros2_ws/install/rbpodo_msgs/include/rbpodo_msgs/rbpodo_msgs/srv/detail/set_cartesian_pose_controller_config__functions.c
-- Up-to-date: /home/thornch/rbpodo_ros2_ws/install/rbpodo_msgs/include/rbpodo_msgs/rbpodo_msgs/srv/detail/task_resume__functions.h
-- Up-to-date: /home/thornch/rbpodo_ros2_ws/install/rbpodo_msgs/include/rbpodo_msgs/rbpodo_msgs/srv/detail/task_pause__functions.c
-- Up-to-date: /home/thornch/rbpodo_ros2_ws/install/rbpodo_msgs/include/rbpodo_msgs/rbpodo_msgs/srv/detail/set_operation_mode__functions.h
-- Up-to-date: /home/thornch/rbpodo_ros2_ws/install/rbpodo_msgs/include/rbpodo_msgs/rbpodo_msgs/srv/detail/set_speed_bar__functions.h
-- Up-to-date: /home/thornch/rbpodo_ros2_ws/install/rbpodo_msgs/include/rbpodo_msgs/rbpodo_msgs/srv/detail/set_joint_position_controller_config__functions.h
-- Up-to-date: /home/thornch/rbpodo_ros2_ws/install/rbpodo_msgs/include/rbpodo_msgs/rbpodo_msgs/srv/detail/set_cartesian_pose_controller_config__struct.h
-- Up-to-date: /home/thornch/rbpodo_ros2_ws/install/rbpodo_msgs/include/rbpodo_msgs/rbpodo_msgs/srv/detail/task_load__type_support.h
-- Up-to-date: /home/thornch/rbpodo_ros2_ws/install/rbpodo_msgs/include/rbpodo_msgs/rbpodo_msgs/srv/detail/task_pause__type_support.h
-- Up-to-date: /home/thornch/rbpodo_ros2_ws/install/rbpodo_msgs/include/rbpodo_msgs/rbpodo_msgs/srv/detail/set_operation_mode__struct.h
-- Up-to-date: /home/thornch/rbpodo_ros2_ws/install/rbpodo_msgs/include/rbpodo_msgs/rbpodo_msgs/srv/detail/set_joint_position_controller_config__type_support.h
-- Up-to-date: /home/thornch/rbpodo_ros2_ws/install/rbpodo_msgs/include/rbpodo_msgs/rbpodo_msgs/srv/detail/set_joint_velocity_controller_config__struct.h
-- Up-to-date: /home/thornch/rbpodo_ros2_ws/install/rbpodo_msgs/include/rbpodo_msgs/rbpodo_msgs/srv/detail/task_resume__type_support.h
-- Up-to-date: /home/thornch/rbpodo_ros2_ws/install/rbpodo_msgs/include/rbpodo_msgs/rbpodo_msgs/srv/detail/set_joint_velocity_controller_config__type_support.h
-- Up-to-date: /home/thornch/rbpodo_ros2_ws/install/rbpodo_msgs/include/rbpodo_msgs/rbpodo_msgs/srv/detail/task_stop__functions.h
-- Up-to-date: /home/thornch/rbpodo_ros2_ws/install/rbpodo_msgs/include/rbpodo_msgs/rbpodo_msgs/srv/detail/set_cartesian_velocity_controller_config__struct.h
-- Up-to-date: /home/thornch/rbpodo_ros2_ws/install/rbpodo_msgs/include/rbpodo_msgs/rbpodo_msgs/srv/detail/task_pause__struct.h
-- Up-to-date: /home/thornch/rbpodo_ros2_ws/install/rbpodo_msgs/include/rbpodo_msgs/rbpodo_msgs/srv/detail/task_stop__functions.c
-- Up-to-date: /home/thornch/rbpodo_ros2_ws/install/rbpodo_msgs/include/rbpodo_msgs/rbpodo_msgs/srv/detail/task_resume__struct.h
-- Up-to-date: /home/thornch/rbpodo_ros2_ws/install/rbpodo_msgs/include/rbpodo_msgs/rbpodo_msgs/srv/detail/set_joint_effort_controller_config__functions.h
-- Up-to-date: /home/thornch/rbpodo_ros2_ws/install/rbpodo_msgs/include/rbpodo_msgs/rbpodo_msgs/srv/detail/task_stop__type_support.h
-- Up-to-date: /home/thornch/rbpodo_ros2_ws/install/rbpodo_msgs/include/rbpodo_msgs/rbpodo_msgs/srv/detail/set_operation_mode__functions.c
-- Up-to-date: /home/thornch/rbpodo_ros2_ws/install/rbpodo_msgs/include/rbpodo_msgs/rbpodo_msgs/srv/detail/set_joint_velocity_controller_config__functions.c
-- Up-to-date: /home/thornch/rbpodo_ros2_ws/install/rbpodo_msgs/include/rbpodo_msgs/rbpodo_msgs/srv/detail/set_speed_bar__type_support.h
-- Up-to-date: /home/thornch/rbpodo_ros2_ws/install/rbpodo_msgs/include/rbpodo_msgs/rbpodo_msgs/srv/task_load.h
-- Up-to-date: /home/thornch/rbpodo_ros2_ws/install/rbpodo_msgs/include/rbpodo_msgs/rbpodo_msgs/srv/set_operation_mode.h
-- Up-to-date: /home/thornch/rbpodo_ros2_ws/install/rbpodo_msgs/share/rbpodo_msgs/environment/library_path.sh
-- Up-to-date: /home/thornch/rbpodo_ros2_ws/install/rbpodo_msgs/share/rbpodo_msgs/environment/library_path.dsv
-- Up-to-date: /home/thornch/rbpodo_ros2_ws/install/rbpodo_msgs/lib/librbpodo_msgs__rosidl_generator_c.so
-- Up-to-date: /home/thornch/rbpodo_ros2_ws/install/rbpodo_msgs/include/rbpodo_msgs/rbpodo_msgs
-- Up-to-date: /home/thornch/rbpodo_ros2_ws/install/rbpodo_msgs/include/rbpodo_msgs/rbpodo_msgs/msg
-- Up-to-date: /home/thornch/rbpodo_ros2_ws/install/rbpodo_msgs/include/rbpodo_msgs/rbpodo_msgs/msg/rosidl_typesupport_fastrtps_c__visibility_control.h
-- Up-to-date: /home/thornch/rbpodo_ros2_ws/install/rbpodo_msgs/include/rbpodo_msgs/rbpodo_msgs/msg/detail
-- Up-to-date: /home/thornch/rbpodo_ros2_ws/install/rbpodo_msgs/include/rbpodo_msgs/rbpodo_msgs/msg/detail/move_jb2_point__rosidl_typesupport_fastrtps_c.h
-- Up-to-date: /home/thornch/rbpodo_ros2_ws/install/rbpodo_msgs/include/rbpodo_msgs/rbpodo_msgs/msg/detail/move_pb_point__rosidl_typesupport_fastrtps_c.h
-- Up-to-date: /home/thornch/rbpodo_ros2_ws/install/rbpodo_msgs/include/rbpodo_msgs/rbpodo_msgs/msg/detail/response__rosidl_typesupport_fastrtps_c.h
-- Up-to-date: /home/thornch/rbpodo_ros2_ws/install/rbpodo_msgs/include/rbpodo_msgs/rbpodo_msgs/msg/detail/system_state__rosidl_typesupport_fastrtps_c.h
-- Up-to-date: /home/thornch/rbpodo_ros2_ws/install/rbpodo_msgs/include/rbpodo_msgs/rbpodo_msgs/action
-- Up-to-date: /home/thornch/rbpodo_ros2_ws/install/rbpodo_msgs/include/rbpodo_msgs/rbpodo_msgs/action/detail
-- Up-to-date: /home/thornch/rbpodo_ros2_ws/install/rbpodo_msgs/include/rbpodo_msgs/rbpodo_msgs/action/detail/move_j__rosidl_typesupport_fastrtps_c.h
-- Up-to-date: /home/thornch/rbpodo_ros2_ws/install/rbpodo_msgs/include/rbpodo_msgs/rbpodo_msgs/action/detail/move_l__rosidl_typesupport_fastrtps_c.h
-- Up-to-date: /home/thornch/rbpodo_ros2_ws/install/rbpodo_msgs/include/rbpodo_msgs/rbpodo_msgs/action/detail/move_jb2__rosidl_typesupport_fastrtps_c.h
-- Up-to-date: /home/thornch/rbpodo_ros2_ws/install/rbpodo_msgs/include/rbpodo_msgs/rbpodo_msgs/action/detail/move_pb__rosidl_typesupport_fastrtps_c.h
-- Up-to-date: /home/thornch/rbpodo_ros2_ws/install/rbpodo_msgs/include/rbpodo_msgs/rbpodo_msgs/srv
-- Up-to-date: /home/thornch/rbpodo_ros2_ws/install/rbpodo_msgs/include/rbpodo_msgs/rbpodo_msgs/srv/detail
-- Up-to-date: /home/thornch/rbpodo_ros2_ws/install/rbpodo_msgs/include/rbpodo_msgs/rbpodo_msgs/srv/detail/set_joint_position_controller_config__rosidl_typesupport_fastrtps_c.h
-- Up-to-date: /home/thornch/rbpodo_ros2_ws/install/rbpodo_msgs/include/rbpodo_msgs/rbpodo_msgs/srv/detail/set_joint_velocity_controller_config__rosidl_typesupport_fastrtps_c.h
-- Up-to-date: /home/thornch/rbpodo_ros2_ws/install/rbpodo_msgs/include/rbpodo_msgs/rbpodo_msgs/srv/detail/set_speed_bar__rosidl_typesupport_fastrtps_c.h
-- Up-to-date: /home/thornch/rbpodo_ros2_ws/install/rbpodo_msgs/include/rbpodo_msgs/rbpodo_msgs/srv/detail/set_joint_effort_controller_config__rosidl_typesupport_fastrtps_c.h
-- Up-to-date: /home/thornch/rbpodo_ros2_ws/install/rbpodo_msgs/include/rbpodo_msgs/rbpodo_msgs/srv/detail/task_pause__rosidl_typesupport_fastrtps_c.h
-- Up-to-date: /home/thornch/rbpodo_ros2_ws/install/rbpodo_msgs/include/rbpodo_msgs/rbpodo_msgs/srv/detail/set_cartesian_velocity_controller_config__rosidl_typesupport_fastrtps_c.h
-- Up-to-date: /home/thornch/rbpodo_ros2_ws/install/rbpodo_msgs/include/rbpodo_msgs/rbpodo_msgs/srv/detail/set_cartesian_pose_controller_config__rosidl_typesupport_fastrtps_c.h
-- Up-to-date: /home/thornch/rbpodo_ros2_ws/install/rbpodo_msgs/include/rbpodo_msgs/rbpodo_msgs/srv/detail/eval__rosidl_typesupport_fastrtps_c.h
-- Up-to-date: /home/thornch/rbpodo_ros2_ws/install/rbpodo_msgs/include/rbpodo_msgs/rbpodo_msgs/srv/detail/task_play__rosidl_typesupport_fastrtps_c.h
-- Up-to-date: /home/thornch/rbpodo_ros2_ws/install/rbpodo_msgs/include/rbpodo_msgs/rbpodo_msgs/srv/detail/task_resume__rosidl_typesupport_fastrtps_c.h
-- Up-to-date: /home/thornch/rbpodo_ros2_ws/install/rbpodo_msgs/include/rbpodo_msgs/rbpodo_msgs/srv/detail/task_stop__rosidl_typesupport_fastrtps_c.h
-- Up-to-date: /home/thornch/rbpodo_ros2_ws/install/rbpodo_msgs/include/rbpodo_msgs/rbpodo_msgs/srv/detail/task_load__rosidl_typesupport_fastrtps_c.h
-- Up-to-date: /home/thornch/rbpodo_ros2_ws/install/rbpodo_msgs/include/rbpodo_msgs/rbpodo_msgs/srv/detail/set_operation_mode__rosidl_typesupport_fastrtps_c.h
-- Up-to-date: /home/thornch/rbpodo_ros2_ws/install/rbpodo_msgs/lib/librbpodo_msgs__rosidl_typesupport_fastrtps_c.so
-- Up-to-date: /home/thornch/rbpodo_ros2_ws/install/rbpodo_msgs/include/rbpodo_msgs/rbpodo_msgs
-- Up-to-date: /home/thornch/rbpodo_ros2_ws/install/rbpodo_msgs/include/rbpodo_msgs/rbpodo_msgs/msg
-- Up-to-date: /home/thornch/rbpodo_ros2_ws/install/rbpodo_msgs/include/rbpodo_msgs/rbpodo_msgs/msg/rosidl_typesupport_introspection_c__visibility_control.h
-- Up-to-date: /home/thornch/rbpodo_ros2_ws/install/rbpodo_msgs/include/rbpodo_msgs/rbpodo_msgs/msg/detail
-- Up-to-date: /home/thornch/rbpodo_ros2_ws/install/rbpodo_msgs/include/rbpodo_msgs/rbpodo_msgs/msg/detail/move_jb2_point__rosidl_typesupport_introspection_c.h
-- Up-to-date: /home/thornch/rbpodo_ros2_ws/install/rbpodo_msgs/include/rbpodo_msgs/rbpodo_msgs/msg/detail/system_state__type_support.c
-- Up-to-date: /home/thornch/rbpodo_ros2_ws/install/rbpodo_msgs/include/rbpodo_msgs/rbpodo_msgs/msg/detail/move_jb2_point__type_support.c
-- Up-to-date: /home/thornch/rbpodo_ros2_ws/install/rbpodo_msgs/include/rbpodo_msgs/rbpodo_msgs/msg/detail/response__type_support.c
-- Up-to-date: /home/thornch/rbpodo_ros2_ws/install/rbpodo_msgs/include/rbpodo_msgs/rbpodo_msgs/msg/detail/move_pb_point__type_support.c
-- Up-to-date: /home/thornch/rbpodo_ros2_ws/install/rbpodo_msgs/include/rbpodo_msgs/rbpodo_msgs/msg/detail/move_pb_point__rosidl_typesupport_introspection_c.h
-- Up-to-date: /home/thornch/rbpodo_ros2_ws/install/rbpodo_msgs/include/rbpodo_msgs/rbpodo_msgs/msg/detail/system_state__rosidl_typesupport_introspection_c.h
-- Up-to-date: /home/thornch/rbpodo_ros2_ws/install/rbpodo_msgs/include/rbpodo_msgs/rbpodo_msgs/msg/detail/response__rosidl_typesupport_introspection_c.h
-- Up-to-date: /home/thornch/rbpodo_ros2_ws/install/rbpodo_msgs/include/rbpodo_msgs/rbpodo_msgs/action
-- Up-to-date: /home/thornch/rbpodo_ros2_ws/install/rbpodo_msgs/include/rbpodo_msgs/rbpodo_msgs/action/detail
-- Up-to-date: /home/thornch/rbpodo_ros2_ws/install/rbpodo_msgs/include/rbpodo_msgs/rbpodo_msgs/action/detail/move_jb2__type_support.c
-- Up-to-date: /home/thornch/rbpodo_ros2_ws/install/rbpodo_msgs/include/rbpodo_msgs/rbpodo_msgs/action/detail/move_j__rosidl_typesupport_introspection_c.h
-- Up-to-date: /home/thornch/rbpodo_ros2_ws/install/rbpodo_msgs/include/rbpodo_msgs/rbpodo_msgs/action/detail/move_pb__type_support.c
-- Up-to-date: /home/thornch/rbpodo_ros2_ws/install/rbpodo_msgs/include/rbpodo_msgs/rbpodo_msgs/action/detail/move_jb2__rosidl_typesupport_introspection_c.h
-- Up-to-date: /home/thornch/rbpodo_ros2_ws/install/rbpodo_msgs/include/rbpodo_msgs/rbpodo_msgs/action/detail/move_l__type_support.c
-- Up-to-date: /home/thornch/rbpodo_ros2_ws/install/rbpodo_msgs/include/rbpodo_msgs/rbpodo_msgs/action/detail/move_pb__rosidl_typesupport_introspection_c.h
-- Up-to-date: /home/thornch/rbpodo_ros2_ws/install/rbpodo_msgs/include/rbpodo_msgs/rbpodo_msgs/action/detail/move_l__rosidl_typesupport_introspection_c.h
-- Up-to-date: /home/thornch/rbpodo_ros2_ws/install/rbpodo_msgs/include/rbpodo_msgs/rbpodo_msgs/action/detail/move_j__type_support.c
-- Up-to-date: /home/thornch/rbpodo_ros2_ws/install/rbpodo_msgs/include/rbpodo_msgs/rbpodo_msgs/srv
-- Up-to-date: /home/thornch/rbpodo_ros2_ws/install/rbpodo_msgs/include/rbpodo_msgs/rbpodo_msgs/srv/detail
-- Up-to-date: /home/thornch/rbpodo_ros2_ws/install/rbpodo_msgs/include/rbpodo_msgs/rbpodo_msgs/srv/detail/task_stop__type_support.c
-- Up-to-date: /home/thornch/rbpodo_ros2_ws/install/rbpodo_msgs/include/rbpodo_msgs/rbpodo_msgs/srv/detail/set_joint_velocity_controller_config__rosidl_typesupport_introspection_c.h
-- Up-to-date: /home/thornch/rbpodo_ros2_ws/install/rbpodo_msgs/include/rbpodo_msgs/rbpodo_msgs/srv/detail/set_joint_position_controller_config__type_support.c
-- Up-to-date: /home/thornch/rbpodo_ros2_ws/install/rbpodo_msgs/include/rbpodo_msgs/rbpodo_msgs/srv/detail/set_joint_effort_controller_config__type_support.c
-- Up-to-date: /home/thornch/rbpodo_ros2_ws/install/rbpodo_msgs/include/rbpodo_msgs/rbpodo_msgs/srv/detail/eval__type_support.c
-- Up-to-date: /home/thornch/rbpodo_ros2_ws/install/rbpodo_msgs/include/rbpodo_msgs/rbpodo_msgs/srv/detail/set_speed_bar__rosidl_typesupport_introspection_c.h
-- Up-to-date: /home/thornch/rbpodo_ros2_ws/install/rbpodo_msgs/include/rbpodo_msgs/rbpodo_msgs/srv/detail/set_cartesian_pose_controller_config__type_support.c
-- Up-to-date: /home/thornch/rbpodo_ros2_ws/install/rbpodo_msgs/include/rbpodo_msgs/rbpodo_msgs/srv/detail/set_cartesian_velocity_controller_config__rosidl_typesupport_introspection_c.h
-- Up-to-date: /home/thornch/rbpodo_ros2_ws/install/rbpodo_msgs/include/rbpodo_msgs/rbpodo_msgs/srv/detail/task_pause__rosidl_typesupport_introspection_c.h
-- Up-to-date: /home/thornch/rbpodo_ros2_ws/install/rbpodo_msgs/include/rbpodo_msgs/rbpodo_msgs/srv/detail/task_resume__rosidl_typesupport_introspection_c.h
-- Up-to-date: /home/thornch/rbpodo_ros2_ws/install/rbpodo_msgs/include/rbpodo_msgs/rbpodo_msgs/srv/detail/task_stop__rosidl_typesupport_introspection_c.h
-- Up-to-date: /home/thornch/rbpodo_ros2_ws/install/rbpodo_msgs/include/rbpodo_msgs/rbpodo_msgs/srv/detail/set_speed_bar__type_support.c
-- Up-to-date: /home/thornch/rbpodo_ros2_ws/install/rbpodo_msgs/include/rbpodo_msgs/rbpodo_msgs/srv/detail/task_resume__type_support.c
-- Up-to-date: /home/thornch/rbpodo_ros2_ws/install/rbpodo_msgs/include/rbpodo_msgs/rbpodo_msgs/srv/detail/task_load__type_support.c
-- Up-to-date: /home/thornch/rbpodo_ros2_ws/install/rbpodo_msgs/include/rbpodo_msgs/rbpodo_msgs/srv/detail/set_joint_velocity_controller_config__type_support.c
-- Up-to-date: /home/thornch/rbpodo_ros2_ws/install/rbpodo_msgs/include/rbpodo_msgs/rbpodo_msgs/srv/detail/set_joint_position_controller_config__rosidl_typesupport_introspection_c.h
-- Up-to-date: /home/thornch/rbpodo_ros2_ws/install/rbpodo_msgs/include/rbpodo_msgs/rbpodo_msgs/srv/detail/set_joint_effort_controller_config__rosidl_typesupport_introspection_c.h
-- Up-to-date: /home/thornch/rbpodo_ros2_ws/install/rbpodo_msgs/include/rbpodo_msgs/rbpodo_msgs/srv/detail/task_pause__type_support.c
-- Up-to-date: /home/thornch/rbpodo_ros2_ws/install/rbpodo_msgs/include/rbpodo_msgs/rbpodo_msgs/srv/detail/set_operation_mode__type_support.c
-- Up-to-date: /home/thornch/rbpodo_ros2_ws/install/rbpodo_msgs/include/rbpodo_msgs/rbpodo_msgs/srv/detail/set_cartesian_velocity_controller_config__type_support.c
-- Up-to-date: /home/thornch/rbpodo_ros2_ws/install/rbpodo_msgs/include/rbpodo_msgs/rbpodo_msgs/srv/detail/task_play__rosidl_typesupport_introspection_c.h
-- Up-to-date: /home/thornch/rbpodo_ros2_ws/install/rbpodo_msgs/include/rbpodo_msgs/rbpodo_msgs/srv/detail/set_cartesian_pose_controller_config__rosidl_typesupport_introspection_c.h
-- Up-to-date: /home/thornch/rbpodo_ros2_ws/install/rbpodo_msgs/include/rbpodo_msgs/rbpodo_msgs/srv/detail/set_operation_mode__rosidl_typesupport_introspection_c.h
-- Up-to-date: /home/thornch/rbpodo_ros2_ws/install/rbpodo_msgs/include/rbpodo_msgs/rbpodo_msgs/srv/detail/task_load__rosidl_typesupport_introspection_c.h
-- Up-to-date: /home/thornch/rbpodo_ros2_ws/install/rbpodo_msgs/include/rbpodo_msgs/rbpodo_msgs/srv/detail/task_play__type_support.c
-- Up-to-date: /home/thornch/rbpodo_ros2_ws/install/rbpodo_msgs/include/rbpodo_msgs/rbpodo_msgs/srv/detail/eval__rosidl_typesupport_introspection_c.h
-- Up-to-date: /home/thornch/rbpodo_ros2_ws/install/rbpodo_msgs/lib/librbpodo_msgs__rosidl_typesupport_introspection_c.so
-- Up-to-date: /home/thornch/rbpodo_ros2_ws/install/rbpodo_msgs/lib/librbpodo_msgs__rosidl_typesupport_c.so
-- Up-to-date: /home/thornch/rbpodo_ros2_ws/install/rbpodo_msgs/include/rbpodo_msgs/rbpodo_msgs
-- Up-to-date: /home/thornch/rbpodo_ros2_ws/install/rbpodo_msgs/include/rbpodo_msgs/rbpodo_msgs/msg
-- Up-to-date: /home/thornch/rbpodo_ros2_ws/install/rbpodo_msgs/include/rbpodo_msgs/rbpodo_msgs/msg/response.hpp
-- Up-to-date: /home/thornch/rbpodo_ros2_ws/install/rbpodo_msgs/include/rbpodo_msgs/rbpodo_msgs/msg/system_state.hpp
-- Up-to-date: /home/thornch/rbpodo_ros2_ws/install/rbpodo_msgs/include/rbpodo_msgs/rbpodo_msgs/msg/move_pb_point.hpp
-- Up-to-date: /home/thornch/rbpodo_ros2_ws/install/rbpodo_msgs/include/rbpodo_msgs/rbpodo_msgs/msg/rosidl_generator_cpp__visibility_control.hpp
-- Up-to-date: /home/thornch/rbpodo_ros2_ws/install/rbpodo_msgs/include/rbpodo_msgs/rbpodo_msgs/msg/move_jb2_point.hpp
-- Up-to-date: /home/thornch/rbpodo_ros2_ws/install/rbpodo_msgs/include/rbpodo_msgs/rbpodo_msgs/msg/detail
-- Up-to-date: /home/thornch/rbpodo_ros2_ws/install/rbpodo_msgs/include/rbpodo_msgs/rbpodo_msgs/msg/detail/move_pb_point__struct.hpp
-- Up-to-date: /home/thornch/rbpodo_ros2_ws/install/rbpodo_msgs/include/rbpodo_msgs/rbpodo_msgs/msg/detail/system_state__struct.hpp
-- Up-to-date: /home/thornch/rbpodo_ros2_ws/install/rbpodo_msgs/include/rbpodo_msgs/rbpodo_msgs/msg/detail/response__type_support.hpp
-- Up-to-date: /home/thornch/rbpodo_ros2_ws/install/rbpodo_msgs/include/rbpodo_msgs/rbpodo_msgs/msg/detail/move_pb_point__traits.hpp
-- Up-to-date: /home/thornch/rbpodo_ros2_ws/install/rbpodo_msgs/include/rbpodo_msgs/rbpodo_msgs/msg/detail/move_jb2_point__builder.hpp
-- Up-to-date: /home/thornch/rbpodo_ros2_ws/install/rbpodo_msgs/include/rbpodo_msgs/rbpodo_msgs/msg/detail/response__traits.hpp
-- Up-to-date: /home/thornch/rbpodo_ros2_ws/install/rbpodo_msgs/include/rbpodo_msgs/rbpodo_msgs/msg/detail/move_pb_point__type_support.hpp
-- Up-to-date: /home/thornch/rbpodo_ros2_ws/install/rbpodo_msgs/include/rbpodo_msgs/rbpodo_msgs/msg/detail/system_state__type_support.hpp
-- Up-to-date: /home/thornch/rbpodo_ros2_ws/install/rbpodo_msgs/include/rbpodo_msgs/rbpodo_msgs/msg/detail/system_state__traits.hpp
-- Up-to-date: /home/thornch/rbpodo_ros2_ws/install/rbpodo_msgs/include/rbpodo_msgs/rbpodo_msgs/msg/detail/move_jb2_point__traits.hpp
-- Up-to-date: /home/thornch/rbpodo_ros2_ws/install/rbpodo_msgs/include/rbpodo_msgs/rbpodo_msgs/msg/detail/response__struct.hpp
-- Up-to-date: /home/thornch/rbpodo_ros2_ws/install/rbpodo_msgs/include/rbpodo_msgs/rbpodo_msgs/msg/detail/response__builder.hpp
-- Up-to-date: /home/thornch/rbpodo_ros2_ws/install/rbpodo_msgs/include/rbpodo_msgs/rbpodo_msgs/msg/detail/move_pb_point__builder.hpp
-- Up-to-date: /home/thornch/rbpodo_ros2_ws/install/rbpodo_msgs/include/rbpodo_msgs/rbpodo_msgs/msg/detail/system_state__builder.hpp
-- Up-to-date: /home/thornch/rbpodo_ros2_ws/install/rbpodo_msgs/include/rbpodo_msgs/rbpodo_msgs/msg/detail/move_jb2_point__type_support.hpp
-- Up-to-date: /home/thornch/rbpodo_ros2_ws/install/rbpodo_msgs/include/rbpodo_msgs/rbpodo_msgs/msg/detail/move_jb2_point__struct.hpp
-- Up-to-date: /home/thornch/rbpodo_ros2_ws/install/rbpodo_msgs/include/rbpodo_msgs/rbpodo_msgs/action
-- Up-to-date: /home/thornch/rbpodo_ros2_ws/install/rbpodo_msgs/include/rbpodo_msgs/rbpodo_msgs/action/move_j.hpp
-- Up-to-date: /home/thornch/rbpodo_ros2_ws/install/rbpodo_msgs/include/rbpodo_msgs/rbpodo_msgs/action/move_l.hpp
-- Up-to-date: /home/thornch/rbpodo_ros2_ws/install/rbpodo_msgs/include/rbpodo_msgs/rbpodo_msgs/action/move_jb2.hpp
-- Up-to-date: /home/thornch/rbpodo_ros2_ws/install/rbpodo_msgs/include/rbpodo_msgs/rbpodo_msgs/action/detail
-- Up-to-date: /home/thornch/rbpodo_ros2_ws/install/rbpodo_msgs/include/rbpodo_msgs/rbpodo_msgs/action/detail/move_j__struct.hpp
-- Up-to-date: /home/thornch/rbpodo_ros2_ws/install/rbpodo_msgs/include/rbpodo_msgs/rbpodo_msgs/action/detail/move_jb2__type_support.hpp
-- Up-to-date: /home/thornch/rbpodo_ros2_ws/install/rbpodo_msgs/include/rbpodo_msgs/rbpodo_msgs/action/detail/move_pb__struct.hpp
-- Up-to-date: /home/thornch/rbpodo_ros2_ws/install/rbpodo_msgs/include/rbpodo_msgs/rbpodo_msgs/action/detail/move_j__traits.hpp
-- Up-to-date: /home/thornch/rbpodo_ros2_ws/install/rbpodo_msgs/include/rbpodo_msgs/rbpodo_msgs/action/detail/move_pb__traits.hpp
-- Up-to-date: /home/thornch/rbpodo_ros2_ws/install/rbpodo_msgs/include/rbpodo_msgs/rbpodo_msgs/action/detail/move_j__builder.hpp
-- Up-to-date: /home/thornch/rbpodo_ros2_ws/install/rbpodo_msgs/include/rbpodo_msgs/rbpodo_msgs/action/detail/move_l__type_support.hpp
-- Up-to-date: /home/thornch/rbpodo_ros2_ws/install/rbpodo_msgs/include/rbpodo_msgs/rbpodo_msgs/action/detail/move_l__builder.hpp
-- Up-to-date: /home/thornch/rbpodo_ros2_ws/install/rbpodo_msgs/include/rbpodo_msgs/rbpodo_msgs/action/detail/move_jb2__traits.hpp
-- Up-to-date: /home/thornch/rbpodo_ros2_ws/install/rbpodo_msgs/include/rbpodo_msgs/rbpodo_msgs/action/detail/move_pb__builder.hpp
-- Up-to-date: /home/thornch/rbpodo_ros2_ws/install/rbpodo_msgs/include/rbpodo_msgs/rbpodo_msgs/action/detail/move_l__struct.hpp
-- Up-to-date: /home/thornch/rbpodo_ros2_ws/install/rbpodo_msgs/include/rbpodo_msgs/rbpodo_msgs/action/detail/move_j__type_support.hpp
-- Up-to-date: /home/thornch/rbpodo_ros2_ws/install/rbpodo_msgs/include/rbpodo_msgs/rbpodo_msgs/action/detail/move_jb2__builder.hpp
-- Up-to-date: /home/thornch/rbpodo_ros2_ws/install/rbpodo_msgs/include/rbpodo_msgs/rbpodo_msgs/action/detail/move_l__traits.hpp
-- Up-to-date: /home/thornch/rbpodo_ros2_ws/install/rbpodo_msgs/include/rbpodo_msgs/rbpodo_msgs/action/detail/move_jb2__struct.hpp
-- Up-to-date: /home/thornch/rbpodo_ros2_ws/install/rbpodo_msgs/include/rbpodo_msgs/rbpodo_msgs/action/detail/move_pb__type_support.hpp
-- Up-to-date: /home/thornch/rbpodo_ros2_ws/install/rbpodo_msgs/include/rbpodo_msgs/rbpodo_msgs/action/move_pb.hpp
-- Up-to-date: /home/thornch/rbpodo_ros2_ws/install/rbpodo_msgs/include/rbpodo_msgs/rbpodo_msgs/srv
-- Up-to-date: /home/thornch/rbpodo_ros2_ws/install/rbpodo_msgs/include/rbpodo_msgs/rbpodo_msgs/srv/task_pause.hpp
-- Up-to-date: /home/thornch/rbpodo_ros2_ws/install/rbpodo_msgs/include/rbpodo_msgs/rbpodo_msgs/srv/set_operation_mode.hpp
-- Up-to-date: /home/thornch/rbpodo_ros2_ws/install/rbpodo_msgs/include/rbpodo_msgs/rbpodo_msgs/srv/set_joint_position_controller_config.hpp
-- Up-to-date: /home/thornch/rbpodo_ros2_ws/install/rbpodo_msgs/include/rbpodo_msgs/rbpodo_msgs/srv/set_joint_velocity_controller_config.hpp
-- Up-to-date: /home/thornch/rbpodo_ros2_ws/install/rbpodo_msgs/include/rbpodo_msgs/rbpodo_msgs/srv/task_load.hpp
-- Up-to-date: /home/thornch/rbpodo_ros2_ws/install/rbpodo_msgs/include/rbpodo_msgs/rbpodo_msgs/srv/set_cartesian_velocity_controller_config.hpp
-- Up-to-date: /home/thornch/rbpodo_ros2_ws/install/rbpodo_msgs/include/rbpodo_msgs/rbpodo_msgs/srv/task_stop.hpp
-- Up-to-date: /home/thornch/rbpodo_ros2_ws/install/rbpodo_msgs/include/rbpodo_msgs/rbpodo_msgs/srv/task_resume.hpp
-- Up-to-date: /home/thornch/rbpodo_ros2_ws/install/rbpodo_msgs/include/rbpodo_msgs/rbpodo_msgs/srv/set_speed_bar.hpp
-- Up-to-date: /home/thornch/rbpodo_ros2_ws/install/rbpodo_msgs/include/rbpodo_msgs/rbpodo_msgs/srv/set_joint_effort_controller_config.hpp
-- Up-to-date: /home/thornch/rbpodo_ros2_ws/install/rbpodo_msgs/include/rbpodo_msgs/rbpodo_msgs/srv/detail
-- Up-to-date: /home/thornch/rbpodo_ros2_ws/install/rbpodo_msgs/include/rbpodo_msgs/rbpodo_msgs/srv/detail/set_joint_velocity_controller_config__type_support.hpp
-- Up-to-date: /home/thornch/rbpodo_ros2_ws/install/rbpodo_msgs/include/rbpodo_msgs/rbpodo_msgs/srv/detail/set_operation_mode__traits.hpp
-- Up-to-date: /home/thornch/rbpodo_ros2_ws/install/rbpodo_msgs/include/rbpodo_msgs/rbpodo_msgs/srv/detail/set_joint_effort_controller_config__struct.hpp
-- Up-to-date: /home/thornch/rbpodo_ros2_ws/install/rbpodo_msgs/include/rbpodo_msgs/rbpodo_msgs/srv/detail/set_cartesian_velocity_controller_config__struct.hpp
-- Up-to-date: /home/thornch/rbpodo_ros2_ws/install/rbpodo_msgs/include/rbpodo_msgs/rbpodo_msgs/srv/detail/set_operation_mode__struct.hpp
-- Up-to-date: /home/thornch/rbpodo_ros2_ws/install/rbpodo_msgs/include/rbpodo_msgs/rbpodo_msgs/srv/detail/task_resume__traits.hpp
-- Up-to-date: /home/thornch/rbpodo_ros2_ws/install/rbpodo_msgs/include/rbpodo_msgs/rbpodo_msgs/srv/detail/task_play__builder.hpp
-- Up-to-date: /home/thornch/rbpodo_ros2_ws/install/rbpodo_msgs/include/rbpodo_msgs/rbpodo_msgs/srv/detail/set_operation_mode__type_support.hpp
-- Up-to-date: /home/thornch/rbpodo_ros2_ws/install/rbpodo_msgs/include/rbpodo_msgs/rbpodo_msgs/srv/detail/set_joint_effort_controller_config__builder.hpp
-- Up-to-date: /home/thornch/rbpodo_ros2_ws/install/rbpodo_msgs/include/rbpodo_msgs/rbpodo_msgs/srv/detail/set_joint_effort_controller_config__traits.hpp
-- Up-to-date: /home/thornch/rbpodo_ros2_ws/install/rbpodo_msgs/include/rbpodo_msgs/rbpodo_msgs/srv/detail/set_joint_position_controller_config__traits.hpp
-- Up-to-date: /home/thornch/rbpodo_ros2_ws/install/rbpodo_msgs/include/rbpodo_msgs/rbpodo_msgs/srv/detail/set_speed_bar__builder.hpp
-- Up-to-date: /home/thornch/rbpodo_ros2_ws/install/rbpodo_msgs/include/rbpodo_msgs/rbpodo_msgs/srv/detail/set_joint_position_controller_config__builder.hpp
-- Up-to-date: /home/thornch/rbpodo_ros2_ws/install/rbpodo_msgs/include/rbpodo_msgs/rbpodo_msgs/srv/detail/set_joint_position_controller_config__type_support.hpp
-- Up-to-date: /home/thornch/rbpodo_ros2_ws/install/rbpodo_msgs/include/rbpodo_msgs/rbpodo_msgs/srv/detail/set_speed_bar__struct.hpp
-- Up-to-date: /home/thornch/rbpodo_ros2_ws/install/rbpodo_msgs/include/rbpodo_msgs/rbpodo_msgs/srv/detail/task_load__type_support.hpp
-- Up-to-date: /home/thornch/rbpodo_ros2_ws/install/rbpodo_msgs/include/rbpodo_msgs/rbpodo_msgs/srv/detail/set_joint_effort_controller_config__type_support.hpp
-- Up-to-date: /home/thornch/rbpodo_ros2_ws/install/rbpodo_msgs/include/rbpodo_msgs/rbpodo_msgs/srv/detail/set_joint_velocity_controller_config__struct.hpp
-- Up-to-date: /home/thornch/rbpodo_ros2_ws/install/rbpodo_msgs/include/rbpodo_msgs/rbpodo_msgs/srv/detail/eval__type_support.hpp
-- Up-to-date: /home/thornch/rbpodo_ros2_ws/install/rbpodo_msgs/include/rbpodo_msgs/rbpodo_msgs/srv/detail/set_joint_position_controller_config__struct.hpp
-- Up-to-date: /home/thornch/rbpodo_ros2_ws/install/rbpodo_msgs/include/rbpodo_msgs/rbpodo_msgs/srv/detail/set_cartesian_pose_controller_config__struct.hpp
-- Up-to-date: /home/thornch/rbpodo_ros2_ws/install/rbpodo_msgs/include/rbpodo_msgs/rbpodo_msgs/srv/detail/set_joint_velocity_controller_config__traits.hpp
-- Up-to-date: /home/thornch/rbpodo_ros2_ws/install/rbpodo_msgs/include/rbpodo_msgs/rbpodo_msgs/srv/detail/set_cartesian_velocity_controller_config__builder.hpp
-- Up-to-date: /home/thornch/rbpodo_ros2_ws/install/rbpodo_msgs/include/rbpodo_msgs/rbpodo_msgs/srv/detail/set_operation_mode__builder.hpp
-- Up-to-date: /home/thornch/rbpodo_ros2_ws/install/rbpodo_msgs/include/rbpodo_msgs/rbpodo_msgs/srv/detail/task_resume__struct.hpp
-- Up-to-date: /home/thornch/rbpodo_ros2_ws/install/rbpodo_msgs/include/rbpodo_msgs/rbpodo_msgs/srv/detail/set_cartesian_pose_controller_config__builder.hpp
-- Up-to-date: /home/thornch/rbpodo_ros2_ws/install/rbpodo_msgs/include/rbpodo_msgs/rbpodo_msgs/srv/detail/task_resume__type_support.hpp
-- Up-to-date: /home/thornch/rbpodo_ros2_ws/install/rbpodo_msgs/include/rbpodo_msgs/rbpodo_msgs/srv/detail/task_stop__builder.hpp
-- Up-to-date: /home/thornch/rbpodo_ros2_ws/install/rbpodo_msgs/include/rbpodo_msgs/rbpodo_msgs/srv/detail/eval__traits.hpp
-- Up-to-date: /home/thornch/rbpodo_ros2_ws/install/rbpodo_msgs/include/rbpodo_msgs/rbpodo_msgs/srv/detail/task_play__struct.hpp
-- Up-to-date: /home/thornch/rbpodo_ros2_ws/install/rbpodo_msgs/include/rbpodo_msgs/rbpodo_msgs/srv/detail/task_pause__builder.hpp
-- Up-to-date: /home/thornch/rbpodo_ros2_ws/install/rbpodo_msgs/include/rbpodo_msgs/rbpodo_msgs/srv/detail/task_stop__traits.hpp
-- Up-to-date: /home/thornch/rbpodo_ros2_ws/install/rbpodo_msgs/include/rbpodo_msgs/rbpodo_msgs/srv/detail/task_resume__builder.hpp
-- Up-to-date: /home/thornch/rbpodo_ros2_ws/install/rbpodo_msgs/include/rbpodo_msgs/rbpodo_msgs/srv/detail/set_joint_velocity_controller_config__builder.hpp
-- Up-to-date: /home/thornch/rbpodo_ros2_ws/install/rbpodo_msgs/include/rbpodo_msgs/rbpodo_msgs/srv/detail/task_play__traits.hpp
-- Up-to-date: /home/thornch/rbpodo_ros2_ws/install/rbpodo_msgs/include/rbpodo_msgs/rbpodo_msgs/srv/detail/task_pause__struct.hpp
-- Up-to-date: /home/thornch/rbpodo_ros2_ws/install/rbpodo_msgs/include/rbpodo_msgs/rbpodo_msgs/srv/detail/eval__builder.hpp
-- Up-to-date: /home/thornch/rbpodo_ros2_ws/install/rbpodo_msgs/include/rbpodo_msgs/rbpodo_msgs/srv/detail/set_cartesian_velocity_controller_config__type_support.hpp
-- Up-to-date: /home/thornch/rbpodo_ros2_ws/install/rbpodo_msgs/include/rbpodo_msgs/rbpodo_msgs/srv/detail/set_cartesian_pose_controller_config__type_support.hpp
-- Up-to-date: /home/thornch/rbpodo_ros2_ws/install/rbpodo_msgs/include/rbpodo_msgs/rbpodo_msgs/srv/detail/set_speed_bar__traits.hpp
-- Up-to-date: /home/thornch/rbpodo_ros2_ws/install/rbpodo_msgs/include/rbpodo_msgs/rbpodo_msgs/srv/detail/task_play__type_support.hpp
-- Up-to-date: /home/thornch/rbpodo_ros2_ws/install/rbpodo_msgs/include/rbpodo_msgs/rbpodo_msgs/srv/detail/task_load__builder.hpp
-- Up-to-date: /home/thornch/rbpodo_ros2_ws/install/rbpodo_msgs/include/rbpodo_msgs/rbpodo_msgs/srv/detail/set_cartesian_pose_controller_config__traits.hpp
-- Up-to-date: /home/thornch/rbpodo_ros2_ws/install/rbpodo_msgs/include/rbpodo_msgs/rbpodo_msgs/srv/detail/set_speed_bar__type_support.hpp
-- Up-to-date: /home/thornch/rbpodo_ros2_ws/install/rbpodo_msgs/include/rbpodo_msgs/rbpodo_msgs/srv/detail/task_load__traits.hpp
-- Up-to-date: /home/thornch/rbpodo_ros2_ws/install/rbpodo_msgs/include/rbpodo_msgs/rbpodo_msgs/srv/detail/set_cartesian_velocity_controller_config__traits.hpp
-- Up-to-date: /home/thornch/rbpodo_ros2_ws/install/rbpodo_msgs/include/rbpodo_msgs/rbpodo_msgs/srv/detail/eval__struct.hpp
-- Up-to-date: /home/thornch/rbpodo_ros2_ws/install/rbpodo_msgs/include/rbpodo_msgs/rbpodo_msgs/srv/detail/task_pause__type_support.hpp
-- Up-to-date: /home/thornch/rbpodo_ros2_ws/install/rbpodo_msgs/include/rbpodo_msgs/rbpodo_msgs/srv/detail/task_load__struct.hpp
-- Up-to-date: /home/thornch/rbpodo_ros2_ws/install/rbpodo_msgs/include/rbpodo_msgs/rbpodo_msgs/srv/detail/task_pause__traits.hpp
-- Up-to-date: /home/thornch/rbpodo_ros2_ws/install/rbpodo_msgs/include/rbpodo_msgs/rbpodo_msgs/srv/detail/task_stop__type_support.hpp
-- Up-to-date: /home/thornch/rbpodo_ros2_ws/install/rbpodo_msgs/include/rbpodo_msgs/rbpodo_msgs/srv/detail/task_stop__struct.hpp
-- Up-to-date: /home/thornch/rbpodo_ros2_ws/install/rbpodo_msgs/include/rbpodo_msgs/rbpodo_msgs/srv/task_play.hpp
-- Up-to-date: /home/thornch/rbpodo_ros2_ws/install/rbpodo_msgs/include/rbpodo_msgs/rbpodo_msgs/srv/set_cartesian_pose_controller_config.hpp
-- Up-to-date: /home/thornch/rbpodo_ros2_ws/install/rbpodo_msgs/include/rbpodo_msgs/rbpodo_msgs/srv/eval.hpp
-- Up-to-date: /home/thornch/rbpodo_ros2_ws/install/rbpodo_msgs/include/rbpodo_msgs/rbpodo_msgs
-- Up-to-date: /home/thornch/rbpodo_ros2_ws/install/rbpodo_msgs/include/rbpodo_msgs/rbpodo_msgs/msg
-- Up-to-date: /home/thornch/rbpodo_ros2_ws/install/rbpodo_msgs/include/rbpodo_msgs/rbpodo_msgs/msg/rosidl_typesupport_fastrtps_cpp__visibility_control.h
-- Up-to-date: /home/thornch/rbpodo_ros2_ws/install/rbpodo_msgs/include/rbpodo_msgs/rbpodo_msgs/msg/detail
-- Up-to-date: /home/thornch/rbpodo_ros2_ws/install/rbpodo_msgs/include/rbpodo_msgs/rbpodo_msgs/msg/detail/move_jb2_point__rosidl_typesupport_fastrtps_cpp.hpp
-- Up-to-date: /home/thornch/rbpodo_ros2_ws/install/rbpodo_msgs/include/rbpodo_msgs/rbpodo_msgs/msg/detail/move_pb_point__rosidl_typesupport_fastrtps_cpp.hpp
-- Up-to-date: /home/thornch/rbpodo_ros2_ws/install/rbpodo_msgs/include/rbpodo_msgs/rbpodo_msgs/msg/detail/response__rosidl_typesupport_fastrtps_cpp.hpp
-- Up-to-date: /home/thornch/rbpodo_ros2_ws/install/rbpodo_msgs/include/rbpodo_msgs/rbpodo_msgs/msg/detail/dds_fastrtps
-- Up-to-date: /home/thornch/rbpodo_ros2_ws/install/rbpodo_msgs/include/rbpodo_msgs/rbpodo_msgs/msg/detail/system_state__rosidl_typesupport_fastrtps_cpp.hpp
-- Up-to-date: /home/thornch/rbpodo_ros2_ws/install/rbpodo_msgs/include/rbpodo_msgs/rbpodo_msgs/action
-- Up-to-date: /home/thornch/rbpodo_ros2_ws/install/rbpodo_msgs/include/rbpodo_msgs/rbpodo_msgs/action/detail
-- Up-to-date: /home/thornch/rbpodo_ros2_ws/install/rbpodo_msgs/include/rbpodo_msgs/rbpodo_msgs/action/detail/move_pb__rosidl_typesupport_fastrtps_cpp.hpp
-- Up-to-date: /home/thornch/rbpodo_ros2_ws/install/rbpodo_msgs/include/rbpodo_msgs/rbpodo_msgs/action/detail/move_jb2__rosidl_typesupport_fastrtps_cpp.hpp
-- Up-to-date: /home/thornch/rbpodo_ros2_ws/install/rbpodo_msgs/include/rbpodo_msgs/rbpodo_msgs/action/detail/move_j__rosidl_typesupport_fastrtps_cpp.hpp
-- Up-to-date: /home/thornch/rbpodo_ros2_ws/install/rbpodo_msgs/include/rbpodo_msgs/rbpodo_msgs/action/detail/dds_fastrtps
-- Up-to-date: /home/thornch/rbpodo_ros2_ws/install/rbpodo_msgs/include/rbpodo_msgs/rbpodo_msgs/action/detail/move_l__rosidl_typesupport_fastrtps_cpp.hpp
-- Up-to-date: /home/thornch/rbpodo_ros2_ws/install/rbpodo_msgs/include/rbpodo_msgs/rbpodo_msgs/srv
-- Up-to-date: /home/thornch/rbpodo_ros2_ws/install/rbpodo_msgs/include/rbpodo_msgs/rbpodo_msgs/srv/detail
-- Up-to-date: /home/thornch/rbpodo_ros2_ws/install/rbpodo_msgs/include/rbpodo_msgs/rbpodo_msgs/srv/detail/task_play__rosidl_typesupport_fastrtps_cpp.hpp
-- Up-to-date: /home/thornch/rbpodo_ros2_ws/install/rbpodo_msgs/include/rbpodo_msgs/rbpodo_msgs/srv/detail/set_cartesian_velocity_controller_config__rosidl_typesupport_fastrtps_cpp.hpp
-- Up-to-date: /home/thornch/rbpodo_ros2_ws/install/rbpodo_msgs/include/rbpodo_msgs/rbpodo_msgs/srv/detail/task_stop__rosidl_typesupport_fastrtps_cpp.hpp
-- Up-to-date: /home/thornch/rbpodo_ros2_ws/install/rbpodo_msgs/include/rbpodo_msgs/rbpodo_msgs/srv/detail/set_speed_bar__rosidl_typesupport_fastrtps_cpp.hpp
-- Up-to-date: /home/thornch/rbpodo_ros2_ws/install/rbpodo_msgs/include/rbpodo_msgs/rbpodo_msgs/srv/detail/eval__rosidl_typesupport_fastrtps_cpp.hpp
-- Up-to-date: /home/thornch/rbpodo_ros2_ws/install/rbpodo_msgs/include/rbpodo_msgs/rbpodo_msgs/srv/detail/set_joint_effort_controller_config__rosidl_typesupport_fastrtps_cpp.hpp
-- Up-to-date: /home/thornch/rbpodo_ros2_ws/install/rbpodo_msgs/include/rbpodo_msgs/rbpodo_msgs/srv/detail/set_joint_position_controller_config__rosidl_typesupport_fastrtps_cpp.hpp
-- Up-to-date: /home/thornch/rbpodo_ros2_ws/install/rbpodo_msgs/include/rbpodo_msgs/rbpodo_msgs/srv/detail/set_operation_mode__rosidl_typesupport_fastrtps_cpp.hpp
-- Up-to-date: /home/thornch/rbpodo_ros2_ws/install/rbpodo_msgs/include/rbpodo_msgs/rbpodo_msgs/srv/detail/set_joint_velocity_controller_config__rosidl_typesupport_fastrtps_cpp.hpp
-- Up-to-date: /home/thornch/rbpodo_ros2_ws/install/rbpodo_msgs/include/rbpodo_msgs/rbpodo_msgs/srv/detail/dds_fastrtps
-- Up-to-date: /home/thornch/rbpodo_ros2_ws/install/rbpodo_msgs/include/rbpodo_msgs/rbpodo_msgs/srv/detail/task_resume__rosidl_typesupport_fastrtps_cpp.hpp
-- Up-to-date: /home/thornch/rbpodo_ros2_ws/install/rbpodo_msgs/include/rbpodo_msgs/rbpodo_msgs/srv/detail/task_load__rosidl_typesupport_fastrtps_cpp.hpp
-- Up-to-date: /home/thornch/rbpodo_ros2_ws/install/rbpodo_msgs/include/rbpodo_msgs/rbpodo_msgs/srv/detail/task_pause__rosidl_typesupport_fastrtps_cpp.hpp
-- Up-to-date: /home/thornch/rbpodo_ros2_ws/install/rbpodo_msgs/include/rbpodo_msgs/rbpodo_msgs/srv/detail/set_cartesian_pose_controller_config__rosidl_typesupport_fastrtps_cpp.hpp
-- Up-to-date: /home/thornch/rbpodo_ros2_ws/install/rbpodo_msgs/lib/librbpodo_msgs__rosidl_typesupport_fastrtps_cpp.so
-- Up-to-date: /home/thornch/rbpodo_ros2_ws/install/rbpodo_msgs/include/rbpodo_msgs/rbpodo_msgs
-- Up-to-date: /home/thornch/rbpodo_ros2_ws/install/rbpodo_msgs/include/rbpodo_msgs/rbpodo_msgs/msg
-- Up-to-date: /home/thornch/rbpodo_ros2_ws/install/rbpodo_msgs/include/rbpodo_msgs/rbpodo_msgs/msg/detail
-- Up-to-date: /home/thornch/rbpodo_ros2_ws/install/rbpodo_msgs/include/rbpodo_msgs/rbpodo_msgs/msg/detail/response__rosidl_typesupport_introspection_cpp.hpp
-- Up-to-date: /home/thornch/rbpodo_ros2_ws/install/rbpodo_msgs/include/rbpodo_msgs/rbpodo_msgs/msg/detail/system_state__type_support.cpp
-- Up-to-date: /home/thornch/rbpodo_ros2_ws/install/rbpodo_msgs/include/rbpodo_msgs/rbpodo_msgs/msg/detail/response__type_support.cpp
-- Up-to-date: /home/thornch/rbpodo_ros2_ws/install/rbpodo_msgs/include/rbpodo_msgs/rbpodo_msgs/msg/detail/move_jb2_point__type_support.cpp
-- Up-to-date: /home/thornch/rbpodo_ros2_ws/install/rbpodo_msgs/include/rbpodo_msgs/rbpodo_msgs/msg/detail/move_pb_point__type_support.cpp
-- Up-to-date: /home/thornch/rbpodo_ros2_ws/install/rbpodo_msgs/include/rbpodo_msgs/rbpodo_msgs/msg/detail/move_jb2_point__rosidl_typesupport_introspection_cpp.hpp
-- Up-to-date: /home/thornch/rbpodo_ros2_ws/install/rbpodo_msgs/include/rbpodo_msgs/rbpodo_msgs/msg/detail/system_state__rosidl_typesupport_introspection_cpp.hpp
-- Up-to-date: /home/thornch/rbpodo_ros2_ws/install/rbpodo_msgs/include/rbpodo_msgs/rbpodo_msgs/msg/detail/move_pb_point__rosidl_typesupport_introspection_cpp.hpp
-- Up-to-date: /home/thornch/rbpodo_ros2_ws/install/rbpodo_msgs/include/rbpodo_msgs/rbpodo_msgs/action
-- Up-to-date: /home/thornch/rbpodo_ros2_ws/install/rbpodo_msgs/include/rbpodo_msgs/rbpodo_msgs/action/detail
-- Up-to-date: /home/thornch/rbpodo_ros2_ws/install/rbpodo_msgs/include/rbpodo_msgs/rbpodo_msgs/action/detail/move_jb2__type_support.cpp
-- Up-to-date: /home/thornch/rbpodo_ros2_ws/install/rbpodo_msgs/include/rbpodo_msgs/rbpodo_msgs/action/detail/move_pb__rosidl_typesupport_introspection_cpp.hpp
-- Up-to-date: /home/thornch/rbpodo_ros2_ws/install/rbpodo_msgs/include/rbpodo_msgs/rbpodo_msgs/action/detail/move_l__type_support.cpp
-- Up-to-date: /home/thornch/rbpodo_ros2_ws/install/rbpodo_msgs/include/rbpodo_msgs/rbpodo_msgs/action/detail/move_jb2__rosidl_typesupport_introspection_cpp.hpp
-- Up-to-date: /home/thornch/rbpodo_ros2_ws/install/rbpodo_msgs/include/rbpodo_msgs/rbpodo_msgs/action/detail/move_l__rosidl_typesupport_introspection_cpp.hpp
-- Up-to-date: /home/thornch/rbpodo_ros2_ws/install/rbpodo_msgs/include/rbpodo_msgs/rbpodo_msgs/action/detail/move_j__type_support.cpp
-- Up-to-date: /home/thornch/rbpodo_ros2_ws/install/rbpodo_msgs/include/rbpodo_msgs/rbpodo_msgs/action/detail/move_j__rosidl_typesupport_introspection_cpp.hpp
-- Up-to-date: /home/thornch/rbpodo_ros2_ws/install/rbpodo_msgs/include/rbpodo_msgs/rbpodo_msgs/action/detail/move_pb__type_support.cpp
-- Up-to-date: /home/thornch/rbpodo_ros2_ws/install/rbpodo_msgs/include/rbpodo_msgs/rbpodo_msgs/srv
-- Up-to-date: /home/thornch/rbpodo_ros2_ws/install/rbpodo_msgs/include/rbpodo_msgs/rbpodo_msgs/srv/detail
-- Up-to-date: /home/thornch/rbpodo_ros2_ws/install/rbpodo_msgs/include/rbpodo_msgs/rbpodo_msgs/srv/detail/set_cartesian_pose_controller_config__rosidl_typesupport_introspection_cpp.hpp
-- Up-to-date: /home/thornch/rbpodo_ros2_ws/install/rbpodo_msgs/include/rbpodo_msgs/rbpodo_msgs/srv/detail/task_load__rosidl_typesupport_introspection_cpp.hpp
-- Up-to-date: /home/thornch/rbpodo_ros2_ws/install/rbpodo_msgs/include/rbpodo_msgs/rbpodo_msgs/srv/detail/set_cartesian_velocity_controller_config__rosidl_typesupport_introspection_cpp.hpp
-- Up-to-date: /home/thornch/rbpodo_ros2_ws/install/rbpodo_msgs/include/rbpodo_msgs/rbpodo_msgs/srv/detail/eval__type_support.cpp
-- Up-to-date: /home/thornch/rbpodo_ros2_ws/install/rbpodo_msgs/include/rbpodo_msgs/rbpodo_msgs/srv/detail/set_speed_bar__rosidl_typesupport_introspection_cpp.hpp
-- Up-to-date: /home/thornch/rbpodo_ros2_ws/install/rbpodo_msgs/include/rbpodo_msgs/rbpodo_msgs/srv/detail/set_joint_effort_controller_config__type_support.cpp
-- Up-to-date: /home/thornch/rbpodo_ros2_ws/install/rbpodo_msgs/include/rbpodo_msgs/rbpodo_msgs/srv/detail/set_joint_position_controller_config__rosidl_typesupport_introspection_cpp.hpp
-- Up-to-date: /home/thornch/rbpodo_ros2_ws/install/rbpodo_msgs/include/rbpodo_msgs/rbpodo_msgs/srv/detail/task_resume__rosidl_typesupport_introspection_cpp.hpp
-- Up-to-date: /home/thornch/rbpodo_ros2_ws/install/rbpodo_msgs/include/rbpodo_msgs/rbpodo_msgs/srv/detail/task_stop__type_support.cpp
-- Up-to-date: /home/thornch/rbpodo_ros2_ws/install/rbpodo_msgs/include/rbpodo_msgs/rbpodo_msgs/srv/detail/set_joint_velocity_controller_config__rosidl_typesupport_introspection_cpp.hpp
-- Up-to-date: /home/thornch/rbpodo_ros2_ws/install/rbpodo_msgs/include/rbpodo_msgs/rbpodo_msgs/srv/detail/task_play__rosidl_typesupport_introspection_cpp.hpp
-- Up-to-date: /home/thornch/rbpodo_ros2_ws/install/rbpodo_msgs/include/rbpodo_msgs/rbpodo_msgs/srv/detail/set_joint_effort_controller_config__rosidl_typesupport_introspection_cpp.hpp
-- Up-to-date: /home/thornch/rbpodo_ros2_ws/install/rbpodo_msgs/include/rbpodo_msgs/rbpodo_msgs/srv/detail/set_joint_velocity_controller_config__type_support.cpp
-- Up-to-date: /home/thornch/rbpodo_ros2_ws/install/rbpodo_msgs/include/rbpodo_msgs/rbpodo_msgs/srv/detail/set_operation_mode__type_support.cpp
-- Up-to-date: /home/thornch/rbpodo_ros2_ws/install/rbpodo_msgs/include/rbpodo_msgs/rbpodo_msgs/srv/detail/task_pause__type_support.cpp
-- Up-to-date: /home/thornch/rbpodo_ros2_ws/install/rbpodo_msgs/include/rbpodo_msgs/rbpodo_msgs/srv/detail/set_joint_position_controller_config__type_support.cpp
-- Up-to-date: /home/thornch/rbpodo_ros2_ws/install/rbpodo_msgs/include/rbpodo_msgs/rbpodo_msgs/srv/detail/task_load__type_support.cpp
-- Up-to-date: /home/thornch/rbpodo_ros2_ws/install/rbpodo_msgs/include/rbpodo_msgs/rbpodo_msgs/srv/detail/task_stop__rosidl_typesupport_introspection_cpp.hpp
-- Up-to-date: /home/thornch/rbpodo_ros2_ws/install/rbpodo_msgs/include/rbpodo_msgs/rbpodo_msgs/srv/detail/task_play__type_support.cpp
-- Up-to-date: /home/thornch/rbpodo_ros2_ws/install/rbpodo_msgs/include/rbpodo_msgs/rbpodo_msgs/srv/detail/set_speed_bar__type_support.cpp
-- Up-to-date: /home/thornch/rbpodo_ros2_ws/install/rbpodo_msgs/include/rbpodo_msgs/rbpodo_msgs/srv/detail/set_cartesian_velocity_controller_config__type_support.cpp
-- Up-to-date: /home/thornch/rbpodo_ros2_ws/install/rbpodo_msgs/include/rbpodo_msgs/rbpodo_msgs/srv/detail/task_pause__rosidl_typesupport_introspection_cpp.hpp
-- Up-to-date: /home/thornch/rbpodo_ros2_ws/install/rbpodo_msgs/include/rbpodo_msgs/rbpodo_msgs/srv/detail/eval__rosidl_typesupport_introspection_cpp.hpp
-- Up-to-date: /home/thornch/rbpodo_ros2_ws/install/rbpodo_msgs/include/rbpodo_msgs/rbpodo_msgs/srv/detail/task_resume__type_support.cpp
-- Up-to-date: /home/thornch/rbpodo_ros2_ws/install/rbpodo_msgs/include/rbpodo_msgs/rbpodo_msgs/srv/detail/set_cartesian_pose_controller_config__type_support.cpp
-- Up-to-date: /home/thornch/rbpodo_ros2_ws/install/rbpodo_msgs/include/rbpodo_msgs/rbpodo_msgs/srv/detail/set_operation_mode__rosidl_typesupport_introspection_cpp.hpp
-- Up-to-date: /home/thornch/rbpodo_ros2_ws/install/rbpodo_msgs/lib/librbpodo_msgs__rosidl_typesupport_introspection_cpp.so
-- Up-to-date: /home/thornch/rbpodo_ros2_ws/install/rbpodo_msgs/lib/librbpodo_msgs__rosidl_typesupport_cpp.so
-- Up-to-date: /home/thornch/rbpodo_ros2_ws/install/rbpodo_msgs/share/rbpodo_msgs/environment/pythonpath.sh
-- Up-to-date: /home/thornch/rbpodo_ros2_ws/install/rbpodo_msgs/share/rbpodo_msgs/environment/pythonpath.dsv
-- Up-to-date: /home/thornch/rbpodo_ros2_ws/install/rbpodo_msgs/local/lib/python3.10/dist-packages/rbpodo_msgs-0.0.0-py3.10.egg-info
-- Installing: /home/thornch/rbpodo_ros2_ws/install/rbpodo_msgs/local/lib/python3.10/dist-packages/rbpodo_msgs-0.0.0-py3.10.egg-info/dependency_links.txt
-- Installing: /home/thornch/rbpodo_ros2_ws/install/rbpodo_msgs/local/lib/python3.10/dist-packages/rbpodo_msgs-0.0.0-py3.10.egg-info/PKG-INFO
-- Installing: /home/thornch/rbpodo_ros2_ws/install/rbpodo_msgs/local/lib/python3.10/dist-packages/rbpodo_msgs-0.0.0-py3.10.egg-info/SOURCES.txt
-- Installing: /home/thornch/rbpodo_ros2_ws/install/rbpodo_msgs/local/lib/python3.10/dist-packages/rbpodo_msgs-0.0.0-py3.10.egg-info/top_level.txt
-- Up-to-date: /home/thornch/rbpodo_ros2_ws/install/rbpodo_msgs/local/lib/python3.10/dist-packages/rbpodo_msgs
-- Up-to-date: /home/thornch/rbpodo_ros2_ws/install/rbpodo_msgs/local/lib/python3.10/dist-packages/rbpodo_msgs/librbpodo_msgs__rosidl_generator_py.so
-- Up-to-date: /home/thornch/rbpodo_ros2_ws/install/rbpodo_msgs/local/lib/python3.10/dist-packages/rbpodo_msgs/_rbpodo_msgs_s.ep.rosidl_typesupport_introspection_c.c
-- Up-to-date: /home/thornch/rbpodo_ros2_ws/install/rbpodo_msgs/local/lib/python3.10/dist-packages/rbpodo_msgs/rbpodo_msgs_s__rosidl_typesupport_introspection_c.cpython-310-x86_64-linux-gnu.so
-- Up-to-date: /home/thornch/rbpodo_ros2_ws/install/rbpodo_msgs/local/lib/python3.10/dist-packages/rbpodo_msgs/msg
-- Up-to-date: /home/thornch/rbpodo_ros2_ws/install/rbpodo_msgs/local/lib/python3.10/dist-packages/rbpodo_msgs/msg/_response.py
-- Up-to-date: /home/thornch/rbpodo_ros2_ws/install/rbpodo_msgs/local/lib/python3.10/dist-packages/rbpodo_msgs/msg/_move_jb2_point_s.c
-- Up-to-date: /home/thornch/rbpodo_ros2_ws/install/rbpodo_msgs/local/lib/python3.10/dist-packages/rbpodo_msgs/msg/_system_state_s.c
-- Up-to-date: /home/thornch/rbpodo_ros2_ws/install/rbpodo_msgs/local/lib/python3.10/dist-packages/rbpodo_msgs/msg/_move_pb_point_s.c
-- Up-to-date: /home/thornch/rbpodo_ros2_ws/install/rbpodo_msgs/local/lib/python3.10/dist-packages/rbpodo_msgs/msg/_response_s.c
-- Up-to-date: /home/thornch/rbpodo_ros2_ws/install/rbpodo_msgs/local/lib/python3.10/dist-packages/rbpodo_msgs/msg/_move_pb_point.py
-- Up-to-date: /home/thornch/rbpodo_ros2_ws/install/rbpodo_msgs/local/lib/python3.10/dist-packages/rbpodo_msgs/msg/_move_jb2_point.py
-- Up-to-date: /home/thornch/rbpodo_ros2_ws/install/rbpodo_msgs/local/lib/python3.10/dist-packages/rbpodo_msgs/msg/_system_state.py
-- Up-to-date: /home/thornch/rbpodo_ros2_ws/install/rbpodo_msgs/local/lib/python3.10/dist-packages/rbpodo_msgs/msg/__init__.py
-- Up-to-date: /home/thornch/rbpodo_ros2_ws/install/rbpodo_msgs/local/lib/python3.10/dist-packages/rbpodo_msgs/_rbpodo_msgs_s.ep.rosidl_typesupport_fastrtps_c.c
-- Up-to-date: /home/thornch/rbpodo_ros2_ws/install/rbpodo_msgs/local/lib/python3.10/dist-packages/rbpodo_msgs/action
-- Up-to-date: /home/thornch/rbpodo_ros2_ws/install/rbpodo_msgs/local/lib/python3.10/dist-packages/rbpodo_msgs/action/_move_jb2_s.c
-- Up-to-date: /home/thornch/rbpodo_ros2_ws/install/rbpodo_msgs/local/lib/python3.10/dist-packages/rbpodo_msgs/action/_move_jb2.py
-- Up-to-date: /home/thornch/rbpodo_ros2_ws/install/rbpodo_msgs/local/lib/python3.10/dist-packages/rbpodo_msgs/action/_move_pb_s.c
-- Up-to-date: /home/thornch/rbpodo_ros2_ws/install/rbpodo_msgs/local/lib/python3.10/dist-packages/rbpodo_msgs/action/_move_pb.py
-- Up-to-date: /home/thornch/rbpodo_ros2_ws/install/rbpodo_msgs/local/lib/python3.10/dist-packages/rbpodo_msgs/action/_move_l.py
-- Up-to-date: /home/thornch/rbpodo_ros2_ws/install/rbpodo_msgs/local/lib/python3.10/dist-packages/rbpodo_msgs/action/_move_j_s.c
-- Up-to-date: /home/thornch/rbpodo_ros2_ws/install/rbpodo_msgs/local/lib/python3.10/dist-packages/rbpodo_msgs/action/__init__.py
-- Up-to-date: /home/thornch/rbpodo_ros2_ws/install/rbpodo_msgs/local/lib/python3.10/dist-packages/rbpodo_msgs/action/_move_j.py
-- Up-to-date: /home/thornch/rbpodo_ros2_ws/install/rbpodo_msgs/local/lib/python3.10/dist-packages/rbpodo_msgs/action/_move_l_s.c
-- Up-to-date: /home/thornch/rbpodo_ros2_ws/install/rbpodo_msgs/local/lib/python3.10/dist-packages/rbpodo_msgs/_rbpodo_msgs_s.ep.rosidl_typesupport_c.c
-- Up-to-date: /home/thornch/rbpodo_ros2_ws/install/rbpodo_msgs/local/lib/python3.10/dist-packages/rbpodo_msgs/rbpodo_msgs_s__rosidl_typesupport_c.cpython-310-x86_64-linux-gnu.so
-- Up-to-date: /home/thornch/rbpodo_ros2_ws/install/rbpodo_msgs/local/lib/python3.10/dist-packages/rbpodo_msgs/srv
-- Up-to-date: /home/thornch/rbpodo_ros2_ws/install/rbpodo_msgs/local/lib/python3.10/dist-packages/rbpodo_msgs/srv/_task_resume_s.c
-- Up-to-date: /home/thornch/rbpodo_ros2_ws/install/rbpodo_msgs/local/lib/python3.10/dist-packages/rbpodo_msgs/srv/_set_operation_mode.py
-- Up-to-date: /home/thornch/rbpodo_ros2_ws/install/rbpodo_msgs/local/lib/python3.10/dist-packages/rbpodo_msgs/srv/_task_stop_s.c
-- Up-to-date: /home/thornch/rbpodo_ros2_ws/install/rbpodo_msgs/local/lib/python3.10/dist-packages/rbpodo_msgs/srv/_task_pause_s.c
-- Up-to-date: /home/thornch/rbpodo_ros2_ws/install/rbpodo_msgs/local/lib/python3.10/dist-packages/rbpodo_msgs/srv/_task_pause.py
-- Up-to-date: /home/thornch/rbpodo_ros2_ws/install/rbpodo_msgs/local/lib/python3.10/dist-packages/rbpodo_msgs/srv/_set_joint_effort_controller_config.py
-- Up-to-date: /home/thornch/rbpodo_ros2_ws/install/rbpodo_msgs/local/lib/python3.10/dist-packages/rbpodo_msgs/srv/_set_joint_velocity_controller_config.py
-- Up-to-date: /home/thornch/rbpodo_ros2_ws/install/rbpodo_msgs/local/lib/python3.10/dist-packages/rbpodo_msgs/srv/_set_joint_position_controller_config.py
-- Up-to-date: /home/thornch/rbpodo_ros2_ws/install/rbpodo_msgs/local/lib/python3.10/dist-packages/rbpodo_msgs/srv/_set_joint_effort_controller_config_s.c
-- Up-to-date: /home/thornch/rbpodo_ros2_ws/install/rbpodo_msgs/local/lib/python3.10/dist-packages/rbpodo_msgs/srv/_task_play_s.c
-- Up-to-date: /home/thornch/rbpodo_ros2_ws/install/rbpodo_msgs/local/lib/python3.10/dist-packages/rbpodo_msgs/srv/_set_cartesian_velocity_controller_config_s.c
-- Up-to-date: /home/thornch/rbpodo_ros2_ws/install/rbpodo_msgs/local/lib/python3.10/dist-packages/rbpodo_msgs/srv/_eval.py
-- Up-to-date: /home/thornch/rbpodo_ros2_ws/install/rbpodo_msgs/local/lib/python3.10/dist-packages/rbpodo_msgs/srv/_task_load.py
-- Up-to-date: /home/thornch/rbpodo_ros2_ws/install/rbpodo_msgs/local/lib/python3.10/dist-packages/rbpodo_msgs/srv/_set_joint_position_controller_config_s.c
-- Up-to-date: /home/thornch/rbpodo_ros2_ws/install/rbpodo_msgs/local/lib/python3.10/dist-packages/rbpodo_msgs/srv/_task_resume.py
-- Up-to-date: /home/thornch/rbpodo_ros2_ws/install/rbpodo_msgs/local/lib/python3.10/dist-packages/rbpodo_msgs/srv/_set_cartesian_pose_controller_config_s.c
-- Up-to-date: /home/thornch/rbpodo_ros2_ws/install/rbpodo_msgs/local/lib/python3.10/dist-packages/rbpodo_msgs/srv/_task_load_s.c
-- Up-to-date: /home/thornch/rbpodo_ros2_ws/install/rbpodo_msgs/local/lib/python3.10/dist-packages/rbpodo_msgs/srv/_set_joint_velocity_controller_config_s.c
-- Up-to-date: /home/thornch/rbpodo_ros2_ws/install/rbpodo_msgs/local/lib/python3.10/dist-packages/rbpodo_msgs/srv/_set_speed_bar_s.c
-- Up-to-date: /home/thornch/rbpodo_ros2_ws/install/rbpodo_msgs/local/lib/python3.10/dist-packages/rbpodo_msgs/srv/_task_stop.py
-- Up-to-date: /home/thornch/rbpodo_ros2_ws/install/rbpodo_msgs/local/lib/python3.10/dist-packages/rbpodo_msgs/srv/_set_cartesian_velocity_controller_config.py
-- Up-to-date: /home/thornch/rbpodo_ros2_ws/install/rbpodo_msgs/local/lib/python3.10/dist-packages/rbpodo_msgs/srv/_set_operation_mode_s.c
-- Up-to-date: /home/thornch/rbpodo_ros2_ws/install/rbpodo_msgs/local/lib/python3.10/dist-packages/rbpodo_msgs/srv/_set_cartesian_pose_controller_config.py
-- Up-to-date: /home/thornch/rbpodo_ros2_ws/install/rbpodo_msgs/local/lib/python3.10/dist-packages/rbpodo_msgs/srv/_eval_s.c
-- Up-to-date: /home/thornch/rbpodo_ros2_ws/install/rbpodo_msgs/local/lib/python3.10/dist-packages/rbpodo_msgs/srv/__init__.py
-- Up-to-date: /home/thornch/rbpodo_ros2_ws/install/rbpodo_msgs/local/lib/python3.10/dist-packages/rbpodo_msgs/srv/_task_play.py
-- Up-to-date: /home/thornch/rbpodo_ros2_ws/install/rbpodo_msgs/local/lib/python3.10/dist-packages/rbpodo_msgs/srv/_set_speed_bar.py
-- Up-to-date: /home/thornch/rbpodo_ros2_ws/install/rbpodo_msgs/local/lib/python3.10/dist-packages/rbpodo_msgs/__init__.py
-- Up-to-date: /home/thornch/rbpodo_ros2_ws/install/rbpodo_msgs/local/lib/python3.10/dist-packages/rbpodo_msgs/rbpodo_msgs_s__rosidl_typesupport_fastrtps_c.cpython-310-x86_64-linux-gnu.so
Listing '/home/thornch/rbpodo_ros2_ws/install/rbpodo_msgs/local/lib/python3.10/dist-packages/rbpodo_msgs'...
Listing '/home/thornch/rbpodo_ros2_ws/install/rbpodo_msgs/local/lib/python3.10/dist-packages/rbpodo_msgs/action'...
Listing '/home/thornch/rbpodo_ros2_ws/install/rbpodo_msgs/local/lib/python3.10/dist-packages/rbpodo_msgs/msg'...
Listing '/home/thornch/rbpodo_ros2_ws/install/rbpodo_msgs/local/lib/python3.10/dist-packages/rbpodo_msgs/srv'...
-- Up-to-date: /home/thornch/rbpodo_ros2_ws/install/rbpodo_msgs/local/lib/python3.10/dist-packages/rbpodo_msgs/rbpodo_msgs_s__rosidl_typesupport_fastrtps_c.cpython-310-x86_64-linux-gnu.so
-- Up-to-date: /home/thornch/rbpodo_ros2_ws/install/rbpodo_msgs/local/lib/python3.10/dist-packages/rbpodo_msgs/rbpodo_msgs_s__rosidl_typesupport_introspection_c.cpython-310-x86_64-linux-gnu.so
-- Up-to-date: /home/thornch/rbpodo_ros2_ws/install/rbpodo_msgs/local/lib/python3.10/dist-packages/rbpodo_msgs/rbpodo_msgs_s__rosidl_typesupport_c.cpython-310-x86_64-linux-gnu.so
-- Up-to-date: /home/thornch/rbpodo_ros2_ws/install/rbpodo_msgs/lib/librbpodo_msgs__rosidl_generator_py.so
-- Up-to-date: /home/thornch/rbpodo_ros2_ws/install/rbpodo_msgs/share/rbpodo_msgs/action/MoveJ.idl
-- Up-to-date: /home/thornch/rbpodo_ros2_ws/install/rbpodo_msgs/share/rbpodo_msgs/action/MoveJb2.idl
-- Up-to-date: /home/thornch/rbpodo_ros2_ws/install/rbpodo_msgs/share/rbpodo_msgs/action/MoveL.idl
-- Up-to-date: /home/thornch/rbpodo_ros2_ws/install/rbpodo_msgs/share/rbpodo_msgs/action/MovePb.idl
-- Up-to-date: /home/thornch/rbpodo_ros2_ws/install/rbpodo_msgs/share/rbpodo_msgs/msg/MoveJb2Point.idl
-- Up-to-date: /home/thornch/rbpodo_ros2_ws/install/rbpodo_msgs/share/rbpodo_msgs/msg/MovePbPoint.idl
-- Up-to-date: /home/thornch/rbpodo_ros2_ws/install/rbpodo_msgs/share/rbpodo_msgs/msg/Response.idl
-- Up-to-date: /home/thornch/rbpodo_ros2_ws/install/rbpodo_msgs/share/rbpodo_msgs/msg/SystemState.idl
-- Up-to-date: /home/thornch/rbpodo_ros2_ws/install/rbpodo_msgs/share/rbpodo_msgs/srv/Eval.idl
-- Up-to-date: /home/thornch/rbpodo_ros2_ws/install/rbpodo_msgs/share/rbpodo_msgs/srv/SetCartesianPoseControllerConfig.idl
-- Up-to-date: /home/thornch/rbpodo_ros2_ws/install/rbpodo_msgs/share/rbpodo_msgs/srv/SetCartesianVelocityControllerConfig.idl
-- Up-to-date: /home/thornch/rbpodo_ros2_ws/install/rbpodo_msgs/share/rbpodo_msgs/srv/SetJointEffortControllerConfig.idl
-- Up-to-date: /home/thornch/rbpodo_ros2_ws/install/rbpodo_msgs/share/rbpodo_msgs/srv/SetJointPositionControllerConfig.idl
-- Up-to-date: /home/thornch/rbpodo_ros2_ws/install/rbpodo_msgs/share/rbpodo_msgs/srv/SetJointVelocityControllerConfig.idl
-- Up-to-date: /home/thornch/rbpodo_ros2_ws/install/rbpodo_msgs/share/rbpodo_msgs/srv/SetOperationMode.idl
-- Up-to-date: /home/thornch/rbpodo_ros2_ws/install/rbpodo_msgs/share/rbpodo_msgs/srv/SetSpeedBar.idl
-- Up-to-date: /home/thornch/rbpodo_ros2_ws/install/rbpodo_msgs/share/rbpodo_msgs/srv/TaskLoad.idl
-- Up-to-date: /home/thornch/rbpodo_ros2_ws/install/rbpodo_msgs/share/rbpodo_msgs/srv/TaskPause.idl
-- Up-to-date: /home/thornch/rbpodo_ros2_ws/install/rbpodo_msgs/share/rbpodo_msgs/srv/TaskPlay.idl
-- Up-to-date: /home/thornch/rbpodo_ros2_ws/install/rbpodo_msgs/share/rbpodo_msgs/srv/TaskResume.idl
-- Up-to-date: /home/thornch/rbpodo_ros2_ws/install/rbpodo_msgs/share/rbpodo_msgs/srv/TaskStop.idl
-- Up-to-date: /home/thornch/rbpodo_ros2_ws/install/rbpodo_msgs/share/rbpodo_msgs/action/MoveJ.action
-- Up-to-date: /home/thornch/rbpodo_ros2_ws/install/rbpodo_msgs/share/rbpodo_msgs/action/MoveJb2.action
-- Up-to-date: /home/thornch/rbpodo_ros2_ws/install/rbpodo_msgs/share/rbpodo_msgs/action/MoveL.action
-- Up-to-date: /home/thornch/rbpodo_ros2_ws/install/rbpodo_msgs/share/rbpodo_msgs/action/MovePb.action
-- Up-to-date: /home/thornch/rbpodo_ros2_ws/install/rbpodo_msgs/share/rbpodo_msgs/msg/MoveJb2Point.msg
-- Up-to-date: /home/thornch/rbpodo_ros2_ws/install/rbpodo_msgs/share/rbpodo_msgs/msg/MovePbPoint.msg
-- Up-to-date: /home/thornch/rbpodo_ros2_ws/install/rbpodo_msgs/share/rbpodo_msgs/msg/Response.msg
-- Up-to-date: /home/thornch/rbpodo_ros2_ws/install/rbpodo_msgs/share/rbpodo_msgs/msg/SystemState.msg
-- Up-to-date: /home/thornch/rbpodo_ros2_ws/install/rbpodo_msgs/share/rbpodo_msgs/srv/Eval.srv
-- Up-to-date: /home/thornch/rbpodo_ros2_ws/install/rbpodo_msgs/share/rbpodo_msgs/srv/Eval_Request.msg
-- Up-to-date: /home/thornch/rbpodo_ros2_ws/install/rbpodo_msgs/share/rbpodo_msgs/srv/Eval_Response.msg
-- Up-to-date: /home/thornch/rbpodo_ros2_ws/install/rbpodo_msgs/share/rbpodo_msgs/srv/SetCartesianPoseControllerConfig.srv
-- Up-to-date: /home/thornch/rbpodo_ros2_ws/install/rbpodo_msgs/share/rbpodo_msgs/srv/SetCartesianPoseControllerConfig_Request.msg
-- Up-to-date: /home/thornch/rbpodo_ros2_ws/install/rbpodo_msgs/share/rbpodo_msgs/srv/SetCartesianPoseControllerConfig_Response.msg
-- Up-to-date: /home/thornch/rbpodo_ros2_ws/install/rbpodo_msgs/share/rbpodo_msgs/srv/SetCartesianVelocityControllerConfig.srv
-- Up-to-date: /home/thornch/rbpodo_ros2_ws/install/rbpodo_msgs/share/rbpodo_msgs/srv/SetCartesianVelocityControllerConfig_Request.msg
-- Up-to-date: /home/thornch/rbpodo_ros2_ws/install/rbpodo_msgs/share/rbpodo_msgs/srv/SetCartesianVelocityControllerConfig_Response.msg
-- Up-to-date: /home/thornch/rbpodo_ros2_ws/install/rbpodo_msgs/share/rbpodo_msgs/srv/SetJointEffortControllerConfig.srv
-- Up-to-date: /home/thornch/rbpodo_ros2_ws/install/rbpodo_msgs/share/rbpodo_msgs/srv/SetJointEffortControllerConfig_Request.msg
-- Up-to-date: /home/thornch/rbpodo_ros2_ws/install/rbpodo_msgs/share/rbpodo_msgs/srv/SetJointEffortControllerConfig_Response.msg
-- Up-to-date: /home/thornch/rbpodo_ros2_ws/install/rbpodo_msgs/share/rbpodo_msgs/srv/SetJointPositionControllerConfig.srv
-- Up-to-date: /home/thornch/rbpodo_ros2_ws/install/rbpodo_msgs/share/rbpodo_msgs/srv/SetJointPositionControllerConfig_Request.msg
-- Up-to-date: /home/thornch/rbpodo_ros2_ws/install/rbpodo_msgs/share/rbpodo_msgs/srv/SetJointPositionControllerConfig_Response.msg
-- Up-to-date: /home/thornch/rbpodo_ros2_ws/install/rbpodo_msgs/share/rbpodo_msgs/srv/SetJointVelocityControllerConfig.srv
-- Up-to-date: /home/thornch/rbpodo_ros2_ws/install/rbpodo_msgs/share/rbpodo_msgs/srv/SetJointVelocityControllerConfig_Request.msg
-- Up-to-date: /home/thornch/rbpodo_ros2_ws/install/rbpodo_msgs/share/rbpodo_msgs/srv/SetJointVelocityControllerConfig_Response.msg
-- Up-to-date: /home/thornch/rbpodo_ros2_ws/install/rbpodo_msgs/share/rbpodo_msgs/srv/SetOperationMode.srv
-- Up-to-date: /home/thornch/rbpodo_ros2_ws/install/rbpodo_msgs/share/rbpodo_msgs/srv/SetOperationMode_Request.msg
-- Up-to-date: /home/thornch/rbpodo_ros2_ws/install/rbpodo_msgs/share/rbpodo_msgs/srv/SetOperationMode_Response.msg
-- Up-to-date: /home/thornch/rbpodo_ros2_ws/install/rbpodo_msgs/share/rbpodo_msgs/srv/SetSpeedBar.srv
-- Up-to-date: /home/thornch/rbpodo_ros2_ws/install/rbpodo_msgs/share/rbpodo_msgs/srv/SetSpeedBar_Request.msg
-- Up-to-date: /home/thornch/rbpodo_ros2_ws/install/rbpodo_msgs/share/rbpodo_msgs/srv/SetSpeedBar_Response.msg
-- Up-to-date: /home/thornch/rbpodo_ros2_ws/install/rbpodo_msgs/share/rbpodo_msgs/srv/TaskLoad.srv
-- Up-to-date: /home/thornch/rbpodo_ros2_ws/install/rbpodo_msgs/share/rbpodo_msgs/srv/TaskLoad_Request.msg
-- Up-to-date: /home/thornch/rbpodo_ros2_ws/install/rbpodo_msgs/share/rbpodo_msgs/srv/TaskLoad_Response.msg
-- Up-to-date: /home/thornch/rbpodo_ros2_ws/install/rbpodo_msgs/share/rbpodo_msgs/srv/TaskPause.srv
-- Up-to-date: /home/thornch/rbpodo_ros2_ws/install/rbpodo_msgs/share/rbpodo_msgs/srv/TaskPause_Request.msg
-- Up-to-date: /home/thornch/rbpodo_ros2_ws/install/rbpodo_msgs/share/rbpodo_msgs/srv/TaskPause_Response.msg
-- Up-to-date: /home/thornch/rbpodo_ros2_ws/install/rbpodo_msgs/share/rbpodo_msgs/srv/TaskPlay.srv
-- Up-to-date: /home/thornch/rbpodo_ros2_ws/install/rbpodo_msgs/share/rbpodo_msgs/srv/TaskPlay_Request.msg
-- Up-to-date: /home/thornch/rbpodo_ros2_ws/install/rbpodo_msgs/share/rbpodo_msgs/srv/TaskPlay_Response.msg
-- Up-to-date: /home/thornch/rbpodo_ros2_ws/install/rbpodo_msgs/share/rbpodo_msgs/srv/TaskResume.srv
-- Up-to-date: /home/thornch/rbpodo_ros2_ws/install/rbpodo_msgs/share/rbpodo_msgs/srv/TaskResume_Request.msg
-- Up-to-date: /home/thornch/rbpodo_ros2_ws/install/rbpodo_msgs/share/rbpodo_msgs/srv/TaskResume_Response.msg
-- Up-to-date: /home/thornch/rbpodo_ros2_ws/install/rbpodo_msgs/share/rbpodo_msgs/srv/TaskStop.srv
-- Up-to-date: /home/thornch/rbpodo_ros2_ws/install/rbpodo_msgs/share/rbpodo_msgs/srv/TaskStop_Request.msg
-- Up-to-date: /home/thornch/rbpodo_ros2_ws/install/rbpodo_msgs/share/rbpodo_msgs/srv/TaskStop_Response.msg
-- Up-to-date: /home/thornch/rbpodo_ros2_ws/install/rbpodo_msgs/share/ament_index/resource_index/package_run_dependencies/rbpodo_msgs
-- Up-to-date: /home/thornch/rbpodo_ros2_ws/install/rbpodo_msgs/share/ament_index/resource_index/parent_prefix_path/rbpodo_msgs
-- Up-to-date: /home/thornch/rbpodo_ros2_ws/install/rbpodo_msgs/share/rbpodo_msgs/environment/ament_prefix_path.sh
-- Up-to-date: /home/thornch/rbpodo_ros2_ws/install/rbpodo_msgs/share/rbpodo_msgs/environment/ament_prefix_path.dsv
-- Up-to-date: /home/thornch/rbpodo_ros2_ws/install/rbpodo_msgs/share/rbpodo_msgs/environment/path.sh
-- Up-to-date: /home/thornch/rbpodo_ros2_ws/install/rbpodo_msgs/share/rbpodo_msgs/environment/path.dsv
-- Up-to-date: /home/thornch/rbpodo_ros2_ws/install/rbpodo_msgs/share/rbpodo_msgs/local_setup.bash
-- Up-to-date: /home/thornch/rbpodo_ros2_ws/install/rbpodo_msgs/share/rbpodo_msgs/local_setup.sh
-- Up-to-date: /home/thornch/rbpodo_ros2_ws/install/rbpodo_msgs/share/rbpodo_msgs/local_setup.zsh
-- Up-to-date: /home/thornch/rbpodo_ros2_ws/install/rbpodo_msgs/share/rbpodo_msgs/local_setup.dsv
-- Installing: /home/thornch/rbpodo_ros2_ws/install/rbpodo_msgs/share/rbpodo_msgs/package.dsv
-- Up-to-date: /home/thornch/rbpodo_ros2_ws/install/rbpodo_msgs/share/ament_index/resource_index/packages/rbpodo_msgs
-- Up-to-date: /home/thornch/rbpodo_ros2_ws/install/rbpodo_msgs/share/rbpodo_msgs/cmake/export_rbpodo_msgs__rosidl_generator_cExport.cmake
-- Up-to-date: /home/thornch/rbpodo_ros2_ws/install/rbpodo_msgs/share/rbpodo_msgs/cmake/export_rbpodo_msgs__rosidl_generator_cExport-release.cmake
-- Up-to-date: /home/thornch/rbpodo_ros2_ws/install/rbpodo_msgs/share/rbpodo_msgs/cmake/export_rbpodo_msgs__rosidl_typesupport_fastrtps_cExport.cmake
-- Up-to-date: /home/thornch/rbpodo_ros2_ws/install/rbpodo_msgs/share/rbpodo_msgs/cmake/export_rbpodo_msgs__rosidl_typesupport_fastrtps_cExport-release.cmake
-- Up-to-date: /home/thornch/rbpodo_ros2_ws/install/rbpodo_msgs/share/rbpodo_msgs/cmake/rbpodo_msgs__rosidl_typesupport_introspection_cExport.cmake
-- Up-to-date: /home/thornch/rbpodo_ros2_ws/install/rbpodo_msgs/share/rbpodo_msgs/cmake/rbpodo_msgs__rosidl_typesupport_introspection_cExport-release.cmake
-- Up-to-date: /home/thornch/rbpodo_ros2_ws/install/rbpodo_msgs/share/rbpodo_msgs/cmake/rbpodo_msgs__rosidl_typesupport_cExport.cmake
-- Up-to-date: /home/thornch/rbpodo_ros2_ws/install/rbpodo_msgs/share/rbpodo_msgs/cmake/rbpodo_msgs__rosidl_typesupport_cExport-release.cmake
-- Up-to-date: /home/thornch/rbpodo_ros2_ws/install/rbpodo_msgs/share/rbpodo_msgs/cmake/export_rbpodo_msgs__rosidl_generator_cppExport.cmake
-- Up-to-date: /home/thornch/rbpodo_ros2_ws/install/rbpodo_msgs/share/rbpodo_msgs/cmake/export_rbpodo_msgs__rosidl_typesupport_fastrtps_cppExport.cmake
-- Up-to-date: /home/thornch/rbpodo_ros2_ws/install/rbpodo_msgs/share/rbpodo_msgs/cmake/export_rbpodo_msgs__rosidl_typesupport_fastrtps_cppExport-release.cmake
-- Up-to-date: /home/thornch/rbpodo_ros2_ws/install/rbpodo_msgs/share/rbpodo_msgs/cmake/rbpodo_msgs__rosidl_typesupport_introspection_cppExport.cmake
-- Up-to-date: /home/thornch/rbpodo_ros2_ws/install/rbpodo_msgs/share/rbpodo_msgs/cmake/rbpodo_msgs__rosidl_typesupport_introspection_cppExport-release.cmake
-- Up-to-date: /home/thornch/rbpodo_ros2_ws/install/rbpodo_msgs/share/rbpodo_msgs/cmake/rbpodo_msgs__rosidl_typesupport_cppExport.cmake
-- Up-to-date: /home/thornch/rbpodo_ros2_ws/install/rbpodo_msgs/share/rbpodo_msgs/cmake/rbpodo_msgs__rosidl_typesupport_cppExport-release.cmake
-- Up-to-date: /home/thornch/rbpodo_ros2_ws/install/rbpodo_msgs/share/rbpodo_msgs/cmake/export_rbpodo_msgs__rosidl_generator_pyExport.cmake
-- Up-to-date: /home/thornch/rbpodo_ros2_ws/install/rbpodo_msgs/share/rbpodo_msgs/cmake/export_rbpodo_msgs__rosidl_generator_pyExport-release.cmake
-- Up-to-date: /home/thornch/rbpodo_ros2_ws/install/rbpodo_msgs/share/rbpodo_msgs/cmake/rosidl_cmake-extras.cmake
-- Up-to-date: /home/thornch/rbpodo_ros2_ws/install/rbpodo_msgs/share/rbpodo_msgs/cmake/ament_cmake_export_dependencies-extras.cmake
-- Up-to-date: /home/thornch/rbpodo_ros2_ws/install/rbpodo_msgs/share/rbpodo_msgs/cmake/ament_cmake_export_include_directories-extras.cmake
-- Up-to-date: /home/thornch/rbpodo_ros2_ws/install/rbpodo_msgs/share/rbpodo_msgs/cmake/ament_cmake_export_libraries-extras.cmake
-- Up-to-date: /home/thornch/rbpodo_ros2_ws/install/rbpodo_msgs/share/rbpodo_msgs/cmake/ament_cmake_export_targets-extras.cmake
-- Up-to-date: /home/thornch/rbpodo_ros2_ws/install/rbpodo_msgs/share/rbpodo_msgs/cmake/rosidl_cmake_export_typesupport_targets-extras.cmake
-- Up-to-date: /home/thornch/rbpodo_ros2_ws/install/rbpodo_msgs/share/rbpodo_msgs/cmake/rosidl_cmake_export_typesupport_libraries-extras.cmake
-- Up-to-date: /home/thornch/rbpodo_ros2_ws/install/rbpodo_msgs/share/rbpodo_msgs/cmake/rbpodo_msgsConfig.cmake
-- Up-to-date: /home/thornch/rbpodo_ros2_ws/install/rbpodo_msgs/share/rbpodo_msgs/cmake/rbpodo_msgsConfig-version.cmake
-- Up-to-date: /home/thornch/rbpodo_ros2_ws/install/rbpodo_msgs/share/rbpodo_msgs/package.xml
