[0.006s] Invoking command in '/home/thornch/rbpodo_ros2_ws/build/rbpodo_msgs': CMAKE_PREFIX_PATH=/opt/ros/humble /usr/bin/cmake --build /home/thornch/rbpodo_ros2_ws/build/rbpodo_msgs -- -j24 -l24
[0.034s] [  0%] Built target rbpodo_msgs__cpp
[0.038s] [ 12%] Built target rbpodo_msgs__rosidl_generator_c
[0.041s] [ 12%] Built target ament_cmake_python_copy_rbpodo_msgs
[0.063s] [ 24%] Built target rbpodo_msgs__rosidl_typesupport_c
[0.065s] [ 36%] Built target rbpodo_msgs__rosidl_typesupport_introspection_c
[0.069s] [ 53%] Built target rbpodo_msgs__rosidl_typesupport_cpp
[0.069s] [ 61%] Built target rbpodo_msgs__rosidl_typesupport_introspection_cpp
[0.072s] [ 73%] Built target rbpodo_msgs__rosidl_typesupport_fastrtps_cpp
[0.074s] [ 85%] Built target rbpodo_msgs__rosidl_typesupport_fastrtps_c
[0.081s] [ 85%] Built target rbpodo_msgs
[0.090s] [ 86%] Built target rbpodo_msgs__py
[0.103s] [ 97%] Built target rbpodo_msgs__rosidl_generator_py
[0.113s] [ 98%] Built target rbpodo_msgs__rosidl_typesupport_introspection_c__pyext
[0.114s] [ 99%] Built target rbpodo_msgs__rosidl_typesupport_c__pyext
[0.114s] [100%] Built target rbpodo_msgs__rosidl_typesupport_fastrtps_c__pyext
[0.231s] running egg_info
[0.237s] writing rbpodo_msgs.egg-info/PKG-INFO
[0.237s] writing dependency_links to rbpodo_msgs.egg-info/dependency_links.txt
[0.238s] writing top-level names to rbpodo_msgs.egg-info/top_level.txt
[0.256s] reading manifest file 'rbpodo_msgs.egg-info/SOURCES.txt'
[0.257s] writing manifest file 'rbpodo_msgs.egg-info/SOURCES.txt'
[0.278s] [100%] Built target ament_cmake_python_build_rbpodo_msgs_egg
[0.283s] Invoked command in '/home/thornch/rbpodo_ros2_ws/build/rbpodo_msgs' returned '0': CMAKE_PREFIX_PATH=/opt/ros/humble /usr/bin/cmake --build /home/thornch/rbpodo_ros2_ws/build/rbpodo_msgs -- -j24 -l24
[0.284s] Invoking command in '/home/thornch/rbpodo_ros2_ws/build/rbpodo_msgs': CMAKE_PREFIX_PATH=/opt/ros/humble /usr/bin/cmake --install /home/thornch/rbpodo_ros2_ws/build/rbpodo_msgs
[0.288s] -- Install configuration: "Release"
[0.288s] -- Up-to-date: /home/thornch/rbpodo_ros2_ws/install/rbpodo_msgs/share/ament_index/resource_index/rosidl_interfaces/rbpodo_msgs
[0.288s] -- Up-to-date: /home/thornch/rbpodo_ros2_ws/install/rbpodo_msgs/include/rbpodo_msgs/rbpodo_msgs
[0.288s] -- Up-to-date: /home/thornch/rbpodo_ros2_ws/install/rbpodo_msgs/include/rbpodo_msgs/rbpodo_msgs/msg
[0.288s] -- Up-to-date: /home/thornch/rbpodo_ros2_ws/install/rbpodo_msgs/include/rbpodo_msgs/rbpodo_msgs/msg/system_state.h
[0.288s] -- Up-to-date: /home/thornch/rbpodo_ros2_ws/install/rbpodo_msgs/include/rbpodo_msgs/rbpodo_msgs/msg/rosidl_generator_c__visibility_control.h
[0.288s] -- Up-to-date: /home/thornch/rbpodo_ros2_ws/install/rbpodo_msgs/include/rbpodo_msgs/rbpodo_msgs/msg/response.h
[0.288s] -- Up-to-date: /home/thornch/rbpodo_ros2_ws/install/rbpodo_msgs/include/rbpodo_msgs/rbpodo_msgs/msg/move_pb_point.h
[0.288s] -- Up-to-date: /home/thornch/rbpodo_ros2_ws/install/rbpodo_msgs/include/rbpodo_msgs/rbpodo_msgs/msg/detail
[0.288s] -- Up-to-date: /home/thornch/rbpodo_ros2_ws/install/rbpodo_msgs/include/rbpodo_msgs/rbpodo_msgs/msg/detail/response__functions.h
[0.288s] -- Up-to-date: /home/thornch/rbpodo_ros2_ws/install/rbpodo_msgs/include/rbpodo_msgs/rbpodo_msgs/msg/detail/system_state__struct.h
[0.288s] -- Up-to-date: /home/thornch/rbpodo_ros2_ws/install/rbpodo_msgs/include/rbpodo_msgs/rbpodo_msgs/msg/detail/move_jb2_point__functions.c
[0.288s] -- Up-to-date: /home/thornch/rbpodo_ros2_ws/install/rbpodo_msgs/include/rbpodo_msgs/rbpodo_msgs/msg/detail/response__struct.h
[0.288s] -- Up-to-date: /home/thornch/rbpodo_ros2_ws/install/rbpodo_msgs/include/rbpodo_msgs/rbpodo_msgs/msg/detail/move_jb2_point__functions.h
[0.288s] -- Up-to-date: /home/thornch/rbpodo_ros2_ws/install/rbpodo_msgs/include/rbpodo_msgs/rbpodo_msgs/msg/detail/response__type_support.h
[0.288s] -- Up-to-date: /home/thornch/rbpodo_ros2_ws/install/rbpodo_msgs/include/rbpodo_msgs/rbpodo_msgs/msg/detail/move_pb_point__struct.h
[0.288s] -- Up-to-date: /home/thornch/rbpodo_ros2_ws/install/rbpodo_msgs/include/rbpodo_msgs/rbpodo_msgs/msg/detail/move_pb_point__functions.h
[0.289s] -- Up-to-date: /home/thornch/rbpodo_ros2_ws/install/rbpodo_msgs/include/rbpodo_msgs/rbpodo_msgs/msg/detail/move_jb2_point__type_support.h
[0.289s] -- Up-to-date: /home/thornch/rbpodo_ros2_ws/install/rbpodo_msgs/include/rbpodo_msgs/rbpodo_msgs/msg/detail/system_state__functions.c
[0.289s] -- Up-to-date: /home/thornch/rbpodo_ros2_ws/install/rbpodo_msgs/include/rbpodo_msgs/rbpodo_msgs/msg/detail/response__functions.c
[0.289s] -- Up-to-date: /home/thornch/rbpodo_ros2_ws/install/rbpodo_msgs/include/rbpodo_msgs/rbpodo_msgs/msg/detail/move_jb2_point__struct.h
[0.289s] -- Up-to-date: /home/thornch/rbpodo_ros2_ws/install/rbpodo_msgs/include/rbpodo_msgs/rbpodo_msgs/msg/detail/system_state__functions.h
[0.289s] -- Up-to-date: /home/thornch/rbpodo_ros2_ws/install/rbpodo_msgs/include/rbpodo_msgs/rbpodo_msgs/msg/detail/move_pb_point__type_support.h
[0.289s] -- Up-to-date: /home/thornch/rbpodo_ros2_ws/install/rbpodo_msgs/include/rbpodo_msgs/rbpodo_msgs/msg/detail/system_state__type_support.h
[0.289s] -- Up-to-date: /home/thornch/rbpodo_ros2_ws/install/rbpodo_msgs/include/rbpodo_msgs/rbpodo_msgs/msg/detail/move_pb_point__functions.c
[0.289s] -- Up-to-date: /home/thornch/rbpodo_ros2_ws/install/rbpodo_msgs/include/rbpodo_msgs/rbpodo_msgs/msg/move_jb2_point.h
[0.289s] -- Up-to-date: /home/thornch/rbpodo_ros2_ws/install/rbpodo_msgs/include/rbpodo_msgs/rbpodo_msgs/action
[0.289s] -- Up-to-date: /home/thornch/rbpodo_ros2_ws/install/rbpodo_msgs/include/rbpodo_msgs/rbpodo_msgs/action/move_l.h
[0.289s] -- Up-to-date: /home/thornch/rbpodo_ros2_ws/install/rbpodo_msgs/include/rbpodo_msgs/rbpodo_msgs/action/move_jb2.h
[0.289s] -- Up-to-date: /home/thornch/rbpodo_ros2_ws/install/rbpodo_msgs/include/rbpodo_msgs/rbpodo_msgs/action/move_j.h
[0.289s] -- Up-to-date: /home/thornch/rbpodo_ros2_ws/install/rbpodo_msgs/include/rbpodo_msgs/rbpodo_msgs/action/detail
[0.289s] -- Up-to-date: /home/thornch/rbpodo_ros2_ws/install/rbpodo_msgs/include/rbpodo_msgs/rbpodo_msgs/action/detail/move_pb__type_support.h
[0.289s] -- Up-to-date: /home/thornch/rbpodo_ros2_ws/install/rbpodo_msgs/include/rbpodo_msgs/rbpodo_msgs/action/detail/move_j__functions.h
[0.289s] -- Up-to-date: /home/thornch/rbpodo_ros2_ws/install/rbpodo_msgs/include/rbpodo_msgs/rbpodo_msgs/action/detail/move_j__struct.h
[0.289s] -- Up-to-date: /home/thornch/rbpodo_ros2_ws/install/rbpodo_msgs/include/rbpodo_msgs/rbpodo_msgs/action/detail/move_jb2__type_support.h
[0.289s] -- Up-to-date: /home/thornch/rbpodo_ros2_ws/install/rbpodo_msgs/include/rbpodo_msgs/rbpodo_msgs/action/detail/move_l__type_support.h
[0.289s] -- Up-to-date: /home/thornch/rbpodo_ros2_ws/install/rbpodo_msgs/include/rbpodo_msgs/rbpodo_msgs/action/detail/move_jb2__functions.c
[0.289s] -- Up-to-date: /home/thornch/rbpodo_ros2_ws/install/rbpodo_msgs/include/rbpodo_msgs/rbpodo_msgs/action/detail/move_pb__struct.h
[0.289s] -- Up-to-date: /home/thornch/rbpodo_ros2_ws/install/rbpodo_msgs/include/rbpodo_msgs/rbpodo_msgs/action/detail/move_l__struct.h
[0.289s] -- Up-to-date: /home/thornch/rbpodo_ros2_ws/install/rbpodo_msgs/include/rbpodo_msgs/rbpodo_msgs/action/detail/move_j__type_support.h
[0.289s] -- Up-to-date: /home/thornch/rbpodo_ros2_ws/install/rbpodo_msgs/include/rbpodo_msgs/rbpodo_msgs/action/detail/move_jb2__struct.h
[0.289s] -- Up-to-date: /home/thornch/rbpodo_ros2_ws/install/rbpodo_msgs/include/rbpodo_msgs/rbpodo_msgs/action/detail/move_l__functions.h
[0.289s] -- Up-to-date: /home/thornch/rbpodo_ros2_ws/install/rbpodo_msgs/include/rbpodo_msgs/rbpodo_msgs/action/detail/move_jb2__functions.h
[0.289s] -- Up-to-date: /home/thornch/rbpodo_ros2_ws/install/rbpodo_msgs/include/rbpodo_msgs/rbpodo_msgs/action/detail/move_pb__functions.h
[0.289s] -- Up-to-date: /home/thornch/rbpodo_ros2_ws/install/rbpodo_msgs/include/rbpodo_msgs/rbpodo_msgs/action/detail/move_pb__functions.c
[0.289s] -- Up-to-date: /home/thornch/rbpodo_ros2_ws/install/rbpodo_msgs/include/rbpodo_msgs/rbpodo_msgs/action/detail/move_j__functions.c
[0.289s] -- Up-to-date: /home/thornch/rbpodo_ros2_ws/install/rbpodo_msgs/include/rbpodo_msgs/rbpodo_msgs/action/detail/move_l__functions.c
[0.289s] -- Up-to-date: /home/thornch/rbpodo_ros2_ws/install/rbpodo_msgs/include/rbpodo_msgs/rbpodo_msgs/action/move_pb.h
[0.289s] -- Up-to-date: /home/thornch/rbpodo_ros2_ws/install/rbpodo_msgs/include/rbpodo_msgs/rbpodo_msgs/srv
[0.289s] -- Up-to-date: /home/thornch/rbpodo_ros2_ws/install/rbpodo_msgs/include/rbpodo_msgs/rbpodo_msgs/srv/set_cartesian_velocity_controller_config.h
[0.289s] -- Up-to-date: /home/thornch/rbpodo_ros2_ws/install/rbpodo_msgs/include/rbpodo_msgs/rbpodo_msgs/srv/task_stop.h
[0.289s] -- Up-to-date: /home/thornch/rbpodo_ros2_ws/install/rbpodo_msgs/include/rbpodo_msgs/rbpodo_msgs/srv/set_joint_position_controller_config.h
[0.289s] -- Up-to-date: /home/thornch/rbpodo_ros2_ws/install/rbpodo_msgs/include/rbpodo_msgs/rbpodo_msgs/srv/set_speed_bar.h
[0.289s] -- Up-to-date: /home/thornch/rbpodo_ros2_ws/install/rbpodo_msgs/include/rbpodo_msgs/rbpodo_msgs/srv/eval.h
[0.289s] -- Up-to-date: /home/thornch/rbpodo_ros2_ws/install/rbpodo_msgs/include/rbpodo_msgs/rbpodo_msgs/srv/task_pause.h
[0.289s] -- Up-to-date: /home/thornch/rbpodo_ros2_ws/install/rbpodo_msgs/include/rbpodo_msgs/rbpodo_msgs/srv/set_cartesian_pose_controller_config.h
[0.290s] -- Up-to-date: /home/thornch/rbpodo_ros2_ws/install/rbpodo_msgs/include/rbpodo_msgs/rbpodo_msgs/srv/set_joint_effort_controller_config.h
[0.290s] -- Up-to-date: /home/thornch/rbpodo_ros2_ws/install/rbpodo_msgs/include/rbpodo_msgs/rbpodo_msgs/srv/task_resume.h
[0.290s] -- Up-to-date: /home/thornch/rbpodo_ros2_ws/install/rbpodo_msgs/include/rbpodo_msgs/rbpodo_msgs/srv/set_joint_velocity_controller_config.h
[0.290s] -- Up-to-date: /home/thornch/rbpodo_ros2_ws/install/rbpodo_msgs/include/rbpodo_msgs/rbpodo_msgs/srv/task_play.h
[0.290s] -- Up-to-date: /home/thornch/rbpodo_ros2_ws/install/rbpodo_msgs/include/rbpodo_msgs/rbpodo_msgs/srv/detail
[0.290s] -- Up-to-date: /home/thornch/rbpodo_ros2_ws/install/rbpodo_msgs/include/rbpodo_msgs/rbpodo_msgs/srv/detail/set_joint_velocity_controller_config__functions.h
[0.290s] -- Up-to-date: /home/thornch/rbpodo_ros2_ws/install/rbpodo_msgs/include/rbpodo_msgs/rbpodo_msgs/srv/detail/task_resume__functions.c
[0.290s] -- Up-to-date: /home/thornch/rbpodo_ros2_ws/install/rbpodo_msgs/include/rbpodo_msgs/rbpodo_msgs/srv/detail/task_play__struct.h
[0.290s] -- Up-to-date: /home/thornch/rbpodo_ros2_ws/install/rbpodo_msgs/include/rbpodo_msgs/rbpodo_msgs/srv/detail/set_joint_effort_controller_config__struct.h
[0.290s] -- Up-to-date: /home/thornch/rbpodo_ros2_ws/install/rbpodo_msgs/include/rbpodo_msgs/rbpodo_msgs/srv/detail/task_play__functions.h
[0.290s] -- Up-to-date: /home/thornch/rbpodo_ros2_ws/install/rbpodo_msgs/include/rbpodo_msgs/rbpodo_msgs/srv/detail/set_cartesian_pose_controller_config__type_support.h
[0.290s] -- Up-to-date: /home/thornch/rbpodo_ros2_ws/install/rbpodo_msgs/include/rbpodo_msgs/rbpodo_msgs/srv/detail/task_pause__functions.h
[0.290s] -- Up-to-date: /home/thornch/rbpodo_ros2_ws/install/rbpodo_msgs/include/rbpodo_msgs/rbpodo_msgs/srv/detail/set_joint_effort_controller_config__functions.c
[0.290s] -- Up-to-date: /home/thornch/rbpodo_ros2_ws/install/rbpodo_msgs/include/rbpodo_msgs/rbpodo_msgs/srv/detail/set_speed_bar__struct.h
[0.290s] -- Up-to-date: /home/thornch/rbpodo_ros2_ws/install/rbpodo_msgs/include/rbpodo_msgs/rbpodo_msgs/srv/detail/task_load__struct.h
[0.290s] -- Up-to-date: /home/thornch/rbpodo_ros2_ws/install/rbpodo_msgs/include/rbpodo_msgs/rbpodo_msgs/srv/detail/eval__functions.h
[0.290s] -- Up-to-date: /home/thornch/rbpodo_ros2_ws/install/rbpodo_msgs/include/rbpodo_msgs/rbpodo_msgs/srv/detail/eval__struct.h
[0.290s] -- Up-to-date: /home/thornch/rbpodo_ros2_ws/install/rbpodo_msgs/include/rbpodo_msgs/rbpodo_msgs/srv/detail/eval__functions.c
[0.290s] -- Up-to-date: /home/thornch/rbpodo_ros2_ws/install/rbpodo_msgs/include/rbpodo_msgs/rbpodo_msgs/srv/detail/set_operation_mode__type_support.h
[0.290s] -- Up-to-date: /home/thornch/rbpodo_ros2_ws/install/rbpodo_msgs/include/rbpodo_msgs/rbpodo_msgs/srv/detail/set_cartesian_pose_controller_config__functions.h
[0.290s] -- Up-to-date: /home/thornch/rbpodo_ros2_ws/install/rbpodo_msgs/include/rbpodo_msgs/rbpodo_msgs/srv/detail/set_speed_bar__functions.c
[0.290s] -- Up-to-date: /home/thornch/rbpodo_ros2_ws/install/rbpodo_msgs/include/rbpodo_msgs/rbpodo_msgs/srv/detail/set_cartesian_velocity_controller_config__functions.c
[0.290s] -- Up-to-date: /home/thornch/rbpodo_ros2_ws/install/rbpodo_msgs/include/rbpodo_msgs/rbpodo_msgs/srv/detail/set_joint_position_controller_config__functions.c
[0.290s] -- Up-to-date: /home/thornch/rbpodo_ros2_ws/install/rbpodo_msgs/include/rbpodo_msgs/rbpodo_msgs/srv/detail/set_cartesian_velocity_controller_config__type_support.h
[0.290s] -- Up-to-date: /home/thornch/rbpodo_ros2_ws/install/rbpodo_msgs/include/rbpodo_msgs/rbpodo_msgs/srv/detail/set_joint_position_controller_config__struct.h
[0.290s] -- Up-to-date: /home/thornch/rbpodo_ros2_ws/install/rbpodo_msgs/include/rbpodo_msgs/rbpodo_msgs/srv/detail/task_play__functions.c
[0.290s] -- Up-to-date: /home/thornch/rbpodo_ros2_ws/install/rbpodo_msgs/include/rbpodo_msgs/rbpodo_msgs/srv/detail/task_load__functions.h
[0.290s] -- Up-to-date: /home/thornch/rbpodo_ros2_ws/install/rbpodo_msgs/include/rbpodo_msgs/rbpodo_msgs/srv/detail/task_play__type_support.h
[0.290s] -- Up-to-date: /home/thornch/rbpodo_ros2_ws/install/rbpodo_msgs/include/rbpodo_msgs/rbpodo_msgs/srv/detail/set_cartesian_velocity_controller_config__functions.h
[0.290s] -- Up-to-date: /home/thornch/rbpodo_ros2_ws/install/rbpodo_msgs/include/rbpodo_msgs/rbpodo_msgs/srv/detail/set_joint_effort_controller_config__type_support.h
[0.290s] -- Up-to-date: /home/thornch/rbpodo_ros2_ws/install/rbpodo_msgs/include/rbpodo_msgs/rbpodo_msgs/srv/detail/task_stop__struct.h
[0.290s] -- Up-to-date: /home/thornch/rbpodo_ros2_ws/install/rbpodo_msgs/include/rbpodo_msgs/rbpodo_msgs/srv/detail/task_load__functions.c
[0.290s] -- Up-to-date: /home/thornch/rbpodo_ros2_ws/install/rbpodo_msgs/include/rbpodo_msgs/rbpodo_msgs/srv/detail/eval__type_support.h
[0.290s] -- Up-to-date: /home/thornch/rbpodo_ros2_ws/install/rbpodo_msgs/include/rbpodo_msgs/rbpodo_msgs/srv/detail/set_cartesian_pose_controller_config__functions.c
[0.290s] -- Up-to-date: /home/thornch/rbpodo_ros2_ws/install/rbpodo_msgs/include/rbpodo_msgs/rbpodo_msgs/srv/detail/task_resume__functions.h
[0.290s] -- Up-to-date: /home/thornch/rbpodo_ros2_ws/install/rbpodo_msgs/include/rbpodo_msgs/rbpodo_msgs/srv/detail/task_pause__functions.c
[0.290s] -- Up-to-date: /home/thornch/rbpodo_ros2_ws/install/rbpodo_msgs/include/rbpodo_msgs/rbpodo_msgs/srv/detail/set_operation_mode__functions.h
[0.290s] -- Up-to-date: /home/thornch/rbpodo_ros2_ws/install/rbpodo_msgs/include/rbpodo_msgs/rbpodo_msgs/srv/detail/set_speed_bar__functions.h
[0.290s] -- Up-to-date: /home/thornch/rbpodo_ros2_ws/install/rbpodo_msgs/include/rbpodo_msgs/rbpodo_msgs/srv/detail/set_joint_position_controller_config__functions.h
[0.290s] -- Up-to-date: /home/thornch/rbpodo_ros2_ws/install/rbpodo_msgs/include/rbpodo_msgs/rbpodo_msgs/srv/detail/set_cartesian_pose_controller_config__struct.h
[0.290s] -- Up-to-date: /home/thornch/rbpodo_ros2_ws/install/rbpodo_msgs/include/rbpodo_msgs/rbpodo_msgs/srv/detail/task_load__type_support.h
[0.290s] -- Up-to-date: /home/thornch/rbpodo_ros2_ws/install/rbpodo_msgs/include/rbpodo_msgs/rbpodo_msgs/srv/detail/task_pause__type_support.h
[0.290s] -- Up-to-date: /home/thornch/rbpodo_ros2_ws/install/rbpodo_msgs/include/rbpodo_msgs/rbpodo_msgs/srv/detail/set_operation_mode__struct.h
[0.290s] -- Up-to-date: /home/thornch/rbpodo_ros2_ws/install/rbpodo_msgs/include/rbpodo_msgs/rbpodo_msgs/srv/detail/set_joint_position_controller_config__type_support.h
[0.291s] -- Up-to-date: /home/thornch/rbpodo_ros2_ws/install/rbpodo_msgs/include/rbpodo_msgs/rbpodo_msgs/srv/detail/set_joint_velocity_controller_config__struct.h
[0.291s] -- Up-to-date: /home/thornch/rbpodo_ros2_ws/install/rbpodo_msgs/include/rbpodo_msgs/rbpodo_msgs/srv/detail/task_resume__type_support.h
[0.291s] -- Up-to-date: /home/thornch/rbpodo_ros2_ws/install/rbpodo_msgs/include/rbpodo_msgs/rbpodo_msgs/srv/detail/set_joint_velocity_controller_config__type_support.h
[0.291s] -- Up-to-date: /home/thornch/rbpodo_ros2_ws/install/rbpodo_msgs/include/rbpodo_msgs/rbpodo_msgs/srv/detail/task_stop__functions.h
[0.291s] -- Up-to-date: /home/thornch/rbpodo_ros2_ws/install/rbpodo_msgs/include/rbpodo_msgs/rbpodo_msgs/srv/detail/set_cartesian_velocity_controller_config__struct.h
[0.291s] -- Up-to-date: /home/thornch/rbpodo_ros2_ws/install/rbpodo_msgs/include/rbpodo_msgs/rbpodo_msgs/srv/detail/task_pause__struct.h
[0.291s] -- Up-to-date: /home/thornch/rbpodo_ros2_ws/install/rbpodo_msgs/include/rbpodo_msgs/rbpodo_msgs/srv/detail/task_stop__functions.c
[0.291s] -- Up-to-date: /home/thornch/rbpodo_ros2_ws/install/rbpodo_msgs/include/rbpodo_msgs/rbpodo_msgs/srv/detail/task_resume__struct.h
[0.291s] -- Up-to-date: /home/thornch/rbpodo_ros2_ws/install/rbpodo_msgs/include/rbpodo_msgs/rbpodo_msgs/srv/detail/set_joint_effort_controller_config__functions.h
[0.291s] -- Up-to-date: /home/thornch/rbpodo_ros2_ws/install/rbpodo_msgs/include/rbpodo_msgs/rbpodo_msgs/srv/detail/task_stop__type_support.h
[0.291s] -- Up-to-date: /home/thornch/rbpodo_ros2_ws/install/rbpodo_msgs/include/rbpodo_msgs/rbpodo_msgs/srv/detail/set_operation_mode__functions.c
[0.291s] -- Up-to-date: /home/thornch/rbpodo_ros2_ws/install/rbpodo_msgs/include/rbpodo_msgs/rbpodo_msgs/srv/detail/set_joint_velocity_controller_config__functions.c
[0.291s] -- Up-to-date: /home/thornch/rbpodo_ros2_ws/install/rbpodo_msgs/include/rbpodo_msgs/rbpodo_msgs/srv/detail/set_speed_bar__type_support.h
[0.291s] -- Up-to-date: /home/thornch/rbpodo_ros2_ws/install/rbpodo_msgs/include/rbpodo_msgs/rbpodo_msgs/srv/task_load.h
[0.291s] -- Up-to-date: /home/thornch/rbpodo_ros2_ws/install/rbpodo_msgs/include/rbpodo_msgs/rbpodo_msgs/srv/set_operation_mode.h
[0.291s] -- Up-to-date: /home/thornch/rbpodo_ros2_ws/install/rbpodo_msgs/share/rbpodo_msgs/environment/library_path.sh
[0.291s] -- Up-to-date: /home/thornch/rbpodo_ros2_ws/install/rbpodo_msgs/share/rbpodo_msgs/environment/library_path.dsv
[0.291s] -- Up-to-date: /home/thornch/rbpodo_ros2_ws/install/rbpodo_msgs/lib/librbpodo_msgs__rosidl_generator_c.so
[0.291s] -- Up-to-date: /home/thornch/rbpodo_ros2_ws/install/rbpodo_msgs/include/rbpodo_msgs/rbpodo_msgs
[0.291s] -- Up-to-date: /home/thornch/rbpodo_ros2_ws/install/rbpodo_msgs/include/rbpodo_msgs/rbpodo_msgs/msg
[0.291s] -- Up-to-date: /home/thornch/rbpodo_ros2_ws/install/rbpodo_msgs/include/rbpodo_msgs/rbpodo_msgs/msg/rosidl_typesupport_fastrtps_c__visibility_control.h
[0.291s] -- Up-to-date: /home/thornch/rbpodo_ros2_ws/install/rbpodo_msgs/include/rbpodo_msgs/rbpodo_msgs/msg/detail
[0.291s] -- Up-to-date: /home/thornch/rbpodo_ros2_ws/install/rbpodo_msgs/include/rbpodo_msgs/rbpodo_msgs/msg/detail/move_jb2_point__rosidl_typesupport_fastrtps_c.h
[0.291s] -- Up-to-date: /home/thornch/rbpodo_ros2_ws/install/rbpodo_msgs/include/rbpodo_msgs/rbpodo_msgs/msg/detail/move_pb_point__rosidl_typesupport_fastrtps_c.h
[0.291s] -- Up-to-date: /home/thornch/rbpodo_ros2_ws/install/rbpodo_msgs/include/rbpodo_msgs/rbpodo_msgs/msg/detail/response__rosidl_typesupport_fastrtps_c.h
[0.291s] -- Up-to-date: /home/thornch/rbpodo_ros2_ws/install/rbpodo_msgs/include/rbpodo_msgs/rbpodo_msgs/msg/detail/system_state__rosidl_typesupport_fastrtps_c.h
[0.291s] -- Up-to-date: /home/thornch/rbpodo_ros2_ws/install/rbpodo_msgs/include/rbpodo_msgs/rbpodo_msgs/action
[0.291s] -- Up-to-date: /home/thornch/rbpodo_ros2_ws/install/rbpodo_msgs/include/rbpodo_msgs/rbpodo_msgs/action/detail
[0.291s] -- Up-to-date: /home/thornch/rbpodo_ros2_ws/install/rbpodo_msgs/include/rbpodo_msgs/rbpodo_msgs/action/detail/move_j__rosidl_typesupport_fastrtps_c.h
[0.291s] -- Up-to-date: /home/thornch/rbpodo_ros2_ws/install/rbpodo_msgs/include/rbpodo_msgs/rbpodo_msgs/action/detail/move_l__rosidl_typesupport_fastrtps_c.h
[0.291s] -- Up-to-date: /home/thornch/rbpodo_ros2_ws/install/rbpodo_msgs/include/rbpodo_msgs/rbpodo_msgs/action/detail/move_jb2__rosidl_typesupport_fastrtps_c.h
[0.291s] -- Up-to-date: /home/thornch/rbpodo_ros2_ws/install/rbpodo_msgs/include/rbpodo_msgs/rbpodo_msgs/action/detail/move_pb__rosidl_typesupport_fastrtps_c.h
[0.291s] -- Up-to-date: /home/thornch/rbpodo_ros2_ws/install/rbpodo_msgs/include/rbpodo_msgs/rbpodo_msgs/srv
[0.291s] -- Up-to-date: /home/thornch/rbpodo_ros2_ws/install/rbpodo_msgs/include/rbpodo_msgs/rbpodo_msgs/srv/detail
[0.291s] -- Up-to-date: /home/thornch/rbpodo_ros2_ws/install/rbpodo_msgs/include/rbpodo_msgs/rbpodo_msgs/srv/detail/set_joint_position_controller_config__rosidl_typesupport_fastrtps_c.h
[0.291s] -- Up-to-date: /home/thornch/rbpodo_ros2_ws/install/rbpodo_msgs/include/rbpodo_msgs/rbpodo_msgs/srv/detail/set_joint_velocity_controller_config__rosidl_typesupport_fastrtps_c.h
[0.291s] -- Up-to-date: /home/thornch/rbpodo_ros2_ws/install/rbpodo_msgs/include/rbpodo_msgs/rbpodo_msgs/srv/detail/set_speed_bar__rosidl_typesupport_fastrtps_c.h
[0.291s] -- Up-to-date: /home/thornch/rbpodo_ros2_ws/install/rbpodo_msgs/include/rbpodo_msgs/rbpodo_msgs/srv/detail/set_joint_effort_controller_config__rosidl_typesupport_fastrtps_c.h
[0.291s] -- Up-to-date: /home/thornch/rbpodo_ros2_ws/install/rbpodo_msgs/include/rbpodo_msgs/rbpodo_msgs/srv/detail/task_pause__rosidl_typesupport_fastrtps_c.h
[0.291s] -- Up-to-date: /home/thornch/rbpodo_ros2_ws/install/rbpodo_msgs/include/rbpodo_msgs/rbpodo_msgs/srv/detail/set_cartesian_velocity_controller_config__rosidl_typesupport_fastrtps_c.h
[0.291s] -- Up-to-date: /home/thornch/rbpodo_ros2_ws/install/rbpodo_msgs/include/rbpodo_msgs/rbpodo_msgs/srv/detail/set_cartesian_pose_controller_config__rosidl_typesupport_fastrtps_c.h
[0.291s] -- Up-to-date: /home/thornch/rbpodo_ros2_ws/install/rbpodo_msgs/include/rbpodo_msgs/rbpodo_msgs/srv/detail/eval__rosidl_typesupport_fastrtps_c.h
[0.291s] -- Up-to-date: /home/thornch/rbpodo_ros2_ws/install/rbpodo_msgs/include/rbpodo_msgs/rbpodo_msgs/srv/detail/task_play__rosidl_typesupport_fastrtps_c.h
[0.292s] -- Up-to-date: /home/thornch/rbpodo_ros2_ws/install/rbpodo_msgs/include/rbpodo_msgs/rbpodo_msgs/srv/detail/task_resume__rosidl_typesupport_fastrtps_c.h
[0.292s] -- Up-to-date: /home/thornch/rbpodo_ros2_ws/install/rbpodo_msgs/include/rbpodo_msgs/rbpodo_msgs/srv/detail/task_stop__rosidl_typesupport_fastrtps_c.h
[0.292s] -- Up-to-date: /home/thornch/rbpodo_ros2_ws/install/rbpodo_msgs/include/rbpodo_msgs/rbpodo_msgs/srv/detail/task_load__rosidl_typesupport_fastrtps_c.h
[0.292s] -- Up-to-date: /home/thornch/rbpodo_ros2_ws/install/rbpodo_msgs/include/rbpodo_msgs/rbpodo_msgs/srv/detail/set_operation_mode__rosidl_typesupport_fastrtps_c.h
[0.292s] -- Up-to-date: /home/thornch/rbpodo_ros2_ws/install/rbpodo_msgs/lib/librbpodo_msgs__rosidl_typesupport_fastrtps_c.so
[0.292s] -- Up-to-date: /home/thornch/rbpodo_ros2_ws/install/rbpodo_msgs/include/rbpodo_msgs/rbpodo_msgs
[0.292s] -- Up-to-date: /home/thornch/rbpodo_ros2_ws/install/rbpodo_msgs/include/rbpodo_msgs/rbpodo_msgs/msg
[0.292s] -- Up-to-date: /home/thornch/rbpodo_ros2_ws/install/rbpodo_msgs/include/rbpodo_msgs/rbpodo_msgs/msg/rosidl_typesupport_introspection_c__visibility_control.h
[0.292s] -- Up-to-date: /home/thornch/rbpodo_ros2_ws/install/rbpodo_msgs/include/rbpodo_msgs/rbpodo_msgs/msg/detail
[0.292s] -- Up-to-date: /home/thornch/rbpodo_ros2_ws/install/rbpodo_msgs/include/rbpodo_msgs/rbpodo_msgs/msg/detail/move_jb2_point__rosidl_typesupport_introspection_c.h
[0.292s] -- Up-to-date: /home/thornch/rbpodo_ros2_ws/install/rbpodo_msgs/include/rbpodo_msgs/rbpodo_msgs/msg/detail/system_state__type_support.c
[0.292s] -- Up-to-date: /home/thornch/rbpodo_ros2_ws/install/rbpodo_msgs/include/rbpodo_msgs/rbpodo_msgs/msg/detail/move_jb2_point__type_support.c
[0.292s] -- Up-to-date: /home/thornch/rbpodo_ros2_ws/install/rbpodo_msgs/include/rbpodo_msgs/rbpodo_msgs/msg/detail/response__type_support.c
[0.292s] -- Up-to-date: /home/thornch/rbpodo_ros2_ws/install/rbpodo_msgs/include/rbpodo_msgs/rbpodo_msgs/msg/detail/move_pb_point__type_support.c
[0.292s] -- Up-to-date: /home/thornch/rbpodo_ros2_ws/install/rbpodo_msgs/include/rbpodo_msgs/rbpodo_msgs/msg/detail/move_pb_point__rosidl_typesupport_introspection_c.h
[0.292s] -- Up-to-date: /home/thornch/rbpodo_ros2_ws/install/rbpodo_msgs/include/rbpodo_msgs/rbpodo_msgs/msg/detail/system_state__rosidl_typesupport_introspection_c.h
[0.292s] -- Up-to-date: /home/thornch/rbpodo_ros2_ws/install/rbpodo_msgs/include/rbpodo_msgs/rbpodo_msgs/msg/detail/response__rosidl_typesupport_introspection_c.h
[0.292s] -- Up-to-date: /home/thornch/rbpodo_ros2_ws/install/rbpodo_msgs/include/rbpodo_msgs/rbpodo_msgs/action
[0.292s] -- Up-to-date: /home/thornch/rbpodo_ros2_ws/install/rbpodo_msgs/include/rbpodo_msgs/rbpodo_msgs/action/detail
[0.292s] -- Up-to-date: /home/thornch/rbpodo_ros2_ws/install/rbpodo_msgs/include/rbpodo_msgs/rbpodo_msgs/action/detail/move_jb2__type_support.c
[0.292s] -- Up-to-date: /home/thornch/rbpodo_ros2_ws/install/rbpodo_msgs/include/rbpodo_msgs/rbpodo_msgs/action/detail/move_j__rosidl_typesupport_introspection_c.h
[0.292s] -- Up-to-date: /home/thornch/rbpodo_ros2_ws/install/rbpodo_msgs/include/rbpodo_msgs/rbpodo_msgs/action/detail/move_pb__type_support.c
[0.292s] -- Up-to-date: /home/thornch/rbpodo_ros2_ws/install/rbpodo_msgs/include/rbpodo_msgs/rbpodo_msgs/action/detail/move_jb2__rosidl_typesupport_introspection_c.h
[0.292s] -- Up-to-date: /home/thornch/rbpodo_ros2_ws/install/rbpodo_msgs/include/rbpodo_msgs/rbpodo_msgs/action/detail/move_l__type_support.c
[0.292s] -- Up-to-date: /home/thornch/rbpodo_ros2_ws/install/rbpodo_msgs/include/rbpodo_msgs/rbpodo_msgs/action/detail/move_pb__rosidl_typesupport_introspection_c.h
[0.292s] -- Up-to-date: /home/thornch/rbpodo_ros2_ws/install/rbpodo_msgs/include/rbpodo_msgs/rbpodo_msgs/action/detail/move_l__rosidl_typesupport_introspection_c.h
[0.292s] -- Up-to-date: /home/thornch/rbpodo_ros2_ws/install/rbpodo_msgs/include/rbpodo_msgs/rbpodo_msgs/action/detail/move_j__type_support.c
[0.292s] -- Up-to-date: /home/thornch/rbpodo_ros2_ws/install/rbpodo_msgs/include/rbpodo_msgs/rbpodo_msgs/srv
[0.292s] -- Up-to-date: /home/thornch/rbpodo_ros2_ws/install/rbpodo_msgs/include/rbpodo_msgs/rbpodo_msgs/srv/detail
[0.292s] -- Up-to-date: /home/thornch/rbpodo_ros2_ws/install/rbpodo_msgs/include/rbpodo_msgs/rbpodo_msgs/srv/detail/task_stop__type_support.c
[0.292s] -- Up-to-date: /home/thornch/rbpodo_ros2_ws/install/rbpodo_msgs/include/rbpodo_msgs/rbpodo_msgs/srv/detail/set_joint_velocity_controller_config__rosidl_typesupport_introspection_c.h
[0.292s] -- Up-to-date: /home/thornch/rbpodo_ros2_ws/install/rbpodo_msgs/include/rbpodo_msgs/rbpodo_msgs/srv/detail/set_joint_position_controller_config__type_support.c
[0.292s] -- Up-to-date: /home/thornch/rbpodo_ros2_ws/install/rbpodo_msgs/include/rbpodo_msgs/rbpodo_msgs/srv/detail/set_joint_effort_controller_config__type_support.c
[0.292s] -- Up-to-date: /home/thornch/rbpodo_ros2_ws/install/rbpodo_msgs/include/rbpodo_msgs/rbpodo_msgs/srv/detail/eval__type_support.c
[0.292s] -- Up-to-date: /home/thornch/rbpodo_ros2_ws/install/rbpodo_msgs/include/rbpodo_msgs/rbpodo_msgs/srv/detail/set_speed_bar__rosidl_typesupport_introspection_c.h
[0.292s] -- Up-to-date: /home/thornch/rbpodo_ros2_ws/install/rbpodo_msgs/include/rbpodo_msgs/rbpodo_msgs/srv/detail/set_cartesian_pose_controller_config__type_support.c
[0.292s] -- Up-to-date: /home/thornch/rbpodo_ros2_ws/install/rbpodo_msgs/include/rbpodo_msgs/rbpodo_msgs/srv/detail/set_cartesian_velocity_controller_config__rosidl_typesupport_introspection_c.h
[0.292s] -- Up-to-date: /home/thornch/rbpodo_ros2_ws/install/rbpodo_msgs/include/rbpodo_msgs/rbpodo_msgs/srv/detail/task_pause__rosidl_typesupport_introspection_c.h
[0.292s] -- Up-to-date: /home/thornch/rbpodo_ros2_ws/install/rbpodo_msgs/include/rbpodo_msgs/rbpodo_msgs/srv/detail/task_resume__rosidl_typesupport_introspection_c.h
[0.292s] -- Up-to-date: /home/thornch/rbpodo_ros2_ws/install/rbpodo_msgs/include/rbpodo_msgs/rbpodo_msgs/srv/detail/task_stop__rosidl_typesupport_introspection_c.h
[0.292s] -- Up-to-date: /home/thornch/rbpodo_ros2_ws/install/rbpodo_msgs/include/rbpodo_msgs/rbpodo_msgs/srv/detail/set_speed_bar__type_support.c
[0.292s] -- Up-to-date: /home/thornch/rbpodo_ros2_ws/install/rbpodo_msgs/include/rbpodo_msgs/rbpodo_msgs/srv/detail/task_resume__type_support.c
[0.292s] -- Up-to-date: /home/thornch/rbpodo_ros2_ws/install/rbpodo_msgs/include/rbpodo_msgs/rbpodo_msgs/srv/detail/task_load__type_support.c
[0.292s] -- Up-to-date: /home/thornch/rbpodo_ros2_ws/install/rbpodo_msgs/include/rbpodo_msgs/rbpodo_msgs/srv/detail/set_joint_velocity_controller_config__type_support.c
[0.293s] -- Up-to-date: /home/thornch/rbpodo_ros2_ws/install/rbpodo_msgs/include/rbpodo_msgs/rbpodo_msgs/srv/detail/set_joint_position_controller_config__rosidl_typesupport_introspection_c.h
[0.293s] -- Up-to-date: /home/thornch/rbpodo_ros2_ws/install/rbpodo_msgs/include/rbpodo_msgs/rbpodo_msgs/srv/detail/set_joint_effort_controller_config__rosidl_typesupport_introspection_c.h
[0.293s] -- Up-to-date: /home/thornch/rbpodo_ros2_ws/install/rbpodo_msgs/include/rbpodo_msgs/rbpodo_msgs/srv/detail/task_pause__type_support.c
[0.293s] -- Up-to-date: /home/thornch/rbpodo_ros2_ws/install/rbpodo_msgs/include/rbpodo_msgs/rbpodo_msgs/srv/detail/set_operation_mode__type_support.c
[0.293s] -- Up-to-date: /home/thornch/rbpodo_ros2_ws/install/rbpodo_msgs/include/rbpodo_msgs/rbpodo_msgs/srv/detail/set_cartesian_velocity_controller_config__type_support.c
[0.293s] -- Up-to-date: /home/thornch/rbpodo_ros2_ws/install/rbpodo_msgs/include/rbpodo_msgs/rbpodo_msgs/srv/detail/task_play__rosidl_typesupport_introspection_c.h
[0.293s] -- Up-to-date: /home/thornch/rbpodo_ros2_ws/install/rbpodo_msgs/include/rbpodo_msgs/rbpodo_msgs/srv/detail/set_cartesian_pose_controller_config__rosidl_typesupport_introspection_c.h
[0.293s] -- Up-to-date: /home/thornch/rbpodo_ros2_ws/install/rbpodo_msgs/include/rbpodo_msgs/rbpodo_msgs/srv/detail/set_operation_mode__rosidl_typesupport_introspection_c.h
[0.293s] -- Up-to-date: /home/thornch/rbpodo_ros2_ws/install/rbpodo_msgs/include/rbpodo_msgs/rbpodo_msgs/srv/detail/task_load__rosidl_typesupport_introspection_c.h
[0.293s] -- Up-to-date: /home/thornch/rbpodo_ros2_ws/install/rbpodo_msgs/include/rbpodo_msgs/rbpodo_msgs/srv/detail/task_play__type_support.c
[0.293s] -- Up-to-date: /home/thornch/rbpodo_ros2_ws/install/rbpodo_msgs/include/rbpodo_msgs/rbpodo_msgs/srv/detail/eval__rosidl_typesupport_introspection_c.h
[0.293s] -- Up-to-date: /home/thornch/rbpodo_ros2_ws/install/rbpodo_msgs/lib/librbpodo_msgs__rosidl_typesupport_introspection_c.so
[0.293s] -- Up-to-date: /home/thornch/rbpodo_ros2_ws/install/rbpodo_msgs/lib/librbpodo_msgs__rosidl_typesupport_c.so
[0.293s] -- Up-to-date: /home/thornch/rbpodo_ros2_ws/install/rbpodo_msgs/include/rbpodo_msgs/rbpodo_msgs
[0.293s] -- Up-to-date: /home/thornch/rbpodo_ros2_ws/install/rbpodo_msgs/include/rbpodo_msgs/rbpodo_msgs/msg
[0.293s] -- Up-to-date: /home/thornch/rbpodo_ros2_ws/install/rbpodo_msgs/include/rbpodo_msgs/rbpodo_msgs/msg/response.hpp
[0.293s] -- Up-to-date: /home/thornch/rbpodo_ros2_ws/install/rbpodo_msgs/include/rbpodo_msgs/rbpodo_msgs/msg/system_state.hpp
[0.293s] -- Up-to-date: /home/thornch/rbpodo_ros2_ws/install/rbpodo_msgs/include/rbpodo_msgs/rbpodo_msgs/msg/move_pb_point.hpp
[0.293s] -- Up-to-date: /home/thornch/rbpodo_ros2_ws/install/rbpodo_msgs/include/rbpodo_msgs/rbpodo_msgs/msg/rosidl_generator_cpp__visibility_control.hpp
[0.293s] -- Up-to-date: /home/thornch/rbpodo_ros2_ws/install/rbpodo_msgs/include/rbpodo_msgs/rbpodo_msgs/msg/move_jb2_point.hpp
[0.293s] -- Up-to-date: /home/thornch/rbpodo_ros2_ws/install/rbpodo_msgs/include/rbpodo_msgs/rbpodo_msgs/msg/detail
[0.293s] -- Up-to-date: /home/thornch/rbpodo_ros2_ws/install/rbpodo_msgs/include/rbpodo_msgs/rbpodo_msgs/msg/detail/move_pb_point__struct.hpp
[0.293s] -- Up-to-date: /home/thornch/rbpodo_ros2_ws/install/rbpodo_msgs/include/rbpodo_msgs/rbpodo_msgs/msg/detail/system_state__struct.hpp
[0.293s] -- Up-to-date: /home/thornch/rbpodo_ros2_ws/install/rbpodo_msgs/include/rbpodo_msgs/rbpodo_msgs/msg/detail/response__type_support.hpp
[0.293s] -- Up-to-date: /home/thornch/rbpodo_ros2_ws/install/rbpodo_msgs/include/rbpodo_msgs/rbpodo_msgs/msg/detail/move_pb_point__traits.hpp
[0.293s] -- Up-to-date: /home/thornch/rbpodo_ros2_ws/install/rbpodo_msgs/include/rbpodo_msgs/rbpodo_msgs/msg/detail/move_jb2_point__builder.hpp
[0.293s] -- Up-to-date: /home/thornch/rbpodo_ros2_ws/install/rbpodo_msgs/include/rbpodo_msgs/rbpodo_msgs/msg/detail/response__traits.hpp
[0.293s] -- Up-to-date: /home/thornch/rbpodo_ros2_ws/install/rbpodo_msgs/include/rbpodo_msgs/rbpodo_msgs/msg/detail/move_pb_point__type_support.hpp
[0.293s] -- Up-to-date: /home/thornch/rbpodo_ros2_ws/install/rbpodo_msgs/include/rbpodo_msgs/rbpodo_msgs/msg/detail/system_state__type_support.hpp
[0.293s] -- Up-to-date: /home/thornch/rbpodo_ros2_ws/install/rbpodo_msgs/include/rbpodo_msgs/rbpodo_msgs/msg/detail/system_state__traits.hpp
[0.293s] -- Up-to-date: /home/thornch/rbpodo_ros2_ws/install/rbpodo_msgs/include/rbpodo_msgs/rbpodo_msgs/msg/detail/move_jb2_point__traits.hpp
[0.293s] -- Up-to-date: /home/thornch/rbpodo_ros2_ws/install/rbpodo_msgs/include/rbpodo_msgs/rbpodo_msgs/msg/detail/response__struct.hpp
[0.293s] -- Up-to-date: /home/thornch/rbpodo_ros2_ws/install/rbpodo_msgs/include/rbpodo_msgs/rbpodo_msgs/msg/detail/response__builder.hpp
[0.293s] -- Up-to-date: /home/thornch/rbpodo_ros2_ws/install/rbpodo_msgs/include/rbpodo_msgs/rbpodo_msgs/msg/detail/move_pb_point__builder.hpp
[0.293s] -- Up-to-date: /home/thornch/rbpodo_ros2_ws/install/rbpodo_msgs/include/rbpodo_msgs/rbpodo_msgs/msg/detail/system_state__builder.hpp
[0.293s] -- Up-to-date: /home/thornch/rbpodo_ros2_ws/install/rbpodo_msgs/include/rbpodo_msgs/rbpodo_msgs/msg/detail/move_jb2_point__type_support.hpp
[0.293s] -- Up-to-date: /home/thornch/rbpodo_ros2_ws/install/rbpodo_msgs/include/rbpodo_msgs/rbpodo_msgs/msg/detail/move_jb2_point__struct.hpp
[0.293s] -- Up-to-date: /home/thornch/rbpodo_ros2_ws/install/rbpodo_msgs/include/rbpodo_msgs/rbpodo_msgs/action
[0.293s] -- Up-to-date: /home/thornch/rbpodo_ros2_ws/install/rbpodo_msgs/include/rbpodo_msgs/rbpodo_msgs/action/move_j.hpp
[0.293s] -- Up-to-date: /home/thornch/rbpodo_ros2_ws/install/rbpodo_msgs/include/rbpodo_msgs/rbpodo_msgs/action/move_l.hpp
[0.293s] -- Up-to-date: /home/thornch/rbpodo_ros2_ws/install/rbpodo_msgs/include/rbpodo_msgs/rbpodo_msgs/action/move_jb2.hpp
[0.293s] -- Up-to-date: /home/thornch/rbpodo_ros2_ws/install/rbpodo_msgs/include/rbpodo_msgs/rbpodo_msgs/action/detail
[0.294s] -- Up-to-date: /home/thornch/rbpodo_ros2_ws/install/rbpodo_msgs/include/rbpodo_msgs/rbpodo_msgs/action/detail/move_j__struct.hpp
[0.294s] -- Up-to-date: /home/thornch/rbpodo_ros2_ws/install/rbpodo_msgs/include/rbpodo_msgs/rbpodo_msgs/action/detail/move_jb2__type_support.hpp
[0.294s] -- Up-to-date: /home/thornch/rbpodo_ros2_ws/install/rbpodo_msgs/include/rbpodo_msgs/rbpodo_msgs/action/detail/move_pb__struct.hpp
[0.294s] -- Up-to-date: /home/thornch/rbpodo_ros2_ws/install/rbpodo_msgs/include/rbpodo_msgs/rbpodo_msgs/action/detail/move_j__traits.hpp
[0.294s] -- Up-to-date: /home/thornch/rbpodo_ros2_ws/install/rbpodo_msgs/include/rbpodo_msgs/rbpodo_msgs/action/detail/move_pb__traits.hpp
[0.294s] -- Up-to-date: /home/thornch/rbpodo_ros2_ws/install/rbpodo_msgs/include/rbpodo_msgs/rbpodo_msgs/action/detail/move_j__builder.hpp
[0.294s] -- Up-to-date: /home/thornch/rbpodo_ros2_ws/install/rbpodo_msgs/include/rbpodo_msgs/rbpodo_msgs/action/detail/move_l__type_support.hpp
[0.294s] -- Up-to-date: /home/thornch/rbpodo_ros2_ws/install/rbpodo_msgs/include/rbpodo_msgs/rbpodo_msgs/action/detail/move_l__builder.hpp
[0.294s] -- Up-to-date: /home/thornch/rbpodo_ros2_ws/install/rbpodo_msgs/include/rbpodo_msgs/rbpodo_msgs/action/detail/move_jb2__traits.hpp
[0.294s] -- Up-to-date: /home/thornch/rbpodo_ros2_ws/install/rbpodo_msgs/include/rbpodo_msgs/rbpodo_msgs/action/detail/move_pb__builder.hpp
[0.294s] -- Up-to-date: /home/thornch/rbpodo_ros2_ws/install/rbpodo_msgs/include/rbpodo_msgs/rbpodo_msgs/action/detail/move_l__struct.hpp
[0.294s] -- Up-to-date: /home/thornch/rbpodo_ros2_ws/install/rbpodo_msgs/include/rbpodo_msgs/rbpodo_msgs/action/detail/move_j__type_support.hpp
[0.294s] -- Up-to-date: /home/thornch/rbpodo_ros2_ws/install/rbpodo_msgs/include/rbpodo_msgs/rbpodo_msgs/action/detail/move_jb2__builder.hpp
[0.294s] -- Up-to-date: /home/thornch/rbpodo_ros2_ws/install/rbpodo_msgs/include/rbpodo_msgs/rbpodo_msgs/action/detail/move_l__traits.hpp
[0.294s] -- Up-to-date: /home/thornch/rbpodo_ros2_ws/install/rbpodo_msgs/include/rbpodo_msgs/rbpodo_msgs/action/detail/move_jb2__struct.hpp
[0.294s] -- Up-to-date: /home/thornch/rbpodo_ros2_ws/install/rbpodo_msgs/include/rbpodo_msgs/rbpodo_msgs/action/detail/move_pb__type_support.hpp
[0.294s] -- Up-to-date: /home/thornch/rbpodo_ros2_ws/install/rbpodo_msgs/include/rbpodo_msgs/rbpodo_msgs/action/move_pb.hpp
[0.294s] -- Up-to-date: /home/thornch/rbpodo_ros2_ws/install/rbpodo_msgs/include/rbpodo_msgs/rbpodo_msgs/srv
[0.294s] -- Up-to-date: /home/thornch/rbpodo_ros2_ws/install/rbpodo_msgs/include/rbpodo_msgs/rbpodo_msgs/srv/task_pause.hpp
[0.294s] -- Up-to-date: /home/thornch/rbpodo_ros2_ws/install/rbpodo_msgs/include/rbpodo_msgs/rbpodo_msgs/srv/set_operation_mode.hpp
[0.294s] -- Up-to-date: /home/thornch/rbpodo_ros2_ws/install/rbpodo_msgs/include/rbpodo_msgs/rbpodo_msgs/srv/set_joint_position_controller_config.hpp
[0.294s] -- Up-to-date: /home/thornch/rbpodo_ros2_ws/install/rbpodo_msgs/include/rbpodo_msgs/rbpodo_msgs/srv/set_joint_velocity_controller_config.hpp
[0.294s] -- Up-to-date: /home/thornch/rbpodo_ros2_ws/install/rbpodo_msgs/include/rbpodo_msgs/rbpodo_msgs/srv/task_load.hpp
[0.294s] -- Up-to-date: /home/thornch/rbpodo_ros2_ws/install/rbpodo_msgs/include/rbpodo_msgs/rbpodo_msgs/srv/set_cartesian_velocity_controller_config.hpp
[0.294s] -- Up-to-date: /home/thornch/rbpodo_ros2_ws/install/rbpodo_msgs/include/rbpodo_msgs/rbpodo_msgs/srv/task_stop.hpp
[0.294s] -- Up-to-date: /home/thornch/rbpodo_ros2_ws/install/rbpodo_msgs/include/rbpodo_msgs/rbpodo_msgs/srv/task_resume.hpp
[0.294s] -- Up-to-date: /home/thornch/rbpodo_ros2_ws/install/rbpodo_msgs/include/rbpodo_msgs/rbpodo_msgs/srv/set_speed_bar.hpp
[0.294s] -- Up-to-date: /home/thornch/rbpodo_ros2_ws/install/rbpodo_msgs/include/rbpodo_msgs/rbpodo_msgs/srv/set_joint_effort_controller_config.hpp
[0.294s] -- Up-to-date: /home/thornch/rbpodo_ros2_ws/install/rbpodo_msgs/include/rbpodo_msgs/rbpodo_msgs/srv/detail
[0.294s] -- Up-to-date: /home/thornch/rbpodo_ros2_ws/install/rbpodo_msgs/include/rbpodo_msgs/rbpodo_msgs/srv/detail/set_joint_velocity_controller_config__type_support.hpp
[0.294s] -- Up-to-date: /home/thornch/rbpodo_ros2_ws/install/rbpodo_msgs/include/rbpodo_msgs/rbpodo_msgs/srv/detail/set_operation_mode__traits.hpp
[0.294s] -- Up-to-date: /home/thornch/rbpodo_ros2_ws/install/rbpodo_msgs/include/rbpodo_msgs/rbpodo_msgs/srv/detail/set_joint_effort_controller_config__struct.hpp
[0.294s] -- Up-to-date: /home/thornch/rbpodo_ros2_ws/install/rbpodo_msgs/include/rbpodo_msgs/rbpodo_msgs/srv/detail/set_cartesian_velocity_controller_config__struct.hpp
[0.294s] -- Up-to-date: /home/thornch/rbpodo_ros2_ws/install/rbpodo_msgs/include/rbpodo_msgs/rbpodo_msgs/srv/detail/set_operation_mode__struct.hpp
[0.294s] -- Up-to-date: /home/thornch/rbpodo_ros2_ws/install/rbpodo_msgs/include/rbpodo_msgs/rbpodo_msgs/srv/detail/task_resume__traits.hpp
[0.294s] -- Up-to-date: /home/thornch/rbpodo_ros2_ws/install/rbpodo_msgs/include/rbpodo_msgs/rbpodo_msgs/srv/detail/task_play__builder.hpp
[0.294s] -- Up-to-date: /home/thornch/rbpodo_ros2_ws/install/rbpodo_msgs/include/rbpodo_msgs/rbpodo_msgs/srv/detail/set_operation_mode__type_support.hpp
[0.294s] -- Up-to-date: /home/thornch/rbpodo_ros2_ws/install/rbpodo_msgs/include/rbpodo_msgs/rbpodo_msgs/srv/detail/set_joint_effort_controller_config__builder.hpp
[0.294s] -- Up-to-date: /home/thornch/rbpodo_ros2_ws/install/rbpodo_msgs/include/rbpodo_msgs/rbpodo_msgs/srv/detail/set_joint_effort_controller_config__traits.hpp
[0.294s] -- Up-to-date: /home/thornch/rbpodo_ros2_ws/install/rbpodo_msgs/include/rbpodo_msgs/rbpodo_msgs/srv/detail/set_joint_position_controller_config__traits.hpp
[0.295s] -- Up-to-date: /home/thornch/rbpodo_ros2_ws/install/rbpodo_msgs/include/rbpodo_msgs/rbpodo_msgs/srv/detail/set_speed_bar__builder.hpp
[0.295s] -- Up-to-date: /home/thornch/rbpodo_ros2_ws/install/rbpodo_msgs/include/rbpodo_msgs/rbpodo_msgs/srv/detail/set_joint_position_controller_config__builder.hpp
[0.295s] -- Up-to-date: /home/thornch/rbpodo_ros2_ws/install/rbpodo_msgs/include/rbpodo_msgs/rbpodo_msgs/srv/detail/set_joint_position_controller_config__type_support.hpp
[0.295s] -- Up-to-date: /home/thornch/rbpodo_ros2_ws/install/rbpodo_msgs/include/rbpodo_msgs/rbpodo_msgs/srv/detail/set_speed_bar__struct.hpp
[0.295s] -- Up-to-date: /home/thornch/rbpodo_ros2_ws/install/rbpodo_msgs/include/rbpodo_msgs/rbpodo_msgs/srv/detail/task_load__type_support.hpp
[0.295s] -- Up-to-date: /home/thornch/rbpodo_ros2_ws/install/rbpodo_msgs/include/rbpodo_msgs/rbpodo_msgs/srv/detail/set_joint_effort_controller_config__type_support.hpp
[0.295s] -- Up-to-date: /home/thornch/rbpodo_ros2_ws/install/rbpodo_msgs/include/rbpodo_msgs/rbpodo_msgs/srv/detail/set_joint_velocity_controller_config__struct.hpp
[0.295s] -- Up-to-date: /home/thornch/rbpodo_ros2_ws/install/rbpodo_msgs/include/rbpodo_msgs/rbpodo_msgs/srv/detail/eval__type_support.hpp
[0.295s] -- Up-to-date: /home/thornch/rbpodo_ros2_ws/install/rbpodo_msgs/include/rbpodo_msgs/rbpodo_msgs/srv/detail/set_joint_position_controller_config__struct.hpp
[0.295s] -- Up-to-date: /home/thornch/rbpodo_ros2_ws/install/rbpodo_msgs/include/rbpodo_msgs/rbpodo_msgs/srv/detail/set_cartesian_pose_controller_config__struct.hpp
[0.295s] -- Up-to-date: /home/thornch/rbpodo_ros2_ws/install/rbpodo_msgs/include/rbpodo_msgs/rbpodo_msgs/srv/detail/set_joint_velocity_controller_config__traits.hpp
[0.295s] -- Up-to-date: /home/thornch/rbpodo_ros2_ws/install/rbpodo_msgs/include/rbpodo_msgs/rbpodo_msgs/srv/detail/set_cartesian_velocity_controller_config__builder.hpp
[0.295s] -- Up-to-date: /home/thornch/rbpodo_ros2_ws/install/rbpodo_msgs/include/rbpodo_msgs/rbpodo_msgs/srv/detail/set_operation_mode__builder.hpp
[0.295s] -- Up-to-date: /home/thornch/rbpodo_ros2_ws/install/rbpodo_msgs/include/rbpodo_msgs/rbpodo_msgs/srv/detail/task_resume__struct.hpp
[0.295s] -- Up-to-date: /home/thornch/rbpodo_ros2_ws/install/rbpodo_msgs/include/rbpodo_msgs/rbpodo_msgs/srv/detail/set_cartesian_pose_controller_config__builder.hpp
[0.295s] -- Up-to-date: /home/thornch/rbpodo_ros2_ws/install/rbpodo_msgs/include/rbpodo_msgs/rbpodo_msgs/srv/detail/task_resume__type_support.hpp
[0.295s] -- Up-to-date: /home/thornch/rbpodo_ros2_ws/install/rbpodo_msgs/include/rbpodo_msgs/rbpodo_msgs/srv/detail/task_stop__builder.hpp
[0.295s] -- Up-to-date: /home/thornch/rbpodo_ros2_ws/install/rbpodo_msgs/include/rbpodo_msgs/rbpodo_msgs/srv/detail/eval__traits.hpp
[0.295s] -- Up-to-date: /home/thornch/rbpodo_ros2_ws/install/rbpodo_msgs/include/rbpodo_msgs/rbpodo_msgs/srv/detail/task_play__struct.hpp
[0.295s] -- Up-to-date: /home/thornch/rbpodo_ros2_ws/install/rbpodo_msgs/include/rbpodo_msgs/rbpodo_msgs/srv/detail/task_pause__builder.hpp
[0.295s] -- Up-to-date: /home/thornch/rbpodo_ros2_ws/install/rbpodo_msgs/include/rbpodo_msgs/rbpodo_msgs/srv/detail/task_stop__traits.hpp
[0.295s] -- Up-to-date: /home/thornch/rbpodo_ros2_ws/install/rbpodo_msgs/include/rbpodo_msgs/rbpodo_msgs/srv/detail/task_resume__builder.hpp
[0.295s] -- Up-to-date: /home/thornch/rbpodo_ros2_ws/install/rbpodo_msgs/include/rbpodo_msgs/rbpodo_msgs/srv/detail/set_joint_velocity_controller_config__builder.hpp
[0.295s] -- Up-to-date: /home/thornch/rbpodo_ros2_ws/install/rbpodo_msgs/include/rbpodo_msgs/rbpodo_msgs/srv/detail/task_play__traits.hpp
[0.295s] -- Up-to-date: /home/thornch/rbpodo_ros2_ws/install/rbpodo_msgs/include/rbpodo_msgs/rbpodo_msgs/srv/detail/task_pause__struct.hpp
[0.295s] -- Up-to-date: /home/thornch/rbpodo_ros2_ws/install/rbpodo_msgs/include/rbpodo_msgs/rbpodo_msgs/srv/detail/eval__builder.hpp
[0.295s] -- Up-to-date: /home/thornch/rbpodo_ros2_ws/install/rbpodo_msgs/include/rbpodo_msgs/rbpodo_msgs/srv/detail/set_cartesian_velocity_controller_config__type_support.hpp
[0.295s] -- Up-to-date: /home/thornch/rbpodo_ros2_ws/install/rbpodo_msgs/include/rbpodo_msgs/rbpodo_msgs/srv/detail/set_cartesian_pose_controller_config__type_support.hpp
[0.295s] -- Up-to-date: /home/thornch/rbpodo_ros2_ws/install/rbpodo_msgs/include/rbpodo_msgs/rbpodo_msgs/srv/detail/set_speed_bar__traits.hpp
[0.295s] -- Up-to-date: /home/thornch/rbpodo_ros2_ws/install/rbpodo_msgs/include/rbpodo_msgs/rbpodo_msgs/srv/detail/task_play__type_support.hpp
[0.295s] -- Up-to-date: /home/thornch/rbpodo_ros2_ws/install/rbpodo_msgs/include/rbpodo_msgs/rbpodo_msgs/srv/detail/task_load__builder.hpp
[0.295s] -- Up-to-date: /home/thornch/rbpodo_ros2_ws/install/rbpodo_msgs/include/rbpodo_msgs/rbpodo_msgs/srv/detail/set_cartesian_pose_controller_config__traits.hpp
[0.295s] -- Up-to-date: /home/thornch/rbpodo_ros2_ws/install/rbpodo_msgs/include/rbpodo_msgs/rbpodo_msgs/srv/detail/set_speed_bar__type_support.hpp
[0.295s] -- Up-to-date: /home/thornch/rbpodo_ros2_ws/install/rbpodo_msgs/include/rbpodo_msgs/rbpodo_msgs/srv/detail/task_load__traits.hpp
[0.295s] -- Up-to-date: /home/thornch/rbpodo_ros2_ws/install/rbpodo_msgs/include/rbpodo_msgs/rbpodo_msgs/srv/detail/set_cartesian_velocity_controller_config__traits.hpp
[0.295s] -- Up-to-date: /home/thornch/rbpodo_ros2_ws/install/rbpodo_msgs/include/rbpodo_msgs/rbpodo_msgs/srv/detail/eval__struct.hpp
[0.295s] -- Up-to-date: /home/thornch/rbpodo_ros2_ws/install/rbpodo_msgs/include/rbpodo_msgs/rbpodo_msgs/srv/detail/task_pause__type_support.hpp
[0.295s] -- Up-to-date: /home/thornch/rbpodo_ros2_ws/install/rbpodo_msgs/include/rbpodo_msgs/rbpodo_msgs/srv/detail/task_load__struct.hpp
[0.295s] -- Up-to-date: /home/thornch/rbpodo_ros2_ws/install/rbpodo_msgs/include/rbpodo_msgs/rbpodo_msgs/srv/detail/task_pause__traits.hpp
[0.295s] -- Up-to-date: /home/thornch/rbpodo_ros2_ws/install/rbpodo_msgs/include/rbpodo_msgs/rbpodo_msgs/srv/detail/task_stop__type_support.hpp
[0.295s] -- Up-to-date: /home/thornch/rbpodo_ros2_ws/install/rbpodo_msgs/include/rbpodo_msgs/rbpodo_msgs/srv/detail/task_stop__struct.hpp
[0.295s] -- Up-to-date: /home/thornch/rbpodo_ros2_ws/install/rbpodo_msgs/include/rbpodo_msgs/rbpodo_msgs/srv/task_play.hpp
[0.295s] -- Up-to-date: /home/thornch/rbpodo_ros2_ws/install/rbpodo_msgs/include/rbpodo_msgs/rbpodo_msgs/srv/set_cartesian_pose_controller_config.hpp
[0.296s] -- Up-to-date: /home/thornch/rbpodo_ros2_ws/install/rbpodo_msgs/include/rbpodo_msgs/rbpodo_msgs/srv/eval.hpp
[0.296s] -- Up-to-date: /home/thornch/rbpodo_ros2_ws/install/rbpodo_msgs/include/rbpodo_msgs/rbpodo_msgs
[0.296s] -- Up-to-date: /home/thornch/rbpodo_ros2_ws/install/rbpodo_msgs/include/rbpodo_msgs/rbpodo_msgs/msg
[0.296s] -- Up-to-date: /home/thornch/rbpodo_ros2_ws/install/rbpodo_msgs/include/rbpodo_msgs/rbpodo_msgs/msg/rosidl_typesupport_fastrtps_cpp__visibility_control.h
[0.296s] -- Up-to-date: /home/thornch/rbpodo_ros2_ws/install/rbpodo_msgs/include/rbpodo_msgs/rbpodo_msgs/msg/detail
[0.296s] -- Up-to-date: /home/thornch/rbpodo_ros2_ws/install/rbpodo_msgs/include/rbpodo_msgs/rbpodo_msgs/msg/detail/move_jb2_point__rosidl_typesupport_fastrtps_cpp.hpp
[0.296s] -- Up-to-date: /home/thornch/rbpodo_ros2_ws/install/rbpodo_msgs/include/rbpodo_msgs/rbpodo_msgs/msg/detail/move_pb_point__rosidl_typesupport_fastrtps_cpp.hpp
[0.296s] -- Up-to-date: /home/thornch/rbpodo_ros2_ws/install/rbpodo_msgs/include/rbpodo_msgs/rbpodo_msgs/msg/detail/response__rosidl_typesupport_fastrtps_cpp.hpp
[0.296s] -- Up-to-date: /home/thornch/rbpodo_ros2_ws/install/rbpodo_msgs/include/rbpodo_msgs/rbpodo_msgs/msg/detail/dds_fastrtps
[0.296s] -- Up-to-date: /home/thornch/rbpodo_ros2_ws/install/rbpodo_msgs/include/rbpodo_msgs/rbpodo_msgs/msg/detail/system_state__rosidl_typesupport_fastrtps_cpp.hpp
[0.296s] -- Up-to-date: /home/thornch/rbpodo_ros2_ws/install/rbpodo_msgs/include/rbpodo_msgs/rbpodo_msgs/action
[0.296s] -- Up-to-date: /home/thornch/rbpodo_ros2_ws/install/rbpodo_msgs/include/rbpodo_msgs/rbpodo_msgs/action/detail
[0.296s] -- Up-to-date: /home/thornch/rbpodo_ros2_ws/install/rbpodo_msgs/include/rbpodo_msgs/rbpodo_msgs/action/detail/move_pb__rosidl_typesupport_fastrtps_cpp.hpp
[0.296s] -- Up-to-date: /home/thornch/rbpodo_ros2_ws/install/rbpodo_msgs/include/rbpodo_msgs/rbpodo_msgs/action/detail/move_jb2__rosidl_typesupport_fastrtps_cpp.hpp
[0.296s] -- Up-to-date: /home/thornch/rbpodo_ros2_ws/install/rbpodo_msgs/include/rbpodo_msgs/rbpodo_msgs/action/detail/move_j__rosidl_typesupport_fastrtps_cpp.hpp
[0.296s] -- Up-to-date: /home/thornch/rbpodo_ros2_ws/install/rbpodo_msgs/include/rbpodo_msgs/rbpodo_msgs/action/detail/dds_fastrtps
[0.296s] -- Up-to-date: /home/thornch/rbpodo_ros2_ws/install/rbpodo_msgs/include/rbpodo_msgs/rbpodo_msgs/action/detail/move_l__rosidl_typesupport_fastrtps_cpp.hpp
[0.296s] -- Up-to-date: /home/thornch/rbpodo_ros2_ws/install/rbpodo_msgs/include/rbpodo_msgs/rbpodo_msgs/srv
[0.296s] -- Up-to-date: /home/thornch/rbpodo_ros2_ws/install/rbpodo_msgs/include/rbpodo_msgs/rbpodo_msgs/srv/detail
[0.296s] -- Up-to-date: /home/thornch/rbpodo_ros2_ws/install/rbpodo_msgs/include/rbpodo_msgs/rbpodo_msgs/srv/detail/task_play__rosidl_typesupport_fastrtps_cpp.hpp
[0.296s] -- Up-to-date: /home/thornch/rbpodo_ros2_ws/install/rbpodo_msgs/include/rbpodo_msgs/rbpodo_msgs/srv/detail/set_cartesian_velocity_controller_config__rosidl_typesupport_fastrtps_cpp.hpp
[0.296s] -- Up-to-date: /home/thornch/rbpodo_ros2_ws/install/rbpodo_msgs/include/rbpodo_msgs/rbpodo_msgs/srv/detail/task_stop__rosidl_typesupport_fastrtps_cpp.hpp
[0.296s] -- Up-to-date: /home/thornch/rbpodo_ros2_ws/install/rbpodo_msgs/include/rbpodo_msgs/rbpodo_msgs/srv/detail/set_speed_bar__rosidl_typesupport_fastrtps_cpp.hpp
[0.296s] -- Up-to-date: /home/thornch/rbpodo_ros2_ws/install/rbpodo_msgs/include/rbpodo_msgs/rbpodo_msgs/srv/detail/eval__rosidl_typesupport_fastrtps_cpp.hpp
[0.296s] -- Up-to-date: /home/thornch/rbpodo_ros2_ws/install/rbpodo_msgs/include/rbpodo_msgs/rbpodo_msgs/srv/detail/set_joint_effort_controller_config__rosidl_typesupport_fastrtps_cpp.hpp
[0.296s] -- Up-to-date: /home/thornch/rbpodo_ros2_ws/install/rbpodo_msgs/include/rbpodo_msgs/rbpodo_msgs/srv/detail/set_joint_position_controller_config__rosidl_typesupport_fastrtps_cpp.hpp
[0.296s] -- Up-to-date: /home/thornch/rbpodo_ros2_ws/install/rbpodo_msgs/include/rbpodo_msgs/rbpodo_msgs/srv/detail/set_operation_mode__rosidl_typesupport_fastrtps_cpp.hpp
[0.296s] -- Up-to-date: /home/thornch/rbpodo_ros2_ws/install/rbpodo_msgs/include/rbpodo_msgs/rbpodo_msgs/srv/detail/set_joint_velocity_controller_config__rosidl_typesupport_fastrtps_cpp.hpp
[0.296s] -- Up-to-date: /home/thornch/rbpodo_ros2_ws/install/rbpodo_msgs/include/rbpodo_msgs/rbpodo_msgs/srv/detail/dds_fastrtps
[0.296s] -- Up-to-date: /home/thornch/rbpodo_ros2_ws/install/rbpodo_msgs/include/rbpodo_msgs/rbpodo_msgs/srv/detail/task_resume__rosidl_typesupport_fastrtps_cpp.hpp
[0.296s] -- Up-to-date: /home/thornch/rbpodo_ros2_ws/install/rbpodo_msgs/include/rbpodo_msgs/rbpodo_msgs/srv/detail/task_load__rosidl_typesupport_fastrtps_cpp.hpp
[0.296s] -- Up-to-date: /home/thornch/rbpodo_ros2_ws/install/rbpodo_msgs/include/rbpodo_msgs/rbpodo_msgs/srv/detail/task_pause__rosidl_typesupport_fastrtps_cpp.hpp
[0.296s] -- Up-to-date: /home/thornch/rbpodo_ros2_ws/install/rbpodo_msgs/include/rbpodo_msgs/rbpodo_msgs/srv/detail/set_cartesian_pose_controller_config__rosidl_typesupport_fastrtps_cpp.hpp
[0.296s] -- Up-to-date: /home/thornch/rbpodo_ros2_ws/install/rbpodo_msgs/lib/librbpodo_msgs__rosidl_typesupport_fastrtps_cpp.so
[0.296s] -- Up-to-date: /home/thornch/rbpodo_ros2_ws/install/rbpodo_msgs/include/rbpodo_msgs/rbpodo_msgs
[0.296s] -- Up-to-date: /home/thornch/rbpodo_ros2_ws/install/rbpodo_msgs/include/rbpodo_msgs/rbpodo_msgs/msg
[0.296s] -- Up-to-date: /home/thornch/rbpodo_ros2_ws/install/rbpodo_msgs/include/rbpodo_msgs/rbpodo_msgs/msg/detail
[0.296s] -- Up-to-date: /home/thornch/rbpodo_ros2_ws/install/rbpodo_msgs/include/rbpodo_msgs/rbpodo_msgs/msg/detail/response__rosidl_typesupport_introspection_cpp.hpp
[0.296s] -- Up-to-date: /home/thornch/rbpodo_ros2_ws/install/rbpodo_msgs/include/rbpodo_msgs/rbpodo_msgs/msg/detail/system_state__type_support.cpp
[0.296s] -- Up-to-date: /home/thornch/rbpodo_ros2_ws/install/rbpodo_msgs/include/rbpodo_msgs/rbpodo_msgs/msg/detail/response__type_support.cpp
[0.296s] -- Up-to-date: /home/thornch/rbpodo_ros2_ws/install/rbpodo_msgs/include/rbpodo_msgs/rbpodo_msgs/msg/detail/move_jb2_point__type_support.cpp
[0.296s] -- Up-to-date: /home/thornch/rbpodo_ros2_ws/install/rbpodo_msgs/include/rbpodo_msgs/rbpodo_msgs/msg/detail/move_pb_point__type_support.cpp
[0.296s] -- Up-to-date: /home/thornch/rbpodo_ros2_ws/install/rbpodo_msgs/include/rbpodo_msgs/rbpodo_msgs/msg/detail/move_jb2_point__rosidl_typesupport_introspection_cpp.hpp
[0.296s] -- Up-to-date: /home/thornch/rbpodo_ros2_ws/install/rbpodo_msgs/include/rbpodo_msgs/rbpodo_msgs/msg/detail/system_state__rosidl_typesupport_introspection_cpp.hpp
[0.296s] -- Up-to-date: /home/thornch/rbpodo_ros2_ws/install/rbpodo_msgs/include/rbpodo_msgs/rbpodo_msgs/msg/detail/move_pb_point__rosidl_typesupport_introspection_cpp.hpp
[0.296s] -- Up-to-date: /home/thornch/rbpodo_ros2_ws/install/rbpodo_msgs/include/rbpodo_msgs/rbpodo_msgs/action
[0.296s] -- Up-to-date: /home/thornch/rbpodo_ros2_ws/install/rbpodo_msgs/include/rbpodo_msgs/rbpodo_msgs/action/detail
[0.296s] -- Up-to-date: /home/thornch/rbpodo_ros2_ws/install/rbpodo_msgs/include/rbpodo_msgs/rbpodo_msgs/action/detail/move_jb2__type_support.cpp
[0.297s] -- Up-to-date: /home/thornch/rbpodo_ros2_ws/install/rbpodo_msgs/include/rbpodo_msgs/rbpodo_msgs/action/detail/move_pb__rosidl_typesupport_introspection_cpp.hpp
[0.297s] -- Up-to-date: /home/thornch/rbpodo_ros2_ws/install/rbpodo_msgs/include/rbpodo_msgs/rbpodo_msgs/action/detail/move_l__type_support.cpp
[0.297s] -- Up-to-date: /home/thornch/rbpodo_ros2_ws/install/rbpodo_msgs/include/rbpodo_msgs/rbpodo_msgs/action/detail/move_jb2__rosidl_typesupport_introspection_cpp.hpp
[0.297s] -- Up-to-date: /home/thornch/rbpodo_ros2_ws/install/rbpodo_msgs/include/rbpodo_msgs/rbpodo_msgs/action/detail/move_l__rosidl_typesupport_introspection_cpp.hpp
[0.297s] -- Up-to-date: /home/thornch/rbpodo_ros2_ws/install/rbpodo_msgs/include/rbpodo_msgs/rbpodo_msgs/action/detail/move_j__type_support.cpp
[0.297s] -- Up-to-date: /home/thornch/rbpodo_ros2_ws/install/rbpodo_msgs/include/rbpodo_msgs/rbpodo_msgs/action/detail/move_j__rosidl_typesupport_introspection_cpp.hpp
[0.297s] -- Up-to-date: /home/thornch/rbpodo_ros2_ws/install/rbpodo_msgs/include/rbpodo_msgs/rbpodo_msgs/action/detail/move_pb__type_support.cpp
[0.297s] -- Up-to-date: /home/thornch/rbpodo_ros2_ws/install/rbpodo_msgs/include/rbpodo_msgs/rbpodo_msgs/srv
[0.297s] -- Up-to-date: /home/thornch/rbpodo_ros2_ws/install/rbpodo_msgs/include/rbpodo_msgs/rbpodo_msgs/srv/detail
[0.297s] -- Up-to-date: /home/thornch/rbpodo_ros2_ws/install/rbpodo_msgs/include/rbpodo_msgs/rbpodo_msgs/srv/detail/set_cartesian_pose_controller_config__rosidl_typesupport_introspection_cpp.hpp
[0.297s] -- Up-to-date: /home/thornch/rbpodo_ros2_ws/install/rbpodo_msgs/include/rbpodo_msgs/rbpodo_msgs/srv/detail/task_load__rosidl_typesupport_introspection_cpp.hpp
[0.297s] -- Up-to-date: /home/thornch/rbpodo_ros2_ws/install/rbpodo_msgs/include/rbpodo_msgs/rbpodo_msgs/srv/detail/set_cartesian_velocity_controller_config__rosidl_typesupport_introspection_cpp.hpp
[0.297s] -- Up-to-date: /home/thornch/rbpodo_ros2_ws/install/rbpodo_msgs/include/rbpodo_msgs/rbpodo_msgs/srv/detail/eval__type_support.cpp
[0.297s] -- Up-to-date: /home/thornch/rbpodo_ros2_ws/install/rbpodo_msgs/include/rbpodo_msgs/rbpodo_msgs/srv/detail/set_speed_bar__rosidl_typesupport_introspection_cpp.hpp
[0.297s] -- Up-to-date: /home/thornch/rbpodo_ros2_ws/install/rbpodo_msgs/include/rbpodo_msgs/rbpodo_msgs/srv/detail/set_joint_effort_controller_config__type_support.cpp
[0.297s] -- Up-to-date: /home/thornch/rbpodo_ros2_ws/install/rbpodo_msgs/include/rbpodo_msgs/rbpodo_msgs/srv/detail/set_joint_position_controller_config__rosidl_typesupport_introspection_cpp.hpp
[0.297s] -- Up-to-date: /home/thornch/rbpodo_ros2_ws/install/rbpodo_msgs/include/rbpodo_msgs/rbpodo_msgs/srv/detail/task_resume__rosidl_typesupport_introspection_cpp.hpp
[0.297s] -- Up-to-date: /home/thornch/rbpodo_ros2_ws/install/rbpodo_msgs/include/rbpodo_msgs/rbpodo_msgs/srv/detail/task_stop__type_support.cpp
[0.297s] -- Up-to-date: /home/thornch/rbpodo_ros2_ws/install/rbpodo_msgs/include/rbpodo_msgs/rbpodo_msgs/srv/detail/set_joint_velocity_controller_config__rosidl_typesupport_introspection_cpp.hpp
[0.297s] -- Up-to-date: /home/thornch/rbpodo_ros2_ws/install/rbpodo_msgs/include/rbpodo_msgs/rbpodo_msgs/srv/detail/task_play__rosidl_typesupport_introspection_cpp.hpp
[0.297s] -- Up-to-date: /home/thornch/rbpodo_ros2_ws/install/rbpodo_msgs/include/rbpodo_msgs/rbpodo_msgs/srv/detail/set_joint_effort_controller_config__rosidl_typesupport_introspection_cpp.hpp
[0.297s] -- Up-to-date: /home/thornch/rbpodo_ros2_ws/install/rbpodo_msgs/include/rbpodo_msgs/rbpodo_msgs/srv/detail/set_joint_velocity_controller_config__type_support.cpp
[0.297s] -- Up-to-date: /home/thornch/rbpodo_ros2_ws/install/rbpodo_msgs/include/rbpodo_msgs/rbpodo_msgs/srv/detail/set_operation_mode__type_support.cpp
[0.297s] -- Up-to-date: /home/thornch/rbpodo_ros2_ws/install/rbpodo_msgs/include/rbpodo_msgs/rbpodo_msgs/srv/detail/task_pause__type_support.cpp
[0.297s] -- Up-to-date: /home/thornch/rbpodo_ros2_ws/install/rbpodo_msgs/include/rbpodo_msgs/rbpodo_msgs/srv/detail/set_joint_position_controller_config__type_support.cpp
[0.297s] -- Up-to-date: /home/thornch/rbpodo_ros2_ws/install/rbpodo_msgs/include/rbpodo_msgs/rbpodo_msgs/srv/detail/task_load__type_support.cpp
[0.297s] -- Up-to-date: /home/thornch/rbpodo_ros2_ws/install/rbpodo_msgs/include/rbpodo_msgs/rbpodo_msgs/srv/detail/task_stop__rosidl_typesupport_introspection_cpp.hpp
[0.297s] -- Up-to-date: /home/thornch/rbpodo_ros2_ws/install/rbpodo_msgs/include/rbpodo_msgs/rbpodo_msgs/srv/detail/task_play__type_support.cpp
[0.297s] -- Up-to-date: /home/thornch/rbpodo_ros2_ws/install/rbpodo_msgs/include/rbpodo_msgs/rbpodo_msgs/srv/detail/set_speed_bar__type_support.cpp
[0.297s] -- Up-to-date: /home/thornch/rbpodo_ros2_ws/install/rbpodo_msgs/include/rbpodo_msgs/rbpodo_msgs/srv/detail/set_cartesian_velocity_controller_config__type_support.cpp
[0.297s] -- Up-to-date: /home/thornch/rbpodo_ros2_ws/install/rbpodo_msgs/include/rbpodo_msgs/rbpodo_msgs/srv/detail/task_pause__rosidl_typesupport_introspection_cpp.hpp
[0.297s] -- Up-to-date: /home/thornch/rbpodo_ros2_ws/install/rbpodo_msgs/include/rbpodo_msgs/rbpodo_msgs/srv/detail/eval__rosidl_typesupport_introspection_cpp.hpp
[0.297s] -- Up-to-date: /home/thornch/rbpodo_ros2_ws/install/rbpodo_msgs/include/rbpodo_msgs/rbpodo_msgs/srv/detail/task_resume__type_support.cpp
[0.297s] -- Up-to-date: /home/thornch/rbpodo_ros2_ws/install/rbpodo_msgs/include/rbpodo_msgs/rbpodo_msgs/srv/detail/set_cartesian_pose_controller_config__type_support.cpp
[0.297s] -- Up-to-date: /home/thornch/rbpodo_ros2_ws/install/rbpodo_msgs/include/rbpodo_msgs/rbpodo_msgs/srv/detail/set_operation_mode__rosidl_typesupport_introspection_cpp.hpp
[0.297s] -- Up-to-date: /home/thornch/rbpodo_ros2_ws/install/rbpodo_msgs/lib/librbpodo_msgs__rosidl_typesupport_introspection_cpp.so
[0.297s] -- Up-to-date: /home/thornch/rbpodo_ros2_ws/install/rbpodo_msgs/lib/librbpodo_msgs__rosidl_typesupport_cpp.so
[0.297s] -- Up-to-date: /home/thornch/rbpodo_ros2_ws/install/rbpodo_msgs/share/rbpodo_msgs/environment/pythonpath.sh
[0.297s] -- Up-to-date: /home/thornch/rbpodo_ros2_ws/install/rbpodo_msgs/share/rbpodo_msgs/environment/pythonpath.dsv
[0.297s] -- Up-to-date: /home/thornch/rbpodo_ros2_ws/install/rbpodo_msgs/local/lib/python3.10/dist-packages/rbpodo_msgs-0.0.0-py3.10.egg-info
[0.297s] -- Installing: /home/thornch/rbpodo_ros2_ws/install/rbpodo_msgs/local/lib/python3.10/dist-packages/rbpodo_msgs-0.0.0-py3.10.egg-info/dependency_links.txt
[0.297s] -- Installing: /home/thornch/rbpodo_ros2_ws/install/rbpodo_msgs/local/lib/python3.10/dist-packages/rbpodo_msgs-0.0.0-py3.10.egg-info/PKG-INFO
[0.297s] -- Installing: /home/thornch/rbpodo_ros2_ws/install/rbpodo_msgs/local/lib/python3.10/dist-packages/rbpodo_msgs-0.0.0-py3.10.egg-info/SOURCES.txt
[0.297s] -- Installing: /home/thornch/rbpodo_ros2_ws/install/rbpodo_msgs/local/lib/python3.10/dist-packages/rbpodo_msgs-0.0.0-py3.10.egg-info/top_level.txt
[0.297s] -- Up-to-date: /home/thornch/rbpodo_ros2_ws/install/rbpodo_msgs/local/lib/python3.10/dist-packages/rbpodo_msgs
[0.297s] -- Up-to-date: /home/thornch/rbpodo_ros2_ws/install/rbpodo_msgs/local/lib/python3.10/dist-packages/rbpodo_msgs/librbpodo_msgs__rosidl_generator_py.so
[0.297s] -- Up-to-date: /home/thornch/rbpodo_ros2_ws/install/rbpodo_msgs/local/lib/python3.10/dist-packages/rbpodo_msgs/_rbpodo_msgs_s.ep.rosidl_typesupport_introspection_c.c
[0.297s] -- Up-to-date: /home/thornch/rbpodo_ros2_ws/install/rbpodo_msgs/local/lib/python3.10/dist-packages/rbpodo_msgs/rbpodo_msgs_s__rosidl_typesupport_introspection_c.cpython-310-x86_64-linux-gnu.so
[0.297s] -- Up-to-date: /home/thornch/rbpodo_ros2_ws/install/rbpodo_msgs/local/lib/python3.10/dist-packages/rbpodo_msgs/msg
[0.297s] -- Up-to-date: /home/thornch/rbpodo_ros2_ws/install/rbpodo_msgs/local/lib/python3.10/dist-packages/rbpodo_msgs/msg/_response.py
[0.297s] -- Up-to-date: /home/thornch/rbpodo_ros2_ws/install/rbpodo_msgs/local/lib/python3.10/dist-packages/rbpodo_msgs/msg/_move_jb2_point_s.c
[0.297s] -- Up-to-date: /home/thornch/rbpodo_ros2_ws/install/rbpodo_msgs/local/lib/python3.10/dist-packages/rbpodo_msgs/msg/_system_state_s.c
[0.298s] -- Up-to-date: /home/thornch/rbpodo_ros2_ws/install/rbpodo_msgs/local/lib/python3.10/dist-packages/rbpodo_msgs/msg/_move_pb_point_s.c
[0.298s] -- Up-to-date: /home/thornch/rbpodo_ros2_ws/install/rbpodo_msgs/local/lib/python3.10/dist-packages/rbpodo_msgs/msg/_response_s.c
[0.298s] -- Up-to-date: /home/thornch/rbpodo_ros2_ws/install/rbpodo_msgs/local/lib/python3.10/dist-packages/rbpodo_msgs/msg/_move_pb_point.py
[0.298s] -- Up-to-date: /home/thornch/rbpodo_ros2_ws/install/rbpodo_msgs/local/lib/python3.10/dist-packages/rbpodo_msgs/msg/_move_jb2_point.py
[0.298s] -- Up-to-date: /home/thornch/rbpodo_ros2_ws/install/rbpodo_msgs/local/lib/python3.10/dist-packages/rbpodo_msgs/msg/_system_state.py
[0.298s] -- Up-to-date: /home/thornch/rbpodo_ros2_ws/install/rbpodo_msgs/local/lib/python3.10/dist-packages/rbpodo_msgs/msg/__init__.py
[0.298s] -- Up-to-date: /home/thornch/rbpodo_ros2_ws/install/rbpodo_msgs/local/lib/python3.10/dist-packages/rbpodo_msgs/_rbpodo_msgs_s.ep.rosidl_typesupport_fastrtps_c.c
[0.298s] -- Up-to-date: /home/thornch/rbpodo_ros2_ws/install/rbpodo_msgs/local/lib/python3.10/dist-packages/rbpodo_msgs/action
[0.298s] -- Up-to-date: /home/thornch/rbpodo_ros2_ws/install/rbpodo_msgs/local/lib/python3.10/dist-packages/rbpodo_msgs/action/_move_jb2_s.c
[0.298s] -- Up-to-date: /home/thornch/rbpodo_ros2_ws/install/rbpodo_msgs/local/lib/python3.10/dist-packages/rbpodo_msgs/action/_move_jb2.py
[0.298s] -- Up-to-date: /home/thornch/rbpodo_ros2_ws/install/rbpodo_msgs/local/lib/python3.10/dist-packages/rbpodo_msgs/action/_move_pb_s.c
[0.298s] -- Up-to-date: /home/thornch/rbpodo_ros2_ws/install/rbpodo_msgs/local/lib/python3.10/dist-packages/rbpodo_msgs/action/_move_pb.py
[0.298s] -- Up-to-date: /home/thornch/rbpodo_ros2_ws/install/rbpodo_msgs/local/lib/python3.10/dist-packages/rbpodo_msgs/action/_move_l.py
[0.298s] -- Up-to-date: /home/thornch/rbpodo_ros2_ws/install/rbpodo_msgs/local/lib/python3.10/dist-packages/rbpodo_msgs/action/_move_j_s.c
[0.298s] -- Up-to-date: /home/thornch/rbpodo_ros2_ws/install/rbpodo_msgs/local/lib/python3.10/dist-packages/rbpodo_msgs/action/__init__.py
[0.298s] -- Up-to-date: /home/thornch/rbpodo_ros2_ws/install/rbpodo_msgs/local/lib/python3.10/dist-packages/rbpodo_msgs/action/_move_j.py
[0.298s] -- Up-to-date: /home/thornch/rbpodo_ros2_ws/install/rbpodo_msgs/local/lib/python3.10/dist-packages/rbpodo_msgs/action/_move_l_s.c
[0.298s] -- Up-to-date: /home/thornch/rbpodo_ros2_ws/install/rbpodo_msgs/local/lib/python3.10/dist-packages/rbpodo_msgs/_rbpodo_msgs_s.ep.rosidl_typesupport_c.c
[0.298s] -- Up-to-date: /home/thornch/rbpodo_ros2_ws/install/rbpodo_msgs/local/lib/python3.10/dist-packages/rbpodo_msgs/rbpodo_msgs_s__rosidl_typesupport_c.cpython-310-x86_64-linux-gnu.so
[0.298s] -- Up-to-date: /home/thornch/rbpodo_ros2_ws/install/rbpodo_msgs/local/lib/python3.10/dist-packages/rbpodo_msgs/srv
[0.298s] -- Up-to-date: /home/thornch/rbpodo_ros2_ws/install/rbpodo_msgs/local/lib/python3.10/dist-packages/rbpodo_msgs/srv/_task_resume_s.c
[0.298s] -- Up-to-date: /home/thornch/rbpodo_ros2_ws/install/rbpodo_msgs/local/lib/python3.10/dist-packages/rbpodo_msgs/srv/_set_operation_mode.py
[0.298s] -- Up-to-date: /home/thornch/rbpodo_ros2_ws/install/rbpodo_msgs/local/lib/python3.10/dist-packages/rbpodo_msgs/srv/_task_stop_s.c
[0.298s] -- Up-to-date: /home/thornch/rbpodo_ros2_ws/install/rbpodo_msgs/local/lib/python3.10/dist-packages/rbpodo_msgs/srv/_task_pause_s.c
[0.298s] -- Up-to-date: /home/thornch/rbpodo_ros2_ws/install/rbpodo_msgs/local/lib/python3.10/dist-packages/rbpodo_msgs/srv/_task_pause.py
[0.298s] -- Up-to-date: /home/thornch/rbpodo_ros2_ws/install/rbpodo_msgs/local/lib/python3.10/dist-packages/rbpodo_msgs/srv/_set_joint_effort_controller_config.py
[0.298s] -- Up-to-date: /home/thornch/rbpodo_ros2_ws/install/rbpodo_msgs/local/lib/python3.10/dist-packages/rbpodo_msgs/srv/_set_joint_velocity_controller_config.py
[0.298s] -- Up-to-date: /home/thornch/rbpodo_ros2_ws/install/rbpodo_msgs/local/lib/python3.10/dist-packages/rbpodo_msgs/srv/_set_joint_position_controller_config.py
[0.298s] -- Up-to-date: /home/thornch/rbpodo_ros2_ws/install/rbpodo_msgs/local/lib/python3.10/dist-packages/rbpodo_msgs/srv/_set_joint_effort_controller_config_s.c
[0.298s] -- Up-to-date: /home/thornch/rbpodo_ros2_ws/install/rbpodo_msgs/local/lib/python3.10/dist-packages/rbpodo_msgs/srv/_task_play_s.c
[0.298s] -- Up-to-date: /home/thornch/rbpodo_ros2_ws/install/rbpodo_msgs/local/lib/python3.10/dist-packages/rbpodo_msgs/srv/_set_cartesian_velocity_controller_config_s.c
[0.298s] -- Up-to-date: /home/thornch/rbpodo_ros2_ws/install/rbpodo_msgs/local/lib/python3.10/dist-packages/rbpodo_msgs/srv/_eval.py
[0.298s] -- Up-to-date: /home/thornch/rbpodo_ros2_ws/install/rbpodo_msgs/local/lib/python3.10/dist-packages/rbpodo_msgs/srv/_task_load.py
[0.298s] -- Up-to-date: /home/thornch/rbpodo_ros2_ws/install/rbpodo_msgs/local/lib/python3.10/dist-packages/rbpodo_msgs/srv/_set_joint_position_controller_config_s.c
[0.298s] -- Up-to-date: /home/thornch/rbpodo_ros2_ws/install/rbpodo_msgs/local/lib/python3.10/dist-packages/rbpodo_msgs/srv/_task_resume.py
[0.298s] -- Up-to-date: /home/thornch/rbpodo_ros2_ws/install/rbpodo_msgs/local/lib/python3.10/dist-packages/rbpodo_msgs/srv/_set_cartesian_pose_controller_config_s.c
[0.298s] -- Up-to-date: /home/thornch/rbpodo_ros2_ws/install/rbpodo_msgs/local/lib/python3.10/dist-packages/rbpodo_msgs/srv/_task_load_s.c
[0.298s] -- Up-to-date: /home/thornch/rbpodo_ros2_ws/install/rbpodo_msgs/local/lib/python3.10/dist-packages/rbpodo_msgs/srv/_set_joint_velocity_controller_config_s.c
[0.298s] -- Up-to-date: /home/thornch/rbpodo_ros2_ws/install/rbpodo_msgs/local/lib/python3.10/dist-packages/rbpodo_msgs/srv/_set_speed_bar_s.c
[0.298s] -- Up-to-date: /home/thornch/rbpodo_ros2_ws/install/rbpodo_msgs/local/lib/python3.10/dist-packages/rbpodo_msgs/srv/_task_stop.py
[0.298s] -- Up-to-date: /home/thornch/rbpodo_ros2_ws/install/rbpodo_msgs/local/lib/python3.10/dist-packages/rbpodo_msgs/srv/_set_cartesian_velocity_controller_config.py
[0.298s] -- Up-to-date: /home/thornch/rbpodo_ros2_ws/install/rbpodo_msgs/local/lib/python3.10/dist-packages/rbpodo_msgs/srv/_set_operation_mode_s.c
[0.298s] -- Up-to-date: /home/thornch/rbpodo_ros2_ws/install/rbpodo_msgs/local/lib/python3.10/dist-packages/rbpodo_msgs/srv/_set_cartesian_pose_controller_config.py
[0.298s] -- Up-to-date: /home/thornch/rbpodo_ros2_ws/install/rbpodo_msgs/local/lib/python3.10/dist-packages/rbpodo_msgs/srv/_eval_s.c
[0.298s] -- Up-to-date: /home/thornch/rbpodo_ros2_ws/install/rbpodo_msgs/local/lib/python3.10/dist-packages/rbpodo_msgs/srv/__init__.py
[0.298s] -- Up-to-date: /home/thornch/rbpodo_ros2_ws/install/rbpodo_msgs/local/lib/python3.10/dist-packages/rbpodo_msgs/srv/_task_play.py
[0.298s] -- Up-to-date: /home/thornch/rbpodo_ros2_ws/install/rbpodo_msgs/local/lib/python3.10/dist-packages/rbpodo_msgs/srv/_set_speed_bar.py
[0.298s] -- Up-to-date: /home/thornch/rbpodo_ros2_ws/install/rbpodo_msgs/local/lib/python3.10/dist-packages/rbpodo_msgs/__init__.py
[0.298s] -- Up-to-date: /home/thornch/rbpodo_ros2_ws/install/rbpodo_msgs/local/lib/python3.10/dist-packages/rbpodo_msgs/rbpodo_msgs_s__rosidl_typesupport_fastrtps_c.cpython-310-x86_64-linux-gnu.so
[0.317s] Listing '/home/thornch/rbpodo_ros2_ws/install/rbpodo_msgs/local/lib/python3.10/dist-packages/rbpodo_msgs'...
[0.317s] Listing '/home/thornch/rbpodo_ros2_ws/install/rbpodo_msgs/local/lib/python3.10/dist-packages/rbpodo_msgs/action'...
[0.317s] Listing '/home/thornch/rbpodo_ros2_ws/install/rbpodo_msgs/local/lib/python3.10/dist-packages/rbpodo_msgs/msg'...
[0.317s] Listing '/home/thornch/rbpodo_ros2_ws/install/rbpodo_msgs/local/lib/python3.10/dist-packages/rbpodo_msgs/srv'...
[0.320s] -- Up-to-date: /home/thornch/rbpodo_ros2_ws/install/rbpodo_msgs/local/lib/python3.10/dist-packages/rbpodo_msgs/rbpodo_msgs_s__rosidl_typesupport_fastrtps_c.cpython-310-x86_64-linux-gnu.so
[0.320s] -- Up-to-date: /home/thornch/rbpodo_ros2_ws/install/rbpodo_msgs/local/lib/python3.10/dist-packages/rbpodo_msgs/rbpodo_msgs_s__rosidl_typesupport_introspection_c.cpython-310-x86_64-linux-gnu.so
[0.320s] -- Up-to-date: /home/thornch/rbpodo_ros2_ws/install/rbpodo_msgs/local/lib/python3.10/dist-packages/rbpodo_msgs/rbpodo_msgs_s__rosidl_typesupport_c.cpython-310-x86_64-linux-gnu.so
[0.320s] -- Up-to-date: /home/thornch/rbpodo_ros2_ws/install/rbpodo_msgs/lib/librbpodo_msgs__rosidl_generator_py.so
[0.320s] -- Up-to-date: /home/thornch/rbpodo_ros2_ws/install/rbpodo_msgs/share/rbpodo_msgs/action/MoveJ.idl
[0.320s] -- Up-to-date: /home/thornch/rbpodo_ros2_ws/install/rbpodo_msgs/share/rbpodo_msgs/action/MoveJb2.idl
[0.320s] -- Up-to-date: /home/thornch/rbpodo_ros2_ws/install/rbpodo_msgs/share/rbpodo_msgs/action/MoveL.idl
[0.320s] -- Up-to-date: /home/thornch/rbpodo_ros2_ws/install/rbpodo_msgs/share/rbpodo_msgs/action/MovePb.idl
[0.320s] -- Up-to-date: /home/thornch/rbpodo_ros2_ws/install/rbpodo_msgs/share/rbpodo_msgs/msg/MoveJb2Point.idl
[0.320s] -- Up-to-date: /home/thornch/rbpodo_ros2_ws/install/rbpodo_msgs/share/rbpodo_msgs/msg/MovePbPoint.idl
[0.320s] -- Up-to-date: /home/thornch/rbpodo_ros2_ws/install/rbpodo_msgs/share/rbpodo_msgs/msg/Response.idl
[0.321s] -- Up-to-date: /home/thornch/rbpodo_ros2_ws/install/rbpodo_msgs/share/rbpodo_msgs/msg/SystemState.idl
[0.321s] -- Up-to-date: /home/thornch/rbpodo_ros2_ws/install/rbpodo_msgs/share/rbpodo_msgs/srv/Eval.idl
[0.321s] -- Up-to-date: /home/thornch/rbpodo_ros2_ws/install/rbpodo_msgs/share/rbpodo_msgs/srv/SetCartesianPoseControllerConfig.idl
[0.321s] -- Up-to-date: /home/thornch/rbpodo_ros2_ws/install/rbpodo_msgs/share/rbpodo_msgs/srv/SetCartesianVelocityControllerConfig.idl
[0.321s] -- Up-to-date: /home/thornch/rbpodo_ros2_ws/install/rbpodo_msgs/share/rbpodo_msgs/srv/SetJointEffortControllerConfig.idl
[0.321s] -- Up-to-date: /home/thornch/rbpodo_ros2_ws/install/rbpodo_msgs/share/rbpodo_msgs/srv/SetJointPositionControllerConfig.idl
[0.321s] -- Up-to-date: /home/thornch/rbpodo_ros2_ws/install/rbpodo_msgs/share/rbpodo_msgs/srv/SetJointVelocityControllerConfig.idl
[0.321s] -- Up-to-date: /home/thornch/rbpodo_ros2_ws/install/rbpodo_msgs/share/rbpodo_msgs/srv/SetOperationMode.idl
[0.321s] -- Up-to-date: /home/thornch/rbpodo_ros2_ws/install/rbpodo_msgs/share/rbpodo_msgs/srv/SetSpeedBar.idl
[0.321s] -- Up-to-date: /home/thornch/rbpodo_ros2_ws/install/rbpodo_msgs/share/rbpodo_msgs/srv/TaskLoad.idl
[0.321s] -- Up-to-date: /home/thornch/rbpodo_ros2_ws/install/rbpodo_msgs/share/rbpodo_msgs/srv/TaskPause.idl
[0.321s] -- Up-to-date: /home/thornch/rbpodo_ros2_ws/install/rbpodo_msgs/share/rbpodo_msgs/srv/TaskPlay.idl
[0.321s] -- Up-to-date: /home/thornch/rbpodo_ros2_ws/install/rbpodo_msgs/share/rbpodo_msgs/srv/TaskResume.idl
[0.321s] -- Up-to-date: /home/thornch/rbpodo_ros2_ws/install/rbpodo_msgs/share/rbpodo_msgs/srv/TaskStop.idl
[0.321s] -- Up-to-date: /home/thornch/rbpodo_ros2_ws/install/rbpodo_msgs/share/rbpodo_msgs/action/MoveJ.action
[0.321s] -- Up-to-date: /home/thornch/rbpodo_ros2_ws/install/rbpodo_msgs/share/rbpodo_msgs/action/MoveJb2.action
[0.321s] -- Up-to-date: /home/thornch/rbpodo_ros2_ws/install/rbpodo_msgs/share/rbpodo_msgs/action/MoveL.action
[0.321s] -- Up-to-date: /home/thornch/rbpodo_ros2_ws/install/rbpodo_msgs/share/rbpodo_msgs/action/MovePb.action
[0.321s] -- Up-to-date: /home/thornch/rbpodo_ros2_ws/install/rbpodo_msgs/share/rbpodo_msgs/msg/MoveJb2Point.msg
[0.321s] -- Up-to-date: /home/thornch/rbpodo_ros2_ws/install/rbpodo_msgs/share/rbpodo_msgs/msg/MovePbPoint.msg
[0.321s] -- Up-to-date: /home/thornch/rbpodo_ros2_ws/install/rbpodo_msgs/share/rbpodo_msgs/msg/Response.msg
[0.321s] -- Up-to-date: /home/thornch/rbpodo_ros2_ws/install/rbpodo_msgs/share/rbpodo_msgs/msg/SystemState.msg
[0.321s] -- Up-to-date: /home/thornch/rbpodo_ros2_ws/install/rbpodo_msgs/share/rbpodo_msgs/srv/Eval.srv
[0.321s] -- Up-to-date: /home/thornch/rbpodo_ros2_ws/install/rbpodo_msgs/share/rbpodo_msgs/srv/Eval_Request.msg
[0.321s] -- Up-to-date: /home/thornch/rbpodo_ros2_ws/install/rbpodo_msgs/share/rbpodo_msgs/srv/Eval_Response.msg
[0.321s] -- Up-to-date: /home/thornch/rbpodo_ros2_ws/install/rbpodo_msgs/share/rbpodo_msgs/srv/SetCartesianPoseControllerConfig.srv
[0.321s] -- Up-to-date: /home/thornch/rbpodo_ros2_ws/install/rbpodo_msgs/share/rbpodo_msgs/srv/SetCartesianPoseControllerConfig_Request.msg
[0.321s] -- Up-to-date: /home/thornch/rbpodo_ros2_ws/install/rbpodo_msgs/share/rbpodo_msgs/srv/SetCartesianPoseControllerConfig_Response.msg
[0.321s] -- Up-to-date: /home/thornch/rbpodo_ros2_ws/install/rbpodo_msgs/share/rbpodo_msgs/srv/SetCartesianVelocityControllerConfig.srv
[0.321s] -- Up-to-date: /home/thornch/rbpodo_ros2_ws/install/rbpodo_msgs/share/rbpodo_msgs/srv/SetCartesianVelocityControllerConfig_Request.msg
[0.321s] -- Up-to-date: /home/thornch/rbpodo_ros2_ws/install/rbpodo_msgs/share/rbpodo_msgs/srv/SetCartesianVelocityControllerConfig_Response.msg
[0.321s] -- Up-to-date: /home/thornch/rbpodo_ros2_ws/install/rbpodo_msgs/share/rbpodo_msgs/srv/SetJointEffortControllerConfig.srv
[0.321s] -- Up-to-date: /home/thornch/rbpodo_ros2_ws/install/rbpodo_msgs/share/rbpodo_msgs/srv/SetJointEffortControllerConfig_Request.msg
[0.321s] -- Up-to-date: /home/thornch/rbpodo_ros2_ws/install/rbpodo_msgs/share/rbpodo_msgs/srv/SetJointEffortControllerConfig_Response.msg
[0.321s] -- Up-to-date: /home/thornch/rbpodo_ros2_ws/install/rbpodo_msgs/share/rbpodo_msgs/srv/SetJointPositionControllerConfig.srv
[0.321s] -- Up-to-date: /home/thornch/rbpodo_ros2_ws/install/rbpodo_msgs/share/rbpodo_msgs/srv/SetJointPositionControllerConfig_Request.msg
[0.321s] -- Up-to-date: /home/thornch/rbpodo_ros2_ws/install/rbpodo_msgs/share/rbpodo_msgs/srv/SetJointPositionControllerConfig_Response.msg
[0.322s] -- Up-to-date: /home/thornch/rbpodo_ros2_ws/install/rbpodo_msgs/share/rbpodo_msgs/srv/SetJointVelocityControllerConfig.srv
[0.322s] -- Up-to-date: /home/thornch/rbpodo_ros2_ws/install/rbpodo_msgs/share/rbpodo_msgs/srv/SetJointVelocityControllerConfig_Request.msg
[0.322s] -- Up-to-date: /home/thornch/rbpodo_ros2_ws/install/rbpodo_msgs/share/rbpodo_msgs/srv/SetJointVelocityControllerConfig_Response.msg
[0.322s] -- Up-to-date: /home/thornch/rbpodo_ros2_ws/install/rbpodo_msgs/share/rbpodo_msgs/srv/SetOperationMode.srv
[0.322s] -- Up-to-date: /home/thornch/rbpodo_ros2_ws/install/rbpodo_msgs/share/rbpodo_msgs/srv/SetOperationMode_Request.msg
[0.322s] -- Up-to-date: /home/thornch/rbpodo_ros2_ws/install/rbpodo_msgs/share/rbpodo_msgs/srv/SetOperationMode_Response.msg
[0.322s] -- Up-to-date: /home/thornch/rbpodo_ros2_ws/install/rbpodo_msgs/share/rbpodo_msgs/srv/SetSpeedBar.srv
[0.322s] -- Up-to-date: /home/thornch/rbpodo_ros2_ws/install/rbpodo_msgs/share/rbpodo_msgs/srv/SetSpeedBar_Request.msg
[0.322s] -- Up-to-date: /home/thornch/rbpodo_ros2_ws/install/rbpodo_msgs/share/rbpodo_msgs/srv/SetSpeedBar_Response.msg
[0.322s] -- Up-to-date: /home/thornch/rbpodo_ros2_ws/install/rbpodo_msgs/share/rbpodo_msgs/srv/TaskLoad.srv
[0.322s] -- Up-to-date: /home/thornch/rbpodo_ros2_ws/install/rbpodo_msgs/share/rbpodo_msgs/srv/TaskLoad_Request.msg
[0.322s] -- Up-to-date: /home/thornch/rbpodo_ros2_ws/install/rbpodo_msgs/share/rbpodo_msgs/srv/TaskLoad_Response.msg
[0.322s] -- Up-to-date: /home/thornch/rbpodo_ros2_ws/install/rbpodo_msgs/share/rbpodo_msgs/srv/TaskPause.srv
[0.322s] -- Up-to-date: /home/thornch/rbpodo_ros2_ws/install/rbpodo_msgs/share/rbpodo_msgs/srv/TaskPause_Request.msg
[0.322s] -- Up-to-date: /home/thornch/rbpodo_ros2_ws/install/rbpodo_msgs/share/rbpodo_msgs/srv/TaskPause_Response.msg
[0.322s] -- Up-to-date: /home/thornch/rbpodo_ros2_ws/install/rbpodo_msgs/share/rbpodo_msgs/srv/TaskPlay.srv
[0.322s] -- Up-to-date: /home/thornch/rbpodo_ros2_ws/install/rbpodo_msgs/share/rbpodo_msgs/srv/TaskPlay_Request.msg
[0.322s] -- Up-to-date: /home/thornch/rbpodo_ros2_ws/install/rbpodo_msgs/share/rbpodo_msgs/srv/TaskPlay_Response.msg
[0.322s] -- Up-to-date: /home/thornch/rbpodo_ros2_ws/install/rbpodo_msgs/share/rbpodo_msgs/srv/TaskResume.srv
[0.322s] -- Up-to-date: /home/thornch/rbpodo_ros2_ws/install/rbpodo_msgs/share/rbpodo_msgs/srv/TaskResume_Request.msg
[0.322s] -- Up-to-date: /home/thornch/rbpodo_ros2_ws/install/rbpodo_msgs/share/rbpodo_msgs/srv/TaskResume_Response.msg
[0.322s] -- Up-to-date: /home/thornch/rbpodo_ros2_ws/install/rbpodo_msgs/share/rbpodo_msgs/srv/TaskStop.srv
[0.322s] -- Up-to-date: /home/thornch/rbpodo_ros2_ws/install/rbpodo_msgs/share/rbpodo_msgs/srv/TaskStop_Request.msg
[0.322s] -- Up-to-date: /home/thornch/rbpodo_ros2_ws/install/rbpodo_msgs/share/rbpodo_msgs/srv/TaskStop_Response.msg
[0.322s] -- Up-to-date: /home/thornch/rbpodo_ros2_ws/install/rbpodo_msgs/share/ament_index/resource_index/package_run_dependencies/rbpodo_msgs
[0.322s] -- Up-to-date: /home/thornch/rbpodo_ros2_ws/install/rbpodo_msgs/share/ament_index/resource_index/parent_prefix_path/rbpodo_msgs
[0.322s] -- Up-to-date: /home/thornch/rbpodo_ros2_ws/install/rbpodo_msgs/share/rbpodo_msgs/environment/ament_prefix_path.sh
[0.322s] -- Up-to-date: /home/thornch/rbpodo_ros2_ws/install/rbpodo_msgs/share/rbpodo_msgs/environment/ament_prefix_path.dsv
[0.322s] -- Up-to-date: /home/thornch/rbpodo_ros2_ws/install/rbpodo_msgs/share/rbpodo_msgs/environment/path.sh
[0.322s] -- Up-to-date: /home/thornch/rbpodo_ros2_ws/install/rbpodo_msgs/share/rbpodo_msgs/environment/path.dsv
[0.322s] -- Up-to-date: /home/thornch/rbpodo_ros2_ws/install/rbpodo_msgs/share/rbpodo_msgs/local_setup.bash
[0.322s] -- Up-to-date: /home/thornch/rbpodo_ros2_ws/install/rbpodo_msgs/share/rbpodo_msgs/local_setup.sh
[0.322s] -- Up-to-date: /home/thornch/rbpodo_ros2_ws/install/rbpodo_msgs/share/rbpodo_msgs/local_setup.zsh
[0.322s] -- Up-to-date: /home/thornch/rbpodo_ros2_ws/install/rbpodo_msgs/share/rbpodo_msgs/local_setup.dsv
[0.322s] -- Installing: /home/thornch/rbpodo_ros2_ws/install/rbpodo_msgs/share/rbpodo_msgs/package.dsv
[0.322s] -- Up-to-date: /home/thornch/rbpodo_ros2_ws/install/rbpodo_msgs/share/ament_index/resource_index/packages/rbpodo_msgs
[0.322s] -- Up-to-date: /home/thornch/rbpodo_ros2_ws/install/rbpodo_msgs/share/rbpodo_msgs/cmake/export_rbpodo_msgs__rosidl_generator_cExport.cmake
[0.322s] -- Up-to-date: /home/thornch/rbpodo_ros2_ws/install/rbpodo_msgs/share/rbpodo_msgs/cmake/export_rbpodo_msgs__rosidl_generator_cExport-release.cmake
[0.323s] -- Up-to-date: /home/thornch/rbpodo_ros2_ws/install/rbpodo_msgs/share/rbpodo_msgs/cmake/export_rbpodo_msgs__rosidl_typesupport_fastrtps_cExport.cmake
[0.323s] -- Up-to-date: /home/thornch/rbpodo_ros2_ws/install/rbpodo_msgs/share/rbpodo_msgs/cmake/export_rbpodo_msgs__rosidl_typesupport_fastrtps_cExport-release.cmake
[0.323s] -- Up-to-date: /home/thornch/rbpodo_ros2_ws/install/rbpodo_msgs/share/rbpodo_msgs/cmake/rbpodo_msgs__rosidl_typesupport_introspection_cExport.cmake
[0.323s] -- Up-to-date: /home/thornch/rbpodo_ros2_ws/install/rbpodo_msgs/share/rbpodo_msgs/cmake/rbpodo_msgs__rosidl_typesupport_introspection_cExport-release.cmake
[0.323s] -- Up-to-date: /home/thornch/rbpodo_ros2_ws/install/rbpodo_msgs/share/rbpodo_msgs/cmake/rbpodo_msgs__rosidl_typesupport_cExport.cmake
[0.323s] -- Up-to-date: /home/thornch/rbpodo_ros2_ws/install/rbpodo_msgs/share/rbpodo_msgs/cmake/rbpodo_msgs__rosidl_typesupport_cExport-release.cmake
[0.323s] -- Up-to-date: /home/thornch/rbpodo_ros2_ws/install/rbpodo_msgs/share/rbpodo_msgs/cmake/export_rbpodo_msgs__rosidl_generator_cppExport.cmake
[0.323s] -- Up-to-date: /home/thornch/rbpodo_ros2_ws/install/rbpodo_msgs/share/rbpodo_msgs/cmake/export_rbpodo_msgs__rosidl_typesupport_fastrtps_cppExport.cmake
[0.323s] -- Up-to-date: /home/thornch/rbpodo_ros2_ws/install/rbpodo_msgs/share/rbpodo_msgs/cmake/export_rbpodo_msgs__rosidl_typesupport_fastrtps_cppExport-release.cmake
[0.323s] -- Up-to-date: /home/thornch/rbpodo_ros2_ws/install/rbpodo_msgs/share/rbpodo_msgs/cmake/rbpodo_msgs__rosidl_typesupport_introspection_cppExport.cmake
[0.323s] -- Up-to-date: /home/thornch/rbpodo_ros2_ws/install/rbpodo_msgs/share/rbpodo_msgs/cmake/rbpodo_msgs__rosidl_typesupport_introspection_cppExport-release.cmake
[0.323s] -- Up-to-date: /home/thornch/rbpodo_ros2_ws/install/rbpodo_msgs/share/rbpodo_msgs/cmake/rbpodo_msgs__rosidl_typesupport_cppExport.cmake
[0.323s] -- Up-to-date: /home/thornch/rbpodo_ros2_ws/install/rbpodo_msgs/share/rbpodo_msgs/cmake/rbpodo_msgs__rosidl_typesupport_cppExport-release.cmake
[0.323s] -- Up-to-date: /home/thornch/rbpodo_ros2_ws/install/rbpodo_msgs/share/rbpodo_msgs/cmake/export_rbpodo_msgs__rosidl_generator_pyExport.cmake
[0.323s] -- Up-to-date: /home/thornch/rbpodo_ros2_ws/install/rbpodo_msgs/share/rbpodo_msgs/cmake/export_rbpodo_msgs__rosidl_generator_pyExport-release.cmake
[0.323s] -- Up-to-date: /home/thornch/rbpodo_ros2_ws/install/rbpodo_msgs/share/rbpodo_msgs/cmake/rosidl_cmake-extras.cmake
[0.323s] -- Up-to-date: /home/thornch/rbpodo_ros2_ws/install/rbpodo_msgs/share/rbpodo_msgs/cmake/ament_cmake_export_dependencies-extras.cmake
[0.323s] -- Up-to-date: /home/thornch/rbpodo_ros2_ws/install/rbpodo_msgs/share/rbpodo_msgs/cmake/ament_cmake_export_include_directories-extras.cmake
[0.323s] -- Up-to-date: /home/thornch/rbpodo_ros2_ws/install/rbpodo_msgs/share/rbpodo_msgs/cmake/ament_cmake_export_libraries-extras.cmake
[0.323s] -- Up-to-date: /home/thornch/rbpodo_ros2_ws/install/rbpodo_msgs/share/rbpodo_msgs/cmake/ament_cmake_export_targets-extras.cmake
[0.323s] -- Up-to-date: /home/thornch/rbpodo_ros2_ws/install/rbpodo_msgs/share/rbpodo_msgs/cmake/rosidl_cmake_export_typesupport_targets-extras.cmake
[0.323s] -- Up-to-date: /home/thornch/rbpodo_ros2_ws/install/rbpodo_msgs/share/rbpodo_msgs/cmake/rosidl_cmake_export_typesupport_libraries-extras.cmake
[0.323s] -- Up-to-date: /home/thornch/rbpodo_ros2_ws/install/rbpodo_msgs/share/rbpodo_msgs/cmake/rbpodo_msgsConfig.cmake
[0.323s] -- Up-to-date: /home/thornch/rbpodo_ros2_ws/install/rbpodo_msgs/share/rbpodo_msgs/cmake/rbpodo_msgsConfig-version.cmake
[0.323s] -- Up-to-date: /home/thornch/rbpodo_ros2_ws/install/rbpodo_msgs/share/rbpodo_msgs/package.xml
[0.325s] Invoked command in '/home/thornch/rbpodo_ros2_ws/build/rbpodo_msgs' returned '0': CMAKE_PREFIX_PATH=/opt/ros/humble /usr/bin/cmake --install /home/thornch/rbpodo_ros2_ws/build/rbpodo_msgs
