[0.060s] [34mcolcon[0m [1;30mDEBUG[0m [32mCommand line arguments: ['/usr/bin/colcon', 'build', '--cmake-args', '-DCMAKE_BUILD_TYPE=Release'][0m
[0.060s] [34mcolcon[0m [1;30mDEBUG[0m [32mParsed command line arguments: Namespace(log_base=None, log_level=None, verb_name='build', build_base='build', install_base='install', merge_install=False, symlink_install=False, test_result_base=None, continue_on_error=False, executor='parallel', parallel_workers=24, event_handlers=None, ignore_user_meta=False, metas=['./colcon.meta'], base_paths=['.'], packages_ignore=None, packages_ignore_regex=None, paths=None, packages_up_to=None, packages_up_to_regex=None, packages_above=None, packages_above_and_dependencies=None, packages_above_depth=None, packages_select_by_dep=None, packages_skip_by_dep=None, packages_skip_up_to=None, packages_select_build_failed=False, packages_skip_build_finished=False, packages_select_test_failures=False, packages_skip_test_passed=False, packages_select=None, packages_skip=None, packages_select_regex=None, packages_skip_regex=None, packages_start=None, packages_end=None, allow_overriding=[], cmake_args=['-DCMAKE_BUILD_TYPE=Release'], cmake_target=None, cmake_target_skip_unavailable=False, cmake_clean_cache=False, cmake_clean_first=False, cmake_force_configure=False, ament_cmake_args=None, catkin_cmake_args=None, catkin_skip_building_tests=False, mixin_files=None, mixin=None, verb_parser=<colcon_mixin.mixin.mixin_argument.MixinArgumentDecorator object at 0x737cb943c340>, verb_extension=<colcon_core.verb.build.BuildVerb object at 0x737cb9407e50>, main=<bound method BuildVerb.main of <colcon_core.verb.build.BuildVerb object at 0x737cb9407e50>>, mixin_verb=('build',))[0m
[0.184s] [34mcolcon.colcon_core.package_discovery[0m [1;30mLevel 1[0m discover_packages(colcon_meta) check parameters
[0.184s] [34mcolcon.colcon_core.package_discovery[0m [1;30mLevel 1[0m discover_packages(recursive) check parameters
[0.184s] [34mcolcon.colcon_core.package_discovery[0m [1;30mLevel 1[0m discover_packages(ignore) check parameters
[0.184s] [34mcolcon.colcon_core.package_discovery[0m [1;30mLevel 1[0m discover_packages(path) check parameters
[0.184s] [34mcolcon.colcon_core.package_discovery[0m [1;30mLevel 1[0m discover_packages(colcon_meta) discover
[0.184s] [34mcolcon.colcon_core.package_discovery[0m [1;30mLevel 1[0m discover_packages(recursive) discover
[0.184s] [34mcolcon.colcon_core.package_discovery[0m [1;30mINFO[0m Crawling recursively for packages in '/home/thornch/rbpodo_ros2_ws'
[0.184s] [34mcolcon.colcon_core.package_identification[0m [1;30mLevel 1[0m _identify(.) by extensions ['ignore', 'ignore_ament_install']
[0.184s] [34mcolcon.colcon_core.package_identification[0m [1;30mLevel 1[0m _identify(.) by extension 'ignore'
[0.184s] [34mcolcon.colcon_core.package_identification[0m [1;30mLevel 1[0m _identify(.) by extension 'ignore_ament_install'
[0.184s] [34mcolcon.colcon_core.package_identification[0m [1;30mLevel 1[0m _identify(.) by extensions ['colcon_pkg']
[0.184s] [34mcolcon.colcon_core.package_identification[0m [1;30mLevel 1[0m _identify(.) by extension 'colcon_pkg'
[0.184s] [34mcolcon.colcon_core.package_identification[0m [1;30mLevel 1[0m _identify(.) by extensions ['colcon_meta']
[0.184s] [34mcolcon.colcon_core.package_identification[0m [1;30mLevel 1[0m _identify(.) by extension 'colcon_meta'
[0.184s] [34mcolcon.colcon_core.package_identification[0m [1;30mLevel 1[0m _identify(.) by extensions ['ros']
[0.184s] [34mcolcon.colcon_core.package_identification[0m [1;30mLevel 1[0m _identify(.) by extension 'ros'
[0.192s] [34mcolcon.colcon_core.package_identification[0m [1;30mLevel 1[0m _identify(.) by extensions ['cmake', 'python']
[0.192s] [34mcolcon.colcon_core.package_identification[0m [1;30mLevel 1[0m _identify(.) by extension 'cmake'
[0.192s] [34mcolcon.colcon_core.package_identification[0m [1;30mLevel 1[0m _identify(.) by extension 'python'
[0.192s] [34mcolcon.colcon_core.package_identification[0m [1;30mLevel 1[0m _identify(.) by extensions ['python_setup_py']
[0.192s] [34mcolcon.colcon_core.package_identification[0m [1;30mLevel 1[0m _identify(.) by extension 'python_setup_py'
[0.192s] [34mcolcon.colcon_core.package_identification[0m [1;30mLevel 1[0m _identify(build) by extensions ['ignore', 'ignore_ament_install']
[0.192s] [34mcolcon.colcon_core.package_identification[0m [1;30mLevel 1[0m _identify(build) by extension 'ignore'
[0.192s] [34mcolcon.colcon_core.package_identification[0m [1;30mLevel 1[0m _identify(build) ignored
[0.192s] [34mcolcon.colcon_core.package_identification[0m [1;30mLevel 1[0m _identify(install) by extensions ['ignore', 'ignore_ament_install']
[0.192s] [34mcolcon.colcon_core.package_identification[0m [1;30mLevel 1[0m _identify(install) by extension 'ignore'
[0.192s] [34mcolcon.colcon_core.package_identification[0m [1;30mLevel 1[0m _identify(install) ignored
[0.192s] [34mcolcon.colcon_core.package_identification[0m [1;30mLevel 1[0m _identify(log) by extensions ['ignore', 'ignore_ament_install']
[0.192s] [34mcolcon.colcon_core.package_identification[0m [1;30mLevel 1[0m _identify(log) by extension 'ignore'
[0.192s] [34mcolcon.colcon_core.package_identification[0m [1;30mLevel 1[0m _identify(log) ignored
[0.192s] [34mcolcon.colcon_core.package_identification[0m [1;30mLevel 1[0m _identify(src) by extensions ['ignore', 'ignore_ament_install']
[0.193s] [34mcolcon.colcon_core.package_identification[0m [1;30mLevel 1[0m _identify(src) by extension 'ignore'
[0.193s] [34mcolcon.colcon_core.package_identification[0m [1;30mLevel 1[0m _identify(src) by extension 'ignore_ament_install'
[0.193s] [34mcolcon.colcon_core.package_identification[0m [1;30mLevel 1[0m _identify(src) by extensions ['colcon_pkg']
[0.193s] [34mcolcon.colcon_core.package_identification[0m [1;30mLevel 1[0m _identify(src) by extension 'colcon_pkg'
[0.193s] [34mcolcon.colcon_core.package_identification[0m [1;30mLevel 1[0m _identify(src) by extensions ['colcon_meta']
[0.193s] [34mcolcon.colcon_core.package_identification[0m [1;30mLevel 1[0m _identify(src) by extension 'colcon_meta'
[0.193s] [34mcolcon.colcon_core.package_identification[0m [1;30mLevel 1[0m _identify(src) by extensions ['ros']
[0.193s] [34mcolcon.colcon_core.package_identification[0m [1;30mLevel 1[0m _identify(src) by extension 'ros'
[0.193s] [34mcolcon.colcon_core.package_identification[0m [1;30mLevel 1[0m _identify(src) by extensions ['cmake', 'python']
[0.193s] [34mcolcon.colcon_core.package_identification[0m [1;30mLevel 1[0m _identify(src) by extension 'cmake'
[0.193s] [34mcolcon.colcon_core.package_identification[0m [1;30mLevel 1[0m _identify(src) by extension 'python'
[0.193s] [34mcolcon.colcon_core.package_identification[0m [1;30mLevel 1[0m _identify(src) by extensions ['python_setup_py']
[0.193s] [34mcolcon.colcon_core.package_identification[0m [1;30mLevel 1[0m _identify(src) by extension 'python_setup_py'
[0.193s] [34mcolcon.colcon_core.package_identification[0m [1;30mLevel 1[0m _identify(src/rbpodo_controller) by extensions ['ignore', 'ignore_ament_install']
[0.193s] [34mcolcon.colcon_core.package_identification[0m [1;30mLevel 1[0m _identify(src/rbpodo_controller) by extension 'ignore'
[0.193s] [34mcolcon.colcon_core.package_identification[0m [1;30mLevel 1[0m _identify(src/rbpodo_controller) by extension 'ignore_ament_install'
[0.193s] [34mcolcon.colcon_core.package_identification[0m [1;30mLevel 1[0m _identify(src/rbpodo_controller) by extensions ['colcon_pkg']
[0.193s] [34mcolcon.colcon_core.package_identification[0m [1;30mLevel 1[0m _identify(src/rbpodo_controller) by extension 'colcon_pkg'
[0.193s] [34mcolcon.colcon_core.package_identification[0m [1;30mLevel 1[0m _identify(src/rbpodo_controller) by extensions ['colcon_meta']
[0.193s] [34mcolcon.colcon_core.package_identification[0m [1;30mLevel 1[0m _identify(src/rbpodo_controller) by extension 'colcon_meta'
[0.193s] [34mcolcon.colcon_core.package_identification[0m [1;30mLevel 1[0m _identify(src/rbpodo_controller) by extensions ['ros']
[0.193s] [34mcolcon.colcon_core.package_identification[0m [1;30mLevel 1[0m _identify(src/rbpodo_controller) by extension 'ros'
[0.194s] [34mcolcon.colcon_core.package_identification[0m [1;30mDEBUG[0m [32mPackage 'src/rbpodo_controller' with type 'ros.ament_cmake' and name 'rbpodo_controller'[0m
[0.194s] [34mcolcon.colcon_core.package_identification[0m [1;30mLevel 1[0m _identify(src/rbpodo_ros2) by extensions ['ignore', 'ignore_ament_install']
[0.194s] [34mcolcon.colcon_core.package_identification[0m [1;30mLevel 1[0m _identify(src/rbpodo_ros2) by extension 'ignore'
[0.194s] [34mcolcon.colcon_core.package_identification[0m [1;30mLevel 1[0m _identify(src/rbpodo_ros2) by extension 'ignore_ament_install'
[0.194s] [34mcolcon.colcon_core.package_identification[0m [1;30mLevel 1[0m _identify(src/rbpodo_ros2) by extensions ['colcon_pkg']
[0.195s] [34mcolcon.colcon_core.package_identification[0m [1;30mLevel 1[0m _identify(src/rbpodo_ros2) by extension 'colcon_pkg'
[0.195s] [34mcolcon.colcon_core.package_identification[0m [1;30mLevel 1[0m _identify(src/rbpodo_ros2) by extensions ['colcon_meta']
[0.195s] [34mcolcon.colcon_core.package_identification[0m [1;30mLevel 1[0m _identify(src/rbpodo_ros2) by extension 'colcon_meta'
[0.195s] [34mcolcon.colcon_core.package_identification[0m [1;30mLevel 1[0m _identify(src/rbpodo_ros2) by extensions ['ros']
[0.195s] [34mcolcon.colcon_core.package_identification[0m [1;30mLevel 1[0m _identify(src/rbpodo_ros2) by extension 'ros'
[0.195s] [34mcolcon.colcon_core.package_identification[0m [1;30mLevel 1[0m _identify(src/rbpodo_ros2) by extensions ['cmake', 'python']
[0.195s] [34mcolcon.colcon_core.package_identification[0m [1;30mLevel 1[0m _identify(src/rbpodo_ros2) by extension 'cmake'
[0.195s] [34mcolcon.colcon_core.package_identification[0m [1;30mLevel 1[0m _identify(src/rbpodo_ros2) by extension 'python'
[0.195s] [34mcolcon.colcon_core.package_identification[0m [1;30mLevel 1[0m _identify(src/rbpodo_ros2) by extensions ['python_setup_py']
[0.195s] [34mcolcon.colcon_core.package_identification[0m [1;30mLevel 1[0m _identify(src/rbpodo_ros2) by extension 'python_setup_py'
[0.195s] [34mcolcon.colcon_core.package_identification[0m [1;30mLevel 1[0m _identify(src/rbpodo_ros2/rbpodo_bringup) by extensions ['ignore', 'ignore_ament_install']
[0.195s] [34mcolcon.colcon_core.package_identification[0m [1;30mLevel 1[0m _identify(src/rbpodo_ros2/rbpodo_bringup) by extension 'ignore'
[0.195s] [34mcolcon.colcon_core.package_identification[0m [1;30mLevel 1[0m _identify(src/rbpodo_ros2/rbpodo_bringup) by extension 'ignore_ament_install'
[0.195s] [34mcolcon.colcon_core.package_identification[0m [1;30mLevel 1[0m _identify(src/rbpodo_ros2/rbpodo_bringup) by extensions ['colcon_pkg']
[0.195s] [34mcolcon.colcon_core.package_identification[0m [1;30mLevel 1[0m _identify(src/rbpodo_ros2/rbpodo_bringup) by extension 'colcon_pkg'
[0.195s] [34mcolcon.colcon_core.package_identification[0m [1;30mLevel 1[0m _identify(src/rbpodo_ros2/rbpodo_bringup) by extensions ['colcon_meta']
[0.195s] [34mcolcon.colcon_core.package_identification[0m [1;30mLevel 1[0m _identify(src/rbpodo_ros2/rbpodo_bringup) by extension 'colcon_meta'
[0.195s] [34mcolcon.colcon_core.package_identification[0m [1;30mLevel 1[0m _identify(src/rbpodo_ros2/rbpodo_bringup) by extensions ['ros']
[0.195s] [34mcolcon.colcon_core.package_identification[0m [1;30mLevel 1[0m _identify(src/rbpodo_ros2/rbpodo_bringup) by extension 'ros'
[0.195s] [34mcolcon.colcon_core.package_identification[0m [1;30mDEBUG[0m [32mPackage 'src/rbpodo_ros2/rbpodo_bringup' with type 'ros.ament_cmake' and name 'rbpodo_bringup'[0m
[0.195s] [34mcolcon.colcon_core.package_identification[0m [1;30mLevel 1[0m _identify(src/rbpodo_ros2/rbpodo_description) by extensions ['ignore', 'ignore_ament_install']
[0.195s] [34mcolcon.colcon_core.package_identification[0m [1;30mLevel 1[0m _identify(src/rbpodo_ros2/rbpodo_description) by extension 'ignore'
[0.195s] [34mcolcon.colcon_core.package_identification[0m [1;30mLevel 1[0m _identify(src/rbpodo_ros2/rbpodo_description) by extension 'ignore_ament_install'
[0.195s] [34mcolcon.colcon_core.package_identification[0m [1;30mLevel 1[0m _identify(src/rbpodo_ros2/rbpodo_description) by extensions ['colcon_pkg']
[0.195s] [34mcolcon.colcon_core.package_identification[0m [1;30mLevel 1[0m _identify(src/rbpodo_ros2/rbpodo_description) by extension 'colcon_pkg'
[0.195s] [34mcolcon.colcon_core.package_identification[0m [1;30mLevel 1[0m _identify(src/rbpodo_ros2/rbpodo_description) by extensions ['colcon_meta']
[0.195s] [34mcolcon.colcon_core.package_identification[0m [1;30mLevel 1[0m _identify(src/rbpodo_ros2/rbpodo_description) by extension 'colcon_meta'
[0.195s] [34mcolcon.colcon_core.package_identification[0m [1;30mLevel 1[0m _identify(src/rbpodo_ros2/rbpodo_description) by extensions ['ros']
[0.195s] [34mcolcon.colcon_core.package_identification[0m [1;30mLevel 1[0m _identify(src/rbpodo_ros2/rbpodo_description) by extension 'ros'
[0.196s] [34mcolcon.colcon_core.package_identification[0m [1;30mDEBUG[0m [32mPackage 'src/rbpodo_ros2/rbpodo_description' with type 'ros.ament_cmake' and name 'rbpodo_description'[0m
[0.196s] [34mcolcon.colcon_core.package_identification[0m [1;30mLevel 1[0m _identify(src/rbpodo_ros2/rbpodo_hardware) by extensions ['ignore', 'ignore_ament_install']
[0.196s] [34mcolcon.colcon_core.package_identification[0m [1;30mLevel 1[0m _identify(src/rbpodo_ros2/rbpodo_hardware) by extension 'ignore'
[0.196s] [34mcolcon.colcon_core.package_identification[0m [1;30mLevel 1[0m _identify(src/rbpodo_ros2/rbpodo_hardware) by extension 'ignore_ament_install'
[0.196s] [34mcolcon.colcon_core.package_identification[0m [1;30mLevel 1[0m _identify(src/rbpodo_ros2/rbpodo_hardware) by extensions ['colcon_pkg']
[0.196s] [34mcolcon.colcon_core.package_identification[0m [1;30mLevel 1[0m _identify(src/rbpodo_ros2/rbpodo_hardware) by extension 'colcon_pkg'
[0.196s] [34mcolcon.colcon_core.package_identification[0m [1;30mLevel 1[0m _identify(src/rbpodo_ros2/rbpodo_hardware) by extensions ['colcon_meta']
[0.196s] [34mcolcon.colcon_core.package_identification[0m [1;30mLevel 1[0m _identify(src/rbpodo_ros2/rbpodo_hardware) by extension 'colcon_meta'
[0.196s] [34mcolcon.colcon_core.package_identification[0m [1;30mLevel 1[0m _identify(src/rbpodo_ros2/rbpodo_hardware) by extensions ['ros']
[0.196s] [34mcolcon.colcon_core.package_identification[0m [1;30mLevel 1[0m _identify(src/rbpodo_ros2/rbpodo_hardware) by extension 'ros'
[0.196s] [34mcolcon.colcon_core.package_identification[0m [1;30mDEBUG[0m [32mPackage 'src/rbpodo_ros2/rbpodo_hardware' with type 'ros.ament_cmake' and name 'rbpodo_hardware'[0m
[0.196s] [34mcolcon.colcon_core.package_identification[0m [1;30mLevel 1[0m _identify(src/rbpodo_ros2/rbpodo_moveit_config) by extensions ['ignore', 'ignore_ament_install']
[0.197s] [34mcolcon.colcon_core.package_identification[0m [1;30mLevel 1[0m _identify(src/rbpodo_ros2/rbpodo_moveit_config) by extension 'ignore'
[0.197s] [34mcolcon.colcon_core.package_identification[0m [1;30mLevel 1[0m _identify(src/rbpodo_ros2/rbpodo_moveit_config) by extension 'ignore_ament_install'
[0.197s] [34mcolcon.colcon_core.package_identification[0m [1;30mLevel 1[0m _identify(src/rbpodo_ros2/rbpodo_moveit_config) by extensions ['colcon_pkg']
[0.197s] [34mcolcon.colcon_core.package_identification[0m [1;30mLevel 1[0m _identify(src/rbpodo_ros2/rbpodo_moveit_config) by extension 'colcon_pkg'
[0.197s] [34mcolcon.colcon_core.package_identification[0m [1;30mLevel 1[0m _identify(src/rbpodo_ros2/rbpodo_moveit_config) by extensions ['colcon_meta']
[0.197s] [34mcolcon.colcon_core.package_identification[0m [1;30mLevel 1[0m _identify(src/rbpodo_ros2/rbpodo_moveit_config) by extension 'colcon_meta'
[0.197s] [34mcolcon.colcon_core.package_identification[0m [1;30mLevel 1[0m _identify(src/rbpodo_ros2/rbpodo_moveit_config) by extensions ['ros']
[0.197s] [34mcolcon.colcon_core.package_identification[0m [1;30mLevel 1[0m _identify(src/rbpodo_ros2/rbpodo_moveit_config) by extension 'ros'
[0.197s] [34mcolcon.colcon_core.package_identification[0m [1;30mLevel 1[0m _identify(src/rbpodo_ros2/rbpodo_moveit_config) by extensions ['cmake', 'python']
[0.197s] [34mcolcon.colcon_core.package_identification[0m [1;30mLevel 1[0m _identify(src/rbpodo_ros2/rbpodo_moveit_config) by extension 'cmake'
[0.197s] [34mcolcon.colcon_core.package_identification[0m [1;30mLevel 1[0m _identify(src/rbpodo_ros2/rbpodo_moveit_config) by extension 'python'
[0.197s] [34mcolcon.colcon_core.package_identification[0m [1;30mLevel 1[0m _identify(src/rbpodo_ros2/rbpodo_moveit_config) by extensions ['python_setup_py']
[0.197s] [34mcolcon.colcon_core.package_identification[0m [1;30mLevel 1[0m _identify(src/rbpodo_ros2/rbpodo_moveit_config) by extension 'python_setup_py'
[0.197s] [34mcolcon.colcon_core.package_identification[0m [1;30mLevel 1[0m _identify(src/rbpodo_ros2/rbpodo_moveit_config/rb3_730es_u_moveit_config) by extensions ['ignore', 'ignore_ament_install']
[0.197s] [34mcolcon.colcon_core.package_identification[0m [1;30mLevel 1[0m _identify(src/rbpodo_ros2/rbpodo_moveit_config/rb3_730es_u_moveit_config) by extension 'ignore'
[0.197s] [34mcolcon.colcon_core.package_identification[0m [1;30mLevel 1[0m _identify(src/rbpodo_ros2/rbpodo_moveit_config/rb3_730es_u_moveit_config) by extension 'ignore_ament_install'
[0.197s] [34mcolcon.colcon_core.package_identification[0m [1;30mLevel 1[0m _identify(src/rbpodo_ros2/rbpodo_moveit_config/rb3_730es_u_moveit_config) by extensions ['colcon_pkg']
[0.197s] [34mcolcon.colcon_core.package_identification[0m [1;30mLevel 1[0m _identify(src/rbpodo_ros2/rbpodo_moveit_config/rb3_730es_u_moveit_config) by extension 'colcon_pkg'
[0.197s] [34mcolcon.colcon_core.package_identification[0m [1;30mLevel 1[0m _identify(src/rbpodo_ros2/rbpodo_moveit_config/rb3_730es_u_moveit_config) by extensions ['colcon_meta']
[0.197s] [34mcolcon.colcon_core.package_identification[0m [1;30mLevel 1[0m _identify(src/rbpodo_ros2/rbpodo_moveit_config/rb3_730es_u_moveit_config) by extension 'colcon_meta'
[0.197s] [34mcolcon.colcon_core.package_identification[0m [1;30mLevel 1[0m _identify(src/rbpodo_ros2/rbpodo_moveit_config/rb3_730es_u_moveit_config) by extensions ['ros']
[0.197s] [34mcolcon.colcon_core.package_identification[0m [1;30mLevel 1[0m _identify(src/rbpodo_ros2/rbpodo_moveit_config/rb3_730es_u_moveit_config) by extension 'ros'
[0.197s] [34mcolcon.colcon_core.package_identification[0m [1;30mDEBUG[0m [32mPackage 'src/rbpodo_ros2/rbpodo_moveit_config/rb3_730es_u_moveit_config' with type 'ros.ament_cmake' and name 'rb3_730es_u_moveit_config'[0m
[0.197s] [34mcolcon.colcon_core.package_identification[0m [1;30mLevel 1[0m _identify(src/rbpodo_ros2/rbpodo_msgs) by extensions ['ignore', 'ignore_ament_install']
[0.197s] [34mcolcon.colcon_core.package_identification[0m [1;30mLevel 1[0m _identify(src/rbpodo_ros2/rbpodo_msgs) by extension 'ignore'
[0.197s] [34mcolcon.colcon_core.package_identification[0m [1;30mLevel 1[0m _identify(src/rbpodo_ros2/rbpodo_msgs) by extension 'ignore_ament_install'
[0.198s] [34mcolcon.colcon_core.package_identification[0m [1;30mLevel 1[0m _identify(src/rbpodo_ros2/rbpodo_msgs) by extensions ['colcon_pkg']
[0.198s] [34mcolcon.colcon_core.package_identification[0m [1;30mLevel 1[0m _identify(src/rbpodo_ros2/rbpodo_msgs) by extension 'colcon_pkg'
[0.198s] [34mcolcon.colcon_core.package_identification[0m [1;30mLevel 1[0m _identify(src/rbpodo_ros2/rbpodo_msgs) by extensions ['colcon_meta']
[0.198s] [34mcolcon.colcon_core.package_identification[0m [1;30mLevel 1[0m _identify(src/rbpodo_ros2/rbpodo_msgs) by extension 'colcon_meta'
[0.198s] [34mcolcon.colcon_core.package_identification[0m [1;30mLevel 1[0m _identify(src/rbpodo_ros2/rbpodo_msgs) by extensions ['ros']
[0.198s] [34mcolcon.colcon_core.package_identification[0m [1;30mLevel 1[0m _identify(src/rbpodo_ros2/rbpodo_msgs) by extension 'ros'
[0.198s] [34mcolcon.colcon_core.package_identification[0m [1;30mDEBUG[0m [32mPackage 'src/rbpodo_ros2/rbpodo_msgs' with type 'ros.ament_cmake' and name 'rbpodo_msgs'[0m
[0.198s] [34mcolcon.colcon_core.package_discovery[0m [1;30mLevel 1[0m discover_packages(recursive) using defaults
[0.198s] [34mcolcon.colcon_core.package_discovery[0m [1;30mLevel 1[0m discover_packages(ignore) discover
[0.198s] [34mcolcon.colcon_core.package_discovery[0m [1;30mLevel 1[0m discover_packages(ignore) using defaults
[0.198s] [34mcolcon.colcon_core.package_discovery[0m [1;30mLevel 1[0m discover_packages(path) discover
[0.198s] [34mcolcon.colcon_core.package_discovery[0m [1;30mLevel 1[0m discover_packages(path) using defaults
[0.207s] [34mcolcon.colcon_core.package_discovery[0m [1;30mLevel 1[0m discover_packages(prefix_path) check parameters
[0.207s] [34mcolcon.colcon_core.package_discovery[0m [1;30mLevel 1[0m discover_packages(prefix_path) discover
[0.208s] [34mcolcon.colcon_installed_package_information.package_discovery[0m [1;30mDEBUG[0m [32mFound 258 installed packages in /opt/ros/humble[0m
[0.209s] [34mcolcon.colcon_core.package_discovery[0m [1;30mLevel 1[0m discover_packages(prefix_path) using defaults
[0.222s] [34mcolcon.colcon_core.verb[0m [1;30mLevel 5[0m set package 'rbpodo_description' build argument 'cmake_args' from command line to '['-DCMAKE_BUILD_TYPE=Release']'
[0.222s] [34mcolcon.colcon_core.verb[0m [1;30mLevel 5[0m set package 'rbpodo_description' build argument 'cmake_target' from command line to 'None'
[0.222s] [34mcolcon.colcon_core.verb[0m [1;30mLevel 5[0m set package 'rbpodo_description' build argument 'cmake_target_skip_unavailable' from command line to 'False'
[0.222s] [34mcolcon.colcon_core.verb[0m [1;30mLevel 5[0m set package 'rbpodo_description' build argument 'cmake_clean_cache' from command line to 'False'
[0.222s] [34mcolcon.colcon_core.verb[0m [1;30mLevel 5[0m set package 'rbpodo_description' build argument 'cmake_clean_first' from command line to 'False'
[0.222s] [34mcolcon.colcon_core.verb[0m [1;30mLevel 5[0m set package 'rbpodo_description' build argument 'cmake_force_configure' from command line to 'False'
[0.222s] [34mcolcon.colcon_core.verb[0m [1;30mLevel 5[0m set package 'rbpodo_description' build argument 'ament_cmake_args' from command line to 'None'
[0.222s] [34mcolcon.colcon_core.verb[0m [1;30mLevel 5[0m set package 'rbpodo_description' build argument 'catkin_cmake_args' from command line to 'None'
[0.222s] [34mcolcon.colcon_core.verb[0m [1;30mLevel 5[0m set package 'rbpodo_description' build argument 'catkin_skip_building_tests' from command line to 'False'
[0.222s] [34mcolcon.colcon_core.verb[0m [1;30mDEBUG[0m [32mBuilding package 'rbpodo_description' with the following arguments: {'ament_cmake_args': None, 'build_base': '/home/thornch/rbpodo_ros2_ws/build/rbpodo_description', 'catkin_cmake_args': None, 'catkin_skip_building_tests': False, 'cmake_args': ['-DCMAKE_BUILD_TYPE=Release'], 'cmake_clean_cache': False, 'cmake_clean_first': False, 'cmake_force_configure': False, 'cmake_target': None, 'cmake_target_skip_unavailable': False, 'install_base': '/home/thornch/rbpodo_ros2_ws/install/rbpodo_description', 'merge_install': False, 'path': '/home/thornch/rbpodo_ros2_ws/src/rbpodo_ros2/rbpodo_description', 'symlink_install': False, 'test_result_base': None}[0m
[0.222s] [34mcolcon.colcon_core.verb[0m [1;30mLevel 5[0m set package 'rbpodo_msgs' build argument 'cmake_args' from command line to '['-DCMAKE_BUILD_TYPE=Release']'
[0.222s] [34mcolcon.colcon_core.verb[0m [1;30mLevel 5[0m set package 'rbpodo_msgs' build argument 'cmake_target' from command line to 'None'
[0.222s] [34mcolcon.colcon_core.verb[0m [1;30mLevel 5[0m set package 'rbpodo_msgs' build argument 'cmake_target_skip_unavailable' from command line to 'False'
[0.222s] [34mcolcon.colcon_core.verb[0m [1;30mLevel 5[0m set package 'rbpodo_msgs' build argument 'cmake_clean_cache' from command line to 'False'
[0.222s] [34mcolcon.colcon_core.verb[0m [1;30mLevel 5[0m set package 'rbpodo_msgs' build argument 'cmake_clean_first' from command line to 'False'
[0.222s] [34mcolcon.colcon_core.verb[0m [1;30mLevel 5[0m set package 'rbpodo_msgs' build argument 'cmake_force_configure' from command line to 'False'
[0.222s] [34mcolcon.colcon_core.verb[0m [1;30mLevel 5[0m set package 'rbpodo_msgs' build argument 'ament_cmake_args' from command line to 'None'
[0.222s] [34mcolcon.colcon_core.verb[0m [1;30mLevel 5[0m set package 'rbpodo_msgs' build argument 'catkin_cmake_args' from command line to 'None'
[0.222s] [34mcolcon.colcon_core.verb[0m [1;30mLevel 5[0m set package 'rbpodo_msgs' build argument 'catkin_skip_building_tests' from command line to 'False'
[0.222s] [34mcolcon.colcon_core.verb[0m [1;30mDEBUG[0m [32mBuilding package 'rbpodo_msgs' with the following arguments: {'ament_cmake_args': None, 'build_base': '/home/thornch/rbpodo_ros2_ws/build/rbpodo_msgs', 'catkin_cmake_args': None, 'catkin_skip_building_tests': False, 'cmake_args': ['-DCMAKE_BUILD_TYPE=Release'], 'cmake_clean_cache': False, 'cmake_clean_first': False, 'cmake_force_configure': False, 'cmake_target': None, 'cmake_target_skip_unavailable': False, 'install_base': '/home/thornch/rbpodo_ros2_ws/install/rbpodo_msgs', 'merge_install': False, 'path': '/home/thornch/rbpodo_ros2_ws/src/rbpodo_ros2/rbpodo_msgs', 'symlink_install': False, 'test_result_base': None}[0m
[0.223s] [34mcolcon.colcon_core.verb[0m [1;30mLevel 5[0m set package 'rb3_730es_u_moveit_config' build argument 'cmake_args' from command line to '['-DCMAKE_BUILD_TYPE=Release']'
[0.223s] [34mcolcon.colcon_core.verb[0m [1;30mLevel 5[0m set package 'rb3_730es_u_moveit_config' build argument 'cmake_target' from command line to 'None'
[0.223s] [34mcolcon.colcon_core.verb[0m [1;30mLevel 5[0m set package 'rb3_730es_u_moveit_config' build argument 'cmake_target_skip_unavailable' from command line to 'False'
[0.223s] [34mcolcon.colcon_core.verb[0m [1;30mLevel 5[0m set package 'rb3_730es_u_moveit_config' build argument 'cmake_clean_cache' from command line to 'False'
[0.223s] [34mcolcon.colcon_core.verb[0m [1;30mLevel 5[0m set package 'rb3_730es_u_moveit_config' build argument 'cmake_clean_first' from command line to 'False'
[0.223s] [34mcolcon.colcon_core.verb[0m [1;30mLevel 5[0m set package 'rb3_730es_u_moveit_config' build argument 'cmake_force_configure' from command line to 'False'
[0.223s] [34mcolcon.colcon_core.verb[0m [1;30mLevel 5[0m set package 'rb3_730es_u_moveit_config' build argument 'ament_cmake_args' from command line to 'None'
[0.223s] [34mcolcon.colcon_core.verb[0m [1;30mLevel 5[0m set package 'rb3_730es_u_moveit_config' build argument 'catkin_cmake_args' from command line to 'None'
[0.223s] [34mcolcon.colcon_core.verb[0m [1;30mLevel 5[0m set package 'rb3_730es_u_moveit_config' build argument 'catkin_skip_building_tests' from command line to 'False'
[0.223s] [34mcolcon.colcon_core.verb[0m [1;30mDEBUG[0m [32mBuilding package 'rb3_730es_u_moveit_config' with the following arguments: {'ament_cmake_args': None, 'build_base': '/home/thornch/rbpodo_ros2_ws/build/rb3_730es_u_moveit_config', 'catkin_cmake_args': None, 'catkin_skip_building_tests': False, 'cmake_args': ['-DCMAKE_BUILD_TYPE=Release'], 'cmake_clean_cache': False, 'cmake_clean_first': False, 'cmake_force_configure': False, 'cmake_target': None, 'cmake_target_skip_unavailable': False, 'install_base': '/home/thornch/rbpodo_ros2_ws/install/rb3_730es_u_moveit_config', 'merge_install': False, 'path': '/home/thornch/rbpodo_ros2_ws/src/rbpodo_ros2/rbpodo_moveit_config/rb3_730es_u_moveit_config', 'symlink_install': False, 'test_result_base': None}[0m
[0.223s] [34mcolcon.colcon_core.verb[0m [1;30mLevel 5[0m set package 'rbpodo_controller' build argument 'cmake_args' from command line to '['-DCMAKE_BUILD_TYPE=Release']'
[0.223s] [34mcolcon.colcon_core.verb[0m [1;30mLevel 5[0m set package 'rbpodo_controller' build argument 'cmake_target' from command line to 'None'
[0.223s] [34mcolcon.colcon_core.verb[0m [1;30mLevel 5[0m set package 'rbpodo_controller' build argument 'cmake_target_skip_unavailable' from command line to 'False'
[0.223s] [34mcolcon.colcon_core.verb[0m [1;30mLevel 5[0m set package 'rbpodo_controller' build argument 'cmake_clean_cache' from command line to 'False'
[0.223s] [34mcolcon.colcon_core.verb[0m [1;30mLevel 5[0m set package 'rbpodo_controller' build argument 'cmake_clean_first' from command line to 'False'
[0.223s] [34mcolcon.colcon_core.verb[0m [1;30mLevel 5[0m set package 'rbpodo_controller' build argument 'cmake_force_configure' from command line to 'False'
[0.223s] [34mcolcon.colcon_core.verb[0m [1;30mLevel 5[0m set package 'rbpodo_controller' build argument 'ament_cmake_args' from command line to 'None'
[0.223s] [34mcolcon.colcon_core.verb[0m [1;30mLevel 5[0m set package 'rbpodo_controller' build argument 'catkin_cmake_args' from command line to 'None'
[0.223s] [34mcolcon.colcon_core.verb[0m [1;30mLevel 5[0m set package 'rbpodo_controller' build argument 'catkin_skip_building_tests' from command line to 'False'
[0.223s] [34mcolcon.colcon_core.verb[0m [1;30mDEBUG[0m [32mBuilding package 'rbpodo_controller' with the following arguments: {'ament_cmake_args': None, 'build_base': '/home/thornch/rbpodo_ros2_ws/build/rbpodo_controller', 'catkin_cmake_args': None, 'catkin_skip_building_tests': False, 'cmake_args': ['-DCMAKE_BUILD_TYPE=Release'], 'cmake_clean_cache': False, 'cmake_clean_first': False, 'cmake_force_configure': False, 'cmake_target': None, 'cmake_target_skip_unavailable': False, 'install_base': '/home/thornch/rbpodo_ros2_ws/install/rbpodo_controller', 'merge_install': False, 'path': '/home/thornch/rbpodo_ros2_ws/src/rbpodo_controller', 'symlink_install': False, 'test_result_base': None}[0m
[0.223s] [34mcolcon.colcon_core.verb[0m [1;30mLevel 5[0m set package 'rbpodo_hardware' build argument 'cmake_args' from command line to '['-DCMAKE_BUILD_TYPE=Release']'
[0.223s] [34mcolcon.colcon_core.verb[0m [1;30mLevel 5[0m set package 'rbpodo_hardware' build argument 'cmake_target' from command line to 'None'
[0.223s] [34mcolcon.colcon_core.verb[0m [1;30mLevel 5[0m set package 'rbpodo_hardware' build argument 'cmake_target_skip_unavailable' from command line to 'False'
[0.223s] [34mcolcon.colcon_core.verb[0m [1;30mLevel 5[0m set package 'rbpodo_hardware' build argument 'cmake_clean_cache' from command line to 'False'
[0.223s] [34mcolcon.colcon_core.verb[0m [1;30mLevel 5[0m set package 'rbpodo_hardware' build argument 'cmake_clean_first' from command line to 'False'
[0.223s] [34mcolcon.colcon_core.verb[0m [1;30mLevel 5[0m set package 'rbpodo_hardware' build argument 'cmake_force_configure' from command line to 'False'
[0.223s] [34mcolcon.colcon_core.verb[0m [1;30mLevel 5[0m set package 'rbpodo_hardware' build argument 'ament_cmake_args' from command line to 'None'
[0.223s] [34mcolcon.colcon_core.verb[0m [1;30mLevel 5[0m set package 'rbpodo_hardware' build argument 'catkin_cmake_args' from command line to 'None'
[0.223s] [34mcolcon.colcon_core.verb[0m [1;30mLevel 5[0m set package 'rbpodo_hardware' build argument 'catkin_skip_building_tests' from command line to 'False'
[0.223s] [34mcolcon.colcon_core.verb[0m [1;30mDEBUG[0m [32mBuilding package 'rbpodo_hardware' with the following arguments: {'ament_cmake_args': None, 'build_base': '/home/thornch/rbpodo_ros2_ws/build/rbpodo_hardware', 'catkin_cmake_args': None, 'catkin_skip_building_tests': False, 'cmake_args': ['-DCMAKE_BUILD_TYPE=Release'], 'cmake_clean_cache': False, 'cmake_clean_first': False, 'cmake_force_configure': False, 'cmake_target': None, 'cmake_target_skip_unavailable': False, 'install_base': '/home/thornch/rbpodo_ros2_ws/install/rbpodo_hardware', 'merge_install': False, 'path': '/home/thornch/rbpodo_ros2_ws/src/rbpodo_ros2/rbpodo_hardware', 'symlink_install': False, 'test_result_base': None}[0m
[0.223s] [34mcolcon.colcon_core.verb[0m [1;30mLevel 5[0m set package 'rbpodo_bringup' build argument 'cmake_args' from command line to '['-DCMAKE_BUILD_TYPE=Release']'
[0.223s] [34mcolcon.colcon_core.verb[0m [1;30mLevel 5[0m set package 'rbpodo_bringup' build argument 'cmake_target' from command line to 'None'
[0.223s] [34mcolcon.colcon_core.verb[0m [1;30mLevel 5[0m set package 'rbpodo_bringup' build argument 'cmake_target_skip_unavailable' from command line to 'False'
[0.223s] [34mcolcon.colcon_core.verb[0m [1;30mLevel 5[0m set package 'rbpodo_bringup' build argument 'cmake_clean_cache' from command line to 'False'
[0.223s] [34mcolcon.colcon_core.verb[0m [1;30mLevel 5[0m set package 'rbpodo_bringup' build argument 'cmake_clean_first' from command line to 'False'
[0.223s] [34mcolcon.colcon_core.verb[0m [1;30mLevel 5[0m set package 'rbpodo_bringup' build argument 'cmake_force_configure' from command line to 'False'
[0.223s] [34mcolcon.colcon_core.verb[0m [1;30mLevel 5[0m set package 'rbpodo_bringup' build argument 'ament_cmake_args' from command line to 'None'
[0.224s] [34mcolcon.colcon_core.verb[0m [1;30mLevel 5[0m set package 'rbpodo_bringup' build argument 'catkin_cmake_args' from command line to 'None'
[0.224s] [34mcolcon.colcon_core.verb[0m [1;30mLevel 5[0m set package 'rbpodo_bringup' build argument 'catkin_skip_building_tests' from command line to 'False'
[0.224s] [34mcolcon.colcon_core.verb[0m [1;30mDEBUG[0m [32mBuilding package 'rbpodo_bringup' with the following arguments: {'ament_cmake_args': None, 'build_base': '/home/thornch/rbpodo_ros2_ws/build/rbpodo_bringup', 'catkin_cmake_args': None, 'catkin_skip_building_tests': False, 'cmake_args': ['-DCMAKE_BUILD_TYPE=Release'], 'cmake_clean_cache': False, 'cmake_clean_first': False, 'cmake_force_configure': False, 'cmake_target': None, 'cmake_target_skip_unavailable': False, 'install_base': '/home/thornch/rbpodo_ros2_ws/install/rbpodo_bringup', 'merge_install': False, 'path': '/home/thornch/rbpodo_ros2_ws/src/rbpodo_ros2/rbpodo_bringup', 'symlink_install': False, 'test_result_base': None}[0m
[0.224s] [34mcolcon.colcon_core.executor[0m [1;30mINFO[0m Executing jobs using 'parallel' executor
[0.224s] [34mcolcon.colcon_parallel_executor.executor.parallel[0m [1;30mDEBUG[0m [32mrun_until_complete[0m
[0.225s] [34mcolcon.colcon_ros.task.ament_cmake.build[0m [1;30mINFO[0m Building ROS package in '/home/thornch/rbpodo_ros2_ws/src/rbpodo_ros2/rbpodo_msgs' with build type 'ament_cmake'
[0.225s] [34mcolcon.colcon_cmake.task.cmake.build[0m [1;30mINFO[0m Building CMake package in '/home/thornch/rbpodo_ros2_ws/src/rbpodo_ros2/rbpodo_msgs'
[0.226s] [34mcolcon.colcon_core.plugin_system[0m [1;30mINFO[0m Skipping extension 'colcon_core.shell.bat': Not used on non-Windows systems
[0.226s] [34mcolcon.colcon_core.shell[0m [1;30mINFO[0m Skip shell extension 'powershell' for command environment: Not usable outside of PowerShell
[0.226s] [34mcolcon.colcon_core.shell[0m [1;30mDEBUG[0m [32mSkip shell extension 'dsv' for command environment[0m
[0.227s] [34mcolcon.colcon_ros.task.ament_cmake.build[0m [1;30mINFO[0m Building ROS package in '/home/thornch/rbpodo_ros2_ws/src/rbpodo_ros2/rbpodo_description' with build type 'ament_cmake'
[0.227s] [34mcolcon.colcon_cmake.task.cmake.build[0m [1;30mINFO[0m Building CMake package in '/home/thornch/rbpodo_ros2_ws/src/rbpodo_ros2/rbpodo_description'
[0.227s] [34mcolcon.colcon_core.shell[0m [1;30mINFO[0m Skip shell extension 'powershell' for command environment: Not usable outside of PowerShell
[0.228s] [34mcolcon.colcon_core.shell[0m [1;30mDEBUG[0m [32mSkip shell extension 'dsv' for command environment[0m
[0.231s] [34mcolcon.colcon_core.event_handler.log_command[0m [1;30mDEBUG[0m [32mInvoking command in '/home/thornch/rbpodo_ros2_ws/build/rbpodo_msgs': CMAKE_PREFIX_PATH=/opt/ros/humble /usr/bin/cmake --build /home/thornch/rbpodo_ros2_ws/build/rbpodo_msgs -- -j24 -l24[0m
[0.233s] [34mcolcon.colcon_core.event_handler.log_command[0m [1;30mDEBUG[0m [32mInvoking command in '/home/thornch/rbpodo_ros2_ws/build/rbpodo_description': CMAKE_PREFIX_PATH=/opt/ros/humble /usr/bin/cmake --build /home/thornch/rbpodo_ros2_ws/build/rbpodo_description -- -j24 -l24[0m
[0.245s] [34mcolcon.colcon_core.event_handler.log_command[0m [1;30mDEBUG[0m [32mInvoked command in '/home/thornch/rbpodo_ros2_ws/build/rbpodo_description' returned '0': CMAKE_PREFIX_PATH=/opt/ros/humble /usr/bin/cmake --build /home/thornch/rbpodo_ros2_ws/build/rbpodo_description -- -j24 -l24[0m
[0.248s] [34mcolcon.colcon_core.event_handler.log_command[0m [1;30mDEBUG[0m [32mInvoking command in '/home/thornch/rbpodo_ros2_ws/build/rbpodo_description': CMAKE_PREFIX_PATH=/opt/ros/humble /usr/bin/cmake --install /home/thornch/rbpodo_ros2_ws/build/rbpodo_description[0m
[0.254s] [34mcolcon.colcon_core.environment[0m [1;30mLevel 1[0m create_environment_scripts_only(rbpodo_description)
[0.259s] [34mcolcon.colcon_core.event_handler.log_command[0m [1;30mDEBUG[0m [32mInvoked command in '/home/thornch/rbpodo_ros2_ws/build/rbpodo_description' returned '0': CMAKE_PREFIX_PATH=/opt/ros/humble /usr/bin/cmake --install /home/thornch/rbpodo_ros2_ws/build/rbpodo_description[0m
[0.259s] [34mcolcon.colcon_core.environment[0m [1;30mLevel 1[0m checking '/home/thornch/rbpodo_ros2_ws/install/rbpodo_description' for CMake module files
[0.260s] [34mcolcon.colcon_core.environment[0m [1;30mLevel 1[0m checking '/home/thornch/rbpodo_ros2_ws/install/rbpodo_description' for CMake config files
[0.260s] [34mcolcon.colcon_core.shell[0m [1;30mLevel 1[0m create_environment_hook('rbpodo_description', 'cmake_prefix_path')
[0.260s] [34mcolcon.colcon_core.shell[0m [1;30mINFO[0m Creating environment hook '/home/thornch/rbpodo_ros2_ws/install/rbpodo_description/share/rbpodo_description/hook/cmake_prefix_path.ps1'
[0.260s] [34mcolcon.colcon_core.shell[0m [1;30mINFO[0m Creating environment descriptor '/home/thornch/rbpodo_ros2_ws/install/rbpodo_description/share/rbpodo_description/hook/cmake_prefix_path.dsv'
[0.261s] [34mcolcon.colcon_core.shell[0m [1;30mINFO[0m Creating environment hook '/home/thornch/rbpodo_ros2_ws/install/rbpodo_description/share/rbpodo_description/hook/cmake_prefix_path.sh'
[0.261s] [34mcolcon.colcon_core.environment[0m [1;30mLevel 1[0m checking '/home/thornch/rbpodo_ros2_ws/install/rbpodo_description/bin'
[0.261s] [34mcolcon.colcon_core.environment[0m [1;30mLevel 1[0m checking '/home/thornch/rbpodo_ros2_ws/install/rbpodo_description/lib/pkgconfig/rbpodo_description.pc'
[0.261s] [34mcolcon.colcon_core.environment[0m [1;30mLevel 1[0m checking '/home/thornch/rbpodo_ros2_ws/install/rbpodo_description/lib/python3.10/site-packages'
[0.261s] [34mcolcon.colcon_core.environment[0m [1;30mLevel 1[0m checking '/home/thornch/rbpodo_ros2_ws/install/rbpodo_description/bin'
[0.262s] [34mcolcon.colcon_core.shell[0m [1;30mINFO[0m Creating package script '/home/thornch/rbpodo_ros2_ws/install/rbpodo_description/share/rbpodo_description/package.ps1'
[0.262s] [34mcolcon.colcon_core.shell[0m [1;30mINFO[0m Creating package descriptor '/home/thornch/rbpodo_ros2_ws/install/rbpodo_description/share/rbpodo_description/package.dsv'
[0.262s] [34mcolcon.colcon_core.shell[0m [1;30mINFO[0m Creating package script '/home/thornch/rbpodo_ros2_ws/install/rbpodo_description/share/rbpodo_description/package.sh'
[0.263s] [34mcolcon.colcon_core.shell[0m [1;30mINFO[0m Creating package script '/home/thornch/rbpodo_ros2_ws/install/rbpodo_description/share/rbpodo_description/package.bash'
[0.263s] [34mcolcon.colcon_core.shell[0m [1;30mINFO[0m Creating package script '/home/thornch/rbpodo_ros2_ws/install/rbpodo_description/share/rbpodo_description/package.zsh'
[0.264s] [34mcolcon.colcon_core.environment[0m [1;30mLevel 1[0m create_file_with_runtime_dependencies(/home/thornch/rbpodo_ros2_ws/install/rbpodo_description/share/colcon-core/packages/rbpodo_description)
[0.264s] [34mcolcon.colcon_core.environment[0m [1;30mLevel 1[0m create_environment_scripts_only(rbpodo_description)
[0.264s] [34mcolcon.colcon_core.environment[0m [1;30mLevel 1[0m checking '/home/thornch/rbpodo_ros2_ws/install/rbpodo_description' for CMake module files
[0.264s] [34mcolcon.colcon_core.environment[0m [1;30mLevel 1[0m checking '/home/thornch/rbpodo_ros2_ws/install/rbpodo_description' for CMake config files
[0.265s] [34mcolcon.colcon_core.shell[0m [1;30mLevel 1[0m create_environment_hook('rbpodo_description', 'cmake_prefix_path')
[0.265s] [34mcolcon.colcon_core.shell[0m [1;30mINFO[0m Creating environment hook '/home/thornch/rbpodo_ros2_ws/install/rbpodo_description/share/rbpodo_description/hook/cmake_prefix_path.ps1'
[0.265s] [34mcolcon.colcon_core.shell[0m [1;30mINFO[0m Creating environment descriptor '/home/thornch/rbpodo_ros2_ws/install/rbpodo_description/share/rbpodo_description/hook/cmake_prefix_path.dsv'
[0.266s] [34mcolcon.colcon_core.shell[0m [1;30mINFO[0m Creating environment hook '/home/thornch/rbpodo_ros2_ws/install/rbpodo_description/share/rbpodo_description/hook/cmake_prefix_path.sh'
[0.268s] [34mcolcon.colcon_core.environment[0m [1;30mLevel 1[0m checking '/home/thornch/rbpodo_ros2_ws/install/rbpodo_description/bin'
[0.269s] [34mcolcon.colcon_core.environment[0m [1;30mLevel 1[0m checking '/home/thornch/rbpodo_ros2_ws/install/rbpodo_description/lib/pkgconfig/rbpodo_description.pc'
[0.269s] [34mcolcon.colcon_core.environment[0m [1;30mLevel 1[0m checking '/home/thornch/rbpodo_ros2_ws/install/rbpodo_description/lib/python3.10/site-packages'
[0.270s] [34mcolcon.colcon_core.environment[0m [1;30mLevel 1[0m checking '/home/thornch/rbpodo_ros2_ws/install/rbpodo_description/bin'
[0.271s] [34mcolcon.colcon_core.shell[0m [1;30mINFO[0m Creating package script '/home/thornch/rbpodo_ros2_ws/install/rbpodo_description/share/rbpodo_description/package.ps1'
[0.273s] [34mcolcon.colcon_core.shell[0m [1;30mINFO[0m Creating package descriptor '/home/thornch/rbpodo_ros2_ws/install/rbpodo_description/share/rbpodo_description/package.dsv'
[0.275s] [34mcolcon.colcon_core.shell[0m [1;30mINFO[0m Creating package script '/home/thornch/rbpodo_ros2_ws/install/rbpodo_description/share/rbpodo_description/package.sh'
[0.277s] [34mcolcon.colcon_core.shell[0m [1;30mINFO[0m Creating package script '/home/thornch/rbpodo_ros2_ws/install/rbpodo_description/share/rbpodo_description/package.bash'
[0.278s] [34mcolcon.colcon_core.shell[0m [1;30mINFO[0m Creating package script '/home/thornch/rbpodo_ros2_ws/install/rbpodo_description/share/rbpodo_description/package.zsh'
[0.280s] [34mcolcon.colcon_core.environment[0m [1;30mLevel 1[0m create_file_with_runtime_dependencies(/home/thornch/rbpodo_ros2_ws/install/rbpodo_description/share/colcon-core/packages/rbpodo_description)
[0.281s] [34mcolcon.colcon_ros.task.ament_cmake.build[0m [1;30mINFO[0m Building ROS package in '/home/thornch/rbpodo_ros2_ws/src/rbpodo_ros2/rbpodo_moveit_config/rb3_730es_u_moveit_config' with build type 'ament_cmake'
[0.281s] [34mcolcon.colcon_cmake.task.cmake.build[0m [1;30mINFO[0m Building CMake package in '/home/thornch/rbpodo_ros2_ws/src/rbpodo_ros2/rbpodo_moveit_config/rb3_730es_u_moveit_config'
[0.282s] [34mcolcon.colcon_core.shell[0m [1;30mINFO[0m Skip shell extension 'powershell' for command environment: Not usable outside of PowerShell
[0.283s] [34mcolcon.colcon_core.shell[0m [1;30mDEBUG[0m [32mSkip shell extension 'dsv' for command environment[0m
[0.296s] [34mcolcon.colcon_core.event_handler.log_command[0m [1;30mDEBUG[0m [32mInvoking command in '/home/thornch/rbpodo_ros2_ws/build/rb3_730es_u_moveit_config': AMENT_PREFIX_PATH=/home/thornch/rbpodo_ros2_ws/install/rbpodo_description:${AMENT_PREFIX_PATH} CMAKE_PREFIX_PATH=/home/thornch/rbpodo_ros2_ws/install/rbpodo_description:/opt/ros/humble /usr/bin/cmake --build /home/thornch/rbpodo_ros2_ws/build/rb3_730es_u_moveit_config -- -j24 -l24[0m
[0.309s] [34mcolcon.colcon_core.event_handler.log_command[0m [1;30mDEBUG[0m [32mInvoked command in '/home/thornch/rbpodo_ros2_ws/build/rb3_730es_u_moveit_config' returned '0': AMENT_PREFIX_PATH=/home/thornch/rbpodo_ros2_ws/install/rbpodo_description:${AMENT_PREFIX_PATH} CMAKE_PREFIX_PATH=/home/thornch/rbpodo_ros2_ws/install/rbpodo_description:/opt/ros/humble /usr/bin/cmake --build /home/thornch/rbpodo_ros2_ws/build/rb3_730es_u_moveit_config -- -j24 -l24[0m
[0.310s] [34mcolcon.colcon_core.event_handler.log_command[0m [1;30mDEBUG[0m [32mInvoking command in '/home/thornch/rbpodo_ros2_ws/build/rb3_730es_u_moveit_config': AMENT_PREFIX_PATH=/home/thornch/rbpodo_ros2_ws/install/rbpodo_description:${AMENT_PREFIX_PATH} CMAKE_PREFIX_PATH=/home/thornch/rbpodo_ros2_ws/install/rbpodo_description:/opt/ros/humble /usr/bin/cmake --install /home/thornch/rbpodo_ros2_ws/build/rb3_730es_u_moveit_config[0m
[0.314s] [34mcolcon.colcon_core.environment[0m [1;30mLevel 1[0m create_environment_scripts_only(rb3_730es_u_moveit_config)
[0.314s] [34mcolcon.colcon_core.environment[0m [1;30mLevel 1[0m checking '/home/thornch/rbpodo_ros2_ws/install/rb3_730es_u_moveit_config' for CMake module files
[0.315s] [34mcolcon.colcon_core.event_handler.log_command[0m [1;30mDEBUG[0m [32mInvoked command in '/home/thornch/rbpodo_ros2_ws/build/rb3_730es_u_moveit_config' returned '0': AMENT_PREFIX_PATH=/home/thornch/rbpodo_ros2_ws/install/rbpodo_description:${AMENT_PREFIX_PATH} CMAKE_PREFIX_PATH=/home/thornch/rbpodo_ros2_ws/install/rbpodo_description:/opt/ros/humble /usr/bin/cmake --install /home/thornch/rbpodo_ros2_ws/build/rb3_730es_u_moveit_config[0m
[0.315s] [34mcolcon.colcon_core.environment[0m [1;30mLevel 1[0m checking '/home/thornch/rbpodo_ros2_ws/install/rb3_730es_u_moveit_config' for CMake config files
[0.315s] [34mcolcon.colcon_core.shell[0m [1;30mLevel 1[0m create_environment_hook('rb3_730es_u_moveit_config', 'cmake_prefix_path')
[0.315s] [34mcolcon.colcon_core.shell[0m [1;30mINFO[0m Creating environment hook '/home/thornch/rbpodo_ros2_ws/install/rb3_730es_u_moveit_config/share/rb3_730es_u_moveit_config/hook/cmake_prefix_path.ps1'
[0.315s] [34mcolcon.colcon_core.shell[0m [1;30mINFO[0m Creating environment descriptor '/home/thornch/rbpodo_ros2_ws/install/rb3_730es_u_moveit_config/share/rb3_730es_u_moveit_config/hook/cmake_prefix_path.dsv'
[0.316s] [34mcolcon.colcon_core.shell[0m [1;30mINFO[0m Creating environment hook '/home/thornch/rbpodo_ros2_ws/install/rb3_730es_u_moveit_config/share/rb3_730es_u_moveit_config/hook/cmake_prefix_path.sh'
[0.316s] [34mcolcon.colcon_core.environment[0m [1;30mLevel 1[0m checking '/home/thornch/rbpodo_ros2_ws/install/rb3_730es_u_moveit_config/bin'
[0.316s] [34mcolcon.colcon_core.environment[0m [1;30mLevel 1[0m checking '/home/thornch/rbpodo_ros2_ws/install/rb3_730es_u_moveit_config/lib/pkgconfig/rb3_730es_u_moveit_config.pc'
[0.316s] [34mcolcon.colcon_core.environment[0m [1;30mLevel 1[0m checking '/home/thornch/rbpodo_ros2_ws/install/rb3_730es_u_moveit_config/lib/python3.10/site-packages'
[0.316s] [34mcolcon.colcon_core.environment[0m [1;30mLevel 1[0m checking '/home/thornch/rbpodo_ros2_ws/install/rb3_730es_u_moveit_config/bin'
[0.316s] [34mcolcon.colcon_core.shell[0m [1;30mINFO[0m Creating package script '/home/thornch/rbpodo_ros2_ws/install/rb3_730es_u_moveit_config/share/rb3_730es_u_moveit_config/package.ps1'
[0.317s] [34mcolcon.colcon_core.shell[0m [1;30mINFO[0m Creating package descriptor '/home/thornch/rbpodo_ros2_ws/install/rb3_730es_u_moveit_config/share/rb3_730es_u_moveit_config/package.dsv'
[0.317s] [34mcolcon.colcon_core.shell[0m [1;30mINFO[0m Creating package script '/home/thornch/rbpodo_ros2_ws/install/rb3_730es_u_moveit_config/share/rb3_730es_u_moveit_config/package.sh'
[0.317s] [34mcolcon.colcon_core.shell[0m [1;30mINFO[0m Creating package script '/home/thornch/rbpodo_ros2_ws/install/rb3_730es_u_moveit_config/share/rb3_730es_u_moveit_config/package.bash'
[0.317s] [34mcolcon.colcon_core.shell[0m [1;30mINFO[0m Creating package script '/home/thornch/rbpodo_ros2_ws/install/rb3_730es_u_moveit_config/share/rb3_730es_u_moveit_config/package.zsh'
[0.317s] [34mcolcon.colcon_core.environment[0m [1;30mLevel 1[0m create_file_with_runtime_dependencies(/home/thornch/rbpodo_ros2_ws/install/rb3_730es_u_moveit_config/share/colcon-core/packages/rb3_730es_u_moveit_config)
[0.317s] [34mcolcon.colcon_core.environment[0m [1;30mLevel 1[0m create_environment_scripts_only(rb3_730es_u_moveit_config)
[0.318s] [34mcolcon.colcon_core.environment[0m [1;30mLevel 1[0m checking '/home/thornch/rbpodo_ros2_ws/install/rb3_730es_u_moveit_config' for CMake module files
[0.318s] [34mcolcon.colcon_core.environment[0m [1;30mLevel 1[0m checking '/home/thornch/rbpodo_ros2_ws/install/rb3_730es_u_moveit_config' for CMake config files
[0.318s] [34mcolcon.colcon_core.shell[0m [1;30mLevel 1[0m create_environment_hook('rb3_730es_u_moveit_config', 'cmake_prefix_path')
[0.318s] [34mcolcon.colcon_core.shell[0m [1;30mINFO[0m Creating environment hook '/home/thornch/rbpodo_ros2_ws/install/rb3_730es_u_moveit_config/share/rb3_730es_u_moveit_config/hook/cmake_prefix_path.ps1'
[0.318s] [34mcolcon.colcon_core.shell[0m [1;30mINFO[0m Creating environment descriptor '/home/thornch/rbpodo_ros2_ws/install/rb3_730es_u_moveit_config/share/rb3_730es_u_moveit_config/hook/cmake_prefix_path.dsv'
[0.318s] [34mcolcon.colcon_core.shell[0m [1;30mINFO[0m Creating environment hook '/home/thornch/rbpodo_ros2_ws/install/rb3_730es_u_moveit_config/share/rb3_730es_u_moveit_config/hook/cmake_prefix_path.sh'
[0.319s] [34mcolcon.colcon_core.environment[0m [1;30mLevel 1[0m checking '/home/thornch/rbpodo_ros2_ws/install/rb3_730es_u_moveit_config/bin'
[0.319s] [34mcolcon.colcon_core.environment[0m [1;30mLevel 1[0m checking '/home/thornch/rbpodo_ros2_ws/install/rb3_730es_u_moveit_config/lib/pkgconfig/rb3_730es_u_moveit_config.pc'
[0.319s] [34mcolcon.colcon_core.environment[0m [1;30mLevel 1[0m checking '/home/thornch/rbpodo_ros2_ws/install/rb3_730es_u_moveit_config/lib/python3.10/site-packages'
[0.319s] [34mcolcon.colcon_core.environment[0m [1;30mLevel 1[0m checking '/home/thornch/rbpodo_ros2_ws/install/rb3_730es_u_moveit_config/bin'
[0.319s] [34mcolcon.colcon_core.shell[0m [1;30mINFO[0m Creating package script '/home/thornch/rbpodo_ros2_ws/install/rb3_730es_u_moveit_config/share/rb3_730es_u_moveit_config/package.ps1'
[0.319s] [34mcolcon.colcon_core.shell[0m [1;30mINFO[0m Creating package descriptor '/home/thornch/rbpodo_ros2_ws/install/rb3_730es_u_moveit_config/share/rb3_730es_u_moveit_config/package.dsv'
[0.320s] [34mcolcon.colcon_core.shell[0m [1;30mINFO[0m Creating package script '/home/thornch/rbpodo_ros2_ws/install/rb3_730es_u_moveit_config/share/rb3_730es_u_moveit_config/package.sh'
[0.320s] [34mcolcon.colcon_core.shell[0m [1;30mINFO[0m Creating package script '/home/thornch/rbpodo_ros2_ws/install/rb3_730es_u_moveit_config/share/rb3_730es_u_moveit_config/package.bash'
[0.320s] [34mcolcon.colcon_core.shell[0m [1;30mINFO[0m Creating package script '/home/thornch/rbpodo_ros2_ws/install/rb3_730es_u_moveit_config/share/rb3_730es_u_moveit_config/package.zsh'
[0.320s] [34mcolcon.colcon_core.environment[0m [1;30mLevel 1[0m create_file_with_runtime_dependencies(/home/thornch/rbpodo_ros2_ws/install/rb3_730es_u_moveit_config/share/colcon-core/packages/rb3_730es_u_moveit_config)
[0.508s] [34mcolcon.colcon_core.event_handler.log_command[0m [1;30mDEBUG[0m [32mInvoked command in '/home/thornch/rbpodo_ros2_ws/build/rbpodo_msgs' returned '0': CMAKE_PREFIX_PATH=/opt/ros/humble /usr/bin/cmake --build /home/thornch/rbpodo_ros2_ws/build/rbpodo_msgs -- -j24 -l24[0m
[0.509s] [34mcolcon.colcon_core.event_handler.log_command[0m [1;30mDEBUG[0m [32mInvoking command in '/home/thornch/rbpodo_ros2_ws/build/rbpodo_msgs': CMAKE_PREFIX_PATH=/opt/ros/humble /usr/bin/cmake --install /home/thornch/rbpodo_ros2_ws/build/rbpodo_msgs[0m
[0.549s] [34mcolcon.colcon_core.environment[0m [1;30mLevel 1[0m create_environment_scripts_only(rbpodo_msgs)
[0.549s] [34mcolcon.colcon_core.event_handler.log_command[0m [1;30mDEBUG[0m [32mInvoked command in '/home/thornch/rbpodo_ros2_ws/build/rbpodo_msgs' returned '0': CMAKE_PREFIX_PATH=/opt/ros/humble /usr/bin/cmake --install /home/thornch/rbpodo_ros2_ws/build/rbpodo_msgs[0m
[0.550s] [34mcolcon.colcon_core.environment[0m [1;30mLevel 1[0m checking '/home/thornch/rbpodo_ros2_ws/install/rbpodo_msgs' for CMake module files
[0.550s] [34mcolcon.colcon_core.environment[0m [1;30mLevel 1[0m checking '/home/thornch/rbpodo_ros2_ws/install/rbpodo_msgs' for CMake config files
[0.550s] [34mcolcon.colcon_core.shell[0m [1;30mLevel 1[0m create_environment_hook('rbpodo_msgs', 'cmake_prefix_path')
[0.551s] [34mcolcon.colcon_core.shell[0m [1;30mINFO[0m Creating environment hook '/home/thornch/rbpodo_ros2_ws/install/rbpodo_msgs/share/rbpodo_msgs/hook/cmake_prefix_path.ps1'
[0.551s] [34mcolcon.colcon_core.shell[0m [1;30mINFO[0m Creating environment descriptor '/home/thornch/rbpodo_ros2_ws/install/rbpodo_msgs/share/rbpodo_msgs/hook/cmake_prefix_path.dsv'
[0.551s] [34mcolcon.colcon_core.shell[0m [1;30mINFO[0m Creating environment hook '/home/thornch/rbpodo_ros2_ws/install/rbpodo_msgs/share/rbpodo_msgs/hook/cmake_prefix_path.sh'
[0.551s] [34mcolcon.colcon_core.environment[0m [1;30mLevel 1[0m checking '/home/thornch/rbpodo_ros2_ws/install/rbpodo_msgs/lib'
[0.551s] [34mcolcon.colcon_core.shell[0m [1;30mLevel 1[0m create_environment_hook('rbpodo_msgs', 'ld_library_path_lib')
[0.552s] [34mcolcon.colcon_core.shell[0m [1;30mINFO[0m Creating environment hook '/home/thornch/rbpodo_ros2_ws/install/rbpodo_msgs/share/rbpodo_msgs/hook/ld_library_path_lib.ps1'
[0.552s] [34mcolcon.colcon_core.shell[0m [1;30mINFO[0m Creating environment descriptor '/home/thornch/rbpodo_ros2_ws/install/rbpodo_msgs/share/rbpodo_msgs/hook/ld_library_path_lib.dsv'
[0.552s] [34mcolcon.colcon_core.shell[0m [1;30mINFO[0m Creating environment hook '/home/thornch/rbpodo_ros2_ws/install/rbpodo_msgs/share/rbpodo_msgs/hook/ld_library_path_lib.sh'
[0.552s] [34mcolcon.colcon_core.environment[0m [1;30mLevel 1[0m checking '/home/thornch/rbpodo_ros2_ws/install/rbpodo_msgs/bin'
[0.552s] [34mcolcon.colcon_core.environment[0m [1;30mLevel 1[0m checking '/home/thornch/rbpodo_ros2_ws/install/rbpodo_msgs/lib/pkgconfig/rbpodo_msgs.pc'
[0.552s] [34mcolcon.colcon_core.environment[0m [1;30mLevel 1[0m checking '/home/thornch/rbpodo_ros2_ws/install/rbpodo_msgs/lib/python3.10/site-packages'
[0.552s] [34mcolcon.colcon_core.environment[0m [1;30mLevel 1[0m checking '/home/thornch/rbpodo_ros2_ws/install/rbpodo_msgs/bin'
[0.553s] [34mcolcon.colcon_core.shell[0m [1;30mINFO[0m Creating package script '/home/thornch/rbpodo_ros2_ws/install/rbpodo_msgs/share/rbpodo_msgs/package.ps1'
[0.553s] [34mcolcon.colcon_core.shell[0m [1;30mINFO[0m Creating package descriptor '/home/thornch/rbpodo_ros2_ws/install/rbpodo_msgs/share/rbpodo_msgs/package.dsv'
[0.553s] [34mcolcon.colcon_core.shell[0m [1;30mINFO[0m Creating package script '/home/thornch/rbpodo_ros2_ws/install/rbpodo_msgs/share/rbpodo_msgs/package.sh'
[0.553s] [34mcolcon.colcon_core.shell[0m [1;30mINFO[0m Creating package script '/home/thornch/rbpodo_ros2_ws/install/rbpodo_msgs/share/rbpodo_msgs/package.bash'
[0.553s] [34mcolcon.colcon_core.shell[0m [1;30mINFO[0m Creating package script '/home/thornch/rbpodo_ros2_ws/install/rbpodo_msgs/share/rbpodo_msgs/package.zsh'
[0.553s] [34mcolcon.colcon_core.environment[0m [1;30mLevel 1[0m create_file_with_runtime_dependencies(/home/thornch/rbpodo_ros2_ws/install/rbpodo_msgs/share/colcon-core/packages/rbpodo_msgs)
[0.554s] [34mcolcon.colcon_core.environment[0m [1;30mLevel 1[0m create_environment_scripts_only(rbpodo_msgs)
[0.554s] [34mcolcon.colcon_core.environment[0m [1;30mLevel 1[0m checking '/home/thornch/rbpodo_ros2_ws/install/rbpodo_msgs' for CMake module files
[0.554s] [34mcolcon.colcon_core.environment[0m [1;30mLevel 1[0m checking '/home/thornch/rbpodo_ros2_ws/install/rbpodo_msgs' for CMake config files
[0.555s] [34mcolcon.colcon_core.shell[0m [1;30mLevel 1[0m create_environment_hook('rbpodo_msgs', 'cmake_prefix_path')
[0.555s] [34mcolcon.colcon_core.shell[0m [1;30mINFO[0m Creating environment hook '/home/thornch/rbpodo_ros2_ws/install/rbpodo_msgs/share/rbpodo_msgs/hook/cmake_prefix_path.ps1'
[0.555s] [34mcolcon.colcon_core.shell[0m [1;30mINFO[0m Creating environment descriptor '/home/thornch/rbpodo_ros2_ws/install/rbpodo_msgs/share/rbpodo_msgs/hook/cmake_prefix_path.dsv'
[0.555s] [34mcolcon.colcon_core.shell[0m [1;30mINFO[0m Creating environment hook '/home/thornch/rbpodo_ros2_ws/install/rbpodo_msgs/share/rbpodo_msgs/hook/cmake_prefix_path.sh'
[0.555s] [34mcolcon.colcon_core.environment[0m [1;30mLevel 1[0m checking '/home/thornch/rbpodo_ros2_ws/install/rbpodo_msgs/lib'
[0.555s] [34mcolcon.colcon_core.shell[0m [1;30mLevel 1[0m create_environment_hook('rbpodo_msgs', 'ld_library_path_lib')
[0.555s] [34mcolcon.colcon_core.shell[0m [1;30mINFO[0m Creating environment hook '/home/thornch/rbpodo_ros2_ws/install/rbpodo_msgs/share/rbpodo_msgs/hook/ld_library_path_lib.ps1'
[0.556s] [34mcolcon.colcon_core.shell[0m [1;30mINFO[0m Creating environment descriptor '/home/thornch/rbpodo_ros2_ws/install/rbpodo_msgs/share/rbpodo_msgs/hook/ld_library_path_lib.dsv'
[0.556s] [34mcolcon.colcon_core.shell[0m [1;30mINFO[0m Creating environment hook '/home/thornch/rbpodo_ros2_ws/install/rbpodo_msgs/share/rbpodo_msgs/hook/ld_library_path_lib.sh'
[0.556s] [34mcolcon.colcon_core.environment[0m [1;30mLevel 1[0m checking '/home/thornch/rbpodo_ros2_ws/install/rbpodo_msgs/bin'
[0.556s] [34mcolcon.colcon_core.environment[0m [1;30mLevel 1[0m checking '/home/thornch/rbpodo_ros2_ws/install/rbpodo_msgs/lib/pkgconfig/rbpodo_msgs.pc'
[0.556s] [34mcolcon.colcon_core.environment[0m [1;30mLevel 1[0m checking '/home/thornch/rbpodo_ros2_ws/install/rbpodo_msgs/lib/python3.10/site-packages'
[0.556s] [34mcolcon.colcon_core.environment[0m [1;30mLevel 1[0m checking '/home/thornch/rbpodo_ros2_ws/install/rbpodo_msgs/bin'
[0.556s] [34mcolcon.colcon_core.shell[0m [1;30mINFO[0m Creating package script '/home/thornch/rbpodo_ros2_ws/install/rbpodo_msgs/share/rbpodo_msgs/package.ps1'
[0.557s] [34mcolcon.colcon_core.shell[0m [1;30mINFO[0m Creating package descriptor '/home/thornch/rbpodo_ros2_ws/install/rbpodo_msgs/share/rbpodo_msgs/package.dsv'
[0.557s] [34mcolcon.colcon_core.shell[0m [1;30mINFO[0m Creating package script '/home/thornch/rbpodo_ros2_ws/install/rbpodo_msgs/share/rbpodo_msgs/package.sh'
[0.557s] [34mcolcon.colcon_core.shell[0m [1;30mINFO[0m Creating package script '/home/thornch/rbpodo_ros2_ws/install/rbpodo_msgs/share/rbpodo_msgs/package.bash'
[0.557s] [34mcolcon.colcon_core.shell[0m [1;30mINFO[0m Creating package script '/home/thornch/rbpodo_ros2_ws/install/rbpodo_msgs/share/rbpodo_msgs/package.zsh'
[0.557s] [34mcolcon.colcon_core.environment[0m [1;30mLevel 1[0m create_file_with_runtime_dependencies(/home/thornch/rbpodo_ros2_ws/install/rbpodo_msgs/share/colcon-core/packages/rbpodo_msgs)
[0.558s] [34mcolcon.colcon_ros.task.ament_cmake.build[0m [1;30mINFO[0m Building ROS package in '/home/thornch/rbpodo_ros2_ws/src/rbpodo_ros2/rbpodo_hardware' with build type 'ament_cmake'
[0.558s] [34mcolcon.colcon_cmake.task.cmake.build[0m [1;30mINFO[0m Building CMake package in '/home/thornch/rbpodo_ros2_ws/src/rbpodo_ros2/rbpodo_hardware'
[0.558s] [34mcolcon.colcon_core.shell[0m [1;30mINFO[0m Skip shell extension 'powershell' for command environment: Not usable outside of PowerShell
[0.558s] [34mcolcon.colcon_core.shell[0m [1;30mDEBUG[0m [32mSkip shell extension 'dsv' for command environment[0m
[0.559s] [34mcolcon.colcon_ros.task.ament_cmake.build[0m [1;30mINFO[0m Building ROS package in '/home/thornch/rbpodo_ros2_ws/src/rbpodo_controller' with build type 'ament_cmake'
[0.560s] [34mcolcon.colcon_cmake.task.cmake.build[0m [1;30mINFO[0m Building CMake package in '/home/thornch/rbpodo_ros2_ws/src/rbpodo_controller'
[0.560s] [34mcolcon.colcon_core.shell[0m [1;30mINFO[0m Skip shell extension 'powershell' for command environment: Not usable outside of PowerShell
[0.560s] [34mcolcon.colcon_core.shell[0m [1;30mDEBUG[0m [32mSkip shell extension 'dsv' for command environment[0m
[0.564s] [34mcolcon.colcon_core.event_handler.log_command[0m [1;30mDEBUG[0m [32mInvoking command in '/home/thornch/rbpodo_ros2_ws/build/rbpodo_hardware': AMENT_PREFIX_PATH=/home/thornch/rbpodo_ros2_ws/install/rbpodo_msgs:${AMENT_PREFIX_PATH} CMAKE_PREFIX_PATH=/home/thornch/rbpodo_ros2_ws/install/rbpodo_msgs:/opt/ros/humble LD_LIBRARY_PATH=/home/thornch/rbpodo_ros2_ws/install/rbpodo_msgs/lib:${LD_LIBRARY_PATH} PYTHONPATH=/home/thornch/rbpodo_ros2_ws/install/rbpodo_msgs/local/lib/python3.10/dist-packages:${PYTHONPATH} /usr/bin/cmake --build /home/thornch/rbpodo_ros2_ws/build/rbpodo_hardware -- -j24 -l24[0m
[0.565s] [34mcolcon.colcon_core.event_handler.log_command[0m [1;30mDEBUG[0m [32mInvoking command in '/home/thornch/rbpodo_ros2_ws/build/rbpodo_controller': AMENT_PREFIX_PATH=/home/thornch/rbpodo_ros2_ws/install/rbpodo_msgs:${AMENT_PREFIX_PATH} CMAKE_PREFIX_PATH=/home/thornch/rbpodo_ros2_ws/install/rbpodo_msgs:/opt/ros/humble LD_LIBRARY_PATH=/home/thornch/rbpodo_ros2_ws/install/rbpodo_msgs/lib:${LD_LIBRARY_PATH} PYTHONPATH=/home/thornch/rbpodo_ros2_ws/install/rbpodo_msgs/local/lib/python3.10/dist-packages:${PYTHONPATH} /usr/bin/cmake --build /home/thornch/rbpodo_ros2_ws/build/rbpodo_controller -- -j24 -l24[0m
[0.617s] [34mcolcon.colcon_core.event_handler.log_command[0m [1;30mDEBUG[0m [32mInvoked command in '/home/thornch/rbpodo_ros2_ws/build/rbpodo_hardware' returned '0': AMENT_PREFIX_PATH=/home/thornch/rbpodo_ros2_ws/install/rbpodo_msgs:${AMENT_PREFIX_PATH} CMAKE_PREFIX_PATH=/home/thornch/rbpodo_ros2_ws/install/rbpodo_msgs:/opt/ros/humble LD_LIBRARY_PATH=/home/thornch/rbpodo_ros2_ws/install/rbpodo_msgs/lib:${LD_LIBRARY_PATH} PYTHONPATH=/home/thornch/rbpodo_ros2_ws/install/rbpodo_msgs/local/lib/python3.10/dist-packages:${PYTHONPATH} /usr/bin/cmake --build /home/thornch/rbpodo_ros2_ws/build/rbpodo_hardware -- -j24 -l24[0m
[0.618s] [34mcolcon.colcon_core.event_handler.log_command[0m [1;30mDEBUG[0m [32mInvoking command in '/home/thornch/rbpodo_ros2_ws/build/rbpodo_hardware': AMENT_PREFIX_PATH=/home/thornch/rbpodo_ros2_ws/install/rbpodo_msgs:${AMENT_PREFIX_PATH} CMAKE_PREFIX_PATH=/home/thornch/rbpodo_ros2_ws/install/rbpodo_msgs:/opt/ros/humble LD_LIBRARY_PATH=/home/thornch/rbpodo_ros2_ws/install/rbpodo_msgs/lib:${LD_LIBRARY_PATH} PYTHONPATH=/home/thornch/rbpodo_ros2_ws/install/rbpodo_msgs/local/lib/python3.10/dist-packages:${PYTHONPATH} /usr/bin/cmake --install /home/thornch/rbpodo_ros2_ws/build/rbpodo_hardware[0m
[0.625s] [34mcolcon.colcon_core.environment[0m [1;30mLevel 1[0m create_environment_scripts_only(rbpodo_hardware)
[0.625s] [34mcolcon.colcon_core.environment[0m [1;30mLevel 1[0m checking '/home/thornch/rbpodo_ros2_ws/install/rbpodo_hardware' for CMake module files
[0.626s] [34mcolcon.colcon_core.event_handler.log_command[0m [1;30mDEBUG[0m [32mInvoked command in '/home/thornch/rbpodo_ros2_ws/build/rbpodo_hardware' returned '0': AMENT_PREFIX_PATH=/home/thornch/rbpodo_ros2_ws/install/rbpodo_msgs:${AMENT_PREFIX_PATH} CMAKE_PREFIX_PATH=/home/thornch/rbpodo_ros2_ws/install/rbpodo_msgs:/opt/ros/humble LD_LIBRARY_PATH=/home/thornch/rbpodo_ros2_ws/install/rbpodo_msgs/lib:${LD_LIBRARY_PATH} PYTHONPATH=/home/thornch/rbpodo_ros2_ws/install/rbpodo_msgs/local/lib/python3.10/dist-packages:${PYTHONPATH} /usr/bin/cmake --install /home/thornch/rbpodo_ros2_ws/build/rbpodo_hardware[0m
[0.626s] [34mcolcon.colcon_core.environment[0m [1;30mLevel 1[0m checking '/home/thornch/rbpodo_ros2_ws/install/rbpodo_hardware' for CMake config files
[0.626s] [34mcolcon.colcon_core.shell[0m [1;30mLevel 1[0m create_environment_hook('rbpodo_hardware', 'cmake_prefix_path')
[0.627s] [34mcolcon.colcon_core.shell[0m [1;30mINFO[0m Creating environment hook '/home/thornch/rbpodo_ros2_ws/install/rbpodo_hardware/share/rbpodo_hardware/hook/cmake_prefix_path.ps1'
[0.627s] [34mcolcon.colcon_core.shell[0m [1;30mINFO[0m Creating environment descriptor '/home/thornch/rbpodo_ros2_ws/install/rbpodo_hardware/share/rbpodo_hardware/hook/cmake_prefix_path.dsv'
[0.627s] [34mcolcon.colcon_core.shell[0m [1;30mINFO[0m Creating environment hook '/home/thornch/rbpodo_ros2_ws/install/rbpodo_hardware/share/rbpodo_hardware/hook/cmake_prefix_path.sh'
[0.628s] [34mcolcon.colcon_core.environment[0m [1;30mLevel 1[0m checking '/home/thornch/rbpodo_ros2_ws/install/rbpodo_hardware/lib'
[0.628s] [34mcolcon.colcon_core.shell[0m [1;30mLevel 1[0m create_environment_hook('rbpodo_hardware', 'ld_library_path_lib')
[0.628s] [34mcolcon.colcon_core.shell[0m [1;30mINFO[0m Creating environment hook '/home/thornch/rbpodo_ros2_ws/install/rbpodo_hardware/share/rbpodo_hardware/hook/ld_library_path_lib.ps1'
[0.629s] [34mcolcon.colcon_core.shell[0m [1;30mINFO[0m Creating environment descriptor '/home/thornch/rbpodo_ros2_ws/install/rbpodo_hardware/share/rbpodo_hardware/hook/ld_library_path_lib.dsv'
[0.629s] [34mcolcon.colcon_core.shell[0m [1;30mINFO[0m Creating environment hook '/home/thornch/rbpodo_ros2_ws/install/rbpodo_hardware/share/rbpodo_hardware/hook/ld_library_path_lib.sh'
[0.629s] [34mcolcon.colcon_core.environment[0m [1;30mLevel 1[0m checking '/home/thornch/rbpodo_ros2_ws/install/rbpodo_hardware/bin'
[0.629s] [34mcolcon.colcon_core.environment[0m [1;30mLevel 1[0m checking '/home/thornch/rbpodo_ros2_ws/install/rbpodo_hardware/lib/pkgconfig/rbpodo_hardware.pc'
[0.630s] [34mcolcon.colcon_core.environment[0m [1;30mLevel 1[0m checking '/home/thornch/rbpodo_ros2_ws/install/rbpodo_hardware/lib/python3.10/site-packages'
[0.630s] [34mcolcon.colcon_core.environment[0m [1;30mLevel 1[0m checking '/home/thornch/rbpodo_ros2_ws/install/rbpodo_hardware/bin'
[0.630s] [34mcolcon.colcon_core.shell[0m [1;30mINFO[0m Creating package script '/home/thornch/rbpodo_ros2_ws/install/rbpodo_hardware/share/rbpodo_hardware/package.ps1'
[0.631s] [34mcolcon.colcon_core.shell[0m [1;30mINFO[0m Creating package descriptor '/home/thornch/rbpodo_ros2_ws/install/rbpodo_hardware/share/rbpodo_hardware/package.dsv'
[0.631s] [34mcolcon.colcon_core.shell[0m [1;30mINFO[0m Creating package script '/home/thornch/rbpodo_ros2_ws/install/rbpodo_hardware/share/rbpodo_hardware/package.sh'
[0.632s] [34mcolcon.colcon_core.shell[0m [1;30mINFO[0m Creating package script '/home/thornch/rbpodo_ros2_ws/install/rbpodo_hardware/share/rbpodo_hardware/package.bash'
[0.632s] [34mcolcon.colcon_core.shell[0m [1;30mINFO[0m Creating package script '/home/thornch/rbpodo_ros2_ws/install/rbpodo_hardware/share/rbpodo_hardware/package.zsh'
[0.633s] [34mcolcon.colcon_core.environment[0m [1;30mLevel 1[0m create_file_with_runtime_dependencies(/home/thornch/rbpodo_ros2_ws/install/rbpodo_hardware/share/colcon-core/packages/rbpodo_hardware)
[0.634s] [34mcolcon.colcon_core.environment[0m [1;30mLevel 1[0m create_environment_scripts_only(rbpodo_hardware)
[0.634s] [34mcolcon.colcon_core.environment[0m [1;30mLevel 1[0m checking '/home/thornch/rbpodo_ros2_ws/install/rbpodo_hardware' for CMake module files
[0.634s] [34mcolcon.colcon_core.environment[0m [1;30mLevel 1[0m checking '/home/thornch/rbpodo_ros2_ws/install/rbpodo_hardware' for CMake config files
[0.635s] [34mcolcon.colcon_core.shell[0m [1;30mLevel 1[0m create_environment_hook('rbpodo_hardware', 'cmake_prefix_path')
[0.635s] [34mcolcon.colcon_core.shell[0m [1;30mINFO[0m Creating environment hook '/home/thornch/rbpodo_ros2_ws/install/rbpodo_hardware/share/rbpodo_hardware/hook/cmake_prefix_path.ps1'
[0.635s] [34mcolcon.colcon_core.shell[0m [1;30mINFO[0m Creating environment descriptor '/home/thornch/rbpodo_ros2_ws/install/rbpodo_hardware/share/rbpodo_hardware/hook/cmake_prefix_path.dsv'
[0.635s] [34mcolcon.colcon_core.shell[0m [1;30mINFO[0m Creating environment hook '/home/thornch/rbpodo_ros2_ws/install/rbpodo_hardware/share/rbpodo_hardware/hook/cmake_prefix_path.sh'
[0.636s] [34mcolcon.colcon_core.environment[0m [1;30mLevel 1[0m checking '/home/thornch/rbpodo_ros2_ws/install/rbpodo_hardware/lib'
[0.636s] [34mcolcon.colcon_core.shell[0m [1;30mLevel 1[0m create_environment_hook('rbpodo_hardware', 'ld_library_path_lib')
[0.636s] [34mcolcon.colcon_core.shell[0m [1;30mINFO[0m Creating environment hook '/home/thornch/rbpodo_ros2_ws/install/rbpodo_hardware/share/rbpodo_hardware/hook/ld_library_path_lib.ps1'
[0.636s] [34mcolcon.colcon_core.shell[0m [1;30mINFO[0m Creating environment descriptor '/home/thornch/rbpodo_ros2_ws/install/rbpodo_hardware/share/rbpodo_hardware/hook/ld_library_path_lib.dsv'
[0.636s] [34mcolcon.colcon_core.shell[0m [1;30mINFO[0m Creating environment hook '/home/thornch/rbpodo_ros2_ws/install/rbpodo_hardware/share/rbpodo_hardware/hook/ld_library_path_lib.sh'
[0.636s] [34mcolcon.colcon_core.environment[0m [1;30mLevel 1[0m checking '/home/thornch/rbpodo_ros2_ws/install/rbpodo_hardware/bin'
[0.636s] [34mcolcon.colcon_core.environment[0m [1;30mLevel 1[0m checking '/home/thornch/rbpodo_ros2_ws/install/rbpodo_hardware/lib/pkgconfig/rbpodo_hardware.pc'
[0.637s] [34mcolcon.colcon_core.environment[0m [1;30mLevel 1[0m checking '/home/thornch/rbpodo_ros2_ws/install/rbpodo_hardware/lib/python3.10/site-packages'
[0.637s] [34mcolcon.colcon_core.environment[0m [1;30mLevel 1[0m checking '/home/thornch/rbpodo_ros2_ws/install/rbpodo_hardware/bin'
[0.637s] [34mcolcon.colcon_core.shell[0m [1;30mINFO[0m Creating package script '/home/thornch/rbpodo_ros2_ws/install/rbpodo_hardware/share/rbpodo_hardware/package.ps1'
[0.637s] [34mcolcon.colcon_core.shell[0m [1;30mINFO[0m Creating package descriptor '/home/thornch/rbpodo_ros2_ws/install/rbpodo_hardware/share/rbpodo_hardware/package.dsv'
[0.637s] [34mcolcon.colcon_core.shell[0m [1;30mINFO[0m Creating package script '/home/thornch/rbpodo_ros2_ws/install/rbpodo_hardware/share/rbpodo_hardware/package.sh'
[0.637s] [34mcolcon.colcon_core.shell[0m [1;30mINFO[0m Creating package script '/home/thornch/rbpodo_ros2_ws/install/rbpodo_hardware/share/rbpodo_hardware/package.bash'
[0.638s] [34mcolcon.colcon_core.shell[0m [1;30mINFO[0m Creating package script '/home/thornch/rbpodo_ros2_ws/install/rbpodo_hardware/share/rbpodo_hardware/package.zsh'
[0.638s] [34mcolcon.colcon_core.environment[0m [1;30mLevel 1[0m create_file_with_runtime_dependencies(/home/thornch/rbpodo_ros2_ws/install/rbpodo_hardware/share/colcon-core/packages/rbpodo_hardware)
[0.638s] [34mcolcon.colcon_ros.task.ament_cmake.build[0m [1;30mINFO[0m Building ROS package in '/home/thornch/rbpodo_ros2_ws/src/rbpodo_ros2/rbpodo_bringup' with build type 'ament_cmake'
[0.638s] [34mcolcon.colcon_cmake.task.cmake.build[0m [1;30mINFO[0m Building CMake package in '/home/thornch/rbpodo_ros2_ws/src/rbpodo_ros2/rbpodo_bringup'
[0.638s] [34mcolcon.colcon_core.shell[0m [1;30mINFO[0m Skip shell extension 'powershell' for command environment: Not usable outside of PowerShell
[0.638s] [34mcolcon.colcon_core.shell[0m [1;30mDEBUG[0m [32mSkip shell extension 'dsv' for command environment[0m
[0.649s] [34mcolcon.colcon_core.event_handler.log_command[0m [1;30mDEBUG[0m [32mInvoking command in '/home/thornch/rbpodo_ros2_ws/build/rbpodo_bringup': AMENT_PREFIX_PATH=/home/thornch/rbpodo_ros2_ws/install/rbpodo_hardware:/home/thornch/rbpodo_ros2_ws/install/rbpodo_msgs:/home/thornch/rbpodo_ros2_ws/install/rbpodo_description:${AMENT_PREFIX_PATH} CMAKE_PREFIX_PATH=/home/thornch/rbpodo_ros2_ws/install/rbpodo_hardware:/home/thornch/rbpodo_ros2_ws/install/rbpodo_msgs:/home/thornch/rbpodo_ros2_ws/install/rbpodo_description:/opt/ros/humble LD_LIBRARY_PATH=/home/thornch/rbpodo_ros2_ws/install/rbpodo_hardware/lib:/home/thornch/rbpodo_ros2_ws/install/rbpodo_msgs/lib:${LD_LIBRARY_PATH} PYTHONPATH=/home/thornch/rbpodo_ros2_ws/install/rbpodo_msgs/local/lib/python3.10/dist-packages:${PYTHONPATH} /usr/bin/cmake --build /home/thornch/rbpodo_ros2_ws/build/rbpodo_bringup -- -j24 -l24[0m
[0.666s] [34mcolcon.colcon_core.event_handler.log_command[0m [1;30mDEBUG[0m [32mInvoked command in '/home/thornch/rbpodo_ros2_ws/build/rbpodo_bringup' returned '0': AMENT_PREFIX_PATH=/home/thornch/rbpodo_ros2_ws/install/rbpodo_hardware:/home/thornch/rbpodo_ros2_ws/install/rbpodo_msgs:/home/thornch/rbpodo_ros2_ws/install/rbpodo_description:${AMENT_PREFIX_PATH} CMAKE_PREFIX_PATH=/home/thornch/rbpodo_ros2_ws/install/rbpodo_hardware:/home/thornch/rbpodo_ros2_ws/install/rbpodo_msgs:/home/thornch/rbpodo_ros2_ws/install/rbpodo_description:/opt/ros/humble LD_LIBRARY_PATH=/home/thornch/rbpodo_ros2_ws/install/rbpodo_hardware/lib:/home/thornch/rbpodo_ros2_ws/install/rbpodo_msgs/lib:${LD_LIBRARY_PATH} PYTHONPATH=/home/thornch/rbpodo_ros2_ws/install/rbpodo_msgs/local/lib/python3.10/dist-packages:${PYTHONPATH} /usr/bin/cmake --build /home/thornch/rbpodo_ros2_ws/build/rbpodo_bringup -- -j24 -l24[0m
[0.667s] [34mcolcon.colcon_core.event_handler.log_command[0m [1;30mDEBUG[0m [32mInvoking command in '/home/thornch/rbpodo_ros2_ws/build/rbpodo_bringup': AMENT_PREFIX_PATH=/home/thornch/rbpodo_ros2_ws/install/rbpodo_hardware:/home/thornch/rbpodo_ros2_ws/install/rbpodo_msgs:/home/thornch/rbpodo_ros2_ws/install/rbpodo_description:${AMENT_PREFIX_PATH} CMAKE_PREFIX_PATH=/home/thornch/rbpodo_ros2_ws/install/rbpodo_hardware:/home/thornch/rbpodo_ros2_ws/install/rbpodo_msgs:/home/thornch/rbpodo_ros2_ws/install/rbpodo_description:/opt/ros/humble LD_LIBRARY_PATH=/home/thornch/rbpodo_ros2_ws/install/rbpodo_hardware/lib:/home/thornch/rbpodo_ros2_ws/install/rbpodo_msgs/lib:${LD_LIBRARY_PATH} PYTHONPATH=/home/thornch/rbpodo_ros2_ws/install/rbpodo_msgs/local/lib/python3.10/dist-packages:${PYTHONPATH} /usr/bin/cmake --install /home/thornch/rbpodo_ros2_ws/build/rbpodo_bringup[0m
[0.670s] [34mcolcon.colcon_core.environment[0m [1;30mLevel 1[0m create_environment_scripts_only(rbpodo_bringup)
[0.671s] [34mcolcon.colcon_core.event_handler.log_command[0m [1;30mDEBUG[0m [32mInvoked command in '/home/thornch/rbpodo_ros2_ws/build/rbpodo_bringup' returned '0': AMENT_PREFIX_PATH=/home/thornch/rbpodo_ros2_ws/install/rbpodo_hardware:/home/thornch/rbpodo_ros2_ws/install/rbpodo_msgs:/home/thornch/rbpodo_ros2_ws/install/rbpodo_description:${AMENT_PREFIX_PATH} CMAKE_PREFIX_PATH=/home/thornch/rbpodo_ros2_ws/install/rbpodo_hardware:/home/thornch/rbpodo_ros2_ws/install/rbpodo_msgs:/home/thornch/rbpodo_ros2_ws/install/rbpodo_description:/opt/ros/humble LD_LIBRARY_PATH=/home/thornch/rbpodo_ros2_ws/install/rbpodo_hardware/lib:/home/thornch/rbpodo_ros2_ws/install/rbpodo_msgs/lib:${LD_LIBRARY_PATH} PYTHONPATH=/home/thornch/rbpodo_ros2_ws/install/rbpodo_msgs/local/lib/python3.10/dist-packages:${PYTHONPATH} /usr/bin/cmake --install /home/thornch/rbpodo_ros2_ws/build/rbpodo_bringup[0m
[0.671s] [34mcolcon.colcon_core.environment[0m [1;30mLevel 1[0m checking '/home/thornch/rbpodo_ros2_ws/install/rbpodo_bringup' for CMake module files
[0.671s] [34mcolcon.colcon_core.environment[0m [1;30mLevel 1[0m checking '/home/thornch/rbpodo_ros2_ws/install/rbpodo_bringup' for CMake config files
[0.671s] [34mcolcon.colcon_core.shell[0m [1;30mLevel 1[0m create_environment_hook('rbpodo_bringup', 'cmake_prefix_path')
[0.671s] [34mcolcon.colcon_core.shell[0m [1;30mINFO[0m Creating environment hook '/home/thornch/rbpodo_ros2_ws/install/rbpodo_bringup/share/rbpodo_bringup/hook/cmake_prefix_path.ps1'
[0.672s] [34mcolcon.colcon_core.shell[0m [1;30mINFO[0m Creating environment descriptor '/home/thornch/rbpodo_ros2_ws/install/rbpodo_bringup/share/rbpodo_bringup/hook/cmake_prefix_path.dsv'
[0.672s] [34mcolcon.colcon_core.shell[0m [1;30mINFO[0m Creating environment hook '/home/thornch/rbpodo_ros2_ws/install/rbpodo_bringup/share/rbpodo_bringup/hook/cmake_prefix_path.sh'
[0.672s] [34mcolcon.colcon_core.environment[0m [1;30mLevel 1[0m checking '/home/thornch/rbpodo_ros2_ws/install/rbpodo_bringup/bin'
[0.672s] [34mcolcon.colcon_core.environment[0m [1;30mLevel 1[0m checking '/home/thornch/rbpodo_ros2_ws/install/rbpodo_bringup/lib/pkgconfig/rbpodo_bringup.pc'
[0.672s] [34mcolcon.colcon_core.environment[0m [1;30mLevel 1[0m checking '/home/thornch/rbpodo_ros2_ws/install/rbpodo_bringup/lib/python3.10/site-packages'
[0.672s] [34mcolcon.colcon_core.environment[0m [1;30mLevel 1[0m checking '/home/thornch/rbpodo_ros2_ws/install/rbpodo_bringup/bin'
[0.672s] [34mcolcon.colcon_core.shell[0m [1;30mINFO[0m Creating package script '/home/thornch/rbpodo_ros2_ws/install/rbpodo_bringup/share/rbpodo_bringup/package.ps1'
[0.673s] [34mcolcon.colcon_core.shell[0m [1;30mINFO[0m Creating package descriptor '/home/thornch/rbpodo_ros2_ws/install/rbpodo_bringup/share/rbpodo_bringup/package.dsv'
[0.673s] [34mcolcon.colcon_core.shell[0m [1;30mINFO[0m Creating package script '/home/thornch/rbpodo_ros2_ws/install/rbpodo_bringup/share/rbpodo_bringup/package.sh'
[0.673s] [34mcolcon.colcon_core.shell[0m [1;30mINFO[0m Creating package script '/home/thornch/rbpodo_ros2_ws/install/rbpodo_bringup/share/rbpodo_bringup/package.bash'
[0.673s] [34mcolcon.colcon_core.shell[0m [1;30mINFO[0m Creating package script '/home/thornch/rbpodo_ros2_ws/install/rbpodo_bringup/share/rbpodo_bringup/package.zsh'
[0.673s] [34mcolcon.colcon_core.environment[0m [1;30mLevel 1[0m create_file_with_runtime_dependencies(/home/thornch/rbpodo_ros2_ws/install/rbpodo_bringup/share/colcon-core/packages/rbpodo_bringup)
[0.674s] [34mcolcon.colcon_core.environment[0m [1;30mLevel 1[0m create_environment_scripts_only(rbpodo_bringup)
[0.674s] [34mcolcon.colcon_core.environment[0m [1;30mLevel 1[0m checking '/home/thornch/rbpodo_ros2_ws/install/rbpodo_bringup' for CMake module files
[0.674s] [34mcolcon.colcon_core.environment[0m [1;30mLevel 1[0m checking '/home/thornch/rbpodo_ros2_ws/install/rbpodo_bringup' for CMake config files
[0.674s] [34mcolcon.colcon_core.shell[0m [1;30mLevel 1[0m create_environment_hook('rbpodo_bringup', 'cmake_prefix_path')
[0.674s] [34mcolcon.colcon_core.shell[0m [1;30mINFO[0m Creating environment hook '/home/thornch/rbpodo_ros2_ws/install/rbpodo_bringup/share/rbpodo_bringup/hook/cmake_prefix_path.ps1'
[0.674s] [34mcolcon.colcon_core.shell[0m [1;30mINFO[0m Creating environment descriptor '/home/thornch/rbpodo_ros2_ws/install/rbpodo_bringup/share/rbpodo_bringup/hook/cmake_prefix_path.dsv'
[0.674s] [34mcolcon.colcon_core.shell[0m [1;30mINFO[0m Creating environment hook '/home/thornch/rbpodo_ros2_ws/install/rbpodo_bringup/share/rbpodo_bringup/hook/cmake_prefix_path.sh'
[0.675s] [34mcolcon.colcon_core.environment[0m [1;30mLevel 1[0m checking '/home/thornch/rbpodo_ros2_ws/install/rbpodo_bringup/bin'
[0.675s] [34mcolcon.colcon_core.environment[0m [1;30mLevel 1[0m checking '/home/thornch/rbpodo_ros2_ws/install/rbpodo_bringup/lib/pkgconfig/rbpodo_bringup.pc'
[0.675s] [34mcolcon.colcon_core.environment[0m [1;30mLevel 1[0m checking '/home/thornch/rbpodo_ros2_ws/install/rbpodo_bringup/lib/python3.10/site-packages'
[0.675s] [34mcolcon.colcon_core.environment[0m [1;30mLevel 1[0m checking '/home/thornch/rbpodo_ros2_ws/install/rbpodo_bringup/bin'
[0.675s] [34mcolcon.colcon_core.shell[0m [1;30mINFO[0m Creating package script '/home/thornch/rbpodo_ros2_ws/install/rbpodo_bringup/share/rbpodo_bringup/package.ps1'
[0.675s] [34mcolcon.colcon_core.shell[0m [1;30mINFO[0m Creating package descriptor '/home/thornch/rbpodo_ros2_ws/install/rbpodo_bringup/share/rbpodo_bringup/package.dsv'
[0.675s] [34mcolcon.colcon_core.shell[0m [1;30mINFO[0m Creating package script '/home/thornch/rbpodo_ros2_ws/install/rbpodo_bringup/share/rbpodo_bringup/package.sh'
[0.676s] [34mcolcon.colcon_core.shell[0m [1;30mINFO[0m Creating package script '/home/thornch/rbpodo_ros2_ws/install/rbpodo_bringup/share/rbpodo_bringup/package.bash'
[0.676s] [34mcolcon.colcon_core.shell[0m [1;30mINFO[0m Creating package script '/home/thornch/rbpodo_ros2_ws/install/rbpodo_bringup/share/rbpodo_bringup/package.zsh'
[0.676s] [34mcolcon.colcon_core.environment[0m [1;30mLevel 1[0m create_file_with_runtime_dependencies(/home/thornch/rbpodo_ros2_ws/install/rbpodo_bringup/share/colcon-core/packages/rbpodo_bringup)
[1.073s] [34mcolcon.colcon_core.environment[0m [1;30mLevel 1[0m create_environment_scripts_only(rbpodo_controller)
[1.073s] [34mcolcon.colcon_core.environment[0m [1;30mLevel 1[0m checking '/home/thornch/rbpodo_ros2_ws/install/rbpodo_controller' for CMake module files
[1.073s] [34mcolcon.colcon_core.environment[0m [1;30mLevel 1[0m checking '/home/thornch/rbpodo_ros2_ws/install/rbpodo_controller' for CMake config files
[1.074s] [34mcolcon.colcon_core.event_handler.log_command[0m [1;30mDEBUG[0m [32mInvoked command in '/home/thornch/rbpodo_ros2_ws/build/rbpodo_controller' returned '2': AMENT_PREFIX_PATH=/home/thornch/rbpodo_ros2_ws/install/rbpodo_msgs:${AMENT_PREFIX_PATH} CMAKE_PREFIX_PATH=/home/thornch/rbpodo_ros2_ws/install/rbpodo_msgs:/opt/ros/humble LD_LIBRARY_PATH=/home/thornch/rbpodo_ros2_ws/install/rbpodo_msgs/lib:${LD_LIBRARY_PATH} PYTHONPATH=/home/thornch/rbpodo_ros2_ws/install/rbpodo_msgs/local/lib/python3.10/dist-packages:${PYTHONPATH} /usr/bin/cmake --build /home/thornch/rbpodo_ros2_ws/build/rbpodo_controller -- -j24 -l24[0m
[1.074s] [34mcolcon.colcon_core.environment[0m [1;30mLevel 1[0m checking '/home/thornch/rbpodo_ros2_ws/install/rbpodo_controller/bin'
[1.074s] [34mcolcon.colcon_core.environment[0m [1;30mLevel 1[0m checking '/home/thornch/rbpodo_ros2_ws/install/rbpodo_controller/lib/pkgconfig/rbpodo_controller.pc'
[1.074s] [34mcolcon.colcon_core.environment[0m [1;30mLevel 1[0m checking '/home/thornch/rbpodo_ros2_ws/install/rbpodo_controller/lib/python3.10/site-packages'
[1.074s] [34mcolcon.colcon_core.environment[0m [1;30mLevel 1[0m checking '/home/thornch/rbpodo_ros2_ws/install/rbpodo_controller/bin'
[1.074s] [34mcolcon.colcon_core.shell[0m [1;30mINFO[0m Creating package script '/home/thornch/rbpodo_ros2_ws/install/rbpodo_controller/share/rbpodo_controller/package.ps1'
[1.075s] [34mcolcon.colcon_core.shell[0m [1;30mINFO[0m Creating package descriptor '/home/thornch/rbpodo_ros2_ws/install/rbpodo_controller/share/rbpodo_controller/package.dsv'
[1.075s] [34mcolcon.colcon_core.shell[0m [1;30mINFO[0m Creating package script '/home/thornch/rbpodo_ros2_ws/install/rbpodo_controller/share/rbpodo_controller/package.sh'
[1.075s] [34mcolcon.colcon_core.shell[0m [1;30mINFO[0m Creating package script '/home/thornch/rbpodo_ros2_ws/install/rbpodo_controller/share/rbpodo_controller/package.bash'
[1.075s] [34mcolcon.colcon_core.shell[0m [1;30mINFO[0m Creating package script '/home/thornch/rbpodo_ros2_ws/install/rbpodo_controller/share/rbpodo_controller/package.zsh'
[1.075s] [34mcolcon.colcon_core.environment[0m [1;30mLevel 1[0m create_file_with_runtime_dependencies(/home/thornch/rbpodo_ros2_ws/install/rbpodo_controller/share/colcon-core/packages/rbpodo_controller)
[1.086s] [34mcolcon.colcon_parallel_executor.executor.parallel[0m [1;30mDEBUG[0m [32mclosing loop[0m
[1.086s] [34mcolcon.colcon_parallel_executor.executor.parallel[0m [1;30mDEBUG[0m [32mloop closed[0m
[1.086s] [34mcolcon.colcon_parallel_executor.executor.parallel[0m [1;30mDEBUG[0m [32mrun_until_complete finished with '2'[0m
[1.086s] [34mcolcon.colcon_core.event_reactor[0m [1;30mDEBUG[0m [32mjoining thread[0m
[1.090s] [34mcolcon.colcon_core.plugin_system[0m [1;30mINFO[0m Skipping extension 'colcon_notification.desktop_notification.terminal_notifier': Not used on non-Darwin systems
[1.090s] [34mcolcon.colcon_core.plugin_system[0m [1;30mINFO[0m Skipping extension 'colcon_notification.desktop_notification.win32': Not used on non-Windows systems
[1.090s] [34mcolcon.colcon_notification.desktop_notification[0m [1;30mINFO[0m Sending desktop notification using 'notify2'
[1.101s] [34mcolcon.colcon_core.event_reactor[0m [1;30mDEBUG[0m [32mjoined thread[0m
[1.101s] [34mcolcon.colcon_core.shell[0m [1;30mINFO[0m Creating prefix script '/home/thornch/rbpodo_ros2_ws/install/local_setup.ps1'
[1.103s] [34mcolcon.colcon_core.shell[0m [1;30mINFO[0m Creating prefix util module '/home/thornch/rbpodo_ros2_ws/install/_local_setup_util_ps1.py'
[1.104s] [34mcolcon.colcon_core.shell[0m [1;30mINFO[0m Creating prefix chain script '/home/thornch/rbpodo_ros2_ws/install/setup.ps1'
[1.105s] [34mcolcon.colcon_core.shell[0m [1;30mINFO[0m Creating prefix script '/home/thornch/rbpodo_ros2_ws/install/local_setup.sh'
[1.106s] [34mcolcon.colcon_core.shell[0m [1;30mINFO[0m Creating prefix util module '/home/thornch/rbpodo_ros2_ws/install/_local_setup_util_sh.py'
[1.107s] [34mcolcon.colcon_core.shell[0m [1;30mINFO[0m Creating prefix chain script '/home/thornch/rbpodo_ros2_ws/install/setup.sh'
[1.109s] [34mcolcon.colcon_core.shell[0m [1;30mINFO[0m Creating prefix script '/home/thornch/rbpodo_ros2_ws/install/local_setup.bash'
[1.110s] [34mcolcon.colcon_core.shell[0m [1;30mINFO[0m Creating prefix chain script '/home/thornch/rbpodo_ros2_ws/install/setup.bash'
[1.112s] [34mcolcon.colcon_core.shell[0m [1;30mINFO[0m Creating prefix script '/home/thornch/rbpodo_ros2_ws/install/local_setup.zsh'
[1.112s] [34mcolcon.colcon_core.shell[0m [1;30mINFO[0m Creating prefix chain script '/home/thornch/rbpodo_ros2_ws/install/setup.zsh'
