[0.057s] [34mcolcon[0m [1;30mDEBUG[0m [32mCommand line arguments: ['/usr/bin/colcon', 'build', '--cmake-args', '-DCMAKE_BUILD_TYPE=Release'][0m
[0.057s] [34mcolcon[0m [1;30mDEBUG[0m [32mParsed command line arguments: Namespace(log_base=None, log_level=None, verb_name='build', build_base='build', install_base='install', merge_install=False, symlink_install=False, test_result_base=None, continue_on_error=False, executor='parallel', parallel_workers=24, event_handlers=None, ignore_user_meta=False, metas=['./colcon.meta'], base_paths=['.'], packages_ignore=None, packages_ignore_regex=None, paths=None, packages_up_to=None, packages_up_to_regex=None, packages_above=None, packages_above_and_dependencies=None, packages_above_depth=None, packages_select_by_dep=None, packages_skip_by_dep=None, packages_skip_up_to=None, packages_select_build_failed=False, packages_skip_build_finished=False, packages_select_test_failures=False, packages_skip_test_passed=False, packages_select=None, packages_skip=None, packages_select_regex=None, packages_skip_regex=None, packages_start=None, packages_end=None, allow_overriding=[], cmake_args=['-DCMAKE_BUILD_TYPE=Release'], cmake_target=None, cmake_target_skip_unavailable=False, cmake_clean_cache=False, cmake_clean_first=False, cmake_force_configure=False, ament_cmake_args=None, catkin_cmake_args=None, catkin_skip_building_tests=False, mixin_files=None, mixin=None, verb_parser=<colcon_mixin.mixin.mixin_argument.MixinArgumentDecorator object at 0x744c5c444160>, verb_extension=<colcon_core.verb.build.BuildVerb object at 0x744c5c40fc70>, main=<bound method BuildVerb.main of <colcon_core.verb.build.BuildVerb object at 0x744c5c40fc70>>, mixin_verb=('build',))[0m
[0.174s] [34mcolcon.colcon_core.package_discovery[0m [1;30mLevel 1[0m discover_packages(colcon_meta) check parameters
[0.174s] [34mcolcon.colcon_core.package_discovery[0m [1;30mLevel 1[0m discover_packages(recursive) check parameters
[0.174s] [34mcolcon.colcon_core.package_discovery[0m [1;30mLevel 1[0m discover_packages(ignore) check parameters
[0.174s] [34mcolcon.colcon_core.package_discovery[0m [1;30mLevel 1[0m discover_packages(path) check parameters
[0.174s] [34mcolcon.colcon_core.package_discovery[0m [1;30mLevel 1[0m discover_packages(colcon_meta) discover
[0.175s] [34mcolcon.colcon_core.package_discovery[0m [1;30mLevel 1[0m discover_packages(recursive) discover
[0.175s] [34mcolcon.colcon_core.package_discovery[0m [1;30mINFO[0m Crawling recursively for packages in '/home/thornch/rbpodo_ros2_ws'
[0.175s] [34mcolcon.colcon_core.package_identification[0m [1;30mLevel 1[0m _identify(.) by extensions ['ignore', 'ignore_ament_install']
[0.175s] [34mcolcon.colcon_core.package_identification[0m [1;30mLevel 1[0m _identify(.) by extension 'ignore'
[0.175s] [34mcolcon.colcon_core.package_identification[0m [1;30mLevel 1[0m _identify(.) by extension 'ignore_ament_install'
[0.175s] [34mcolcon.colcon_core.package_identification[0m [1;30mLevel 1[0m _identify(.) by extensions ['colcon_pkg']
[0.175s] [34mcolcon.colcon_core.package_identification[0m [1;30mLevel 1[0m _identify(.) by extension 'colcon_pkg'
[0.175s] [34mcolcon.colcon_core.package_identification[0m [1;30mLevel 1[0m _identify(.) by extensions ['colcon_meta']
[0.175s] [34mcolcon.colcon_core.package_identification[0m [1;30mLevel 1[0m _identify(.) by extension 'colcon_meta'
[0.175s] [34mcolcon.colcon_core.package_identification[0m [1;30mLevel 1[0m _identify(.) by extensions ['ros']
[0.175s] [34mcolcon.colcon_core.package_identification[0m [1;30mLevel 1[0m _identify(.) by extension 'ros'
[0.182s] [34mcolcon.colcon_core.package_identification[0m [1;30mLevel 1[0m _identify(.) by extensions ['cmake', 'python']
[0.182s] [34mcolcon.colcon_core.package_identification[0m [1;30mLevel 1[0m _identify(.) by extension 'cmake'
[0.182s] [34mcolcon.colcon_core.package_identification[0m [1;30mLevel 1[0m _identify(.) by extension 'python'
[0.182s] [34mcolcon.colcon_core.package_identification[0m [1;30mLevel 1[0m _identify(.) by extensions ['python_setup_py']
[0.182s] [34mcolcon.colcon_core.package_identification[0m [1;30mLevel 1[0m _identify(.) by extension 'python_setup_py'
[0.182s] [34mcolcon.colcon_core.package_identification[0m [1;30mLevel 1[0m _identify(build) by extensions ['ignore', 'ignore_ament_install']
[0.182s] [34mcolcon.colcon_core.package_identification[0m [1;30mLevel 1[0m _identify(build) by extension 'ignore'
[0.182s] [34mcolcon.colcon_core.package_identification[0m [1;30mLevel 1[0m _identify(build) ignored
[0.182s] [34mcolcon.colcon_core.package_identification[0m [1;30mLevel 1[0m _identify(install) by extensions ['ignore', 'ignore_ament_install']
[0.182s] [34mcolcon.colcon_core.package_identification[0m [1;30mLevel 1[0m _identify(install) by extension 'ignore'
[0.182s] [34mcolcon.colcon_core.package_identification[0m [1;30mLevel 1[0m _identify(install) ignored
[0.182s] [34mcolcon.colcon_core.package_identification[0m [1;30mLevel 1[0m _identify(log) by extensions ['ignore', 'ignore_ament_install']
[0.182s] [34mcolcon.colcon_core.package_identification[0m [1;30mLevel 1[0m _identify(log) by extension 'ignore'
[0.183s] [34mcolcon.colcon_core.package_identification[0m [1;30mLevel 1[0m _identify(log) ignored
[0.183s] [34mcolcon.colcon_core.package_identification[0m [1;30mLevel 1[0m _identify(src) by extensions ['ignore', 'ignore_ament_install']
[0.183s] [34mcolcon.colcon_core.package_identification[0m [1;30mLevel 1[0m _identify(src) by extension 'ignore'
[0.183s] [34mcolcon.colcon_core.package_identification[0m [1;30mLevel 1[0m _identify(src) by extension 'ignore_ament_install'
[0.183s] [34mcolcon.colcon_core.package_identification[0m [1;30mLevel 1[0m _identify(src) by extensions ['colcon_pkg']
[0.183s] [34mcolcon.colcon_core.package_identification[0m [1;30mLevel 1[0m _identify(src) by extension 'colcon_pkg'
[0.183s] [34mcolcon.colcon_core.package_identification[0m [1;30mLevel 1[0m _identify(src) by extensions ['colcon_meta']
[0.183s] [34mcolcon.colcon_core.package_identification[0m [1;30mLevel 1[0m _identify(src) by extension 'colcon_meta'
[0.183s] [34mcolcon.colcon_core.package_identification[0m [1;30mLevel 1[0m _identify(src) by extensions ['ros']
[0.183s] [34mcolcon.colcon_core.package_identification[0m [1;30mLevel 1[0m _identify(src) by extension 'ros'
[0.183s] [34mcolcon.colcon_core.package_identification[0m [1;30mLevel 1[0m _identify(src) by extensions ['cmake', 'python']
[0.183s] [34mcolcon.colcon_core.package_identification[0m [1;30mLevel 1[0m _identify(src) by extension 'cmake'
[0.183s] [34mcolcon.colcon_core.package_identification[0m [1;30mLevel 1[0m _identify(src) by extension 'python'
[0.183s] [34mcolcon.colcon_core.package_identification[0m [1;30mLevel 1[0m _identify(src) by extensions ['python_setup_py']
[0.183s] [34mcolcon.colcon_core.package_identification[0m [1;30mLevel 1[0m _identify(src) by extension 'python_setup_py'
[0.183s] [34mcolcon.colcon_core.package_identification[0m [1;30mLevel 1[0m _identify(src/rbpodo_ros2) by extensions ['ignore', 'ignore_ament_install']
[0.183s] [34mcolcon.colcon_core.package_identification[0m [1;30mLevel 1[0m _identify(src/rbpodo_ros2) by extension 'ignore'
[0.183s] [34mcolcon.colcon_core.package_identification[0m [1;30mLevel 1[0m _identify(src/rbpodo_ros2) by extension 'ignore_ament_install'
[0.183s] [34mcolcon.colcon_core.package_identification[0m [1;30mLevel 1[0m _identify(src/rbpodo_ros2) by extensions ['colcon_pkg']
[0.183s] [34mcolcon.colcon_core.package_identification[0m [1;30mLevel 1[0m _identify(src/rbpodo_ros2) by extension 'colcon_pkg'
[0.183s] [34mcolcon.colcon_core.package_identification[0m [1;30mLevel 1[0m _identify(src/rbpodo_ros2) by extensions ['colcon_meta']
[0.183s] [34mcolcon.colcon_core.package_identification[0m [1;30mLevel 1[0m _identify(src/rbpodo_ros2) by extension 'colcon_meta'
[0.183s] [34mcolcon.colcon_core.package_identification[0m [1;30mLevel 1[0m _identify(src/rbpodo_ros2) by extensions ['ros']
[0.183s] [34mcolcon.colcon_core.package_identification[0m [1;30mLevel 1[0m _identify(src/rbpodo_ros2) by extension 'ros'
[0.183s] [34mcolcon.colcon_core.package_identification[0m [1;30mLevel 1[0m _identify(src/rbpodo_ros2) by extensions ['cmake', 'python']
[0.183s] [34mcolcon.colcon_core.package_identification[0m [1;30mLevel 1[0m _identify(src/rbpodo_ros2) by extension 'cmake'
[0.183s] [34mcolcon.colcon_core.package_identification[0m [1;30mLevel 1[0m _identify(src/rbpodo_ros2) by extension 'python'
[0.183s] [34mcolcon.colcon_core.package_identification[0m [1;30mLevel 1[0m _identify(src/rbpodo_ros2) by extensions ['python_setup_py']
[0.183s] [34mcolcon.colcon_core.package_identification[0m [1;30mLevel 1[0m _identify(src/rbpodo_ros2) by extension 'python_setup_py'
[0.183s] [34mcolcon.colcon_core.package_identification[0m [1;30mLevel 1[0m _identify(src/rbpodo_ros2/rbpodo_bringup) by extensions ['ignore', 'ignore_ament_install']
[0.183s] [34mcolcon.colcon_core.package_identification[0m [1;30mLevel 1[0m _identify(src/rbpodo_ros2/rbpodo_bringup) by extension 'ignore'
[0.183s] [34mcolcon.colcon_core.package_identification[0m [1;30mLevel 1[0m _identify(src/rbpodo_ros2/rbpodo_bringup) by extension 'ignore_ament_install'
[0.183s] [34mcolcon.colcon_core.package_identification[0m [1;30mLevel 1[0m _identify(src/rbpodo_ros2/rbpodo_bringup) by extensions ['colcon_pkg']
[0.183s] [34mcolcon.colcon_core.package_identification[0m [1;30mLevel 1[0m _identify(src/rbpodo_ros2/rbpodo_bringup) by extension 'colcon_pkg'
[0.183s] [34mcolcon.colcon_core.package_identification[0m [1;30mLevel 1[0m _identify(src/rbpodo_ros2/rbpodo_bringup) by extensions ['colcon_meta']
[0.183s] [34mcolcon.colcon_core.package_identification[0m [1;30mLevel 1[0m _identify(src/rbpodo_ros2/rbpodo_bringup) by extension 'colcon_meta'
[0.183s] [34mcolcon.colcon_core.package_identification[0m [1;30mLevel 1[0m _identify(src/rbpodo_ros2/rbpodo_bringup) by extensions ['ros']
[0.183s] [34mcolcon.colcon_core.package_identification[0m [1;30mLevel 1[0m _identify(src/rbpodo_ros2/rbpodo_bringup) by extension 'ros'
[0.184s] [34mcolcon.colcon_core.package_identification[0m [1;30mDEBUG[0m [32mPackage 'src/rbpodo_ros2/rbpodo_bringup' with type 'ros.ament_cmake' and name 'rbpodo_bringup'[0m
[0.185s] [34mcolcon.colcon_core.package_identification[0m [1;30mLevel 1[0m _identify(src/rbpodo_ros2/rbpodo_description) by extensions ['ignore', 'ignore_ament_install']
[0.185s] [34mcolcon.colcon_core.package_identification[0m [1;30mLevel 1[0m _identify(src/rbpodo_ros2/rbpodo_description) by extension 'ignore'
[0.185s] [34mcolcon.colcon_core.package_identification[0m [1;30mLevel 1[0m _identify(src/rbpodo_ros2/rbpodo_description) by extension 'ignore_ament_install'
[0.185s] [34mcolcon.colcon_core.package_identification[0m [1;30mLevel 1[0m _identify(src/rbpodo_ros2/rbpodo_description) by extensions ['colcon_pkg']
[0.185s] [34mcolcon.colcon_core.package_identification[0m [1;30mLevel 1[0m _identify(src/rbpodo_ros2/rbpodo_description) by extension 'colcon_pkg'
[0.185s] [34mcolcon.colcon_core.package_identification[0m [1;30mLevel 1[0m _identify(src/rbpodo_ros2/rbpodo_description) by extensions ['colcon_meta']
[0.185s] [34mcolcon.colcon_core.package_identification[0m [1;30mLevel 1[0m _identify(src/rbpodo_ros2/rbpodo_description) by extension 'colcon_meta'
[0.185s] [34mcolcon.colcon_core.package_identification[0m [1;30mLevel 1[0m _identify(src/rbpodo_ros2/rbpodo_description) by extensions ['ros']
[0.185s] [34mcolcon.colcon_core.package_identification[0m [1;30mLevel 1[0m _identify(src/rbpodo_ros2/rbpodo_description) by extension 'ros'
[0.185s] [34mcolcon.colcon_core.package_identification[0m [1;30mDEBUG[0m [32mPackage 'src/rbpodo_ros2/rbpodo_description' with type 'ros.ament_cmake' and name 'rbpodo_description'[0m
[0.185s] [34mcolcon.colcon_core.package_identification[0m [1;30mLevel 1[0m _identify(src/rbpodo_ros2/rbpodo_hardware) by extensions ['ignore', 'ignore_ament_install']
[0.185s] [34mcolcon.colcon_core.package_identification[0m [1;30mLevel 1[0m _identify(src/rbpodo_ros2/rbpodo_hardware) by extension 'ignore'
[0.185s] [34mcolcon.colcon_core.package_identification[0m [1;30mLevel 1[0m _identify(src/rbpodo_ros2/rbpodo_hardware) by extension 'ignore_ament_install'
[0.185s] [34mcolcon.colcon_core.package_identification[0m [1;30mLevel 1[0m _identify(src/rbpodo_ros2/rbpodo_hardware) by extensions ['colcon_pkg']
[0.185s] [34mcolcon.colcon_core.package_identification[0m [1;30mLevel 1[0m _identify(src/rbpodo_ros2/rbpodo_hardware) by extension 'colcon_pkg'
[0.185s] [34mcolcon.colcon_core.package_identification[0m [1;30mLevel 1[0m _identify(src/rbpodo_ros2/rbpodo_hardware) by extensions ['colcon_meta']
[0.185s] [34mcolcon.colcon_core.package_identification[0m [1;30mLevel 1[0m _identify(src/rbpodo_ros2/rbpodo_hardware) by extension 'colcon_meta'
[0.185s] [34mcolcon.colcon_core.package_identification[0m [1;30mLevel 1[0m _identify(src/rbpodo_ros2/rbpodo_hardware) by extensions ['ros']
[0.185s] [34mcolcon.colcon_core.package_identification[0m [1;30mLevel 1[0m _identify(src/rbpodo_ros2/rbpodo_hardware) by extension 'ros'
[0.186s] [34mcolcon.colcon_core.package_identification[0m [1;30mDEBUG[0m [32mPackage 'src/rbpodo_ros2/rbpodo_hardware' with type 'ros.ament_cmake' and name 'rbpodo_hardware'[0m
[0.186s] [34mcolcon.colcon_core.package_identification[0m [1;30mLevel 1[0m _identify(src/rbpodo_ros2/rbpodo_moveit_config) by extensions ['ignore', 'ignore_ament_install']
[0.186s] [34mcolcon.colcon_core.package_identification[0m [1;30mLevel 1[0m _identify(src/rbpodo_ros2/rbpodo_moveit_config) by extension 'ignore'
[0.186s] [34mcolcon.colcon_core.package_identification[0m [1;30mLevel 1[0m _identify(src/rbpodo_ros2/rbpodo_moveit_config) by extension 'ignore_ament_install'
[0.186s] [34mcolcon.colcon_core.package_identification[0m [1;30mLevel 1[0m _identify(src/rbpodo_ros2/rbpodo_moveit_config) by extensions ['colcon_pkg']
[0.186s] [34mcolcon.colcon_core.package_identification[0m [1;30mLevel 1[0m _identify(src/rbpodo_ros2/rbpodo_moveit_config) by extension 'colcon_pkg'
[0.186s] [34mcolcon.colcon_core.package_identification[0m [1;30mLevel 1[0m _identify(src/rbpodo_ros2/rbpodo_moveit_config) by extensions ['colcon_meta']
[0.186s] [34mcolcon.colcon_core.package_identification[0m [1;30mLevel 1[0m _identify(src/rbpodo_ros2/rbpodo_moveit_config) by extension 'colcon_meta'
[0.186s] [34mcolcon.colcon_core.package_identification[0m [1;30mLevel 1[0m _identify(src/rbpodo_ros2/rbpodo_moveit_config) by extensions ['ros']
[0.186s] [34mcolcon.colcon_core.package_identification[0m [1;30mLevel 1[0m _identify(src/rbpodo_ros2/rbpodo_moveit_config) by extension 'ros'
[0.186s] [34mcolcon.colcon_core.package_identification[0m [1;30mLevel 1[0m _identify(src/rbpodo_ros2/rbpodo_moveit_config) by extensions ['cmake', 'python']
[0.186s] [34mcolcon.colcon_core.package_identification[0m [1;30mLevel 1[0m _identify(src/rbpodo_ros2/rbpodo_moveit_config) by extension 'cmake'
[0.186s] [34mcolcon.colcon_core.package_identification[0m [1;30mLevel 1[0m _identify(src/rbpodo_ros2/rbpodo_moveit_config) by extension 'python'
[0.186s] [34mcolcon.colcon_core.package_identification[0m [1;30mLevel 1[0m _identify(src/rbpodo_ros2/rbpodo_moveit_config) by extensions ['python_setup_py']
[0.186s] [34mcolcon.colcon_core.package_identification[0m [1;30mLevel 1[0m _identify(src/rbpodo_ros2/rbpodo_moveit_config) by extension 'python_setup_py'
[0.186s] [34mcolcon.colcon_core.package_identification[0m [1;30mLevel 1[0m _identify(src/rbpodo_ros2/rbpodo_moveit_config/rb3_730es_u_moveit_config) by extensions ['ignore', 'ignore_ament_install']
[0.186s] [34mcolcon.colcon_core.package_identification[0m [1;30mLevel 1[0m _identify(src/rbpodo_ros2/rbpodo_moveit_config/rb3_730es_u_moveit_config) by extension 'ignore'
[0.186s] [34mcolcon.colcon_core.package_identification[0m [1;30mLevel 1[0m _identify(src/rbpodo_ros2/rbpodo_moveit_config/rb3_730es_u_moveit_config) by extension 'ignore_ament_install'
[0.186s] [34mcolcon.colcon_core.package_identification[0m [1;30mLevel 1[0m _identify(src/rbpodo_ros2/rbpodo_moveit_config/rb3_730es_u_moveit_config) by extensions ['colcon_pkg']
[0.186s] [34mcolcon.colcon_core.package_identification[0m [1;30mLevel 1[0m _identify(src/rbpodo_ros2/rbpodo_moveit_config/rb3_730es_u_moveit_config) by extension 'colcon_pkg'
[0.186s] [34mcolcon.colcon_core.package_identification[0m [1;30mLevel 1[0m _identify(src/rbpodo_ros2/rbpodo_moveit_config/rb3_730es_u_moveit_config) by extensions ['colcon_meta']
[0.186s] [34mcolcon.colcon_core.package_identification[0m [1;30mLevel 1[0m _identify(src/rbpodo_ros2/rbpodo_moveit_config/rb3_730es_u_moveit_config) by extension 'colcon_meta'
[0.186s] [34mcolcon.colcon_core.package_identification[0m [1;30mLevel 1[0m _identify(src/rbpodo_ros2/rbpodo_moveit_config/rb3_730es_u_moveit_config) by extensions ['ros']
[0.186s] [34mcolcon.colcon_core.package_identification[0m [1;30mLevel 1[0m _identify(src/rbpodo_ros2/rbpodo_moveit_config/rb3_730es_u_moveit_config) by extension 'ros'
[0.187s] [34mcolcon.colcon_core.package_identification[0m [1;30mDEBUG[0m [32mPackage 'src/rbpodo_ros2/rbpodo_moveit_config/rb3_730es_u_moveit_config' with type 'ros.ament_cmake' and name 'rb3_730es_u_moveit_config'[0m
[0.187s] [34mcolcon.colcon_core.package_identification[0m [1;30mLevel 1[0m _identify(src/rbpodo_ros2/rbpodo_msgs) by extensions ['ignore', 'ignore_ament_install']
[0.187s] [34mcolcon.colcon_core.package_identification[0m [1;30mLevel 1[0m _identify(src/rbpodo_ros2/rbpodo_msgs) by extension 'ignore'
[0.187s] [34mcolcon.colcon_core.package_identification[0m [1;30mLevel 1[0m _identify(src/rbpodo_ros2/rbpodo_msgs) by extension 'ignore_ament_install'
[0.187s] [34mcolcon.colcon_core.package_identification[0m [1;30mLevel 1[0m _identify(src/rbpodo_ros2/rbpodo_msgs) by extensions ['colcon_pkg']
[0.187s] [34mcolcon.colcon_core.package_identification[0m [1;30mLevel 1[0m _identify(src/rbpodo_ros2/rbpodo_msgs) by extension 'colcon_pkg'
[0.187s] [34mcolcon.colcon_core.package_identification[0m [1;30mLevel 1[0m _identify(src/rbpodo_ros2/rbpodo_msgs) by extensions ['colcon_meta']
[0.187s] [34mcolcon.colcon_core.package_identification[0m [1;30mLevel 1[0m _identify(src/rbpodo_ros2/rbpodo_msgs) by extension 'colcon_meta'
[0.187s] [34mcolcon.colcon_core.package_identification[0m [1;30mLevel 1[0m _identify(src/rbpodo_ros2/rbpodo_msgs) by extensions ['ros']
[0.187s] [34mcolcon.colcon_core.package_identification[0m [1;30mLevel 1[0m _identify(src/rbpodo_ros2/rbpodo_msgs) by extension 'ros'
[0.187s] [34mcolcon.colcon_core.package_identification[0m [1;30mDEBUG[0m [32mPackage 'src/rbpodo_ros2/rbpodo_msgs' with type 'ros.ament_cmake' and name 'rbpodo_msgs'[0m
[0.187s] [34mcolcon.colcon_core.package_discovery[0m [1;30mLevel 1[0m discover_packages(recursive) using defaults
[0.187s] [34mcolcon.colcon_core.package_discovery[0m [1;30mLevel 1[0m discover_packages(ignore) discover
[0.187s] [34mcolcon.colcon_core.package_discovery[0m [1;30mLevel 1[0m discover_packages(ignore) using defaults
[0.187s] [34mcolcon.colcon_core.package_discovery[0m [1;30mLevel 1[0m discover_packages(path) discover
[0.187s] [34mcolcon.colcon_core.package_discovery[0m [1;30mLevel 1[0m discover_packages(path) using defaults
[0.196s] [34mcolcon.colcon_core.package_discovery[0m [1;30mLevel 1[0m discover_packages(prefix_path) check parameters
[0.196s] [34mcolcon.colcon_core.package_discovery[0m [1;30mLevel 1[0m discover_packages(prefix_path) discover
[0.197s] [34mcolcon.colcon_installed_package_information.package_discovery[0m [1;30mDEBUG[0m [32mFound 3 installed packages in /home/thornch/rbpodo_ros2_ws/install[0m
[0.197s] [34mcolcon.colcon_installed_package_information.package_discovery[0m [1;30mDEBUG[0m [32mFound 254 installed packages in /opt/ros/humble[0m
[0.198s] [34mcolcon.colcon_core.package_discovery[0m [1;30mLevel 1[0m discover_packages(prefix_path) using defaults
[0.210s] [34mcolcon.colcon_core.verb[0m [1;30mLevel 5[0m set package 'rbpodo_description' build argument 'cmake_args' from command line to '['-DCMAKE_BUILD_TYPE=Release']'
[0.210s] [34mcolcon.colcon_core.verb[0m [1;30mLevel 5[0m set package 'rbpodo_description' build argument 'cmake_target' from command line to 'None'
[0.210s] [34mcolcon.colcon_core.verb[0m [1;30mLevel 5[0m set package 'rbpodo_description' build argument 'cmake_target_skip_unavailable' from command line to 'False'
[0.210s] [34mcolcon.colcon_core.verb[0m [1;30mLevel 5[0m set package 'rbpodo_description' build argument 'cmake_clean_cache' from command line to 'False'
[0.210s] [34mcolcon.colcon_core.verb[0m [1;30mLevel 5[0m set package 'rbpodo_description' build argument 'cmake_clean_first' from command line to 'False'
[0.210s] [34mcolcon.colcon_core.verb[0m [1;30mLevel 5[0m set package 'rbpodo_description' build argument 'cmake_force_configure' from command line to 'False'
[0.210s] [34mcolcon.colcon_core.verb[0m [1;30mLevel 5[0m set package 'rbpodo_description' build argument 'ament_cmake_args' from command line to 'None'
[0.210s] [34mcolcon.colcon_core.verb[0m [1;30mLevel 5[0m set package 'rbpodo_description' build argument 'catkin_cmake_args' from command line to 'None'
[0.210s] [34mcolcon.colcon_core.verb[0m [1;30mLevel 5[0m set package 'rbpodo_description' build argument 'catkin_skip_building_tests' from command line to 'False'
[0.210s] [34mcolcon.colcon_core.verb[0m [1;30mDEBUG[0m [32mBuilding package 'rbpodo_description' with the following arguments: {'ament_cmake_args': None, 'build_base': '/home/thornch/rbpodo_ros2_ws/build/rbpodo_description', 'catkin_cmake_args': None, 'catkin_skip_building_tests': False, 'cmake_args': ['-DCMAKE_BUILD_TYPE=Release'], 'cmake_clean_cache': False, 'cmake_clean_first': False, 'cmake_force_configure': False, 'cmake_target': None, 'cmake_target_skip_unavailable': False, 'install_base': '/home/thornch/rbpodo_ros2_ws/install/rbpodo_description', 'merge_install': False, 'path': '/home/thornch/rbpodo_ros2_ws/src/rbpodo_ros2/rbpodo_description', 'symlink_install': False, 'test_result_base': None}[0m
[0.210s] [34mcolcon.colcon_core.verb[0m [1;30mLevel 5[0m set package 'rbpodo_msgs' build argument 'cmake_args' from command line to '['-DCMAKE_BUILD_TYPE=Release']'
[0.210s] [34mcolcon.colcon_core.verb[0m [1;30mLevel 5[0m set package 'rbpodo_msgs' build argument 'cmake_target' from command line to 'None'
[0.210s] [34mcolcon.colcon_core.verb[0m [1;30mLevel 5[0m set package 'rbpodo_msgs' build argument 'cmake_target_skip_unavailable' from command line to 'False'
[0.210s] [34mcolcon.colcon_core.verb[0m [1;30mLevel 5[0m set package 'rbpodo_msgs' build argument 'cmake_clean_cache' from command line to 'False'
[0.210s] [34mcolcon.colcon_core.verb[0m [1;30mLevel 5[0m set package 'rbpodo_msgs' build argument 'cmake_clean_first' from command line to 'False'
[0.210s] [34mcolcon.colcon_core.verb[0m [1;30mLevel 5[0m set package 'rbpodo_msgs' build argument 'cmake_force_configure' from command line to 'False'
[0.210s] [34mcolcon.colcon_core.verb[0m [1;30mLevel 5[0m set package 'rbpodo_msgs' build argument 'ament_cmake_args' from command line to 'None'
[0.210s] [34mcolcon.colcon_core.verb[0m [1;30mLevel 5[0m set package 'rbpodo_msgs' build argument 'catkin_cmake_args' from command line to 'None'
[0.210s] [34mcolcon.colcon_core.verb[0m [1;30mLevel 5[0m set package 'rbpodo_msgs' build argument 'catkin_skip_building_tests' from command line to 'False'
[0.210s] [34mcolcon.colcon_core.verb[0m [1;30mDEBUG[0m [32mBuilding package 'rbpodo_msgs' with the following arguments: {'ament_cmake_args': None, 'build_base': '/home/thornch/rbpodo_ros2_ws/build/rbpodo_msgs', 'catkin_cmake_args': None, 'catkin_skip_building_tests': False, 'cmake_args': ['-DCMAKE_BUILD_TYPE=Release'], 'cmake_clean_cache': False, 'cmake_clean_first': False, 'cmake_force_configure': False, 'cmake_target': None, 'cmake_target_skip_unavailable': False, 'install_base': '/home/thornch/rbpodo_ros2_ws/install/rbpodo_msgs', 'merge_install': False, 'path': '/home/thornch/rbpodo_ros2_ws/src/rbpodo_ros2/rbpodo_msgs', 'symlink_install': False, 'test_result_base': None}[0m
[0.211s] [34mcolcon.colcon_core.verb[0m [1;30mLevel 5[0m set package 'rb3_730es_u_moveit_config' build argument 'cmake_args' from command line to '['-DCMAKE_BUILD_TYPE=Release']'
[0.211s] [34mcolcon.colcon_core.verb[0m [1;30mLevel 5[0m set package 'rb3_730es_u_moveit_config' build argument 'cmake_target' from command line to 'None'
[0.211s] [34mcolcon.colcon_core.verb[0m [1;30mLevel 5[0m set package 'rb3_730es_u_moveit_config' build argument 'cmake_target_skip_unavailable' from command line to 'False'
[0.211s] [34mcolcon.colcon_core.verb[0m [1;30mLevel 5[0m set package 'rb3_730es_u_moveit_config' build argument 'cmake_clean_cache' from command line to 'False'
[0.211s] [34mcolcon.colcon_core.verb[0m [1;30mLevel 5[0m set package 'rb3_730es_u_moveit_config' build argument 'cmake_clean_first' from command line to 'False'
[0.211s] [34mcolcon.colcon_core.verb[0m [1;30mLevel 5[0m set package 'rb3_730es_u_moveit_config' build argument 'cmake_force_configure' from command line to 'False'
[0.211s] [34mcolcon.colcon_core.verb[0m [1;30mLevel 5[0m set package 'rb3_730es_u_moveit_config' build argument 'ament_cmake_args' from command line to 'None'
[0.211s] [34mcolcon.colcon_core.verb[0m [1;30mLevel 5[0m set package 'rb3_730es_u_moveit_config' build argument 'catkin_cmake_args' from command line to 'None'
[0.211s] [34mcolcon.colcon_core.verb[0m [1;30mLevel 5[0m set package 'rb3_730es_u_moveit_config' build argument 'catkin_skip_building_tests' from command line to 'False'
[0.211s] [34mcolcon.colcon_core.verb[0m [1;30mDEBUG[0m [32mBuilding package 'rb3_730es_u_moveit_config' with the following arguments: {'ament_cmake_args': None, 'build_base': '/home/thornch/rbpodo_ros2_ws/build/rb3_730es_u_moveit_config', 'catkin_cmake_args': None, 'catkin_skip_building_tests': False, 'cmake_args': ['-DCMAKE_BUILD_TYPE=Release'], 'cmake_clean_cache': False, 'cmake_clean_first': False, 'cmake_force_configure': False, 'cmake_target': None, 'cmake_target_skip_unavailable': False, 'install_base': '/home/thornch/rbpodo_ros2_ws/install/rb3_730es_u_moveit_config', 'merge_install': False, 'path': '/home/thornch/rbpodo_ros2_ws/src/rbpodo_ros2/rbpodo_moveit_config/rb3_730es_u_moveit_config', 'symlink_install': False, 'test_result_base': None}[0m
[0.211s] [34mcolcon.colcon_core.verb[0m [1;30mLevel 5[0m set package 'rbpodo_hardware' build argument 'cmake_args' from command line to '['-DCMAKE_BUILD_TYPE=Release']'
[0.211s] [34mcolcon.colcon_core.verb[0m [1;30mLevel 5[0m set package 'rbpodo_hardware' build argument 'cmake_target' from command line to 'None'
[0.211s] [34mcolcon.colcon_core.verb[0m [1;30mLevel 5[0m set package 'rbpodo_hardware' build argument 'cmake_target_skip_unavailable' from command line to 'False'
[0.211s] [34mcolcon.colcon_core.verb[0m [1;30mLevel 5[0m set package 'rbpodo_hardware' build argument 'cmake_clean_cache' from command line to 'False'
[0.211s] [34mcolcon.colcon_core.verb[0m [1;30mLevel 5[0m set package 'rbpodo_hardware' build argument 'cmake_clean_first' from command line to 'False'
[0.211s] [34mcolcon.colcon_core.verb[0m [1;30mLevel 5[0m set package 'rbpodo_hardware' build argument 'cmake_force_configure' from command line to 'False'
[0.211s] [34mcolcon.colcon_core.verb[0m [1;30mLevel 5[0m set package 'rbpodo_hardware' build argument 'ament_cmake_args' from command line to 'None'
[0.211s] [34mcolcon.colcon_core.verb[0m [1;30mLevel 5[0m set package 'rbpodo_hardware' build argument 'catkin_cmake_args' from command line to 'None'
[0.211s] [34mcolcon.colcon_core.verb[0m [1;30mLevel 5[0m set package 'rbpodo_hardware' build argument 'catkin_skip_building_tests' from command line to 'False'
[0.211s] [34mcolcon.colcon_core.verb[0m [1;30mDEBUG[0m [32mBuilding package 'rbpodo_hardware' with the following arguments: {'ament_cmake_args': None, 'build_base': '/home/thornch/rbpodo_ros2_ws/build/rbpodo_hardware', 'catkin_cmake_args': None, 'catkin_skip_building_tests': False, 'cmake_args': ['-DCMAKE_BUILD_TYPE=Release'], 'cmake_clean_cache': False, 'cmake_clean_first': False, 'cmake_force_configure': False, 'cmake_target': None, 'cmake_target_skip_unavailable': False, 'install_base': '/home/thornch/rbpodo_ros2_ws/install/rbpodo_hardware', 'merge_install': False, 'path': '/home/thornch/rbpodo_ros2_ws/src/rbpodo_ros2/rbpodo_hardware', 'symlink_install': False, 'test_result_base': None}[0m
[0.211s] [34mcolcon.colcon_core.verb[0m [1;30mLevel 5[0m set package 'rbpodo_bringup' build argument 'cmake_args' from command line to '['-DCMAKE_BUILD_TYPE=Release']'
[0.211s] [34mcolcon.colcon_core.verb[0m [1;30mLevel 5[0m set package 'rbpodo_bringup' build argument 'cmake_target' from command line to 'None'
[0.211s] [34mcolcon.colcon_core.verb[0m [1;30mLevel 5[0m set package 'rbpodo_bringup' build argument 'cmake_target_skip_unavailable' from command line to 'False'
[0.211s] [34mcolcon.colcon_core.verb[0m [1;30mLevel 5[0m set package 'rbpodo_bringup' build argument 'cmake_clean_cache' from command line to 'False'
[0.211s] [34mcolcon.colcon_core.verb[0m [1;30mLevel 5[0m set package 'rbpodo_bringup' build argument 'cmake_clean_first' from command line to 'False'
[0.211s] [34mcolcon.colcon_core.verb[0m [1;30mLevel 5[0m set package 'rbpodo_bringup' build argument 'cmake_force_configure' from command line to 'False'
[0.211s] [34mcolcon.colcon_core.verb[0m [1;30mLevel 5[0m set package 'rbpodo_bringup' build argument 'ament_cmake_args' from command line to 'None'
[0.211s] [34mcolcon.colcon_core.verb[0m [1;30mLevel 5[0m set package 'rbpodo_bringup' build argument 'catkin_cmake_args' from command line to 'None'
[0.211s] [34mcolcon.colcon_core.verb[0m [1;30mLevel 5[0m set package 'rbpodo_bringup' build argument 'catkin_skip_building_tests' from command line to 'False'
[0.211s] [34mcolcon.colcon_core.verb[0m [1;30mDEBUG[0m [32mBuilding package 'rbpodo_bringup' with the following arguments: {'ament_cmake_args': None, 'build_base': '/home/thornch/rbpodo_ros2_ws/build/rbpodo_bringup', 'catkin_cmake_args': None, 'catkin_skip_building_tests': False, 'cmake_args': ['-DCMAKE_BUILD_TYPE=Release'], 'cmake_clean_cache': False, 'cmake_clean_first': False, 'cmake_force_configure': False, 'cmake_target': None, 'cmake_target_skip_unavailable': False, 'install_base': '/home/thornch/rbpodo_ros2_ws/install/rbpodo_bringup', 'merge_install': False, 'path': '/home/thornch/rbpodo_ros2_ws/src/rbpodo_ros2/rbpodo_bringup', 'symlink_install': False, 'test_result_base': None}[0m
[0.211s] [34mcolcon.colcon_core.executor[0m [1;30mINFO[0m Executing jobs using 'parallel' executor
[0.212s] [34mcolcon.colcon_parallel_executor.executor.parallel[0m [1;30mDEBUG[0m [32mrun_until_complete[0m
[0.212s] [34mcolcon.colcon_ros.task.ament_cmake.build[0m [1;30mINFO[0m Building ROS package in '/home/thornch/rbpodo_ros2_ws/src/rbpodo_ros2/rbpodo_description' with build type 'ament_cmake'
[0.212s] [34mcolcon.colcon_cmake.task.cmake.build[0m [1;30mINFO[0m Building CMake package in '/home/thornch/rbpodo_ros2_ws/src/rbpodo_ros2/rbpodo_description'
[0.213s] [34mcolcon.colcon_core.plugin_system[0m [1;30mINFO[0m Skipping extension 'colcon_core.shell.bat': Not used on non-Windows systems
[0.213s] [34mcolcon.colcon_core.shell[0m [1;30mINFO[0m Skip shell extension 'powershell' for command environment: Not usable outside of PowerShell
[0.213s] [34mcolcon.colcon_core.shell[0m [1;30mDEBUG[0m [32mSkip shell extension 'dsv' for command environment[0m
[0.215s] [34mcolcon.colcon_ros.task.ament_cmake.build[0m [1;30mINFO[0m Building ROS package in '/home/thornch/rbpodo_ros2_ws/src/rbpodo_ros2/rbpodo_msgs' with build type 'ament_cmake'
[0.215s] [34mcolcon.colcon_cmake.task.cmake.build[0m [1;30mINFO[0m Building CMake package in '/home/thornch/rbpodo_ros2_ws/src/rbpodo_ros2/rbpodo_msgs'
[0.215s] [34mcolcon.colcon_core.shell[0m [1;30mINFO[0m Skip shell extension 'powershell' for command environment: Not usable outside of PowerShell
[0.215s] [34mcolcon.colcon_core.shell[0m [1;30mDEBUG[0m [32mSkip shell extension 'dsv' for command environment[0m
[0.218s] [34mcolcon.colcon_core.event_handler.log_command[0m [1;30mDEBUG[0m [32mInvoking command in '/home/thornch/rbpodo_ros2_ws/build/rbpodo_description': CMAKE_PREFIX_PATH=${CMAKE_PREFIX_PATH}:/opt/ros/humble /usr/bin/cmake --build /home/thornch/rbpodo_ros2_ws/build/rbpodo_description -- -j24 -l24[0m
[0.220s] [34mcolcon.colcon_core.event_handler.log_command[0m [1;30mDEBUG[0m [32mInvoking command in '/home/thornch/rbpodo_ros2_ws/build/rbpodo_msgs': CMAKE_PREFIX_PATH=${CMAKE_PREFIX_PATH}:/opt/ros/humble /usr/bin/cmake /home/thornch/rbpodo_ros2_ws/src/rbpodo_ros2/rbpodo_msgs -DCMAKE_BUILD_TYPE=Release -DCMAKE_INSTALL_PREFIX=/home/thornch/rbpodo_ros2_ws/install/rbpodo_msgs[0m
[0.231s] [34mcolcon.colcon_core.event_handler.log_command[0m [1;30mDEBUG[0m [32mInvoked command in '/home/thornch/rbpodo_ros2_ws/build/rbpodo_description' returned '0': CMAKE_PREFIX_PATH=${CMAKE_PREFIX_PATH}:/opt/ros/humble /usr/bin/cmake --build /home/thornch/rbpodo_ros2_ws/build/rbpodo_description -- -j24 -l24[0m
[0.234s] [34mcolcon.colcon_core.event_handler.log_command[0m [1;30mDEBUG[0m [32mInvoking command in '/home/thornch/rbpodo_ros2_ws/build/rbpodo_description': CMAKE_PREFIX_PATH=${CMAKE_PREFIX_PATH}:/opt/ros/humble /usr/bin/cmake --install /home/thornch/rbpodo_ros2_ws/build/rbpodo_description[0m
[0.242s] [34mcolcon.colcon_core.environment[0m [1;30mLevel 1[0m create_environment_scripts_only(rbpodo_description)
[0.245s] [34mcolcon.colcon_core.event_handler.log_command[0m [1;30mDEBUG[0m [32mInvoked command in '/home/thornch/rbpodo_ros2_ws/build/rbpodo_description' returned '0': CMAKE_PREFIX_PATH=${CMAKE_PREFIX_PATH}:/opt/ros/humble /usr/bin/cmake --install /home/thornch/rbpodo_ros2_ws/build/rbpodo_description[0m
[0.246s] [34mcolcon.colcon_core.environment[0m [1;30mLevel 1[0m checking '/home/thornch/rbpodo_ros2_ws/install/rbpodo_description' for CMake module files
[0.247s] [34mcolcon.colcon_core.environment[0m [1;30mLevel 1[0m checking '/home/thornch/rbpodo_ros2_ws/install/rbpodo_description' for CMake config files
[0.247s] [34mcolcon.colcon_core.shell[0m [1;30mLevel 1[0m create_environment_hook('rbpodo_description', 'cmake_prefix_path')
[0.247s] [34mcolcon.colcon_core.shell[0m [1;30mINFO[0m Creating environment hook '/home/thornch/rbpodo_ros2_ws/install/rbpodo_description/share/rbpodo_description/hook/cmake_prefix_path.ps1'
[0.248s] [34mcolcon.colcon_core.shell[0m [1;30mINFO[0m Creating environment descriptor '/home/thornch/rbpodo_ros2_ws/install/rbpodo_description/share/rbpodo_description/hook/cmake_prefix_path.dsv'
[0.249s] [34mcolcon.colcon_core.shell[0m [1;30mINFO[0m Creating environment hook '/home/thornch/rbpodo_ros2_ws/install/rbpodo_description/share/rbpodo_description/hook/cmake_prefix_path.sh'
[0.250s] [34mcolcon.colcon_core.environment[0m [1;30mLevel 1[0m checking '/home/thornch/rbpodo_ros2_ws/install/rbpodo_description/bin'
[0.250s] [34mcolcon.colcon_core.environment[0m [1;30mLevel 1[0m checking '/home/thornch/rbpodo_ros2_ws/install/rbpodo_description/lib/pkgconfig/rbpodo_description.pc'
[0.250s] [34mcolcon.colcon_core.environment[0m [1;30mLevel 1[0m checking '/home/thornch/rbpodo_ros2_ws/install/rbpodo_description/lib/python3.10/site-packages'
[0.251s] [34mcolcon.colcon_core.environment[0m [1;30mLevel 1[0m checking '/home/thornch/rbpodo_ros2_ws/install/rbpodo_description/bin'
[0.251s] [34mcolcon.colcon_core.shell[0m [1;30mINFO[0m Creating package script '/home/thornch/rbpodo_ros2_ws/install/rbpodo_description/share/rbpodo_description/package.ps1'
[0.252s] [34mcolcon.colcon_core.shell[0m [1;30mINFO[0m Creating package descriptor '/home/thornch/rbpodo_ros2_ws/install/rbpodo_description/share/rbpodo_description/package.dsv'
[0.253s] [34mcolcon.colcon_core.shell[0m [1;30mINFO[0m Creating package script '/home/thornch/rbpodo_ros2_ws/install/rbpodo_description/share/rbpodo_description/package.sh'
[0.253s] [34mcolcon.colcon_core.shell[0m [1;30mINFO[0m Creating package script '/home/thornch/rbpodo_ros2_ws/install/rbpodo_description/share/rbpodo_description/package.bash'
[0.254s] [34mcolcon.colcon_core.shell[0m [1;30mINFO[0m Creating package script '/home/thornch/rbpodo_ros2_ws/install/rbpodo_description/share/rbpodo_description/package.zsh'
[0.254s] [34mcolcon.colcon_core.environment[0m [1;30mLevel 1[0m create_file_with_runtime_dependencies(/home/thornch/rbpodo_ros2_ws/install/rbpodo_description/share/colcon-core/packages/rbpodo_description)
[0.254s] [34mcolcon.colcon_core.environment[0m [1;30mLevel 1[0m create_environment_scripts_only(rbpodo_description)
[0.254s] [34mcolcon.colcon_core.environment[0m [1;30mLevel 1[0m checking '/home/thornch/rbpodo_ros2_ws/install/rbpodo_description' for CMake module files
[0.254s] [34mcolcon.colcon_core.environment[0m [1;30mLevel 1[0m checking '/home/thornch/rbpodo_ros2_ws/install/rbpodo_description' for CMake config files
[0.255s] [34mcolcon.colcon_core.shell[0m [1;30mLevel 1[0m create_environment_hook('rbpodo_description', 'cmake_prefix_path')
[0.255s] [34mcolcon.colcon_core.shell[0m [1;30mINFO[0m Creating environment hook '/home/thornch/rbpodo_ros2_ws/install/rbpodo_description/share/rbpodo_description/hook/cmake_prefix_path.ps1'
[0.255s] [34mcolcon.colcon_core.shell[0m [1;30mINFO[0m Creating environment descriptor '/home/thornch/rbpodo_ros2_ws/install/rbpodo_description/share/rbpodo_description/hook/cmake_prefix_path.dsv'
[0.255s] [34mcolcon.colcon_core.shell[0m [1;30mINFO[0m Creating environment hook '/home/thornch/rbpodo_ros2_ws/install/rbpodo_description/share/rbpodo_description/hook/cmake_prefix_path.sh'
[0.255s] [34mcolcon.colcon_core.environment[0m [1;30mLevel 1[0m checking '/home/thornch/rbpodo_ros2_ws/install/rbpodo_description/bin'
[0.255s] [34mcolcon.colcon_core.environment[0m [1;30mLevel 1[0m checking '/home/thornch/rbpodo_ros2_ws/install/rbpodo_description/lib/pkgconfig/rbpodo_description.pc'
[0.255s] [34mcolcon.colcon_core.environment[0m [1;30mLevel 1[0m checking '/home/thornch/rbpodo_ros2_ws/install/rbpodo_description/lib/python3.10/site-packages'
[0.256s] [34mcolcon.colcon_core.environment[0m [1;30mLevel 1[0m checking '/home/thornch/rbpodo_ros2_ws/install/rbpodo_description/bin'
[0.256s] [34mcolcon.colcon_core.shell[0m [1;30mINFO[0m Creating package script '/home/thornch/rbpodo_ros2_ws/install/rbpodo_description/share/rbpodo_description/package.ps1'
[0.256s] [34mcolcon.colcon_core.shell[0m [1;30mINFO[0m Creating package descriptor '/home/thornch/rbpodo_ros2_ws/install/rbpodo_description/share/rbpodo_description/package.dsv'
[0.256s] [34mcolcon.colcon_core.shell[0m [1;30mINFO[0m Creating package script '/home/thornch/rbpodo_ros2_ws/install/rbpodo_description/share/rbpodo_description/package.sh'
[0.256s] [34mcolcon.colcon_core.shell[0m [1;30mINFO[0m Creating package script '/home/thornch/rbpodo_ros2_ws/install/rbpodo_description/share/rbpodo_description/package.bash'
[0.256s] [34mcolcon.colcon_core.shell[0m [1;30mINFO[0m Creating package script '/home/thornch/rbpodo_ros2_ws/install/rbpodo_description/share/rbpodo_description/package.zsh'
[0.257s] [34mcolcon.colcon_core.environment[0m [1;30mLevel 1[0m create_file_with_runtime_dependencies(/home/thornch/rbpodo_ros2_ws/install/rbpodo_description/share/colcon-core/packages/rbpodo_description)
[0.257s] [34mcolcon.colcon_ros.task.ament_cmake.build[0m [1;30mINFO[0m Building ROS package in '/home/thornch/rbpodo_ros2_ws/src/rbpodo_ros2/rbpodo_moveit_config/rb3_730es_u_moveit_config' with build type 'ament_cmake'
[0.257s] [34mcolcon.colcon_cmake.task.cmake.build[0m [1;30mINFO[0m Building CMake package in '/home/thornch/rbpodo_ros2_ws/src/rbpodo_ros2/rbpodo_moveit_config/rb3_730es_u_moveit_config'
[0.257s] [34mcolcon.colcon_core.shell[0m [1;30mINFO[0m Skip shell extension 'powershell' for command environment: Not usable outside of PowerShell
[0.257s] [34mcolcon.colcon_core.shell[0m [1;30mDEBUG[0m [32mSkip shell extension 'dsv' for command environment[0m
[0.262s] [34mcolcon.colcon_core.event_handler.log_command[0m [1;30mDEBUG[0m [32mInvoking command in '/home/thornch/rbpodo_ros2_ws/build/rb3_730es_u_moveit_config': CMAKE_PREFIX_PATH=/home/thornch/rbpodo_ros2_ws/install/rbpodo_description:/home/thornch/rbpodo_ros2_ws/install/rb3_730es_u_moveit_config:/opt/ros/humble /usr/bin/cmake --build /home/thornch/rbpodo_ros2_ws/build/rb3_730es_u_moveit_config -- -j24 -l24[0m
[0.278s] [34mcolcon.colcon_core.event_handler.log_command[0m [1;30mDEBUG[0m [32mInvoked command in '/home/thornch/rbpodo_ros2_ws/build/rb3_730es_u_moveit_config' returned '0': CMAKE_PREFIX_PATH=/home/thornch/rbpodo_ros2_ws/install/rbpodo_description:/home/thornch/rbpodo_ros2_ws/install/rb3_730es_u_moveit_config:/opt/ros/humble /usr/bin/cmake --build /home/thornch/rbpodo_ros2_ws/build/rb3_730es_u_moveit_config -- -j24 -l24[0m
[0.279s] [34mcolcon.colcon_core.event_handler.log_command[0m [1;30mDEBUG[0m [32mInvoking command in '/home/thornch/rbpodo_ros2_ws/build/rb3_730es_u_moveit_config': CMAKE_PREFIX_PATH=/home/thornch/rbpodo_ros2_ws/install/rbpodo_description:/home/thornch/rbpodo_ros2_ws/install/rb3_730es_u_moveit_config:/opt/ros/humble /usr/bin/cmake --install /home/thornch/rbpodo_ros2_ws/build/rb3_730es_u_moveit_config[0m
[0.285s] [34mcolcon.colcon_core.environment[0m [1;30mLevel 1[0m create_environment_scripts_only(rb3_730es_u_moveit_config)
[0.286s] [34mcolcon.colcon_core.environment[0m [1;30mLevel 1[0m checking '/home/thornch/rbpodo_ros2_ws/install/rb3_730es_u_moveit_config' for CMake module files
[0.286s] [34mcolcon.colcon_core.event_handler.log_command[0m [1;30mDEBUG[0m [32mInvoked command in '/home/thornch/rbpodo_ros2_ws/build/rb3_730es_u_moveit_config' returned '0': CMAKE_PREFIX_PATH=/home/thornch/rbpodo_ros2_ws/install/rbpodo_description:/home/thornch/rbpodo_ros2_ws/install/rb3_730es_u_moveit_config:/opt/ros/humble /usr/bin/cmake --install /home/thornch/rbpodo_ros2_ws/build/rb3_730es_u_moveit_config[0m
[0.286s] [34mcolcon.colcon_core.environment[0m [1;30mLevel 1[0m checking '/home/thornch/rbpodo_ros2_ws/install/rb3_730es_u_moveit_config' for CMake config files
[0.286s] [34mcolcon.colcon_core.shell[0m [1;30mLevel 1[0m create_environment_hook('rb3_730es_u_moveit_config', 'cmake_prefix_path')
[0.287s] [34mcolcon.colcon_core.shell[0m [1;30mINFO[0m Creating environment hook '/home/thornch/rbpodo_ros2_ws/install/rb3_730es_u_moveit_config/share/rb3_730es_u_moveit_config/hook/cmake_prefix_path.ps1'
[0.287s] [34mcolcon.colcon_core.shell[0m [1;30mINFO[0m Creating environment descriptor '/home/thornch/rbpodo_ros2_ws/install/rb3_730es_u_moveit_config/share/rb3_730es_u_moveit_config/hook/cmake_prefix_path.dsv'
[0.287s] [34mcolcon.colcon_core.shell[0m [1;30mINFO[0m Creating environment hook '/home/thornch/rbpodo_ros2_ws/install/rb3_730es_u_moveit_config/share/rb3_730es_u_moveit_config/hook/cmake_prefix_path.sh'
[0.287s] [34mcolcon.colcon_core.environment[0m [1;30mLevel 1[0m checking '/home/thornch/rbpodo_ros2_ws/install/rb3_730es_u_moveit_config/bin'
[0.287s] [34mcolcon.colcon_core.environment[0m [1;30mLevel 1[0m checking '/home/thornch/rbpodo_ros2_ws/install/rb3_730es_u_moveit_config/lib/pkgconfig/rb3_730es_u_moveit_config.pc'
[0.288s] [34mcolcon.colcon_core.environment[0m [1;30mLevel 1[0m checking '/home/thornch/rbpodo_ros2_ws/install/rb3_730es_u_moveit_config/lib/python3.10/site-packages'
[0.288s] [34mcolcon.colcon_core.environment[0m [1;30mLevel 1[0m checking '/home/thornch/rbpodo_ros2_ws/install/rb3_730es_u_moveit_config/bin'
[0.288s] [34mcolcon.colcon_core.shell[0m [1;30mINFO[0m Creating package script '/home/thornch/rbpodo_ros2_ws/install/rb3_730es_u_moveit_config/share/rb3_730es_u_moveit_config/package.ps1'
[0.288s] [34mcolcon.colcon_core.shell[0m [1;30mINFO[0m Creating package descriptor '/home/thornch/rbpodo_ros2_ws/install/rb3_730es_u_moveit_config/share/rb3_730es_u_moveit_config/package.dsv'
[0.288s] [34mcolcon.colcon_core.shell[0m [1;30mINFO[0m Creating package script '/home/thornch/rbpodo_ros2_ws/install/rb3_730es_u_moveit_config/share/rb3_730es_u_moveit_config/package.sh'
[0.288s] [34mcolcon.colcon_core.shell[0m [1;30mINFO[0m Creating package script '/home/thornch/rbpodo_ros2_ws/install/rb3_730es_u_moveit_config/share/rb3_730es_u_moveit_config/package.bash'
[0.289s] [34mcolcon.colcon_core.shell[0m [1;30mINFO[0m Creating package script '/home/thornch/rbpodo_ros2_ws/install/rb3_730es_u_moveit_config/share/rb3_730es_u_moveit_config/package.zsh'
[0.289s] [34mcolcon.colcon_core.environment[0m [1;30mLevel 1[0m create_file_with_runtime_dependencies(/home/thornch/rbpodo_ros2_ws/install/rb3_730es_u_moveit_config/share/colcon-core/packages/rb3_730es_u_moveit_config)
[0.289s] [34mcolcon.colcon_core.environment[0m [1;30mLevel 1[0m create_environment_scripts_only(rb3_730es_u_moveit_config)
[0.289s] [34mcolcon.colcon_core.environment[0m [1;30mLevel 1[0m checking '/home/thornch/rbpodo_ros2_ws/install/rb3_730es_u_moveit_config' for CMake module files
[0.289s] [34mcolcon.colcon_core.environment[0m [1;30mLevel 1[0m checking '/home/thornch/rbpodo_ros2_ws/install/rb3_730es_u_moveit_config' for CMake config files
[0.289s] [34mcolcon.colcon_core.shell[0m [1;30mLevel 1[0m create_environment_hook('rb3_730es_u_moveit_config', 'cmake_prefix_path')
[0.289s] [34mcolcon.colcon_core.shell[0m [1;30mINFO[0m Creating environment hook '/home/thornch/rbpodo_ros2_ws/install/rb3_730es_u_moveit_config/share/rb3_730es_u_moveit_config/hook/cmake_prefix_path.ps1'
[0.290s] [34mcolcon.colcon_core.shell[0m [1;30mINFO[0m Creating environment descriptor '/home/thornch/rbpodo_ros2_ws/install/rb3_730es_u_moveit_config/share/rb3_730es_u_moveit_config/hook/cmake_prefix_path.dsv'
[0.290s] [34mcolcon.colcon_core.shell[0m [1;30mINFO[0m Creating environment hook '/home/thornch/rbpodo_ros2_ws/install/rb3_730es_u_moveit_config/share/rb3_730es_u_moveit_config/hook/cmake_prefix_path.sh'
[0.290s] [34mcolcon.colcon_core.environment[0m [1;30mLevel 1[0m checking '/home/thornch/rbpodo_ros2_ws/install/rb3_730es_u_moveit_config/bin'
[0.290s] [34mcolcon.colcon_core.environment[0m [1;30mLevel 1[0m checking '/home/thornch/rbpodo_ros2_ws/install/rb3_730es_u_moveit_config/lib/pkgconfig/rb3_730es_u_moveit_config.pc'
[0.290s] [34mcolcon.colcon_core.environment[0m [1;30mLevel 1[0m checking '/home/thornch/rbpodo_ros2_ws/install/rb3_730es_u_moveit_config/lib/python3.10/site-packages'
[0.290s] [34mcolcon.colcon_core.environment[0m [1;30mLevel 1[0m checking '/home/thornch/rbpodo_ros2_ws/install/rb3_730es_u_moveit_config/bin'
[0.291s] [34mcolcon.colcon_core.shell[0m [1;30mINFO[0m Creating package script '/home/thornch/rbpodo_ros2_ws/install/rb3_730es_u_moveit_config/share/rb3_730es_u_moveit_config/package.ps1'
[0.291s] [34mcolcon.colcon_core.shell[0m [1;30mINFO[0m Creating package descriptor '/home/thornch/rbpodo_ros2_ws/install/rb3_730es_u_moveit_config/share/rb3_730es_u_moveit_config/package.dsv'
[0.291s] [34mcolcon.colcon_core.shell[0m [1;30mINFO[0m Creating package script '/home/thornch/rbpodo_ros2_ws/install/rb3_730es_u_moveit_config/share/rb3_730es_u_moveit_config/package.sh'
[0.291s] [34mcolcon.colcon_core.shell[0m [1;30mINFO[0m Creating package script '/home/thornch/rbpodo_ros2_ws/install/rb3_730es_u_moveit_config/share/rb3_730es_u_moveit_config/package.bash'
[0.291s] [34mcolcon.colcon_core.shell[0m [1;30mINFO[0m Creating package script '/home/thornch/rbpodo_ros2_ws/install/rb3_730es_u_moveit_config/share/rb3_730es_u_moveit_config/package.zsh'
[0.291s] [34mcolcon.colcon_core.environment[0m [1;30mLevel 1[0m create_file_with_runtime_dependencies(/home/thornch/rbpodo_ros2_ws/install/rb3_730es_u_moveit_config/share/colcon-core/packages/rb3_730es_u_moveit_config)
[1.758s] [34mcolcon.colcon_core.event_handler.log_command[0m [1;30mDEBUG[0m [32mInvoked command in '/home/thornch/rbpodo_ros2_ws/build/rbpodo_msgs' returned '1': CMAKE_PREFIX_PATH=${CMAKE_PREFIX_PATH}:/opt/ros/humble /usr/bin/cmake /home/thornch/rbpodo_ros2_ws/src/rbpodo_ros2/rbpodo_msgs -DCMAKE_BUILD_TYPE=Release -DCMAKE_INSTALL_PREFIX=/home/thornch/rbpodo_ros2_ws/install/rbpodo_msgs[0m
[1.763s] [34mcolcon.colcon_core.environment[0m [1;30mLevel 1[0m create_environment_scripts_only(rbpodo_msgs)
[1.763s] [34mcolcon.colcon_core.environment[0m [1;30mLevel 1[0m checking '/home/thornch/rbpodo_ros2_ws/install/rbpodo_msgs' for CMake module files
[1.763s] [34mcolcon.colcon_core.environment[0m [1;30mLevel 1[0m checking '/home/thornch/rbpodo_ros2_ws/install/rbpodo_msgs' for CMake config files
[1.763s] [34mcolcon.colcon_core.environment[0m [1;30mLevel 1[0m checking '/home/thornch/rbpodo_ros2_ws/install/rbpodo_msgs/bin'
[1.763s] [34mcolcon.colcon_core.environment[0m [1;30mLevel 1[0m checking '/home/thornch/rbpodo_ros2_ws/install/rbpodo_msgs/lib/pkgconfig/rbpodo_msgs.pc'
[1.764s] [34mcolcon.colcon_core.environment[0m [1;30mLevel 1[0m checking '/home/thornch/rbpodo_ros2_ws/install/rbpodo_msgs/lib/python3.10/site-packages'
[1.764s] [34mcolcon.colcon_core.environment[0m [1;30mLevel 1[0m checking '/home/thornch/rbpodo_ros2_ws/install/rbpodo_msgs/bin'
[1.764s] [34mcolcon.colcon_core.shell[0m [1;30mINFO[0m Creating package script '/home/thornch/rbpodo_ros2_ws/install/rbpodo_msgs/share/rbpodo_msgs/package.ps1'
[1.764s] [34mcolcon.colcon_core.shell[0m [1;30mINFO[0m Creating package descriptor '/home/thornch/rbpodo_ros2_ws/install/rbpodo_msgs/share/rbpodo_msgs/package.dsv'
[1.764s] [34mcolcon.colcon_core.shell[0m [1;30mINFO[0m Creating package script '/home/thornch/rbpodo_ros2_ws/install/rbpodo_msgs/share/rbpodo_msgs/package.sh'
[1.764s] [34mcolcon.colcon_core.shell[0m [1;30mINFO[0m Creating package script '/home/thornch/rbpodo_ros2_ws/install/rbpodo_msgs/share/rbpodo_msgs/package.bash'
[1.764s] [34mcolcon.colcon_core.shell[0m [1;30mINFO[0m Creating package script '/home/thornch/rbpodo_ros2_ws/install/rbpodo_msgs/share/rbpodo_msgs/package.zsh'
[1.765s] [34mcolcon.colcon_core.environment[0m [1;30mLevel 1[0m create_file_with_runtime_dependencies(/home/thornch/rbpodo_ros2_ws/install/rbpodo_msgs/share/colcon-core/packages/rbpodo_msgs)
[1.765s] [34mcolcon.colcon_parallel_executor.executor.parallel[0m [1;30mDEBUG[0m [32mclosing loop[0m
[1.765s] [34mcolcon.colcon_parallel_executor.executor.parallel[0m [1;30mDEBUG[0m [32mloop closed[0m
[1.765s] [34mcolcon.colcon_parallel_executor.executor.parallel[0m [1;30mDEBUG[0m [32mrun_until_complete finished with '1'[0m
[1.765s] [34mcolcon.colcon_core.event_reactor[0m [1;30mDEBUG[0m [32mjoining thread[0m
[1.770s] [34mcolcon.colcon_core.plugin_system[0m [1;30mINFO[0m Skipping extension 'colcon_notification.desktop_notification.terminal_notifier': Not used on non-Darwin systems
[1.770s] [34mcolcon.colcon_core.plugin_system[0m [1;30mINFO[0m Skipping extension 'colcon_notification.desktop_notification.win32': Not used on non-Windows systems
[1.770s] [34mcolcon.colcon_notification.desktop_notification[0m [1;30mINFO[0m Sending desktop notification using 'notify2'
[1.779s] [34mcolcon.colcon_core.event_reactor[0m [1;30mDEBUG[0m [32mjoined thread[0m
[1.779s] [34mcolcon.colcon_core.shell[0m [1;30mINFO[0m Creating prefix script '/home/thornch/rbpodo_ros2_ws/install/local_setup.ps1'
[1.781s] [34mcolcon.colcon_core.shell[0m [1;30mINFO[0m Creating prefix util module '/home/thornch/rbpodo_ros2_ws/install/_local_setup_util_ps1.py'
[1.782s] [34mcolcon.colcon_core.shell[0m [1;30mINFO[0m Creating prefix chain script '/home/thornch/rbpodo_ros2_ws/install/setup.ps1'
[1.783s] [34mcolcon.colcon_core.shell[0m [1;30mINFO[0m Creating prefix script '/home/thornch/rbpodo_ros2_ws/install/local_setup.sh'
[1.783s] [34mcolcon.colcon_core.shell[0m [1;30mINFO[0m Creating prefix util module '/home/thornch/rbpodo_ros2_ws/install/_local_setup_util_sh.py'
[1.784s] [34mcolcon.colcon_core.shell[0m [1;30mINFO[0m Creating prefix chain script '/home/thornch/rbpodo_ros2_ws/install/setup.sh'
[1.785s] [34mcolcon.colcon_core.shell[0m [1;30mINFO[0m Creating prefix script '/home/thornch/rbpodo_ros2_ws/install/local_setup.bash'
[1.785s] [34mcolcon.colcon_core.shell[0m [1;30mINFO[0m Creating prefix chain script '/home/thornch/rbpodo_ros2_ws/install/setup.bash'
[1.786s] [34mcolcon.colcon_core.shell[0m [1;30mINFO[0m Creating prefix script '/home/thornch/rbpodo_ros2_ws/install/local_setup.zsh'
[1.786s] [34mcolcon.colcon_core.shell[0m [1;30mINFO[0m Creating prefix chain script '/home/thornch/rbpodo_ros2_ws/install/setup.zsh'
