[100%] Built target rbpodo_hardware
-- Install configuration: "Release"
-- Up-to-date: /home/thornch/rbpodo_ros2_ws/install/rbpodo_hardware/share/rbpodo_hardware/rbpodo_hardware.xml
-- Up-to-date: /home/thornch/rbpodo_ros2_ws/install/rbpodo_hardware/include
-- Up-to-date: /home/thornch/rbpodo_ros2_ws/install/rbpodo_hardware/include/rbpodo_hardware
-- Up-to-date: /home/thornch/rbpodo_ros2_ws/install/rbpodo_hardware/include/rbpodo_hardware/visibility_control.h
-- Up-to-date: /home/thornch/rbpodo_ros2_ws/install/rbpodo_hardware/include/rbpodo_hardware/robot.hpp
-- Up-to-date: /home/thornch/rbpodo_ros2_ws/install/rbpodo_hardware/include/rbpodo_hardware/robot_node.hpp
-- Up-to-date: /home/thornch/rbpodo_ros2_ws/install/rbpodo_hardware/include/rbpodo_hardware/rbpodo_hardware_interface.hpp
-- Up-to-date: /home/thornch/rbpodo_ros2_ws/install/rbpodo_hardware/lib/librbpodo_hardware.so
-- Up-to-date: /home/thornch/rbpodo_ros2_ws/install/rbpodo_hardware/share/rbpodo_hardware/environment/library_path.sh
-- Up-to-date: /home/thornch/rbpodo_ros2_ws/install/rbpodo_hardware/share/rbpodo_hardware/environment/library_path.dsv
-- Up-to-date: /home/thornch/rbpodo_ros2_ws/install/rbpodo_hardware/share/ament_index/resource_index/package_run_dependencies/rbpodo_hardware
-- Up-to-date: /home/thornch/rbpodo_ros2_ws/install/rbpodo_hardware/share/ament_index/resource_index/parent_prefix_path/rbpodo_hardware
-- Up-to-date: /home/thornch/rbpodo_ros2_ws/install/rbpodo_hardware/share/rbpodo_hardware/environment/ament_prefix_path.sh
-- Up-to-date: /home/thornch/rbpodo_ros2_ws/install/rbpodo_hardware/share/rbpodo_hardware/environment/ament_prefix_path.dsv
-- Up-to-date: /home/thornch/rbpodo_ros2_ws/install/rbpodo_hardware/share/rbpodo_hardware/environment/path.sh
-- Up-to-date: /home/thornch/rbpodo_ros2_ws/install/rbpodo_hardware/share/rbpodo_hardware/environment/path.dsv
-- Up-to-date: /home/thornch/rbpodo_ros2_ws/install/rbpodo_hardware/share/rbpodo_hardware/local_setup.bash
-- Up-to-date: /home/thornch/rbpodo_ros2_ws/install/rbpodo_hardware/share/rbpodo_hardware/local_setup.sh
-- Up-to-date: /home/thornch/rbpodo_ros2_ws/install/rbpodo_hardware/share/rbpodo_hardware/local_setup.zsh
-- Up-to-date: /home/thornch/rbpodo_ros2_ws/install/rbpodo_hardware/share/rbpodo_hardware/local_setup.dsv
-- Installing: /home/thornch/rbpodo_ros2_ws/install/rbpodo_hardware/share/rbpodo_hardware/package.dsv
-- Up-to-date: /home/thornch/rbpodo_ros2_ws/install/rbpodo_hardware/share/ament_index/resource_index/packages/rbpodo_hardware
-- Up-to-date: /home/thornch/rbpodo_ros2_ws/install/rbpodo_hardware/share/ament_index/resource_index/hardware_interface__pluginlib__plugin/rbpodo_hardware
-- Up-to-date: /home/thornch/rbpodo_ros2_ws/install/rbpodo_hardware/share/rbpodo_hardware/cmake/export_rbpodo_hardwareExport.cmake
-- Up-to-date: /home/thornch/rbpodo_ros2_ws/install/rbpodo_hardware/share/rbpodo_hardware/cmake/export_rbpodo_hardwareExport-release.cmake
-- Up-to-date: /home/thornch/rbpodo_ros2_ws/install/rbpodo_hardware/share/rbpodo_hardware/cmake/ament_cmake_export_include_directories-extras.cmake
-- Up-to-date: /home/thornch/rbpodo_ros2_ws/install/rbpodo_hardware/share/rbpodo_hardware/cmake/ament_cmake_export_libraries-extras.cmake
-- Up-to-date: /home/thornch/rbpodo_ros2_ws/install/rbpodo_hardware/share/rbpodo_hardware/cmake/ament_cmake_export_targets-extras.cmake
-- Up-to-date: /home/thornch/rbpodo_ros2_ws/install/rbpodo_hardware/share/rbpodo_hardware/cmake/ament_cmake_export_dependencies-extras.cmake
-- Up-to-date: /home/thornch/rbpodo_ros2_ws/install/rbpodo_hardware/share/rbpodo_hardware/cmake/rbpodo_hardwareConfig.cmake
-- Up-to-date: /home/thornch/rbpodo_ros2_ws/install/rbpodo_hardware/share/rbpodo_hardware/cmake/rbpodo_hardwareConfig-version.cmake
-- Up-to-date: /home/thornch/rbpodo_ros2_ws/install/rbpodo_hardware/share/rbpodo_hardware/package.xml
