[0.008s] Invoking command in '/home/thornch/rbpodo_ros2_ws/build/rbpodo_kinematics': CMAKE_PREFIX_PATH=/home/thornch/rbpodo_ros2_ws/install/rbpodo_msgs:/home/thornch/rbpodo_ros2_ws/install/rbpodo_description:/home/thornch/rbpodo_ros2_ws/install/rbpodo_kinematics:/home/thornch/rbpodo_ros2_ws/install/rbpodo_controller:/home/thornch/rbpodo_ros2_ws/src/rbpodo_controller/install/rbpodo_controller:/home/thornch/rbpodo_ros2_ws/install/rbpodo_bringup:/home/thornch/rbpodo_ros2_ws/install/rbpodo_hardware:/home/thornch/rbpodo_ros2_ws/install/rb3_730es_u_moveit_config:/opt/ros/humble LD_LIBRARY_PATH=/home/thornch/rbpodo_ros2_ws/install/rbpodo_msgs/lib:/home/thornch/rbpodo_ros2_ws/install/rbpodo_kinematics/lib:/home/thornch/rbpodo_ros2_ws/install/rbpodo_hardware/lib:/opt/ros/humble/opt/rviz_ogre_vendor/lib:/opt/ros/humble/lib/x86_64-linux-gnu:/opt/ros/humble/lib /usr/bin/cmake --build /home/thornch/rbpodo_ros2_ws/build/rbpodo_kinematics -- -j24 -l24
[0.037s] [ 33%] Built target robot_kinematics
[0.062s] [ 66%] Built target inverse_kinematics
[0.062s] [100%] Built target forward_kinematics
[0.070s] Invoked command in '/home/thornch/rbpodo_ros2_ws/build/rbpodo_kinematics' returned '0': CMAKE_PREFIX_PATH=/home/thornch/rbpodo_ros2_ws/install/rbpodo_msgs:/home/thornch/rbpodo_ros2_ws/install/rbpodo_description:/home/thornch/rbpodo_ros2_ws/install/rbpodo_kinematics:/home/thornch/rbpodo_ros2_ws/install/rbpodo_controller:/home/thornch/rbpodo_ros2_ws/src/rbpodo_controller/install/rbpodo_controller:/home/thornch/rbpodo_ros2_ws/install/rbpodo_bringup:/home/thornch/rbpodo_ros2_ws/install/rbpodo_hardware:/home/thornch/rbpodo_ros2_ws/install/rb3_730es_u_moveit_config:/opt/ros/humble LD_LIBRARY_PATH=/home/thornch/rbpodo_ros2_ws/install/rbpodo_msgs/lib:/home/thornch/rbpodo_ros2_ws/install/rbpodo_kinematics/lib:/home/thornch/rbpodo_ros2_ws/install/rbpodo_hardware/lib:/opt/ros/humble/opt/rviz_ogre_vendor/lib:/opt/ros/humble/lib/x86_64-linux-gnu:/opt/ros/humble/lib /usr/bin/cmake --build /home/thornch/rbpodo_ros2_ws/build/rbpodo_kinematics -- -j24 -l24
[0.081s] Invoking command in '/home/thornch/rbpodo_ros2_ws/build/rbpodo_kinematics': CMAKE_PREFIX_PATH=/home/thornch/rbpodo_ros2_ws/install/rbpodo_msgs:/home/thornch/rbpodo_ros2_ws/install/rbpodo_description:/home/thornch/rbpodo_ros2_ws/install/rbpodo_kinematics:/home/thornch/rbpodo_ros2_ws/install/rbpodo_controller:/home/thornch/rbpodo_ros2_ws/src/rbpodo_controller/install/rbpodo_controller:/home/thornch/rbpodo_ros2_ws/install/rbpodo_bringup:/home/thornch/rbpodo_ros2_ws/install/rbpodo_hardware:/home/thornch/rbpodo_ros2_ws/install/rb3_730es_u_moveit_config:/opt/ros/humble LD_LIBRARY_PATH=/home/thornch/rbpodo_ros2_ws/install/rbpodo_msgs/lib:/home/thornch/rbpodo_ros2_ws/install/rbpodo_kinematics/lib:/home/thornch/rbpodo_ros2_ws/install/rbpodo_hardware/lib:/opt/ros/humble/opt/rviz_ogre_vendor/lib:/opt/ros/humble/lib/x86_64-linux-gnu:/opt/ros/humble/lib /usr/bin/cmake --install /home/thornch/rbpodo_ros2_ws/build/rbpodo_kinematics
[0.091s] -- Install configuration: ""
[0.091s] -- Up-to-date: /home/thornch/rbpodo_ros2_ws/install/rbpodo_kinematics/lib/librobot_kinematics.a
[0.091s] -- Up-to-date: /home/thornch/rbpodo_ros2_ws/install/rbpodo_kinematics/lib/rbpodo_kinematics/forward_kinematics
[0.092s] -- Up-to-date: /home/thornch/rbpodo_ros2_ws/install/rbpodo_kinematics/lib/rbpodo_kinematics/inverse_kinematics
[0.092s] -- Up-to-date: /home/thornch/rbpodo_ros2_ws/install/rbpodo_kinematics/include
[0.093s] -- Up-to-date: /home/thornch/rbpodo_ros2_ws/install/rbpodo_kinematics/include/rbpodo_kinematics
[0.093s] -- Up-to-date: /home/thornch/rbpodo_ros2_ws/install/rbpodo_kinematics/include/rbpodo_kinematics/robot_kinematics.hpp
[0.093s] -- Up-to-date: /home/thornch/rbpodo_ros2_ws/install/rbpodo_kinematics/share/rbpodo_kinematics/launch
[0.093s] -- Installing: /home/thornch/rbpodo_ros2_ws/install/rbpodo_kinematics/share/rbpodo_kinematics/launch/kinematics.launch.py
[0.093s] -- Up-to-date: /home/thornch/rbpodo_ros2_ws/install/rbpodo_kinematics/share/rbpodo_kinematics/config
[0.094s] -- Up-to-date: /home/thornch/rbpodo_ros2_ws/install/rbpodo_kinematics/share/rbpodo_kinematics/config/dh_parameters.yaml
[0.094s] -- Up-to-date: /home/thornch/rbpodo_ros2_ws/install/rbpodo_kinematics/share/rbpodo_kinematics/environment/library_path.sh
[0.094s] -- Up-to-date: /home/thornch/rbpodo_ros2_ws/install/rbpodo_kinematics/share/rbpodo_kinematics/environment/library_path.dsv
[0.094s] -- Up-to-date: /home/thornch/rbpodo_ros2_ws/install/rbpodo_kinematics/share/ament_index/resource_index/package_run_dependencies/rbpodo_kinematics
[0.094s] -- Up-to-date: /home/thornch/rbpodo_ros2_ws/install/rbpodo_kinematics/share/ament_index/resource_index/parent_prefix_path/rbpodo_kinematics
[0.094s] -- Up-to-date: /home/thornch/rbpodo_ros2_ws/install/rbpodo_kinematics/share/rbpodo_kinematics/environment/ament_prefix_path.sh
[0.095s] -- Up-to-date: /home/thornch/rbpodo_ros2_ws/install/rbpodo_kinematics/share/rbpodo_kinematics/environment/ament_prefix_path.dsv
[0.095s] -- Up-to-date: /home/thornch/rbpodo_ros2_ws/install/rbpodo_kinematics/share/rbpodo_kinematics/environment/path.sh
[0.095s] -- Up-to-date: /home/thornch/rbpodo_ros2_ws/install/rbpodo_kinematics/share/rbpodo_kinematics/environment/path.dsv
[0.095s] -- Up-to-date: /home/thornch/rbpodo_ros2_ws/install/rbpodo_kinematics/share/rbpodo_kinematics/local_setup.bash
[0.095s] -- Up-to-date: /home/thornch/rbpodo_ros2_ws/install/rbpodo_kinematics/share/rbpodo_kinematics/local_setup.sh
[0.095s] -- Up-to-date: /home/thornch/rbpodo_ros2_ws/install/rbpodo_kinematics/share/rbpodo_kinematics/local_setup.zsh
[0.095s] -- Up-to-date: /home/thornch/rbpodo_ros2_ws/install/rbpodo_kinematics/share/rbpodo_kinematics/local_setup.dsv
[0.095s] -- Installing: /home/thornch/rbpodo_ros2_ws/install/rbpodo_kinematics/share/rbpodo_kinematics/package.dsv
[0.096s] -- Up-to-date: /home/thornch/rbpodo_ros2_ws/install/rbpodo_kinematics/share/ament_index/resource_index/packages/rbpodo_kinematics
[0.096s] -- Up-to-date: /home/thornch/rbpodo_ros2_ws/install/rbpodo_kinematics/share/rbpodo_kinematics/cmake/ament_cmake_export_include_directories-extras.cmake
[0.096s] -- Up-to-date: /home/thornch/rbpodo_ros2_ws/install/rbpodo_kinematics/share/rbpodo_kinematics/cmake/ament_cmake_export_libraries-extras.cmake
[0.096s] -- Up-to-date: /home/thornch/rbpodo_ros2_ws/install/rbpodo_kinematics/share/rbpodo_kinematics/cmake/ament_cmake_export_dependencies-extras.cmake
[0.097s] -- Up-to-date: /home/thornch/rbpodo_ros2_ws/install/rbpodo_kinematics/share/rbpodo_kinematics/cmake/rbpodo_kinematicsConfig.cmake
[0.097s] -- Up-to-date: /home/thornch/rbpodo_ros2_ws/install/rbpodo_kinematics/share/rbpodo_kinematics/cmake/rbpodo_kinematicsConfig-version.cmake
[0.097s] -- Up-to-date: /home/thornch/rbpodo_ros2_ws/install/rbpodo_kinematics/share/rbpodo_kinematics/package.xml
[0.100s] Invoked command in '/home/thornch/rbpodo_ros2_ws/build/rbpodo_kinematics' returned '0': CMAKE_PREFIX_PATH=/home/thornch/rbpodo_ros2_ws/install/rbpodo_msgs:/home/thornch/rbpodo_ros2_ws/install/rbpodo_description:/home/thornch/rbpodo_ros2_ws/install/rbpodo_kinematics:/home/thornch/rbpodo_ros2_ws/install/rbpodo_controller:/home/thornch/rbpodo_ros2_ws/src/rbpodo_controller/install/rbpodo_controller:/home/thornch/rbpodo_ros2_ws/install/rbpodo_bringup:/home/thornch/rbpodo_ros2_ws/install/rbpodo_hardware:/home/thornch/rbpodo_ros2_ws/install/rb3_730es_u_moveit_config:/opt/ros/humble LD_LIBRARY_PATH=/home/thornch/rbpodo_ros2_ws/install/rbpodo_msgs/lib:/home/thornch/rbpodo_ros2_ws/install/rbpodo_kinematics/lib:/home/thornch/rbpodo_ros2_ws/install/rbpodo_hardware/lib:/opt/ros/humble/opt/rviz_ogre_vendor/lib:/opt/ros/humble/lib/x86_64-linux-gnu:/opt/ros/humble/lib /usr/bin/cmake --install /home/thornch/rbpodo_ros2_ws/build/rbpodo_kinematics
