[0.006s] Invoking command in '/home/thornch/rbpodo_ros2_ws/build/rbpodo_controller': CMAKE_PREFIX_PATH=${CMAKE_PREFIX_PATH}:/opt/ros/humble /usr/bin/cmake --build /home/thornch/rbpodo_ros2_ws/build/rbpodo_controller -- -j24 -l24
[0.022s] -- Found ament_cmake: 1.3.11 (/opt/ros/humble/share/ament_cmake/cmake)
[0.196s] -- Found rclcpp: 16.0.11 (/opt/ros/humble/share/rclcpp/cmake)
[0.212s] -- Found rosidl_generator_c: 3.1.6 (/opt/ros/humble/share/rosidl_generator_c/cmake)
[0.214s] -- Found rosidl_adapter: 3.1.6 (/opt/ros/humble/share/rosidl_adapter/cmake)
[0.217s] -- Found rosidl_generator_cpp: 3.1.6 (/opt/ros/humble/share/rosidl_generator_cpp/cmake)
[0.222s] -- Using all available rosidl_typesupport_c: rosidl_typesupport_fastrtps_c;rosidl_typesupport_introspection_c
[0.229s] -- Using all available rosidl_typesupport_cpp: rosidl_typesupport_fastrtps_cpp;rosidl_typesupport_introspection_cpp
[0.248s] -- Found rmw_implementation_cmake: 6.1.2 (/opt/ros/humble/share/rmw_implementation_cmake/cmake)
[0.249s] -- Found rmw_fastrtps_cpp: 6.2.7 (/opt/ros/humble/share/rmw_fastrtps_cpp/cmake)
[0.311s] -- Using RMW implementation 'rmw_fastrtps_cpp' as default
[0.344s] -- Found sensor_msgs: 4.2.4 (/opt/ros/humble/share/sensor_msgs/cmake)
[0.398s] -- Configuring done (0.4s)
[0.399s] [31mCMake Error at CMakeLists.txt:43 (add_executable):
[0.399s]   Cannot find source file:
[0.400s] 
[0.400s]     src/rbpodo_controller.cpp
[0.400s] 
[0.400s]   Tried extensions .c .C .c++ .cc .cpp .cxx .cu .mpp .m .M .mm .ixx .cppm
[0.400s]   .ccm .cxxm .c++m .h .hh .h++ .hm .hpp .hxx .in .txx .f .F .for .f77 .f90
[0.400s]   .f95 .f03 .hip .ispc
[0.400s] 
[0.400s] [0m
[0.400s] [31mCMake Error at CMakeLists.txt:43 (add_executable):
[0.400s]   No SOURCES given to target: rbpodo_controller
[0.400s] 
[0.400s] [0m
[0.400s] [0mCMake Generate step failed.  Build files cannot be regenerated correctly.[0m
[0.404s] gmake: *** [Makefile:267: cmake_check_build_system] Error 1
[0.406s] Invoked command in '/home/thornch/rbpodo_ros2_ws/build/rbpodo_controller' returned '2': CMAKE_PREFIX_PATH=${CMAKE_PREFIX_PATH}:/opt/ros/humble /usr/bin/cmake --build /home/thornch/rbpodo_ros2_ws/build/rbpodo_controller -- -j24 -l24
