-- Install configuration: "Release"
-- Up-to-date: /home/thornch/rbpodo_ros2_ws/install/rb3_730es_u_moveit_config/share/ament_index/resource_index/package_run_dependencies/rb3_730es_u_moveit_config
-- Up-to-date: /home/thornch/rbpodo_ros2_ws/install/rb3_730es_u_moveit_config/share/ament_index/resource_index/parent_prefix_path/rb3_730es_u_moveit_config
-- Up-to-date: /home/thornch/rbpodo_ros2_ws/install/rb3_730es_u_moveit_config/share/rb3_730es_u_moveit_config/environment/ament_prefix_path.sh
-- Up-to-date: /home/thornch/rbpodo_ros2_ws/install/rb3_730es_u_moveit_config/share/rb3_730es_u_moveit_config/environment/ament_prefix_path.dsv
-- Up-to-date: /home/thornch/rbpodo_ros2_ws/install/rb3_730es_u_moveit_config/share/rb3_730es_u_moveit_config/environment/path.sh
-- Up-to-date: /home/thornch/rbpodo_ros2_ws/install/rb3_730es_u_moveit_config/share/rb3_730es_u_moveit_config/environment/path.dsv
-- Up-to-date: /home/thornch/rbpodo_ros2_ws/install/rb3_730es_u_moveit_config/share/rb3_730es_u_moveit_config/local_setup.bash
-- Up-to-date: /home/thornch/rbpodo_ros2_ws/install/rb3_730es_u_moveit_config/share/rb3_730es_u_moveit_config/local_setup.sh
-- Up-to-date: /home/thornch/rbpodo_ros2_ws/install/rb3_730es_u_moveit_config/share/rb3_730es_u_moveit_config/local_setup.zsh
-- Up-to-date: /home/thornch/rbpodo_ros2_ws/install/rb3_730es_u_moveit_config/share/rb3_730es_u_moveit_config/local_setup.dsv
-- Up-to-date: /home/thornch/rbpodo_ros2_ws/install/rb3_730es_u_moveit_config/share/rb3_730es_u_moveit_config/package.dsv
-- Up-to-date: /home/thornch/rbpodo_ros2_ws/install/rb3_730es_u_moveit_config/share/ament_index/resource_index/packages/rb3_730es_u_moveit_config
-- Up-to-date: /home/thornch/rbpodo_ros2_ws/install/rb3_730es_u_moveit_config/share/rb3_730es_u_moveit_config/cmake/rb3_730es_u_moveit_configConfig.cmake
-- Up-to-date: /home/thornch/rbpodo_ros2_ws/install/rb3_730es_u_moveit_config/share/rb3_730es_u_moveit_config/cmake/rb3_730es_u_moveit_configConfig-version.cmake
-- Up-to-date: /home/thornch/rbpodo_ros2_ws/install/rb3_730es_u_moveit_config/share/rb3_730es_u_moveit_config/package.xml
-- Up-to-date: /home/thornch/rbpodo_ros2_ws/install/rb3_730es_u_moveit_config/share/rb3_730es_u_moveit_config/launch
-- Up-to-date: /home/thornch/rbpodo_ros2_ws/install/rb3_730es_u_moveit_config/share/rb3_730es_u_moveit_config/launch/moveit.launch.py
-- Up-to-date: /home/thornch/rbpodo_ros2_ws/install/rb3_730es_u_moveit_config/share/rb3_730es_u_moveit_config/config
-- Up-to-date: /home/thornch/rbpodo_ros2_ws/install/rb3_730es_u_moveit_config/share/rb3_730es_u_moveit_config/config/rb3_730es_u.srdf
-- Up-to-date: /home/thornch/rbpodo_ros2_ws/install/rb3_730es_u_moveit_config/share/rb3_730es_u_moveit_config/config/kinematics.yaml
-- Up-to-date: /home/thornch/rbpodo_ros2_ws/install/rb3_730es_u_moveit_config/share/rb3_730es_u_moveit_config/config/rb3_730es_u.urdf.xacro
-- Up-to-date: /home/thornch/rbpodo_ros2_ws/install/rb3_730es_u_moveit_config/share/rb3_730es_u_moveit_config/config/moveit.rviz
-- Up-to-date: /home/thornch/rbpodo_ros2_ws/install/rb3_730es_u_moveit_config/share/rb3_730es_u_moveit_config/config/joint_limits.yaml
-- Up-to-date: /home/thornch/rbpodo_ros2_ws/install/rb3_730es_u_moveit_config/share/rb3_730es_u_moveit_config/config/pilz_cartesian_limits.yaml
-- Up-to-date: /home/thornch/rbpodo_ros2_ws/install/rb3_730es_u_moveit_config/share/rb3_730es_u_moveit_config/config/moveit_controllers.yaml
