[0.004s] Invoking command in '/home/thornch/rbpodo_ros2_ws/build/rbpodo_msgs': CMAKE_PREFIX_PATH=/opt/ros/humble /usr/bin/cmake /home/thornch/rbpodo_ros2_ws/src/rbpodo_ros2/rbpodo_msgs -DCMAKE_BUILD_TYPE=Release -DCMAKE_INSTALL_PREFIX=/home/thornch/rbpodo_ros2_ws/install/rbpodo_msgs
[0.006s] [0mCMake Deprecation Warning at CMakeLists.txt:1 (cmake_minimum_required):
[0.006s]   Compatibility with CMake < 3.10 will be removed from a future version of
[0.006s]   CMake.
[0.006s] 
[0.006s]   Update the VERSION argument <min> value.  Or, use the <min>...<max> syntax
[0.006s]   to tell CMake that the project requires at least <min> but has been updated
[0.006s]   to work with policies introduced by <max> or earlier.
[0.006s] 
[0.006s] [0m
[0.045s] -- The C compiler identification is GNU 11.4.0
[0.079s] -- The CXX compiler identification is GNU 11.4.0
[0.084s] -- Detecting C compiler ABI info
[0.133s] -- Detecting C compiler ABI info - done
[0.148s] -- Check for working C compiler: /usr/bin/cc - skipped
[0.148s] -- Detecting C compile features
[0.148s] -- Detecting C compile features - done
[0.158s] -- Detecting CXX compiler ABI info
[0.220s] -- Detecting CXX compiler ABI info - done
[0.232s] -- Check for working CXX compiler: /usr/bin/c++ - skipped
[0.233s] -- Detecting CXX compile features
[0.233s] -- Detecting CXX compile features - done
[0.241s] -- Found ament_cmake: 1.3.11 (/opt/ros/humble/share/ament_cmake/cmake)
[0.327s] -- Found Python3: /usr/bin/python3 (found version "3.10.12") found components: Interpreter
[0.383s] -- Found rosidl_default_generators: 1.2.0 (/opt/ros/humble/share/rosidl_default_generators/cmake)
[0.385s] -- Using all available rosidl_typesupport_c: rosidl_typesupport_fastrtps_c;rosidl_typesupport_introspection_c
[0.388s] -- Found rosidl_adapter: 3.1.6 (/opt/ros/humble/share/rosidl_adapter/cmake)
[0.413s] -- Using all available rosidl_typesupport_cpp: rosidl_typesupport_fastrtps_cpp;rosidl_typesupport_introspection_cpp
[0.433s] -- Found std_msgs: 4.2.4 (/opt/ros/humble/share/std_msgs/cmake)
[0.828s] -- Found ament_cmake_ros: 0.10.0 (/opt/ros/humble/share/ament_cmake_ros/cmake)
[1.150s] -- Using all available rosidl_typesupport_c: rosidl_typesupport_fastrtps_c;rosidl_typesupport_introspection_c
[1.694s] -- Using all available rosidl_typesupport_cpp: rosidl_typesupport_fastrtps_cpp;rosidl_typesupport_introspection_cpp
[1.696s] [33mCMake Warning (dev) at /opt/ros/humble/share/rosidl_generator_py/cmake/rosidl_generator_py_generate_interfaces.cmake:20 (find_package):
[1.696s]   Policy CMP0148 is not set: The FindPythonInterp and FindPythonLibs modules
[1.696s]   are removed.  Run "cmake --help-policy CMP0148" for policy details.  Use
[1.696s]   the cmake_policy command to set the policy and suppress this warning.
[1.696s] 
[1.696s] Call Stack (most recent call first):
[1.696s]   /opt/ros/humble/share/ament_cmake_core/cmake/core/ament_execute_extensions.cmake:48 (include)
[1.697s]   /opt/ros/humble/share/rosidl_cmake/cmake/rosidl_generate_interfaces.cmake:286 (ament_execute_extensions)
[1.697s]   CMakeLists.txt:16 (rosidl_generate_interfaces)
[1.697s] This warning is for project developers.  Use -Wno-dev to suppress it.
[1.697s] [0m
[1.727s] -- Found PythonInterp: /usr/bin/python3 (found suitable version "3.10.12", minimum required is "3.6")
[1.730s] -- Found python_cmake_module: 0.10.0 (/opt/ros/humble/share/python_cmake_module/cmake)
[1.731s] [33mCMake Warning (dev) at /opt/ros/humble/share/python_cmake_module/cmake/Modules/FindPythonExtra.cmake:52 (find_package):
[1.732s]   Policy CMP0148 is not set: The FindPythonInterp and FindPythonLibs modules
[1.732s]   are removed.  Run "cmake --help-policy CMP0148" for policy details.  Use
[1.732s]   the cmake_policy command to set the policy and suppress this warning.
[1.732s] 
[1.732s] Call Stack (most recent call first):
[1.732s]   /opt/ros/humble/share/rosidl_generator_py/cmake/rosidl_generator_py_generate_interfaces.cmake:23 (find_package)
[1.732s]   /opt/ros/humble/share/ament_cmake_core/cmake/core/ament_execute_extensions.cmake:48 (include)
[1.732s]   /opt/ros/humble/share/rosidl_cmake/cmake/rosidl_generate_interfaces.cmake:286 (ament_execute_extensions)
[1.732s]   CMakeLists.txt:16 (rosidl_generate_interfaces)
[1.732s] This warning is for project developers.  Use -Wno-dev to suppress it.
[1.732s] [0m
[1.752s] [33mCMake Warning (dev) at /opt/ros/humble/share/python_cmake_module/cmake/Modules/FindPythonExtra.cmake:140 (find_package):
[1.752s]   Policy CMP0148 is not set: The FindPythonInterp and FindPythonLibs modules
[1.752s]   are removed.  Run "cmake --help-policy CMP0148" for policy details.  Use
[1.752s]   the cmake_policy command to set the policy and suppress this warning.
[1.752s] 
[1.752s] Call Stack (most recent call first):
[1.752s]   /opt/ros/humble/share/rosidl_generator_py/cmake/rosidl_generator_py_generate_interfaces.cmake:23 (find_package)
[1.752s]   /opt/ros/humble/share/ament_cmake_core/cmake/core/ament_execute_extensions.cmake:48 (include)
[1.752s]   /opt/ros/humble/share/rosidl_cmake/cmake/rosidl_generate_interfaces.cmake:286 (ament_execute_extensions)
[1.752s]   CMakeLists.txt:16 (rosidl_generate_interfaces)
[1.752s] This warning is for project developers.  Use -Wno-dev to suppress it.
[1.752s] [0m
[1.757s] -- Found PythonLibs: /usr/lib/x86_64-linux-gnu/libpython3.10.so (found suitable version "3.10.12", minimum required is "3.5")
[1.757s] -- Using PYTHON_EXECUTABLE: /usr/bin/python3
[1.757s] -- Using PYTHON_INCLUDE_DIRS: /usr/include/python3.10
[1.757s] -- Using PYTHON_LIBRARIES: /usr/lib/x86_64-linux-gnu/libpython3.10.so
[1.771s] -- Found PythonExtra: .so
[1.809s] [31mCMake Error at CMakeLists.txt:47 (find_package):
[1.809s]   By not providing "Findament_lint_auto.cmake" in CMAKE_MODULE_PATH this
[1.809s]   project has asked CMake to find a package configuration file provided by
[1.809s]   "ament_lint_auto", but CMake did not find one.
[1.809s] 
[1.809s]   Could not find a package configuration file provided by "ament_lint_auto"
[1.809s]   with any of the following names:
[1.809s] 
[1.809s]     ament_lint_autoConfig.cmake
[1.809s]     ament_lint_auto-config.cmake
[1.809s] 
[1.809s]   Add the installation prefix of "ament_lint_auto" to CMAKE_PREFIX_PATH or
[1.809s]   set "ament_lint_auto_DIR" to a directory containing one of the above files.
[1.809s]   If "ament_lint_auto" provides a separate development package or SDK, be
[1.809s]   sure it has been installed.
[1.809s] 
[1.809s] [0m
[1.809s] -- Configuring incomplete, errors occurred!
[1.815s] Invoked command in '/home/thornch/rbpodo_ros2_ws/build/rbpodo_msgs' returned '1': CMAKE_PREFIX_PATH=/opt/ros/humble /usr/bin/cmake /home/thornch/rbpodo_ros2_ws/src/rbpodo_ros2/rbpodo_msgs -DCMAKE_BUILD_TYPE=Release -DCMAKE_INSTALL_PREFIX=/home/thornch/rbpodo_ros2_ws/install/rbpodo_msgs
