-- The C compiler identification is GNU 11.4.0
-- The CXX compiler identification is GNU 11.4.0
-- Detecting C compiler ABI info
-- Detecting C compiler ABI info - done
-- Check for working C compiler: /usr/bin/cc - skipped
-- Detecting C compile features
-- Detecting C compile features - done
-- Detecting CXX compiler ABI info
-- Detecting CXX compiler ABI info - done
-- Check for working CXX compiler: /usr/bin/c++ - skipped
-- Detecting CXX compile features
-- Detecting CXX compile features - done
-- Found ament_cmake: 1.3.11 (/opt/ros/humble/share/ament_cmake/cmake)
-- Found Python3: /usr/bin/python3 (found version "3.10.12") found components: Interpreter
-- Found rclcpp: 16.0.11 (/opt/ros/humble/share/rclcpp/cmake)
-- Found rosidl_generator_c: 3.1.6 (/opt/ros/humble/share/rosidl_generator_c/cmake)
-- Found rosidl_adapter: 3.1.6 (/opt/ros/humble/share/rosidl_adapter/cmake)
-- Found rosidl_generator_cpp: 3.1.6 (/opt/ros/humble/share/rosidl_generator_cpp/cmake)
-- Using all available rosidl_typesupport_c: rosidl_typesupport_fastrtps_c;rosidl_typesupport_introspection_c
-- Using all available rosidl_typesupport_cpp: rosidl_typesupport_fastrtps_cpp;rosidl_typesupport_introspection_cpp
-- Found rmw_implementation_cmake: 6.1.2 (/opt/ros/humble/share/rmw_implementation_cmake/cmake)
-- Found rmw_fastrtps_cpp: 6.2.7 (/opt/ros/humble/share/rmw_fastrtps_cpp/cmake)
-- Found OpenSSL: /usr/lib/x86_64-linux-gnu/libcrypto.so (found version "3.0.2")
-- Found FastRTPS: /opt/ros/humble/include
-- Using RMW implementation 'rmw_fastrtps_cpp' as default
-- Performing Test CMAKE_HAVE_LIBC_PTHREAD
-- Performing Test CMAKE_HAVE_LIBC_PTHREAD - Success
-- Found Threads: TRUE
-- Found sensor_msgs: 4.2.4 (/opt/ros/humble/share/sensor_msgs/cmake)
-- Configuring done (0.8s)
-- Generating done (0.0s)
-- Build files have been written to: /home/thornch/rbpodo_ros2_ws/src/rbpodo_controller/build/rbpodo_controller
[ 50%] [32mBuilding CXX object CMakeFiles/rbpodo_controller.dir/src/robot_arm_controller.cpp.o[0m
[100%] [32m[1mLinking CXX executable rbpodo_controller[0m
[100%] Built target rbpodo_controller
-- Install configuration: ""
-- Installing: /home/thornch/rbpodo_ros2_ws/src/rbpodo_controller/install/rbpodo_controller/lib/rbpodo_controller/rbpodo_controller
-- Set non-toolchain portion of runtime path of "/home/thornch/rbpodo_ros2_ws/src/rbpodo_controller/install/rbpodo_controller/lib/rbpodo_controller/rbpodo_controller" to ""
-- Installing: /home/thornch/rbpodo_ros2_ws/src/rbpodo_controller/install/rbpodo_controller/share/ament_index/resource_index/package_run_dependencies/rbpodo_controller
-- Installing: /home/thornch/rbpodo_ros2_ws/src/rbpodo_controller/install/rbpodo_controller/share/ament_index/resource_index/parent_prefix_path/rbpodo_controller
-- Installing: /home/thornch/rbpodo_ros2_ws/src/rbpodo_controller/install/rbpodo_controller/share/rbpodo_controller/environment/ament_prefix_path.sh
-- Installing: /home/thornch/rbpodo_ros2_ws/src/rbpodo_controller/install/rbpodo_controller/share/rbpodo_controller/environment/ament_prefix_path.dsv
-- Installing: /home/thornch/rbpodo_ros2_ws/src/rbpodo_controller/install/rbpodo_controller/share/rbpodo_controller/environment/path.sh
-- Installing: /home/thornch/rbpodo_ros2_ws/src/rbpodo_controller/install/rbpodo_controller/share/rbpodo_controller/environment/path.dsv
-- Installing: /home/thornch/rbpodo_ros2_ws/src/rbpodo_controller/install/rbpodo_controller/share/rbpodo_controller/local_setup.bash
-- Installing: /home/thornch/rbpodo_ros2_ws/src/rbpodo_controller/install/rbpodo_controller/share/rbpodo_controller/local_setup.sh
-- Installing: /home/thornch/rbpodo_ros2_ws/src/rbpodo_controller/install/rbpodo_controller/share/rbpodo_controller/local_setup.zsh
-- Installing: /home/thornch/rbpodo_ros2_ws/src/rbpodo_controller/install/rbpodo_controller/share/rbpodo_controller/local_setup.dsv
-- Installing: /home/thornch/rbpodo_ros2_ws/src/rbpodo_controller/install/rbpodo_controller/share/rbpodo_controller/package.dsv
-- Installing: /home/thornch/rbpodo_ros2_ws/src/rbpodo_controller/install/rbpodo_controller/share/ament_index/resource_index/packages/rbpodo_controller
-- Installing: /home/thornch/rbpodo_ros2_ws/src/rbpodo_controller/install/rbpodo_controller/share/rbpodo_controller/cmake/rbpodo_controllerConfig.cmake
-- Installing: /home/thornch/rbpodo_ros2_ws/src/rbpodo_controller/install/rbpodo_controller/share/rbpodo_controller/cmake/rbpodo_controllerConfig-version.cmake
-- Installing: /home/thornch/rbpodo_ros2_ws/src/rbpodo_controller/install/rbpodo_controller/share/rbpodo_controller/package.xml
