[0.005s] Invoking command in '/home/thornch/rbpodo_ros2_ws/src/rbpodo_controller/build/rbpodo_controller': CMAKE_PREFIX_PATH=${CMAKE_PREFIX_PATH}:/opt/ros/humble /usr/bin/cmake /home/thornch/rbpodo_ros2_ws/src/rbpodo_controller -DCMAKE_INSTALL_PREFIX=/home/thornch/rbpodo_ros2_ws/src/rbpodo_controller/install/rbpodo_controller
[0.052s] -- The C compiler identification is GNU 11.4.0
[0.124s] -- The CXX compiler identification is GNU 11.4.0
[0.130s] -- Detecting C compiler ABI info
[0.207s] -- Detecting C compiler ABI info - done
[0.225s] -- Check for working C compiler: /usr/bin/cc - skipped
[0.225s] -- Detecting C compile features
[0.225s] -- Detecting C compile features - done
[0.235s] -- Detecting CXX compiler ABI info
[0.326s] -- Detecting CXX compiler ABI info - done
[0.335s] -- Check for working CXX compiler: /usr/bin/c++ - skipped
[0.335s] -- Detecting CXX compile features
[0.336s] -- Detecting CXX compile features - done
[0.344s] -- Found ament_cmake: 1.3.11 (/opt/ros/humble/share/ament_cmake/cmake)
[0.462s] -- Found Python3: /usr/bin/python3 (found version "3.10.12") found components: Interpreter
[0.530s] -- Found rclcpp: 16.0.11 (/opt/ros/humble/share/rclcpp/cmake)
[0.557s] -- Found rosidl_generator_c: 3.1.6 (/opt/ros/humble/share/rosidl_generator_c/cmake)
[0.560s] -- Found rosidl_adapter: 3.1.6 (/opt/ros/humble/share/rosidl_adapter/cmake)
[0.564s] -- Found rosidl_generator_cpp: 3.1.6 (/opt/ros/humble/share/rosidl_generator_cpp/cmake)
[0.571s] -- Using all available rosidl_typesupport_c: rosidl_typesupport_fastrtps_c;rosidl_typesupport_introspection_c
[0.580s] -- Using all available rosidl_typesupport_cpp: rosidl_typesupport_fastrtps_cpp;rosidl_typesupport_introspection_cpp
[0.605s] -- Found rmw_implementation_cmake: 6.1.2 (/opt/ros/humble/share/rmw_implementation_cmake/cmake)
[0.606s] -- Found rmw_fastrtps_cpp: 6.2.7 (/opt/ros/humble/share/rmw_fastrtps_cpp/cmake)
[0.658s] -- Found OpenSSL: /usr/lib/x86_64-linux-gnu/libcrypto.so (found version "3.0.2")
[0.680s] -- Found FastRTPS: /opt/ros/humble/include
[0.706s] -- Using RMW implementation 'rmw_fastrtps_cpp' as default
[0.711s] -- Performing Test CMAKE_HAVE_LIBC_PTHREAD
[0.763s] -- Performing Test CMAKE_HAVE_LIBC_PTHREAD - Success
[0.764s] -- Found Threads: TRUE
[0.802s] -- Found sensor_msgs: 4.2.4 (/opt/ros/humble/share/sensor_msgs/cmake)
[0.856s] -- Configuring done (0.8s)
[0.862s] -- Generating done (0.0s)
[0.863s] -- Build files have been written to: /home/thornch/rbpodo_ros2_ws/src/rbpodo_controller/build/rbpodo_controller
[0.868s] Invoked command in '/home/thornch/rbpodo_ros2_ws/src/rbpodo_controller/build/rbpodo_controller' returned '0': CMAKE_PREFIX_PATH=${CMAKE_PREFIX_PATH}:/opt/ros/humble /usr/bin/cmake /home/thornch/rbpodo_ros2_ws/src/rbpodo_controller -DCMAKE_INSTALL_PREFIX=/home/thornch/rbpodo_ros2_ws/src/rbpodo_controller/install/rbpodo_controller
[0.869s] Invoking command in '/home/thornch/rbpodo_ros2_ws/src/rbpodo_controller/build/rbpodo_controller': CMAKE_PREFIX_PATH=${CMAKE_PREFIX_PATH}:/opt/ros/humble /usr/bin/cmake --build /home/thornch/rbpodo_ros2_ws/src/rbpodo_controller/build/rbpodo_controller -- -j24 -l24
[0.909s] [ 50%] [32mBuilding CXX object CMakeFiles/rbpodo_controller.dir/src/robot_arm_controller.cpp.o[0m
[5.062s] [100%] [32m[1mLinking CXX executable rbpodo_controller[0m
[5.282s] [100%] Built target rbpodo_controller
[5.291s] Invoked command in '/home/thornch/rbpodo_ros2_ws/src/rbpodo_controller/build/rbpodo_controller' returned '0': CMAKE_PREFIX_PATH=${CMAKE_PREFIX_PATH}:/opt/ros/humble /usr/bin/cmake --build /home/thornch/rbpodo_ros2_ws/src/rbpodo_controller/build/rbpodo_controller -- -j24 -l24
[5.294s] Invoking command in '/home/thornch/rbpodo_ros2_ws/src/rbpodo_controller/build/rbpodo_controller': CMAKE_PREFIX_PATH=${CMAKE_PREFIX_PATH}:/opt/ros/humble /usr/bin/cmake --install /home/thornch/rbpodo_ros2_ws/src/rbpodo_controller/build/rbpodo_controller
[5.297s] -- Install configuration: ""
[5.297s] -- Installing: /home/thornch/rbpodo_ros2_ws/src/rbpodo_controller/install/rbpodo_controller/lib/rbpodo_controller/rbpodo_controller
[5.300s] -- Set non-toolchain portion of runtime path of "/home/thornch/rbpodo_ros2_ws/src/rbpodo_controller/install/rbpodo_controller/lib/rbpodo_controller/rbpodo_controller" to ""
[5.300s] -- Installing: /home/thornch/rbpodo_ros2_ws/src/rbpodo_controller/install/rbpodo_controller/share/ament_index/resource_index/package_run_dependencies/rbpodo_controller
[5.300s] -- Installing: /home/thornch/rbpodo_ros2_ws/src/rbpodo_controller/install/rbpodo_controller/share/ament_index/resource_index/parent_prefix_path/rbpodo_controller
[5.300s] -- Installing: /home/thornch/rbpodo_ros2_ws/src/rbpodo_controller/install/rbpodo_controller/share/rbpodo_controller/environment/ament_prefix_path.sh
[5.300s] -- Installing: /home/thornch/rbpodo_ros2_ws/src/rbpodo_controller/install/rbpodo_controller/share/rbpodo_controller/environment/ament_prefix_path.dsv
[5.300s] -- Installing: /home/thornch/rbpodo_ros2_ws/src/rbpodo_controller/install/rbpodo_controller/share/rbpodo_controller/environment/path.sh
[5.300s] -- Installing: /home/thornch/rbpodo_ros2_ws/src/rbpodo_controller/install/rbpodo_controller/share/rbpodo_controller/environment/path.dsv
[5.300s] -- Installing: /home/thornch/rbpodo_ros2_ws/src/rbpodo_controller/install/rbpodo_controller/share/rbpodo_controller/local_setup.bash
[5.300s] -- Installing: /home/thornch/rbpodo_ros2_ws/src/rbpodo_controller/install/rbpodo_controller/share/rbpodo_controller/local_setup.sh
[5.300s] -- Installing: /home/thornch/rbpodo_ros2_ws/src/rbpodo_controller/install/rbpodo_controller/share/rbpodo_controller/local_setup.zsh
[5.300s] -- Installing: /home/thornch/rbpodo_ros2_ws/src/rbpodo_controller/install/rbpodo_controller/share/rbpodo_controller/local_setup.dsv
[5.300s] -- Installing: /home/thornch/rbpodo_ros2_ws/src/rbpodo_controller/install/rbpodo_controller/share/rbpodo_controller/package.dsv
[5.301s] -- Installing: /home/thornch/rbpodo_ros2_ws/src/rbpodo_controller/install/rbpodo_controller/share/ament_index/resource_index/packages/rbpodo_controller
[5.301s] -- Installing: /home/thornch/rbpodo_ros2_ws/src/rbpodo_controller/install/rbpodo_controller/share/rbpodo_controller/cmake/rbpodo_controllerConfig.cmake
[5.301s] -- Installing: /home/thornch/rbpodo_ros2_ws/src/rbpodo_controller/install/rbpodo_controller/share/rbpodo_controller/cmake/rbpodo_controllerConfig-version.cmake
[5.301s] -- Installing: /home/thornch/rbpodo_ros2_ws/src/rbpodo_controller/install/rbpodo_controller/share/rbpodo_controller/package.xml
[5.302s] Invoked command in '/home/thornch/rbpodo_ros2_ws/src/rbpodo_controller/build/rbpodo_controller' returned '0': CMAKE_PREFIX_PATH=${CMAKE_PREFIX_PATH}:/opt/ros/humble /usr/bin/cmake --install /home/thornch/rbpodo_ros2_ws/src/rbpodo_controller/build/rbpodo_controller
