-- The C compiler identification is GNU 11.4.0
-- The CXX compiler identification is GNU 11.4.0
-- Detecting C compiler ABI info
-- Detecting C compiler ABI info - done
-- Check for working C compiler: /usr/bin/cc - skipped
-- Detecting C compile features
-- Detecting C compile features - done
-- Detecting CXX compiler ABI info
-- Detecting CXX compiler ABI info - done
-- Check for working CXX compiler: /usr/bin/c++ - skipped
-- Detecting CXX compile features
-- Detecting CXX compile features - done
-- Found ament_cmake: 1.3.11 (/opt/ros/humble/share/ament_cmake/cmake)
-- Found Python3: /usr/bin/python3 (found version "3.10.12") found components: Interpreter
-- Found ament_cmake_ros: 0.10.0 (/opt/ros/humble/share/ament_cmake_ros/cmake)
-- Found rclcpp: 16.0.11 (/opt/ros/humble/share/rclcpp/cmake)
-- Found rosidl_generator_c: 3.1.6 (/opt/ros/humble/share/rosidl_generator_c/cmake)
-- Found rosidl_adapter: 3.1.6 (/opt/ros/humble/share/rosidl_adapter/cmake)
-- Found rosidl_generator_cpp: 3.1.6 (/opt/ros/humble/share/rosidl_generator_cpp/cmake)
-- Using all available rosidl_typesupport_c: rosidl_typesupport_fastrtps_c;rosidl_typesupport_introspection_c
-- Using all available rosidl_typesupport_cpp: rosidl_typesupport_fastrtps_cpp;rosidl_typesupport_introspection_cpp
-- Found rmw_implementation_cmake: 6.1.2 (/opt/ros/humble/share/rmw_implementation_cmake/cmake)
-- Found rmw_fastrtps_cpp: 6.2.7 (/opt/ros/humble/share/rmw_fastrtps_cpp/cmake)
-- Found OpenSSL: /usr/lib/x86_64-linux-gnu/libcrypto.so (found version "3.0.2")
-- Found FastRTPS: /opt/ros/humble/include
-- Using RMW implementation 'rmw_fastrtps_cpp' as default
-- Performing Test CMAKE_HAVE_LIBC_PTHREAD
-- Performing Test CMAKE_HAVE_LIBC_PTHREAD - Success
-- Found Threads: TRUE
-- Found rclcpp_action: 16.0.11 (/opt/ros/humble/share/rclcpp_action/cmake)
-- Found hardware_interface: 2.48.0 (/opt/ros/humble/share/hardware_interface/cmake)
-- Found rbpodo_msgs: 0.0.0 (/home/thornch/rbpodo_ros2_ws/install/rbpodo_msgs/share/rbpodo_msgs/cmake)
-- Found ament_lint_auto: 0.12.12 (/opt/ros/humble/share/ament_lint_auto/cmake)
-- Configuring done (1.0s)
-- Generating done (0.0s)
-- Build files have been written to: /home/thornch/rbpodo_ros2_ws/build/rbpodo_hardware
[ 25%] [32mBuilding CXX object CMakeFiles/rbpodo_hardware.dir/src/rbpodo_hardware_interface.cpp.o[0m
[ 50%] [32mBuilding CXX object CMakeFiles/rbpodo_hardware.dir/src/robot.cpp.o[0m
[ 75%] [32mBuilding CXX object CMakeFiles/rbpodo_hardware.dir/src/robot_node.cpp.o[0m
[100%] [32m[1mLinking CXX shared library librbpodo_hardware.so[0m
[100%] Built target rbpodo_hardware
-- Install configuration: "Release"
-- Installing: /home/thornch/rbpodo_ros2_ws/install/rbpodo_hardware/share/rbpodo_hardware/rbpodo_hardware.xml
-- Installing: /home/thornch/rbpodo_ros2_ws/install/rbpodo_hardware/include
-- Installing: /home/thornch/rbpodo_ros2_ws/install/rbpodo_hardware/include/rbpodo_hardware
-- Installing: /home/thornch/rbpodo_ros2_ws/install/rbpodo_hardware/include/rbpodo_hardware/visibility_control.h
-- Installing: /home/thornch/rbpodo_ros2_ws/install/rbpodo_hardware/include/rbpodo_hardware/robot.hpp
-- Installing: /home/thornch/rbpodo_ros2_ws/install/rbpodo_hardware/include/rbpodo_hardware/robot_node.hpp
-- Installing: /home/thornch/rbpodo_ros2_ws/install/rbpodo_hardware/include/rbpodo_hardware/rbpodo_hardware_interface.hpp
-- Installing: /home/thornch/rbpodo_ros2_ws/install/rbpodo_hardware/lib/librbpodo_hardware.so
-- Set non-toolchain portion of runtime path of "/home/thornch/rbpodo_ros2_ws/install/rbpodo_hardware/lib/librbpodo_hardware.so" to ""
-- Installing: /home/thornch/rbpodo_ros2_ws/install/rbpodo_hardware/share/rbpodo_hardware/environment/library_path.sh
-- Installing: /home/thornch/rbpodo_ros2_ws/install/rbpodo_hardware/share/rbpodo_hardware/environment/library_path.dsv
-- Installing: /home/thornch/rbpodo_ros2_ws/install/rbpodo_hardware/share/ament_index/resource_index/package_run_dependencies/rbpodo_hardware
-- Installing: /home/thornch/rbpodo_ros2_ws/install/rbpodo_hardware/share/ament_index/resource_index/parent_prefix_path/rbpodo_hardware
-- Installing: /home/thornch/rbpodo_ros2_ws/install/rbpodo_hardware/share/rbpodo_hardware/environment/ament_prefix_path.sh
-- Installing: /home/thornch/rbpodo_ros2_ws/install/rbpodo_hardware/share/rbpodo_hardware/environment/ament_prefix_path.dsv
-- Installing: /home/thornch/rbpodo_ros2_ws/install/rbpodo_hardware/share/rbpodo_hardware/environment/path.sh
-- Installing: /home/thornch/rbpodo_ros2_ws/install/rbpodo_hardware/share/rbpodo_hardware/environment/path.dsv
-- Installing: /home/thornch/rbpodo_ros2_ws/install/rbpodo_hardware/share/rbpodo_hardware/local_setup.bash
-- Installing: /home/thornch/rbpodo_ros2_ws/install/rbpodo_hardware/share/rbpodo_hardware/local_setup.sh
-- Installing: /home/thornch/rbpodo_ros2_ws/install/rbpodo_hardware/share/rbpodo_hardware/local_setup.zsh
-- Installing: /home/thornch/rbpodo_ros2_ws/install/rbpodo_hardware/share/rbpodo_hardware/local_setup.dsv
-- Installing: /home/thornch/rbpodo_ros2_ws/install/rbpodo_hardware/share/rbpodo_hardware/package.dsv
-- Installing: /home/thornch/rbpodo_ros2_ws/install/rbpodo_hardware/share/ament_index/resource_index/packages/rbpodo_hardware
-- Installing: /home/thornch/rbpodo_ros2_ws/install/rbpodo_hardware/share/ament_index/resource_index/hardware_interface__pluginlib__plugin/rbpodo_hardware
-- Installing: /home/thornch/rbpodo_ros2_ws/install/rbpodo_hardware/share/rbpodo_hardware/cmake/export_rbpodo_hardwareExport.cmake
-- Installing: /home/thornch/rbpodo_ros2_ws/install/rbpodo_hardware/share/rbpodo_hardware/cmake/export_rbpodo_hardwareExport-release.cmake
-- Installing: /home/thornch/rbpodo_ros2_ws/install/rbpodo_hardware/share/rbpodo_hardware/cmake/ament_cmake_export_include_directories-extras.cmake
-- Installing: /home/thornch/rbpodo_ros2_ws/install/rbpodo_hardware/share/rbpodo_hardware/cmake/ament_cmake_export_libraries-extras.cmake
-- Installing: /home/thornch/rbpodo_ros2_ws/install/rbpodo_hardware/share/rbpodo_hardware/cmake/ament_cmake_export_targets-extras.cmake
-- Installing: /home/thornch/rbpodo_ros2_ws/install/rbpodo_hardware/share/rbpodo_hardware/cmake/ament_cmake_export_dependencies-extras.cmake
-- Installing: /home/thornch/rbpodo_ros2_ws/install/rbpodo_hardware/share/rbpodo_hardware/cmake/rbpodo_hardwareConfig.cmake
-- Installing: /home/thornch/rbpodo_ros2_ws/install/rbpodo_hardware/share/rbpodo_hardware/cmake/rbpodo_hardwareConfig-version.cmake
-- Installing: /home/thornch/rbpodo_ros2_ws/install/rbpodo_hardware/share/rbpodo_hardware/package.xml
