[0mCMake Deprecation Warning at CMakeLists.txt:1 (cmake_minimum_required):
  Compatibility with CMake < 3.10 will be removed from a future version of
  CMake.

  Update the VERSION argument <min> value.  Or, use the <min>...<max> syntax
  to tell CMake that the project requires at least <min> but has been updated
  to work with policies introduced by <max> or earlier.

[0m
-- The C compiler identification is GNU 11.4.0
-- The CXX compiler identification is GNU 11.4.0
-- Detecting C compiler ABI info
-- Detecting C compiler ABI info - done
-- Check for working C compiler: /usr/bin/cc - skipped
-- Detecting C compile features
-- Detecting C compile features - done
-- Detecting CXX compiler ABI info
-- Detecting CXX compiler ABI info - done
-- Check for working CXX compiler: /usr/bin/c++ - skipped
-- Detecting CXX compile features
-- Detecting CXX compile features - done
-- Found ament_cmake: 1.3.11 (/opt/ros/humble/share/ament_cmake/cmake)
-- Found Python3: /usr/bin/python3 (found version "3.10.12") found components: Interpreter
-- Found rclcpp: 16.0.11 (/opt/ros/humble/share/rclcpp/cmake)
-- Found rosidl_generator_c: 3.1.6 (/opt/ros/humble/share/rosidl_generator_c/cmake)
-- Found rosidl_adapter: 3.1.6 (/opt/ros/humble/share/rosidl_adapter/cmake)
-- Found rosidl_generator_cpp: 3.1.6 (/opt/ros/humble/share/rosidl_generator_cpp/cmake)
-- Using all available rosidl_typesupport_c: rosidl_typesupport_fastrtps_c;rosidl_typesupport_introspection_c
-- Using all available rosidl_typesupport_cpp: rosidl_typesupport_fastrtps_cpp;rosidl_typesupport_introspection_cpp
-- Found rmw_implementation_cmake: 6.1.2 (/opt/ros/humble/share/rmw_implementation_cmake/cmake)
-- Found rmw_fastrtps_cpp: 6.2.7 (/opt/ros/humble/share/rmw_fastrtps_cpp/cmake)
-- Found OpenSSL: /usr/lib/x86_64-linux-gnu/libcrypto.so (found version "3.0.2")
-- Found FastRTPS: /opt/ros/humble/include
-- Using RMW implementation 'rmw_fastrtps_cpp' as default
-- Performing Test CMAKE_HAVE_LIBC_PTHREAD
-- Performing Test CMAKE_HAVE_LIBC_PTHREAD - Success
-- Found Threads: TRUE
-- Found rbpodo_msgs: 0.0.0 (/home/thornch/rbpodo_ros2_ws/install/rbpodo_msgs/share/rbpodo_msgs/cmake)
-- Found geometry_msgs: 4.2.4 (/opt/ros/humble/share/geometry_msgs/cmake)
-- Found sensor_msgs: 4.2.4 (/opt/ros/humble/share/sensor_msgs/cmake)
-- Found tf2: 0.25.12 (/opt/ros/humble/share/tf2/cmake)
-- Found tf2_ros: 0.25.12 (/opt/ros/humble/share/tf2_ros/cmake)
-- Found rbpodo_description: 0.0.1 (/home/thornch/rbpodo_ros2_ws/install/rbpodo_description/share/rbpodo_description/cmake)
-- Configuring done (0.9s)
-- Generating done (0.0s)
-- Build files have been written to: /home/thornch/rbpodo_ros2_ws/build/rbpodo_kinematics
[ 16%] [32mBuilding CXX object CMakeFiles/robot_kinematics.dir/src/robot_kinematics.cpp.o[0m
[ 33%] [32m[1mLinking CXX static library librobot_kinematics.a[0m
[ 33%] Built target robot_kinematics
[ 50%] [32mBuilding CXX object CMakeFiles/forward_kinematics.dir/src/forward_kinematics.cpp.o[0m
[ 66%] [32mBuilding CXX object CMakeFiles/inverse_kinematics.dir/src/inverse_kinematics.cpp.o[0m
[ 83%] [32m[1mLinking CXX executable forward_kinematics[0m
[ 83%] Built target forward_kinematics
[100%] [32m[1mLinking CXX executable inverse_kinematics[0m
[100%] Built target inverse_kinematics
-- Install configuration: ""
-- Installing: /home/thornch/rbpodo_ros2_ws/install/rbpodo_kinematics/lib/librobot_kinematics.a
-- Installing: /home/thornch/rbpodo_ros2_ws/install/rbpodo_kinematics/lib/rbpodo_kinematics/forward_kinematics
-- Set non-toolchain portion of runtime path of "/home/thornch/rbpodo_ros2_ws/install/rbpodo_kinematics/lib/rbpodo_kinematics/forward_kinematics" to ""
-- Installing: /home/thornch/rbpodo_ros2_ws/install/rbpodo_kinematics/lib/rbpodo_kinematics/inverse_kinematics
-- Set non-toolchain portion of runtime path of "/home/thornch/rbpodo_ros2_ws/install/rbpodo_kinematics/lib/rbpodo_kinematics/inverse_kinematics" to ""
-- Installing: /home/thornch/rbpodo_ros2_ws/install/rbpodo_kinematics/include
-- Installing: /home/thornch/rbpodo_ros2_ws/install/rbpodo_kinematics/include/rbpodo_kinematics
-- Installing: /home/thornch/rbpodo_ros2_ws/install/rbpodo_kinematics/include/rbpodo_kinematics/robot_kinematics.hpp
-- Installing: /home/thornch/rbpodo_ros2_ws/install/rbpodo_kinematics/share/rbpodo_kinematics/launch
-- Installing: /home/thornch/rbpodo_ros2_ws/install/rbpodo_kinematics/share/rbpodo_kinematics/launch/kinematics.launch.py
-- Installing: /home/thornch/rbpodo_ros2_ws/install/rbpodo_kinematics/share/rbpodo_kinematics/config
-- Installing: /home/thornch/rbpodo_ros2_ws/install/rbpodo_kinematics/share/rbpodo_kinematics/config/dh_parameters.yaml
-- Installing: /home/thornch/rbpodo_ros2_ws/install/rbpodo_kinematics/share/rbpodo_kinematics/environment/library_path.sh
-- Installing: /home/thornch/rbpodo_ros2_ws/install/rbpodo_kinematics/share/rbpodo_kinematics/environment/library_path.dsv
-- Installing: /home/thornch/rbpodo_ros2_ws/install/rbpodo_kinematics/share/ament_index/resource_index/package_run_dependencies/rbpodo_kinematics
-- Installing: /home/thornch/rbpodo_ros2_ws/install/rbpodo_kinematics/share/ament_index/resource_index/parent_prefix_path/rbpodo_kinematics
-- Installing: /home/thornch/rbpodo_ros2_ws/install/rbpodo_kinematics/share/rbpodo_kinematics/environment/ament_prefix_path.sh
-- Installing: /home/thornch/rbpodo_ros2_ws/install/rbpodo_kinematics/share/rbpodo_kinematics/environment/ament_prefix_path.dsv
-- Installing: /home/thornch/rbpodo_ros2_ws/install/rbpodo_kinematics/share/rbpodo_kinematics/environment/path.sh
-- Installing: /home/thornch/rbpodo_ros2_ws/install/rbpodo_kinematics/share/rbpodo_kinematics/environment/path.dsv
-- Installing: /home/thornch/rbpodo_ros2_ws/install/rbpodo_kinematics/share/rbpodo_kinematics/local_setup.bash
-- Installing: /home/thornch/rbpodo_ros2_ws/install/rbpodo_kinematics/share/rbpodo_kinematics/local_setup.sh
-- Installing: /home/thornch/rbpodo_ros2_ws/install/rbpodo_kinematics/share/rbpodo_kinematics/local_setup.zsh
-- Installing: /home/thornch/rbpodo_ros2_ws/install/rbpodo_kinematics/share/rbpodo_kinematics/local_setup.dsv
-- Installing: /home/thornch/rbpodo_ros2_ws/install/rbpodo_kinematics/share/rbpodo_kinematics/package.dsv
-- Installing: /home/thornch/rbpodo_ros2_ws/install/rbpodo_kinematics/share/ament_index/resource_index/packages/rbpodo_kinematics
-- Installing: /home/thornch/rbpodo_ros2_ws/install/rbpodo_kinematics/share/rbpodo_kinematics/cmake/ament_cmake_export_include_directories-extras.cmake
-- Installing: /home/thornch/rbpodo_ros2_ws/install/rbpodo_kinematics/share/rbpodo_kinematics/cmake/ament_cmake_export_libraries-extras.cmake
-- Installing: /home/thornch/rbpodo_ros2_ws/install/rbpodo_kinematics/share/rbpodo_kinematics/cmake/ament_cmake_export_dependencies-extras.cmake
-- Installing: /home/thornch/rbpodo_ros2_ws/install/rbpodo_kinematics/share/rbpodo_kinematics/cmake/rbpodo_kinematicsConfig.cmake
-- Installing: /home/thornch/rbpodo_ros2_ws/install/rbpodo_kinematics/share/rbpodo_kinematics/cmake/rbpodo_kinematicsConfig-version.cmake
-- Installing: /home/thornch/rbpodo_ros2_ws/install/rbpodo_kinematics/share/rbpodo_kinematics/package.xml
